ARM GAS  /var/folders/v3/wysfpd052nz8jkbx04pk0ym80000gn/T//cchIyEo9.s 			page 1


   1              		.cpu cortex-m4
   2              		.eabi_attribute 27, 1
   3              		.eabi_attribute 28, 1
   4              		.eabi_attribute 20, 1
   5              		.eabi_attribute 21, 1
   6              		.eabi_attribute 23, 3
   7              		.eabi_attribute 24, 1
   8              		.eabi_attribute 25, 1
   9              		.eabi_attribute 26, 1
  10              		.eabi_attribute 30, 2
  11              		.eabi_attribute 34, 1
  12              		.eabi_attribute 18, 4
  13              		.file	"stm32f3xx_hal_pwr.c"
  14              		.text
  15              	.Ltext0:
  16              		.cfi_sections	.debug_frame
  17              		.section	.text.HAL_PWR_DeInit,"ax",%progbits
  18              		.align	1
  19              		.p2align 2,,3
  20              		.global	HAL_PWR_DeInit
  21              		.syntax unified
  22              		.thumb
  23              		.thumb_func
  24              		.fpu fpv4-sp-d16
  26              	HAL_PWR_DeInit:
  27              	.LFB123:
  28              		.file 1 "Drivers/STM32F3xx_HAL_Driver/Src/stm32f3xx_hal_pwr.c"
   1:Drivers/STM32F3xx_HAL_Driver/Src/stm32f3xx_hal_pwr.c **** /**
   2:Drivers/STM32F3xx_HAL_Driver/Src/stm32f3xx_hal_pwr.c ****   ******************************************************************************
   3:Drivers/STM32F3xx_HAL_Driver/Src/stm32f3xx_hal_pwr.c ****   * @file    stm32f3xx_hal_pwr.c
   4:Drivers/STM32F3xx_HAL_Driver/Src/stm32f3xx_hal_pwr.c ****   * @author  MCD Application Team
   5:Drivers/STM32F3xx_HAL_Driver/Src/stm32f3xx_hal_pwr.c ****   * @brief   PWR HAL module driver.
   6:Drivers/STM32F3xx_HAL_Driver/Src/stm32f3xx_hal_pwr.c ****   *          This file provides firmware functions to manage the following
   7:Drivers/STM32F3xx_HAL_Driver/Src/stm32f3xx_hal_pwr.c ****   *          functionalities of the Power Controller (PWR) peripheral:
   8:Drivers/STM32F3xx_HAL_Driver/Src/stm32f3xx_hal_pwr.c ****   *           + Initialization/de-initialization functions
   9:Drivers/STM32F3xx_HAL_Driver/Src/stm32f3xx_hal_pwr.c ****   *           + Peripheral Control functions
  10:Drivers/STM32F3xx_HAL_Driver/Src/stm32f3xx_hal_pwr.c ****   *
  11:Drivers/STM32F3xx_HAL_Driver/Src/stm32f3xx_hal_pwr.c ****   @verbatim
  12:Drivers/STM32F3xx_HAL_Driver/Src/stm32f3xx_hal_pwr.c ****   ******************************************************************************
  13:Drivers/STM32F3xx_HAL_Driver/Src/stm32f3xx_hal_pwr.c ****   * @attention
  14:Drivers/STM32F3xx_HAL_Driver/Src/stm32f3xx_hal_pwr.c ****   *
  15:Drivers/STM32F3xx_HAL_Driver/Src/stm32f3xx_hal_pwr.c ****   * <h2><center>&copy; Copyright (c) 2016 STMicroelectronics.
  16:Drivers/STM32F3xx_HAL_Driver/Src/stm32f3xx_hal_pwr.c ****   * All rights reserved.</center></h2>
  17:Drivers/STM32F3xx_HAL_Driver/Src/stm32f3xx_hal_pwr.c ****   *
  18:Drivers/STM32F3xx_HAL_Driver/Src/stm32f3xx_hal_pwr.c ****   * This software component is licensed by ST under BSD 3-Clause license,
  19:Drivers/STM32F3xx_HAL_Driver/Src/stm32f3xx_hal_pwr.c ****   * the "License"; You may not use this file except in compliance with the
  20:Drivers/STM32F3xx_HAL_Driver/Src/stm32f3xx_hal_pwr.c ****   * License. You may obtain a copy of the License at:
  21:Drivers/STM32F3xx_HAL_Driver/Src/stm32f3xx_hal_pwr.c ****   *                        opensource.org/licenses/BSD-3-Clause
  22:Drivers/STM32F3xx_HAL_Driver/Src/stm32f3xx_hal_pwr.c ****   *
  23:Drivers/STM32F3xx_HAL_Driver/Src/stm32f3xx_hal_pwr.c ****   ******************************************************************************
  24:Drivers/STM32F3xx_HAL_Driver/Src/stm32f3xx_hal_pwr.c ****   */
  25:Drivers/STM32F3xx_HAL_Driver/Src/stm32f3xx_hal_pwr.c **** 
  26:Drivers/STM32F3xx_HAL_Driver/Src/stm32f3xx_hal_pwr.c **** /* Includes ------------------------------------------------------------------*/
  27:Drivers/STM32F3xx_HAL_Driver/Src/stm32f3xx_hal_pwr.c **** #include "stm32f3xx_hal.h"
  28:Drivers/STM32F3xx_HAL_Driver/Src/stm32f3xx_hal_pwr.c **** 
  29:Drivers/STM32F3xx_HAL_Driver/Src/stm32f3xx_hal_pwr.c **** /** @addtogroup STM32F3xx_HAL_Driver
  30:Drivers/STM32F3xx_HAL_Driver/Src/stm32f3xx_hal_pwr.c ****   * @{
ARM GAS  /var/folders/v3/wysfpd052nz8jkbx04pk0ym80000gn/T//cchIyEo9.s 			page 2


  31:Drivers/STM32F3xx_HAL_Driver/Src/stm32f3xx_hal_pwr.c ****   */
  32:Drivers/STM32F3xx_HAL_Driver/Src/stm32f3xx_hal_pwr.c **** 
  33:Drivers/STM32F3xx_HAL_Driver/Src/stm32f3xx_hal_pwr.c **** /** @defgroup PWR PWR
  34:Drivers/STM32F3xx_HAL_Driver/Src/stm32f3xx_hal_pwr.c ****   * @brief PWR HAL module driver
  35:Drivers/STM32F3xx_HAL_Driver/Src/stm32f3xx_hal_pwr.c ****   * @{
  36:Drivers/STM32F3xx_HAL_Driver/Src/stm32f3xx_hal_pwr.c ****   */
  37:Drivers/STM32F3xx_HAL_Driver/Src/stm32f3xx_hal_pwr.c **** 
  38:Drivers/STM32F3xx_HAL_Driver/Src/stm32f3xx_hal_pwr.c **** #ifdef HAL_PWR_MODULE_ENABLED
  39:Drivers/STM32F3xx_HAL_Driver/Src/stm32f3xx_hal_pwr.c **** 
  40:Drivers/STM32F3xx_HAL_Driver/Src/stm32f3xx_hal_pwr.c **** /* Private typedef -----------------------------------------------------------*/
  41:Drivers/STM32F3xx_HAL_Driver/Src/stm32f3xx_hal_pwr.c **** /* Private define ------------------------------------------------------------*/
  42:Drivers/STM32F3xx_HAL_Driver/Src/stm32f3xx_hal_pwr.c **** /* Private macro -------------------------------------------------------------*/
  43:Drivers/STM32F3xx_HAL_Driver/Src/stm32f3xx_hal_pwr.c **** /* Private variables ---------------------------------------------------------*/
  44:Drivers/STM32F3xx_HAL_Driver/Src/stm32f3xx_hal_pwr.c **** /* Private function prototypes -----------------------------------------------*/
  45:Drivers/STM32F3xx_HAL_Driver/Src/stm32f3xx_hal_pwr.c **** /* Private functions ---------------------------------------------------------*/
  46:Drivers/STM32F3xx_HAL_Driver/Src/stm32f3xx_hal_pwr.c **** 
  47:Drivers/STM32F3xx_HAL_Driver/Src/stm32f3xx_hal_pwr.c **** /** @defgroup PWR_Exported_Functions PWR Exported Functions
  48:Drivers/STM32F3xx_HAL_Driver/Src/stm32f3xx_hal_pwr.c ****   * @{
  49:Drivers/STM32F3xx_HAL_Driver/Src/stm32f3xx_hal_pwr.c ****   */
  50:Drivers/STM32F3xx_HAL_Driver/Src/stm32f3xx_hal_pwr.c **** 
  51:Drivers/STM32F3xx_HAL_Driver/Src/stm32f3xx_hal_pwr.c **** /** @defgroup PWR_Exported_Functions_Group1 Initialization and de-initialization functions 
  52:Drivers/STM32F3xx_HAL_Driver/Src/stm32f3xx_hal_pwr.c ****   *  @brief    Initialization and de-initialization functions
  53:Drivers/STM32F3xx_HAL_Driver/Src/stm32f3xx_hal_pwr.c ****   *
  54:Drivers/STM32F3xx_HAL_Driver/Src/stm32f3xx_hal_pwr.c **** @verbatim
  55:Drivers/STM32F3xx_HAL_Driver/Src/stm32f3xx_hal_pwr.c ****  ===============================================================================
  56:Drivers/STM32F3xx_HAL_Driver/Src/stm32f3xx_hal_pwr.c ****               ##### Initialization and de-initialization functions #####
  57:Drivers/STM32F3xx_HAL_Driver/Src/stm32f3xx_hal_pwr.c ****  ===============================================================================
  58:Drivers/STM32F3xx_HAL_Driver/Src/stm32f3xx_hal_pwr.c ****     [..]
  59:Drivers/STM32F3xx_HAL_Driver/Src/stm32f3xx_hal_pwr.c ****       After reset, the backup domain (RTC registers, RTC backup data
  60:Drivers/STM32F3xx_HAL_Driver/Src/stm32f3xx_hal_pwr.c ****       registers and backup SRAM) is protected against possible unwanted
  61:Drivers/STM32F3xx_HAL_Driver/Src/stm32f3xx_hal_pwr.c ****       write accesses.
  62:Drivers/STM32F3xx_HAL_Driver/Src/stm32f3xx_hal_pwr.c ****       To enable access to the RTC Domain and RTC registers, proceed as follows:
  63:Drivers/STM32F3xx_HAL_Driver/Src/stm32f3xx_hal_pwr.c ****         (+) Enable the Power Controller (PWR) APB1 interface clock using the
  64:Drivers/STM32F3xx_HAL_Driver/Src/stm32f3xx_hal_pwr.c ****             __HAL_RCC_PWR_CLK_ENABLE() macro.
  65:Drivers/STM32F3xx_HAL_Driver/Src/stm32f3xx_hal_pwr.c ****         (+) Enable access to RTC domain using the HAL_PWR_EnableBkUpAccess() function.
  66:Drivers/STM32F3xx_HAL_Driver/Src/stm32f3xx_hal_pwr.c **** 
  67:Drivers/STM32F3xx_HAL_Driver/Src/stm32f3xx_hal_pwr.c **** @endverbatim
  68:Drivers/STM32F3xx_HAL_Driver/Src/stm32f3xx_hal_pwr.c ****   * @{
  69:Drivers/STM32F3xx_HAL_Driver/Src/stm32f3xx_hal_pwr.c ****   */
  70:Drivers/STM32F3xx_HAL_Driver/Src/stm32f3xx_hal_pwr.c **** 
  71:Drivers/STM32F3xx_HAL_Driver/Src/stm32f3xx_hal_pwr.c **** /**
  72:Drivers/STM32F3xx_HAL_Driver/Src/stm32f3xx_hal_pwr.c ****   * @brief Deinitializes the PWR peripheral registers to their default reset values.
  73:Drivers/STM32F3xx_HAL_Driver/Src/stm32f3xx_hal_pwr.c ****   * @retval None
  74:Drivers/STM32F3xx_HAL_Driver/Src/stm32f3xx_hal_pwr.c ****   */
  75:Drivers/STM32F3xx_HAL_Driver/Src/stm32f3xx_hal_pwr.c **** void HAL_PWR_DeInit(void)
  76:Drivers/STM32F3xx_HAL_Driver/Src/stm32f3xx_hal_pwr.c **** {
  29              		.loc 1 76 0
  30              		.cfi_startproc
  31              		@ args = 0, pretend = 0, frame = 0
  32              		@ frame_needed = 0, uses_anonymous_args = 0
  33              		@ link register save eliminated.
  77:Drivers/STM32F3xx_HAL_Driver/Src/stm32f3xx_hal_pwr.c ****   __HAL_RCC_PWR_FORCE_RESET();
  34              		.loc 1 77 0
  35 0000 044B     		ldr	r3, .L3
  36 0002 1A69     		ldr	r2, [r3, #16]
  37 0004 42F08052 		orr	r2, r2, #268435456
  38 0008 1A61     		str	r2, [r3, #16]
ARM GAS  /var/folders/v3/wysfpd052nz8jkbx04pk0ym80000gn/T//cchIyEo9.s 			page 3


  78:Drivers/STM32F3xx_HAL_Driver/Src/stm32f3xx_hal_pwr.c ****   __HAL_RCC_PWR_RELEASE_RESET();
  39              		.loc 1 78 0
  40 000a 1A69     		ldr	r2, [r3, #16]
  41 000c 22F08052 		bic	r2, r2, #268435456
  42 0010 1A61     		str	r2, [r3, #16]
  79:Drivers/STM32F3xx_HAL_Driver/Src/stm32f3xx_hal_pwr.c **** }
  43              		.loc 1 79 0
  44 0012 7047     		bx	lr
  45              	.L4:
  46              		.align	2
  47              	.L3:
  48 0014 00100240 		.word	1073876992
  49              		.cfi_endproc
  50              	.LFE123:
  52              		.section	.text.HAL_PWR_EnableBkUpAccess,"ax",%progbits
  53              		.align	1
  54              		.p2align 2,,3
  55              		.global	HAL_PWR_EnableBkUpAccess
  56              		.syntax unified
  57              		.thumb
  58              		.thumb_func
  59              		.fpu fpv4-sp-d16
  61              	HAL_PWR_EnableBkUpAccess:
  62              	.LFB124:
  80:Drivers/STM32F3xx_HAL_Driver/Src/stm32f3xx_hal_pwr.c **** 
  81:Drivers/STM32F3xx_HAL_Driver/Src/stm32f3xx_hal_pwr.c **** /**
  82:Drivers/STM32F3xx_HAL_Driver/Src/stm32f3xx_hal_pwr.c ****   * @brief Enables access to the backup domain (RTC registers, RTC
  83:Drivers/STM32F3xx_HAL_Driver/Src/stm32f3xx_hal_pwr.c ****   *         backup data registers and backup SRAM).
  84:Drivers/STM32F3xx_HAL_Driver/Src/stm32f3xx_hal_pwr.c ****   * @note  If the HSE divided by 32 is used as the RTC clock, the
  85:Drivers/STM32F3xx_HAL_Driver/Src/stm32f3xx_hal_pwr.c ****   *         Backup Domain Access should be kept enabled.
  86:Drivers/STM32F3xx_HAL_Driver/Src/stm32f3xx_hal_pwr.c ****   * @retval None
  87:Drivers/STM32F3xx_HAL_Driver/Src/stm32f3xx_hal_pwr.c ****   */
  88:Drivers/STM32F3xx_HAL_Driver/Src/stm32f3xx_hal_pwr.c **** void HAL_PWR_EnableBkUpAccess(void)
  89:Drivers/STM32F3xx_HAL_Driver/Src/stm32f3xx_hal_pwr.c **** {
  63              		.loc 1 89 0
  64              		.cfi_startproc
  65              		@ args = 0, pretend = 0, frame = 0
  66              		@ frame_needed = 0, uses_anonymous_args = 0
  67              		@ link register save eliminated.
  90:Drivers/STM32F3xx_HAL_Driver/Src/stm32f3xx_hal_pwr.c ****   SET_BIT(PWR->CR, PWR_CR_DBP);  
  68              		.loc 1 90 0
  69 0000 024A     		ldr	r2, .L6
  70 0002 1368     		ldr	r3, [r2]
  71 0004 43F48073 		orr	r3, r3, #256
  72 0008 1360     		str	r3, [r2]
  91:Drivers/STM32F3xx_HAL_Driver/Src/stm32f3xx_hal_pwr.c **** }
  73              		.loc 1 91 0
  74 000a 7047     		bx	lr
  75              	.L7:
  76              		.align	2
  77              	.L6:
  78 000c 00700040 		.word	1073770496
  79              		.cfi_endproc
  80              	.LFE124:
  82              		.section	.text.HAL_PWR_DisableBkUpAccess,"ax",%progbits
  83              		.align	1
  84              		.p2align 2,,3
ARM GAS  /var/folders/v3/wysfpd052nz8jkbx04pk0ym80000gn/T//cchIyEo9.s 			page 4


  85              		.global	HAL_PWR_DisableBkUpAccess
  86              		.syntax unified
  87              		.thumb
  88              		.thumb_func
  89              		.fpu fpv4-sp-d16
  91              	HAL_PWR_DisableBkUpAccess:
  92              	.LFB125:
  92:Drivers/STM32F3xx_HAL_Driver/Src/stm32f3xx_hal_pwr.c **** 
  93:Drivers/STM32F3xx_HAL_Driver/Src/stm32f3xx_hal_pwr.c **** /**
  94:Drivers/STM32F3xx_HAL_Driver/Src/stm32f3xx_hal_pwr.c ****   * @brief Disables access to the backup domain (RTC registers, RTC
  95:Drivers/STM32F3xx_HAL_Driver/Src/stm32f3xx_hal_pwr.c ****   *         backup data registers and backup SRAM).
  96:Drivers/STM32F3xx_HAL_Driver/Src/stm32f3xx_hal_pwr.c ****   * @note  If the HSE divided by 32 is used as the RTC clock, the
  97:Drivers/STM32F3xx_HAL_Driver/Src/stm32f3xx_hal_pwr.c ****   *         Backup Domain Access should be kept enabled.
  98:Drivers/STM32F3xx_HAL_Driver/Src/stm32f3xx_hal_pwr.c ****   * @retval None
  99:Drivers/STM32F3xx_HAL_Driver/Src/stm32f3xx_hal_pwr.c ****   */
 100:Drivers/STM32F3xx_HAL_Driver/Src/stm32f3xx_hal_pwr.c **** void HAL_PWR_DisableBkUpAccess(void)
 101:Drivers/STM32F3xx_HAL_Driver/Src/stm32f3xx_hal_pwr.c **** {
  93              		.loc 1 101 0
  94              		.cfi_startproc
  95              		@ args = 0, pretend = 0, frame = 0
  96              		@ frame_needed = 0, uses_anonymous_args = 0
  97              		@ link register save eliminated.
 102:Drivers/STM32F3xx_HAL_Driver/Src/stm32f3xx_hal_pwr.c ****   CLEAR_BIT(PWR->CR, PWR_CR_DBP);  
  98              		.loc 1 102 0
  99 0000 024A     		ldr	r2, .L9
 100 0002 1368     		ldr	r3, [r2]
 101 0004 23F48073 		bic	r3, r3, #256
 102 0008 1360     		str	r3, [r2]
 103:Drivers/STM32F3xx_HAL_Driver/Src/stm32f3xx_hal_pwr.c **** }
 103              		.loc 1 103 0
 104 000a 7047     		bx	lr
 105              	.L10:
 106              		.align	2
 107              	.L9:
 108 000c 00700040 		.word	1073770496
 109              		.cfi_endproc
 110              	.LFE125:
 112              		.section	.text.HAL_PWR_EnableWakeUpPin,"ax",%progbits
 113              		.align	1
 114              		.p2align 2,,3
 115              		.global	HAL_PWR_EnableWakeUpPin
 116              		.syntax unified
 117              		.thumb
 118              		.thumb_func
 119              		.fpu fpv4-sp-d16
 121              	HAL_PWR_EnableWakeUpPin:
 122              	.LFB126:
 104:Drivers/STM32F3xx_HAL_Driver/Src/stm32f3xx_hal_pwr.c **** 
 105:Drivers/STM32F3xx_HAL_Driver/Src/stm32f3xx_hal_pwr.c **** /**
 106:Drivers/STM32F3xx_HAL_Driver/Src/stm32f3xx_hal_pwr.c ****   * @}
 107:Drivers/STM32F3xx_HAL_Driver/Src/stm32f3xx_hal_pwr.c ****   */
 108:Drivers/STM32F3xx_HAL_Driver/Src/stm32f3xx_hal_pwr.c **** 
 109:Drivers/STM32F3xx_HAL_Driver/Src/stm32f3xx_hal_pwr.c **** /** @defgroup PWR_Exported_Functions_Group2 Peripheral Control functions 
 110:Drivers/STM32F3xx_HAL_Driver/Src/stm32f3xx_hal_pwr.c ****   *  @brief Low Power modes configuration functions
 111:Drivers/STM32F3xx_HAL_Driver/Src/stm32f3xx_hal_pwr.c ****   *
 112:Drivers/STM32F3xx_HAL_Driver/Src/stm32f3xx_hal_pwr.c **** @verbatim
 113:Drivers/STM32F3xx_HAL_Driver/Src/stm32f3xx_hal_pwr.c **** 
ARM GAS  /var/folders/v3/wysfpd052nz8jkbx04pk0ym80000gn/T//cchIyEo9.s 			page 5


 114:Drivers/STM32F3xx_HAL_Driver/Src/stm32f3xx_hal_pwr.c ****  ===============================================================================
 115:Drivers/STM32F3xx_HAL_Driver/Src/stm32f3xx_hal_pwr.c ****                  ##### Peripheral Control functions #####
 116:Drivers/STM32F3xx_HAL_Driver/Src/stm32f3xx_hal_pwr.c ****  ===============================================================================
 117:Drivers/STM32F3xx_HAL_Driver/Src/stm32f3xx_hal_pwr.c ****     
 118:Drivers/STM32F3xx_HAL_Driver/Src/stm32f3xx_hal_pwr.c ****     *** WakeUp pin configuration ***
 119:Drivers/STM32F3xx_HAL_Driver/Src/stm32f3xx_hal_pwr.c ****     ================================
 120:Drivers/STM32F3xx_HAL_Driver/Src/stm32f3xx_hal_pwr.c ****     [..]
 121:Drivers/STM32F3xx_HAL_Driver/Src/stm32f3xx_hal_pwr.c ****       (+) WakeUp pin is used to wakeup the system from Standby mode. This pin is
 122:Drivers/STM32F3xx_HAL_Driver/Src/stm32f3xx_hal_pwr.c ****           forced in input pull down configuration and is active on rising edges.
 123:Drivers/STM32F3xx_HAL_Driver/Src/stm32f3xx_hal_pwr.c ****       (+) There are up to three WakeUp pins:
 124:Drivers/STM32F3xx_HAL_Driver/Src/stm32f3xx_hal_pwr.c ****           (++)WakeUp Pin 1 on PA.00.
 125:Drivers/STM32F3xx_HAL_Driver/Src/stm32f3xx_hal_pwr.c ****           (++)WakeUp Pin 2 on PC.13 (STM32F303xC, STM32F303xE only).
 126:Drivers/STM32F3xx_HAL_Driver/Src/stm32f3xx_hal_pwr.c ****           (++)WakeUp Pin 3 on PE.06.
 127:Drivers/STM32F3xx_HAL_Driver/Src/stm32f3xx_hal_pwr.c **** 
 128:Drivers/STM32F3xx_HAL_Driver/Src/stm32f3xx_hal_pwr.c ****     *** Main and Backup Regulators configuration ***
 129:Drivers/STM32F3xx_HAL_Driver/Src/stm32f3xx_hal_pwr.c ****     ================================================
 130:Drivers/STM32F3xx_HAL_Driver/Src/stm32f3xx_hal_pwr.c ****     [..]
 131:Drivers/STM32F3xx_HAL_Driver/Src/stm32f3xx_hal_pwr.c ****       (+) When the backup domain is supplied by VDD (analog switch connected to VDD)
 132:Drivers/STM32F3xx_HAL_Driver/Src/stm32f3xx_hal_pwr.c ****           the backup SRAM is powered from VDD which replaces the VBAT power supply to
 133:Drivers/STM32F3xx_HAL_Driver/Src/stm32f3xx_hal_pwr.c ****           save battery life.
 134:Drivers/STM32F3xx_HAL_Driver/Src/stm32f3xx_hal_pwr.c **** 
 135:Drivers/STM32F3xx_HAL_Driver/Src/stm32f3xx_hal_pwr.c ****       (+) The backup SRAM is not mass erased by a tamper event. It is read
 136:Drivers/STM32F3xx_HAL_Driver/Src/stm32f3xx_hal_pwr.c ****           protected to prevent confidential data, such as cryptographic private
 137:Drivers/STM32F3xx_HAL_Driver/Src/stm32f3xx_hal_pwr.c ****           key, from being accessed. The backup SRAM can be erased only through
 138:Drivers/STM32F3xx_HAL_Driver/Src/stm32f3xx_hal_pwr.c ****           the Flash interface when a protection level change from level 1 to
 139:Drivers/STM32F3xx_HAL_Driver/Src/stm32f3xx_hal_pwr.c ****           level 0 is requested.
 140:Drivers/STM32F3xx_HAL_Driver/Src/stm32f3xx_hal_pwr.c ****       -@- Refer to the description of Read protection (RDP) in the Flash
 141:Drivers/STM32F3xx_HAL_Driver/Src/stm32f3xx_hal_pwr.c ****           programming manual.
 142:Drivers/STM32F3xx_HAL_Driver/Src/stm32f3xx_hal_pwr.c **** 
 143:Drivers/STM32F3xx_HAL_Driver/Src/stm32f3xx_hal_pwr.c ****         Refer to the datasheets for more details.
 144:Drivers/STM32F3xx_HAL_Driver/Src/stm32f3xx_hal_pwr.c **** 
 145:Drivers/STM32F3xx_HAL_Driver/Src/stm32f3xx_hal_pwr.c ****     *** Low Power modes configuration ***
 146:Drivers/STM32F3xx_HAL_Driver/Src/stm32f3xx_hal_pwr.c ****     =====================================
 147:Drivers/STM32F3xx_HAL_Driver/Src/stm32f3xx_hal_pwr.c ****     [..]
 148:Drivers/STM32F3xx_HAL_Driver/Src/stm32f3xx_hal_pwr.c ****       The devices feature 3 low-power modes:
 149:Drivers/STM32F3xx_HAL_Driver/Src/stm32f3xx_hal_pwr.c ****       (+) Sleep mode: Cortex-M4 core stopped, peripherals kept running.
 150:Drivers/STM32F3xx_HAL_Driver/Src/stm32f3xx_hal_pwr.c ****       (+) Stop mode: all clocks are stopped, regulator running, regulator
 151:Drivers/STM32F3xx_HAL_Driver/Src/stm32f3xx_hal_pwr.c ****           in low power mode
 152:Drivers/STM32F3xx_HAL_Driver/Src/stm32f3xx_hal_pwr.c ****       (+) Standby mode: 1.2V domain powered off (mode not available on STM32F3x8 devices).
 153:Drivers/STM32F3xx_HAL_Driver/Src/stm32f3xx_hal_pwr.c **** 
 154:Drivers/STM32F3xx_HAL_Driver/Src/stm32f3xx_hal_pwr.c ****    *** Sleep mode ***
 155:Drivers/STM32F3xx_HAL_Driver/Src/stm32f3xx_hal_pwr.c ****    ==================
 156:Drivers/STM32F3xx_HAL_Driver/Src/stm32f3xx_hal_pwr.c ****     [..]
 157:Drivers/STM32F3xx_HAL_Driver/Src/stm32f3xx_hal_pwr.c ****       (+) Entry:
 158:Drivers/STM32F3xx_HAL_Driver/Src/stm32f3xx_hal_pwr.c ****           The Sleep mode is entered by using the HAL_PWR_EnterSLEEPMode(PWR_MAINREGULATOR_ON, PWR_S
 159:Drivers/STM32F3xx_HAL_Driver/Src/stm32f3xx_hal_pwr.c ****               functions with
 160:Drivers/STM32F3xx_HAL_Driver/Src/stm32f3xx_hal_pwr.c ****           (++) PWR_SLEEPENTRY_WFI: enter SLEEP mode with WFI instruction
 161:Drivers/STM32F3xx_HAL_Driver/Src/stm32f3xx_hal_pwr.c ****           (++) PWR_SLEEPENTRY_WFE: enter SLEEP mode with WFE instruction
 162:Drivers/STM32F3xx_HAL_Driver/Src/stm32f3xx_hal_pwr.c ****      
 163:Drivers/STM32F3xx_HAL_Driver/Src/stm32f3xx_hal_pwr.c ****       (+) Exit:
 164:Drivers/STM32F3xx_HAL_Driver/Src/stm32f3xx_hal_pwr.c ****         (++) Any peripheral interrupt acknowledged by the nested vectored interrupt
 165:Drivers/STM32F3xx_HAL_Driver/Src/stm32f3xx_hal_pwr.c ****               controller (NVIC) can wake up the device from Sleep mode.
 166:Drivers/STM32F3xx_HAL_Driver/Src/stm32f3xx_hal_pwr.c **** 
 167:Drivers/STM32F3xx_HAL_Driver/Src/stm32f3xx_hal_pwr.c ****    *** Stop mode ***
 168:Drivers/STM32F3xx_HAL_Driver/Src/stm32f3xx_hal_pwr.c ****    =================
 169:Drivers/STM32F3xx_HAL_Driver/Src/stm32f3xx_hal_pwr.c ****     [..]
 170:Drivers/STM32F3xx_HAL_Driver/Src/stm32f3xx_hal_pwr.c ****       In Stop mode, all clocks in the 1.8V domain are stopped, the PLL, the HSI,
ARM GAS  /var/folders/v3/wysfpd052nz8jkbx04pk0ym80000gn/T//cchIyEo9.s 			page 6


 171:Drivers/STM32F3xx_HAL_Driver/Src/stm32f3xx_hal_pwr.c ****       and the HSE RC oscillators are disabled. Internal SRAM and register contents
 172:Drivers/STM32F3xx_HAL_Driver/Src/stm32f3xx_hal_pwr.c ****       are preserved.
 173:Drivers/STM32F3xx_HAL_Driver/Src/stm32f3xx_hal_pwr.c ****       The voltage regulator can be configured either in normal or low-power mode to minimize the co
 174:Drivers/STM32F3xx_HAL_Driver/Src/stm32f3xx_hal_pwr.c **** 
 175:Drivers/STM32F3xx_HAL_Driver/Src/stm32f3xx_hal_pwr.c ****       (+) Entry:
 176:Drivers/STM32F3xx_HAL_Driver/Src/stm32f3xx_hal_pwr.c ****           The Stop mode is entered using the HAL_PWR_EnterSTOPMode(PWR_MAINREGULATOR_ON, PWR_STOPEN
 177:Drivers/STM32F3xx_HAL_Driver/Src/stm32f3xx_hal_pwr.c ****              function with:
 178:Drivers/STM32F3xx_HAL_Driver/Src/stm32f3xx_hal_pwr.c ****           (++) Main regulator ON or
 179:Drivers/STM32F3xx_HAL_Driver/Src/stm32f3xx_hal_pwr.c ****           (++) Low Power regulator ON.
 180:Drivers/STM32F3xx_HAL_Driver/Src/stm32f3xx_hal_pwr.c ****           (++) PWR_STOPENTRY_WFI: enter STOP mode with WFI instruction or
 181:Drivers/STM32F3xx_HAL_Driver/Src/stm32f3xx_hal_pwr.c ****           (++) PWR_STOPENTRY_WFE: enter STOP mode with WFE instruction
 182:Drivers/STM32F3xx_HAL_Driver/Src/stm32f3xx_hal_pwr.c ****       (+) Exit:
 183:Drivers/STM32F3xx_HAL_Driver/Src/stm32f3xx_hal_pwr.c ****           (++) Any EXTI Line (Internal or External) configured in Interrupt/Event mode.
 184:Drivers/STM32F3xx_HAL_Driver/Src/stm32f3xx_hal_pwr.c ****           (++) Some specific communication peripherals (CEC, USART, I2C) interrupts, 
 185:Drivers/STM32F3xx_HAL_Driver/Src/stm32f3xx_hal_pwr.c ****                when programmed in wakeup mode (the peripheral must be 
 186:Drivers/STM32F3xx_HAL_Driver/Src/stm32f3xx_hal_pwr.c ****                programmed in wakeup mode and the corresponding interrupt vector 
 187:Drivers/STM32F3xx_HAL_Driver/Src/stm32f3xx_hal_pwr.c ****                must be enabled in the NVIC).
 188:Drivers/STM32F3xx_HAL_Driver/Src/stm32f3xx_hal_pwr.c **** 
 189:Drivers/STM32F3xx_HAL_Driver/Src/stm32f3xx_hal_pwr.c ****    *** Standby mode ***
 190:Drivers/STM32F3xx_HAL_Driver/Src/stm32f3xx_hal_pwr.c ****    ====================
 191:Drivers/STM32F3xx_HAL_Driver/Src/stm32f3xx_hal_pwr.c ****      [..]
 192:Drivers/STM32F3xx_HAL_Driver/Src/stm32f3xx_hal_pwr.c ****       The Standby mode allows to achieve the lowest power consumption. It is based
 193:Drivers/STM32F3xx_HAL_Driver/Src/stm32f3xx_hal_pwr.c ****       on the Cortex-M4 deep sleep mode, with the voltage regulator disabled.
 194:Drivers/STM32F3xx_HAL_Driver/Src/stm32f3xx_hal_pwr.c ****       The 1.8V domain is consequently powered off. The PLL, the HSI oscillator and
 195:Drivers/STM32F3xx_HAL_Driver/Src/stm32f3xx_hal_pwr.c ****       the HSE oscillator are also switched off. SRAM and register contents are lost
 196:Drivers/STM32F3xx_HAL_Driver/Src/stm32f3xx_hal_pwr.c ****       except for the RTC registers, RTC backup registers, backup SRAM and Standby
 197:Drivers/STM32F3xx_HAL_Driver/Src/stm32f3xx_hal_pwr.c ****       circuitry.
 198:Drivers/STM32F3xx_HAL_Driver/Src/stm32f3xx_hal_pwr.c ****       The voltage regulator is OFF.
 199:Drivers/STM32F3xx_HAL_Driver/Src/stm32f3xx_hal_pwr.c **** 
 200:Drivers/STM32F3xx_HAL_Driver/Src/stm32f3xx_hal_pwr.c ****       (+) Entry:
 201:Drivers/STM32F3xx_HAL_Driver/Src/stm32f3xx_hal_pwr.c ****           (++) The Standby mode is entered using the HAL_PWR_EnterSTANDBYMode() function.
 202:Drivers/STM32F3xx_HAL_Driver/Src/stm32f3xx_hal_pwr.c ****       (+) Exit:
 203:Drivers/STM32F3xx_HAL_Driver/Src/stm32f3xx_hal_pwr.c ****           (++) WKUP pin rising edge, RTC alarm (Alarm A and Alarm B), RTC wakeup,
 204:Drivers/STM32F3xx_HAL_Driver/Src/stm32f3xx_hal_pwr.c ****                tamper event, time-stamp event, external reset in NRST pin, IWDG reset.
 205:Drivers/STM32F3xx_HAL_Driver/Src/stm32f3xx_hal_pwr.c **** 
 206:Drivers/STM32F3xx_HAL_Driver/Src/stm32f3xx_hal_pwr.c ****    *** Auto-wakeup (AWU) from low-power mode ***
 207:Drivers/STM32F3xx_HAL_Driver/Src/stm32f3xx_hal_pwr.c ****    =============================================
 208:Drivers/STM32F3xx_HAL_Driver/Src/stm32f3xx_hal_pwr.c ****     [..]
 209:Drivers/STM32F3xx_HAL_Driver/Src/stm32f3xx_hal_pwr.c ****       The MCU can be woken up from low-power mode by an RTC Alarm event, an RTC
 210:Drivers/STM32F3xx_HAL_Driver/Src/stm32f3xx_hal_pwr.c ****       Wakeup event, a tamper event, a time-stamp event, or a comparator event, 
 211:Drivers/STM32F3xx_HAL_Driver/Src/stm32f3xx_hal_pwr.c ****       without depending on an external interrupt (Auto-wakeup mode).
 212:Drivers/STM32F3xx_HAL_Driver/Src/stm32f3xx_hal_pwr.c **** 
 213:Drivers/STM32F3xx_HAL_Driver/Src/stm32f3xx_hal_pwr.c ****     (+) RTC auto-wakeup (AWU) from the Stop and Standby modes
 214:Drivers/STM32F3xx_HAL_Driver/Src/stm32f3xx_hal_pwr.c **** 
 215:Drivers/STM32F3xx_HAL_Driver/Src/stm32f3xx_hal_pwr.c ****       (++) To wake up from the Stop mode with an RTC alarm event, it is necessary to
 216:Drivers/STM32F3xx_HAL_Driver/Src/stm32f3xx_hal_pwr.c ****             configure the RTC to generate the RTC alarm using the HAL_RTC_SetAlarm_IT() function.
 217:Drivers/STM32F3xx_HAL_Driver/Src/stm32f3xx_hal_pwr.c **** 
 218:Drivers/STM32F3xx_HAL_Driver/Src/stm32f3xx_hal_pwr.c ****       (++) To wake up from the Stop mode with an RTC Tamper or time stamp event, it
 219:Drivers/STM32F3xx_HAL_Driver/Src/stm32f3xx_hal_pwr.c ****            is necessary to configure the RTC to detect the tamper or time stamp event using the
 220:Drivers/STM32F3xx_HAL_Driver/Src/stm32f3xx_hal_pwr.c ****            HAL_RTC_SetTimeStamp_IT() or HAL_RTC_SetTamper_IT() functions.
 221:Drivers/STM32F3xx_HAL_Driver/Src/stm32f3xx_hal_pwr.c **** 
 222:Drivers/STM32F3xx_HAL_Driver/Src/stm32f3xx_hal_pwr.c ****       (++) To wake up from the Stop mode with an RTC WakeUp event, it is necessary to
 223:Drivers/STM32F3xx_HAL_Driver/Src/stm32f3xx_hal_pwr.c ****            configure the RTC to generate the RTC WakeUp event using the HAL_RTC_SetWakeUpTimer_IT()
 224:Drivers/STM32F3xx_HAL_Driver/Src/stm32f3xx_hal_pwr.c **** 
 225:Drivers/STM32F3xx_HAL_Driver/Src/stm32f3xx_hal_pwr.c ****     (+) Comparator auto-wakeup (AWU) from the Stop mode
 226:Drivers/STM32F3xx_HAL_Driver/Src/stm32f3xx_hal_pwr.c **** 
 227:Drivers/STM32F3xx_HAL_Driver/Src/stm32f3xx_hal_pwr.c ****       (++) To wake up from the Stop mode with a comparator wakeup event, it is necessary to:
ARM GAS  /var/folders/v3/wysfpd052nz8jkbx04pk0ym80000gn/T//cchIyEo9.s 			page 7


 228:Drivers/STM32F3xx_HAL_Driver/Src/stm32f3xx_hal_pwr.c ****            (+++) Configure the EXTI Line associated with the comparator (example EXTI Line 22 for c
 229:Drivers/STM32F3xx_HAL_Driver/Src/stm32f3xx_hal_pwr.c ****                  to be sensitive to to the selected edges (falling, rising or falling 
 230:Drivers/STM32F3xx_HAL_Driver/Src/stm32f3xx_hal_pwr.c ****                  and rising) (Interrupt or Event modes) using the EXTI_Init() function.
 231:Drivers/STM32F3xx_HAL_Driver/Src/stm32f3xx_hal_pwr.c ****            (+++) Configure the comparator to generate the event.      
 232:Drivers/STM32F3xx_HAL_Driver/Src/stm32f3xx_hal_pwr.c **** @endverbatim
 233:Drivers/STM32F3xx_HAL_Driver/Src/stm32f3xx_hal_pwr.c ****   * @{
 234:Drivers/STM32F3xx_HAL_Driver/Src/stm32f3xx_hal_pwr.c ****   */
 235:Drivers/STM32F3xx_HAL_Driver/Src/stm32f3xx_hal_pwr.c **** 
 236:Drivers/STM32F3xx_HAL_Driver/Src/stm32f3xx_hal_pwr.c **** /**
 237:Drivers/STM32F3xx_HAL_Driver/Src/stm32f3xx_hal_pwr.c ****   * @brief Enables the WakeUp PINx functionality.
 238:Drivers/STM32F3xx_HAL_Driver/Src/stm32f3xx_hal_pwr.c ****   * @param WakeUpPinx Specifies the Power Wake-Up pin to enable.
 239:Drivers/STM32F3xx_HAL_Driver/Src/stm32f3xx_hal_pwr.c ****   *         This parameter can be value of :
 240:Drivers/STM32F3xx_HAL_Driver/Src/stm32f3xx_hal_pwr.c ****   *           @ref PWR_WakeUp_Pins
 241:Drivers/STM32F3xx_HAL_Driver/Src/stm32f3xx_hal_pwr.c ****   * @retval None
 242:Drivers/STM32F3xx_HAL_Driver/Src/stm32f3xx_hal_pwr.c ****   */
 243:Drivers/STM32F3xx_HAL_Driver/Src/stm32f3xx_hal_pwr.c **** void HAL_PWR_EnableWakeUpPin(uint32_t WakeUpPinx)
 244:Drivers/STM32F3xx_HAL_Driver/Src/stm32f3xx_hal_pwr.c **** {
 123              		.loc 1 244 0
 124              		.cfi_startproc
 125              		@ args = 0, pretend = 0, frame = 0
 126              		@ frame_needed = 0, uses_anonymous_args = 0
 127              		@ link register save eliminated.
 128              	.LVL0:
 245:Drivers/STM32F3xx_HAL_Driver/Src/stm32f3xx_hal_pwr.c ****   /* Check the parameters */
 246:Drivers/STM32F3xx_HAL_Driver/Src/stm32f3xx_hal_pwr.c ****   assert_param(IS_PWR_WAKEUP_PIN(WakeUpPinx));
 247:Drivers/STM32F3xx_HAL_Driver/Src/stm32f3xx_hal_pwr.c ****   /* Enable the EWUPx pin */
 248:Drivers/STM32F3xx_HAL_Driver/Src/stm32f3xx_hal_pwr.c ****   SET_BIT(PWR->CSR, WakeUpPinx);
 129              		.loc 1 248 0
 130 0000 024A     		ldr	r2, .L12
 131 0002 5368     		ldr	r3, [r2, #4]
 132 0004 1843     		orrs	r0, r0, r3
 133              	.LVL1:
 134 0006 5060     		str	r0, [r2, #4]
 249:Drivers/STM32F3xx_HAL_Driver/Src/stm32f3xx_hal_pwr.c **** }
 135              		.loc 1 249 0
 136 0008 7047     		bx	lr
 137              	.L13:
 138 000a 00BF     		.align	2
 139              	.L12:
 140 000c 00700040 		.word	1073770496
 141              		.cfi_endproc
 142              	.LFE126:
 144              		.section	.text.HAL_PWR_DisableWakeUpPin,"ax",%progbits
 145              		.align	1
 146              		.p2align 2,,3
 147              		.global	HAL_PWR_DisableWakeUpPin
 148              		.syntax unified
 149              		.thumb
 150              		.thumb_func
 151              		.fpu fpv4-sp-d16
 153              	HAL_PWR_DisableWakeUpPin:
 154              	.LFB127:
 250:Drivers/STM32F3xx_HAL_Driver/Src/stm32f3xx_hal_pwr.c **** 
 251:Drivers/STM32F3xx_HAL_Driver/Src/stm32f3xx_hal_pwr.c **** /**
 252:Drivers/STM32F3xx_HAL_Driver/Src/stm32f3xx_hal_pwr.c ****   * @brief Disables the WakeUp PINx functionality.
 253:Drivers/STM32F3xx_HAL_Driver/Src/stm32f3xx_hal_pwr.c ****   * @param WakeUpPinx Specifies the Power Wake-Up pin to disable.
 254:Drivers/STM32F3xx_HAL_Driver/Src/stm32f3xx_hal_pwr.c ****   *         This parameter can be values of :
ARM GAS  /var/folders/v3/wysfpd052nz8jkbx04pk0ym80000gn/T//cchIyEo9.s 			page 8


 255:Drivers/STM32F3xx_HAL_Driver/Src/stm32f3xx_hal_pwr.c ****   *           @ref PWR_WakeUp_Pins
 256:Drivers/STM32F3xx_HAL_Driver/Src/stm32f3xx_hal_pwr.c ****   * @retval None
 257:Drivers/STM32F3xx_HAL_Driver/Src/stm32f3xx_hal_pwr.c ****   */
 258:Drivers/STM32F3xx_HAL_Driver/Src/stm32f3xx_hal_pwr.c **** void HAL_PWR_DisableWakeUpPin(uint32_t WakeUpPinx)
 259:Drivers/STM32F3xx_HAL_Driver/Src/stm32f3xx_hal_pwr.c **** {
 155              		.loc 1 259 0
 156              		.cfi_startproc
 157              		@ args = 0, pretend = 0, frame = 0
 158              		@ frame_needed = 0, uses_anonymous_args = 0
 159              		@ link register save eliminated.
 160              	.LVL2:
 260:Drivers/STM32F3xx_HAL_Driver/Src/stm32f3xx_hal_pwr.c ****   /* Check the parameters */
 261:Drivers/STM32F3xx_HAL_Driver/Src/stm32f3xx_hal_pwr.c ****   assert_param(IS_PWR_WAKEUP_PIN(WakeUpPinx));
 262:Drivers/STM32F3xx_HAL_Driver/Src/stm32f3xx_hal_pwr.c ****   /* Disable the EWUPx pin */
 263:Drivers/STM32F3xx_HAL_Driver/Src/stm32f3xx_hal_pwr.c ****   CLEAR_BIT(PWR->CSR, WakeUpPinx);
 161              		.loc 1 263 0
 162 0000 024A     		ldr	r2, .L15
 163 0002 5368     		ldr	r3, [r2, #4]
 164 0004 23EA0000 		bic	r0, r3, r0
 165              	.LVL3:
 166 0008 5060     		str	r0, [r2, #4]
 264:Drivers/STM32F3xx_HAL_Driver/Src/stm32f3xx_hal_pwr.c **** }
 167              		.loc 1 264 0
 168 000a 7047     		bx	lr
 169              	.L16:
 170              		.align	2
 171              	.L15:
 172 000c 00700040 		.word	1073770496
 173              		.cfi_endproc
 174              	.LFE127:
 176              		.section	.text.HAL_PWR_EnterSLEEPMode,"ax",%progbits
 177              		.align	1
 178              		.p2align 2,,3
 179              		.global	HAL_PWR_EnterSLEEPMode
 180              		.syntax unified
 181              		.thumb
 182              		.thumb_func
 183              		.fpu fpv4-sp-d16
 185              	HAL_PWR_EnterSLEEPMode:
 186              	.LFB128:
 265:Drivers/STM32F3xx_HAL_Driver/Src/stm32f3xx_hal_pwr.c **** 
 266:Drivers/STM32F3xx_HAL_Driver/Src/stm32f3xx_hal_pwr.c **** /**
 267:Drivers/STM32F3xx_HAL_Driver/Src/stm32f3xx_hal_pwr.c ****   * @brief Enters Sleep mode.
 268:Drivers/STM32F3xx_HAL_Driver/Src/stm32f3xx_hal_pwr.c ****   * @note  In Sleep mode, all I/O pins keep the same state as in Run mode.
 269:Drivers/STM32F3xx_HAL_Driver/Src/stm32f3xx_hal_pwr.c ****   * @param Regulator Specifies the regulator state in SLEEP mode.
 270:Drivers/STM32F3xx_HAL_Driver/Src/stm32f3xx_hal_pwr.c ****   *          This parameter can be one of the following values:
 271:Drivers/STM32F3xx_HAL_Driver/Src/stm32f3xx_hal_pwr.c ****   *            @arg PWR_MAINREGULATOR_ON: SLEEP mode with regulator ON
 272:Drivers/STM32F3xx_HAL_Driver/Src/stm32f3xx_hal_pwr.c ****   *            @arg PWR_LOWPOWERREGULATOR_ON: SLEEP mode with low power regulator ON
 273:Drivers/STM32F3xx_HAL_Driver/Src/stm32f3xx_hal_pwr.c ****   * @note This parameter has no effect in F3 family and is just maintained to 
 274:Drivers/STM32F3xx_HAL_Driver/Src/stm32f3xx_hal_pwr.c ****   *       offer full portability of other STM32 families softwares.
 275:Drivers/STM32F3xx_HAL_Driver/Src/stm32f3xx_hal_pwr.c ****   * @param SLEEPEntry Specifies if SLEEP mode is entered with WFI or WFE instruction.
 276:Drivers/STM32F3xx_HAL_Driver/Src/stm32f3xx_hal_pwr.c ****   *           When WFI entry is used, tick interrupt have to be disabled if not desired as 
 277:Drivers/STM32F3xx_HAL_Driver/Src/stm32f3xx_hal_pwr.c ****   *           the interrupt wake up source.
 278:Drivers/STM32F3xx_HAL_Driver/Src/stm32f3xx_hal_pwr.c ****   *           This parameter can be one of the following values:
 279:Drivers/STM32F3xx_HAL_Driver/Src/stm32f3xx_hal_pwr.c ****   *            @arg PWR_SLEEPENTRY_WFI: enter SLEEP mode with WFI instruction
 280:Drivers/STM32F3xx_HAL_Driver/Src/stm32f3xx_hal_pwr.c ****   *            @arg PWR_SLEEPENTRY_WFE: enter SLEEP mode with WFE instruction
 281:Drivers/STM32F3xx_HAL_Driver/Src/stm32f3xx_hal_pwr.c ****   * @retval None
ARM GAS  /var/folders/v3/wysfpd052nz8jkbx04pk0ym80000gn/T//cchIyEo9.s 			page 9


 282:Drivers/STM32F3xx_HAL_Driver/Src/stm32f3xx_hal_pwr.c ****   */
 283:Drivers/STM32F3xx_HAL_Driver/Src/stm32f3xx_hal_pwr.c **** void HAL_PWR_EnterSLEEPMode(uint32_t Regulator, uint8_t SLEEPEntry)
 284:Drivers/STM32F3xx_HAL_Driver/Src/stm32f3xx_hal_pwr.c **** {
 187              		.loc 1 284 0
 188              		.cfi_startproc
 189              		@ args = 0, pretend = 0, frame = 0
 190              		@ frame_needed = 0, uses_anonymous_args = 0
 191              		@ link register save eliminated.
 192              	.LVL4:
 285:Drivers/STM32F3xx_HAL_Driver/Src/stm32f3xx_hal_pwr.c ****   /* Check the parameters */
 286:Drivers/STM32F3xx_HAL_Driver/Src/stm32f3xx_hal_pwr.c ****   assert_param(IS_PWR_SLEEP_ENTRY(SLEEPEntry));
 287:Drivers/STM32F3xx_HAL_Driver/Src/stm32f3xx_hal_pwr.c **** 
 288:Drivers/STM32F3xx_HAL_Driver/Src/stm32f3xx_hal_pwr.c ****   /* Clear SLEEPDEEP bit of Cortex System Control Register */
 289:Drivers/STM32F3xx_HAL_Driver/Src/stm32f3xx_hal_pwr.c ****   SCB->SCR &= (uint32_t)~((uint32_t)SCB_SCR_SLEEPDEEP_Msk);
 193              		.loc 1 289 0
 194 0000 064A     		ldr	r2, .L21
 195 0002 1369     		ldr	r3, [r2, #16]
 290:Drivers/STM32F3xx_HAL_Driver/Src/stm32f3xx_hal_pwr.c **** 
 291:Drivers/STM32F3xx_HAL_Driver/Src/stm32f3xx_hal_pwr.c ****   /* Select SLEEP mode entry -------------------------------------------------*/
 292:Drivers/STM32F3xx_HAL_Driver/Src/stm32f3xx_hal_pwr.c ****   if(SLEEPEntry == PWR_SLEEPENTRY_WFI)
 196              		.loc 1 292 0
 197 0004 0129     		cmp	r1, #1
 289:Drivers/STM32F3xx_HAL_Driver/Src/stm32f3xx_hal_pwr.c **** 
 198              		.loc 1 289 0
 199 0006 23F00403 		bic	r3, r3, #4
 200 000a 1361     		str	r3, [r2, #16]
 201              		.loc 1 292 0
 202 000c 03D0     		beq	.L20
 293:Drivers/STM32F3xx_HAL_Driver/Src/stm32f3xx_hal_pwr.c ****   {
 294:Drivers/STM32F3xx_HAL_Driver/Src/stm32f3xx_hal_pwr.c ****     /* Request Wait For Interrupt */
 295:Drivers/STM32F3xx_HAL_Driver/Src/stm32f3xx_hal_pwr.c ****     __WFI();
 296:Drivers/STM32F3xx_HAL_Driver/Src/stm32f3xx_hal_pwr.c ****   }
 297:Drivers/STM32F3xx_HAL_Driver/Src/stm32f3xx_hal_pwr.c ****   else
 298:Drivers/STM32F3xx_HAL_Driver/Src/stm32f3xx_hal_pwr.c ****   {
 299:Drivers/STM32F3xx_HAL_Driver/Src/stm32f3xx_hal_pwr.c ****     /* Request Wait For Event */
 300:Drivers/STM32F3xx_HAL_Driver/Src/stm32f3xx_hal_pwr.c ****     __SEV();
 203              		.loc 1 300 0
 204              		.syntax unified
 205              	@ 300 "Drivers/STM32F3xx_HAL_Driver/Src/stm32f3xx_hal_pwr.c" 1
 206 000e 40BF     		sev
 207              	@ 0 "" 2
 301:Drivers/STM32F3xx_HAL_Driver/Src/stm32f3xx_hal_pwr.c ****     __WFE();
 208              		.loc 1 301 0
 209              	@ 301 "Drivers/STM32F3xx_HAL_Driver/Src/stm32f3xx_hal_pwr.c" 1
 210 0010 20BF     		wfe
 211              	@ 0 "" 2
 302:Drivers/STM32F3xx_HAL_Driver/Src/stm32f3xx_hal_pwr.c ****     __WFE();
 212              		.loc 1 302 0
 213              	@ 302 "Drivers/STM32F3xx_HAL_Driver/Src/stm32f3xx_hal_pwr.c" 1
 214 0012 20BF     		wfe
 215              	@ 0 "" 2
 303:Drivers/STM32F3xx_HAL_Driver/Src/stm32f3xx_hal_pwr.c ****   }
 304:Drivers/STM32F3xx_HAL_Driver/Src/stm32f3xx_hal_pwr.c **** }
 216              		.loc 1 304 0
 217              		.thumb
 218              		.syntax unified
 219 0014 7047     		bx	lr
ARM GAS  /var/folders/v3/wysfpd052nz8jkbx04pk0ym80000gn/T//cchIyEo9.s 			page 10


 220              	.L20:
 295:Drivers/STM32F3xx_HAL_Driver/Src/stm32f3xx_hal_pwr.c ****   }
 221              		.loc 1 295 0
 222              		.syntax unified
 223              	@ 295 "Drivers/STM32F3xx_HAL_Driver/Src/stm32f3xx_hal_pwr.c" 1
 224 0016 30BF     		wfi
 225              	@ 0 "" 2
 226              		.thumb
 227              		.syntax unified
 228 0018 7047     		bx	lr
 229              	.L22:
 230 001a 00BF     		.align	2
 231              	.L21:
 232 001c 00ED00E0 		.word	-536810240
 233              		.cfi_endproc
 234              	.LFE128:
 236              		.section	.text.HAL_PWR_EnterSTOPMode,"ax",%progbits
 237              		.align	1
 238              		.p2align 2,,3
 239              		.global	HAL_PWR_EnterSTOPMode
 240              		.syntax unified
 241              		.thumb
 242              		.thumb_func
 243              		.fpu fpv4-sp-d16
 245              	HAL_PWR_EnterSTOPMode:
 246              	.LFB129:
 305:Drivers/STM32F3xx_HAL_Driver/Src/stm32f3xx_hal_pwr.c **** 
 306:Drivers/STM32F3xx_HAL_Driver/Src/stm32f3xx_hal_pwr.c **** /**
 307:Drivers/STM32F3xx_HAL_Driver/Src/stm32f3xx_hal_pwr.c ****   * @brief Enters STOP mode.
 308:Drivers/STM32F3xx_HAL_Driver/Src/stm32f3xx_hal_pwr.c ****   * @note  In Stop mode, all I/O pins keep the same state as in Run mode.
 309:Drivers/STM32F3xx_HAL_Driver/Src/stm32f3xx_hal_pwr.c ****   * @note  When exiting Stop mode by issuing an interrupt or a wakeup event,
 310:Drivers/STM32F3xx_HAL_Driver/Src/stm32f3xx_hal_pwr.c ****   *         the HSI RC oscillator is selected as system clock.
 311:Drivers/STM32F3xx_HAL_Driver/Src/stm32f3xx_hal_pwr.c ****   * @note  When the voltage regulator operates in low power mode, an additional
 312:Drivers/STM32F3xx_HAL_Driver/Src/stm32f3xx_hal_pwr.c ****   *         startup delay is incurred when waking up from Stop mode.
 313:Drivers/STM32F3xx_HAL_Driver/Src/stm32f3xx_hal_pwr.c ****   *         By keeping the internal regulator ON during Stop mode, the consumption
 314:Drivers/STM32F3xx_HAL_Driver/Src/stm32f3xx_hal_pwr.c ****   *         is higher although the startup time is reduced.
 315:Drivers/STM32F3xx_HAL_Driver/Src/stm32f3xx_hal_pwr.c ****   * @param Regulator Specifies the regulator state in STOP mode.
 316:Drivers/STM32F3xx_HAL_Driver/Src/stm32f3xx_hal_pwr.c ****   *          This parameter can be one of the following values:
 317:Drivers/STM32F3xx_HAL_Driver/Src/stm32f3xx_hal_pwr.c ****   *            @arg PWR_MAINREGULATOR_ON: STOP mode with regulator ON
 318:Drivers/STM32F3xx_HAL_Driver/Src/stm32f3xx_hal_pwr.c ****   *            @arg PWR_LOWPOWERREGULATOR_ON: STOP mode with low power regulator ON
 319:Drivers/STM32F3xx_HAL_Driver/Src/stm32f3xx_hal_pwr.c ****   * @param STOPEntry specifies if STOP mode in entered with WFI or WFE instruction.
 320:Drivers/STM32F3xx_HAL_Driver/Src/stm32f3xx_hal_pwr.c ****   *          This parameter can be one of the following values:
 321:Drivers/STM32F3xx_HAL_Driver/Src/stm32f3xx_hal_pwr.c ****   *            @arg PWR_STOPENTRY_WFI:Enter STOP mode with WFI instruction
 322:Drivers/STM32F3xx_HAL_Driver/Src/stm32f3xx_hal_pwr.c ****   *            @arg PWR_STOPENTRY_WFE: Enter STOP mode with WFE instruction
 323:Drivers/STM32F3xx_HAL_Driver/Src/stm32f3xx_hal_pwr.c ****   * @retval None
 324:Drivers/STM32F3xx_HAL_Driver/Src/stm32f3xx_hal_pwr.c ****   */
 325:Drivers/STM32F3xx_HAL_Driver/Src/stm32f3xx_hal_pwr.c **** void HAL_PWR_EnterSTOPMode(uint32_t Regulator, uint8_t STOPEntry)
 326:Drivers/STM32F3xx_HAL_Driver/Src/stm32f3xx_hal_pwr.c **** {
 247              		.loc 1 326 0
 248              		.cfi_startproc
 249              		@ args = 0, pretend = 0, frame = 0
 250              		@ frame_needed = 0, uses_anonymous_args = 0
 251              		@ link register save eliminated.
 252              	.LVL5:
 253 0000 10B4     		push	{r4}
 254              	.LCFI0:
 255              		.cfi_def_cfa_offset 4
ARM GAS  /var/folders/v3/wysfpd052nz8jkbx04pk0ym80000gn/T//cchIyEo9.s 			page 11


 256              		.cfi_offset 4, -4
 327:Drivers/STM32F3xx_HAL_Driver/Src/stm32f3xx_hal_pwr.c ****   uint32_t tmpreg = 0U;
 328:Drivers/STM32F3xx_HAL_Driver/Src/stm32f3xx_hal_pwr.c **** 
 329:Drivers/STM32F3xx_HAL_Driver/Src/stm32f3xx_hal_pwr.c ****   /* Check the parameters */
 330:Drivers/STM32F3xx_HAL_Driver/Src/stm32f3xx_hal_pwr.c ****   assert_param(IS_PWR_REGULATOR(Regulator));
 331:Drivers/STM32F3xx_HAL_Driver/Src/stm32f3xx_hal_pwr.c ****   assert_param(IS_PWR_STOP_ENTRY(STOPEntry));
 332:Drivers/STM32F3xx_HAL_Driver/Src/stm32f3xx_hal_pwr.c **** 
 333:Drivers/STM32F3xx_HAL_Driver/Src/stm32f3xx_hal_pwr.c ****   /* Select the regulator state in STOP mode ---------------------------------*/
 334:Drivers/STM32F3xx_HAL_Driver/Src/stm32f3xx_hal_pwr.c ****   tmpreg = PWR->CR;
 257              		.loc 1 334 0
 258 0002 0D4C     		ldr	r4, .L28
 335:Drivers/STM32F3xx_HAL_Driver/Src/stm32f3xx_hal_pwr.c ****   
 336:Drivers/STM32F3xx_HAL_Driver/Src/stm32f3xx_hal_pwr.c ****   /* Clear PDDS and LPDS bits */
 337:Drivers/STM32F3xx_HAL_Driver/Src/stm32f3xx_hal_pwr.c ****   tmpreg &= (uint32_t)~(PWR_CR_PDDS | PWR_CR_LPDS);
 338:Drivers/STM32F3xx_HAL_Driver/Src/stm32f3xx_hal_pwr.c **** 
 339:Drivers/STM32F3xx_HAL_Driver/Src/stm32f3xx_hal_pwr.c ****   /* Set LPDS bit according to Regulator value */
 340:Drivers/STM32F3xx_HAL_Driver/Src/stm32f3xx_hal_pwr.c ****   tmpreg |= Regulator;
 341:Drivers/STM32F3xx_HAL_Driver/Src/stm32f3xx_hal_pwr.c **** 
 342:Drivers/STM32F3xx_HAL_Driver/Src/stm32f3xx_hal_pwr.c ****   /* Store the new value */
 343:Drivers/STM32F3xx_HAL_Driver/Src/stm32f3xx_hal_pwr.c ****   PWR->CR = tmpreg;
 344:Drivers/STM32F3xx_HAL_Driver/Src/stm32f3xx_hal_pwr.c **** 
 345:Drivers/STM32F3xx_HAL_Driver/Src/stm32f3xx_hal_pwr.c ****   /* Set SLEEPDEEP bit of Cortex System Control Register */
 346:Drivers/STM32F3xx_HAL_Driver/Src/stm32f3xx_hal_pwr.c ****   SCB->SCR |= SCB_SCR_SLEEPDEEP_Msk;
 259              		.loc 1 346 0
 260 0004 0D4A     		ldr	r2, .L28+4
 334:Drivers/STM32F3xx_HAL_Driver/Src/stm32f3xx_hal_pwr.c ****   
 261              		.loc 1 334 0
 262 0006 2368     		ldr	r3, [r4]
 263              	.LVL6:
 337:Drivers/STM32F3xx_HAL_Driver/Src/stm32f3xx_hal_pwr.c **** 
 264              		.loc 1 337 0
 265 0008 23F00303 		bic	r3, r3, #3
 266              	.LVL7:
 340:Drivers/STM32F3xx_HAL_Driver/Src/stm32f3xx_hal_pwr.c **** 
 267              		.loc 1 340 0
 268 000c 1843     		orrs	r0, r0, r3
 269              	.LVL8:
 343:Drivers/STM32F3xx_HAL_Driver/Src/stm32f3xx_hal_pwr.c **** 
 270              		.loc 1 343 0
 271 000e 2060     		str	r0, [r4]
 272              		.loc 1 346 0
 273 0010 1369     		ldr	r3, [r2, #16]
 347:Drivers/STM32F3xx_HAL_Driver/Src/stm32f3xx_hal_pwr.c **** 
 348:Drivers/STM32F3xx_HAL_Driver/Src/stm32f3xx_hal_pwr.c ****   /* Select STOP mode entry --------------------------------------------------*/
 349:Drivers/STM32F3xx_HAL_Driver/Src/stm32f3xx_hal_pwr.c ****   if(STOPEntry == PWR_STOPENTRY_WFI)
 274              		.loc 1 349 0
 275 0012 0129     		cmp	r1, #1
 346:Drivers/STM32F3xx_HAL_Driver/Src/stm32f3xx_hal_pwr.c **** 
 276              		.loc 1 346 0
 277 0014 43F00403 		orr	r3, r3, #4
 278 0018 1361     		str	r3, [r2, #16]
 279              		.loc 1 349 0
 280 001a 0AD0     		beq	.L27
 350:Drivers/STM32F3xx_HAL_Driver/Src/stm32f3xx_hal_pwr.c ****   {
 351:Drivers/STM32F3xx_HAL_Driver/Src/stm32f3xx_hal_pwr.c ****     /* Request Wait For Interrupt */
 352:Drivers/STM32F3xx_HAL_Driver/Src/stm32f3xx_hal_pwr.c ****     __WFI();
 353:Drivers/STM32F3xx_HAL_Driver/Src/stm32f3xx_hal_pwr.c ****   }
ARM GAS  /var/folders/v3/wysfpd052nz8jkbx04pk0ym80000gn/T//cchIyEo9.s 			page 12


 354:Drivers/STM32F3xx_HAL_Driver/Src/stm32f3xx_hal_pwr.c ****   else
 355:Drivers/STM32F3xx_HAL_Driver/Src/stm32f3xx_hal_pwr.c ****   {
 356:Drivers/STM32F3xx_HAL_Driver/Src/stm32f3xx_hal_pwr.c ****     /* Request Wait For Event */
 357:Drivers/STM32F3xx_HAL_Driver/Src/stm32f3xx_hal_pwr.c ****     __SEV();
 281              		.loc 1 357 0
 282              		.syntax unified
 283              	@ 357 "Drivers/STM32F3xx_HAL_Driver/Src/stm32f3xx_hal_pwr.c" 1
 284 001c 40BF     		sev
 285              	@ 0 "" 2
 358:Drivers/STM32F3xx_HAL_Driver/Src/stm32f3xx_hal_pwr.c ****     __WFE();
 286              		.loc 1 358 0
 287              	@ 358 "Drivers/STM32F3xx_HAL_Driver/Src/stm32f3xx_hal_pwr.c" 1
 288 001e 20BF     		wfe
 289              	@ 0 "" 2
 359:Drivers/STM32F3xx_HAL_Driver/Src/stm32f3xx_hal_pwr.c ****     __WFE();
 290              		.loc 1 359 0
 291              	@ 359 "Drivers/STM32F3xx_HAL_Driver/Src/stm32f3xx_hal_pwr.c" 1
 292 0020 20BF     		wfe
 293              	@ 0 "" 2
 294              		.thumb
 295              		.syntax unified
 296              	.L25:
 360:Drivers/STM32F3xx_HAL_Driver/Src/stm32f3xx_hal_pwr.c ****   }
 361:Drivers/STM32F3xx_HAL_Driver/Src/stm32f3xx_hal_pwr.c **** 
 362:Drivers/STM32F3xx_HAL_Driver/Src/stm32f3xx_hal_pwr.c ****   /* Reset SLEEPDEEP bit of Cortex System Control Register */
 363:Drivers/STM32F3xx_HAL_Driver/Src/stm32f3xx_hal_pwr.c ****   SCB->SCR &= (uint32_t)~((uint32_t)SCB_SCR_SLEEPDEEP_Msk);
 297              		.loc 1 363 0
 298 0022 064A     		ldr	r2, .L28+4
 364:Drivers/STM32F3xx_HAL_Driver/Src/stm32f3xx_hal_pwr.c **** }
 299              		.loc 1 364 0
 300 0024 5DF8044B 		ldr	r4, [sp], #4
 301              	.LCFI1:
 302              		.cfi_remember_state
 303              		.cfi_restore 4
 304              		.cfi_def_cfa_offset 0
 363:Drivers/STM32F3xx_HAL_Driver/Src/stm32f3xx_hal_pwr.c **** }
 305              		.loc 1 363 0
 306 0028 1369     		ldr	r3, [r2, #16]
 307 002a 23F00403 		bic	r3, r3, #4
 308 002e 1361     		str	r3, [r2, #16]
 309              		.loc 1 364 0
 310 0030 7047     		bx	lr
 311              	.L27:
 312              	.LCFI2:
 313              		.cfi_restore_state
 352:Drivers/STM32F3xx_HAL_Driver/Src/stm32f3xx_hal_pwr.c ****   }
 314              		.loc 1 352 0
 315              		.syntax unified
 316              	@ 352 "Drivers/STM32F3xx_HAL_Driver/Src/stm32f3xx_hal_pwr.c" 1
 317 0032 30BF     		wfi
 318              	@ 0 "" 2
 319              		.thumb
 320              		.syntax unified
 321 0034 F5E7     		b	.L25
 322              	.L29:
 323 0036 00BF     		.align	2
 324              	.L28:
ARM GAS  /var/folders/v3/wysfpd052nz8jkbx04pk0ym80000gn/T//cchIyEo9.s 			page 13


 325 0038 00700040 		.word	1073770496
 326 003c 00ED00E0 		.word	-536810240
 327              		.cfi_endproc
 328              	.LFE129:
 330              		.section	.text.HAL_PWR_EnterSTANDBYMode,"ax",%progbits
 331              		.align	1
 332              		.p2align 2,,3
 333              		.global	HAL_PWR_EnterSTANDBYMode
 334              		.syntax unified
 335              		.thumb
 336              		.thumb_func
 337              		.fpu fpv4-sp-d16
 339              	HAL_PWR_EnterSTANDBYMode:
 340              	.LFB130:
 365:Drivers/STM32F3xx_HAL_Driver/Src/stm32f3xx_hal_pwr.c **** 
 366:Drivers/STM32F3xx_HAL_Driver/Src/stm32f3xx_hal_pwr.c **** /**
 367:Drivers/STM32F3xx_HAL_Driver/Src/stm32f3xx_hal_pwr.c ****   * @brief Enters STANDBY mode.
 368:Drivers/STM32F3xx_HAL_Driver/Src/stm32f3xx_hal_pwr.c ****   * @note  In Standby mode, all I/O pins are high impedance except for:
 369:Drivers/STM32F3xx_HAL_Driver/Src/stm32f3xx_hal_pwr.c ****   *          - Reset pad (still available), 
 370:Drivers/STM32F3xx_HAL_Driver/Src/stm32f3xx_hal_pwr.c ****   *          - RTC alternate function pins if configured for tamper, time-stamp, RTC
 371:Drivers/STM32F3xx_HAL_Driver/Src/stm32f3xx_hal_pwr.c ****   *            Alarm out, or RTC clock calibration out, 
 372:Drivers/STM32F3xx_HAL_Driver/Src/stm32f3xx_hal_pwr.c ****   *          - WKUP pins if enabled.
 373:Drivers/STM32F3xx_HAL_Driver/Src/stm32f3xx_hal_pwr.c ****   * @retval None
 374:Drivers/STM32F3xx_HAL_Driver/Src/stm32f3xx_hal_pwr.c ****   */
 375:Drivers/STM32F3xx_HAL_Driver/Src/stm32f3xx_hal_pwr.c **** void HAL_PWR_EnterSTANDBYMode(void)
 376:Drivers/STM32F3xx_HAL_Driver/Src/stm32f3xx_hal_pwr.c **** {
 341              		.loc 1 376 0
 342              		.cfi_startproc
 343              		@ args = 0, pretend = 0, frame = 0
 344              		@ frame_needed = 0, uses_anonymous_args = 0
 345              		@ link register save eliminated.
 377:Drivers/STM32F3xx_HAL_Driver/Src/stm32f3xx_hal_pwr.c ****   /* Select STANDBY mode */
 378:Drivers/STM32F3xx_HAL_Driver/Src/stm32f3xx_hal_pwr.c ****   PWR->CR |= PWR_CR_PDDS;
 346              		.loc 1 378 0
 347 0000 0549     		ldr	r1, .L31
 379:Drivers/STM32F3xx_HAL_Driver/Src/stm32f3xx_hal_pwr.c **** 
 380:Drivers/STM32F3xx_HAL_Driver/Src/stm32f3xx_hal_pwr.c ****   /* Set SLEEPDEEP bit of Cortex System Control Register */
 381:Drivers/STM32F3xx_HAL_Driver/Src/stm32f3xx_hal_pwr.c ****   SCB->SCR |= SCB_SCR_SLEEPDEEP_Msk;
 348              		.loc 1 381 0
 349 0002 064A     		ldr	r2, .L31+4
 378:Drivers/STM32F3xx_HAL_Driver/Src/stm32f3xx_hal_pwr.c **** 
 350              		.loc 1 378 0
 351 0004 0B68     		ldr	r3, [r1]
 352 0006 43F00203 		orr	r3, r3, #2
 353 000a 0B60     		str	r3, [r1]
 354              		.loc 1 381 0
 355 000c 1369     		ldr	r3, [r2, #16]
 356 000e 43F00403 		orr	r3, r3, #4
 357 0012 1361     		str	r3, [r2, #16]
 382:Drivers/STM32F3xx_HAL_Driver/Src/stm32f3xx_hal_pwr.c **** 
 383:Drivers/STM32F3xx_HAL_Driver/Src/stm32f3xx_hal_pwr.c ****   /* This option is used to ensure that store operations are completed */
 384:Drivers/STM32F3xx_HAL_Driver/Src/stm32f3xx_hal_pwr.c **** #if defined ( __CC_ARM)
 385:Drivers/STM32F3xx_HAL_Driver/Src/stm32f3xx_hal_pwr.c ****   __force_stores();
 386:Drivers/STM32F3xx_HAL_Driver/Src/stm32f3xx_hal_pwr.c **** #endif
 387:Drivers/STM32F3xx_HAL_Driver/Src/stm32f3xx_hal_pwr.c ****   /* Request Wait For Interrupt */
 388:Drivers/STM32F3xx_HAL_Driver/Src/stm32f3xx_hal_pwr.c ****   __WFI();
 358              		.loc 1 388 0
ARM GAS  /var/folders/v3/wysfpd052nz8jkbx04pk0ym80000gn/T//cchIyEo9.s 			page 14


 359              		.syntax unified
 360              	@ 388 "Drivers/STM32F3xx_HAL_Driver/Src/stm32f3xx_hal_pwr.c" 1
 361 0014 30BF     		wfi
 362              	@ 0 "" 2
 389:Drivers/STM32F3xx_HAL_Driver/Src/stm32f3xx_hal_pwr.c **** }
 363              		.loc 1 389 0
 364              		.thumb
 365              		.syntax unified
 366 0016 7047     		bx	lr
 367              	.L32:
 368              		.align	2
 369              	.L31:
 370 0018 00700040 		.word	1073770496
 371 001c 00ED00E0 		.word	-536810240
 372              		.cfi_endproc
 373              	.LFE130:
 375              		.section	.text.HAL_PWR_EnableSleepOnExit,"ax",%progbits
 376              		.align	1
 377              		.p2align 2,,3
 378              		.global	HAL_PWR_EnableSleepOnExit
 379              		.syntax unified
 380              		.thumb
 381              		.thumb_func
 382              		.fpu fpv4-sp-d16
 384              	HAL_PWR_EnableSleepOnExit:
 385              	.LFB131:
 390:Drivers/STM32F3xx_HAL_Driver/Src/stm32f3xx_hal_pwr.c **** 
 391:Drivers/STM32F3xx_HAL_Driver/Src/stm32f3xx_hal_pwr.c **** /**
 392:Drivers/STM32F3xx_HAL_Driver/Src/stm32f3xx_hal_pwr.c ****   * @brief Indicates Sleep-On-Exit when returning from Handler mode to Thread mode. 
 393:Drivers/STM32F3xx_HAL_Driver/Src/stm32f3xx_hal_pwr.c ****   * @note Set SLEEPONEXIT bit of SCR register. When this bit is set, the processor 
 394:Drivers/STM32F3xx_HAL_Driver/Src/stm32f3xx_hal_pwr.c ****   *       re-enters SLEEP mode when an interruption handling is over.
 395:Drivers/STM32F3xx_HAL_Driver/Src/stm32f3xx_hal_pwr.c ****   *       Setting this bit is useful when the processor is expected to run only on
 396:Drivers/STM32F3xx_HAL_Driver/Src/stm32f3xx_hal_pwr.c ****   *       interruptions handling.         
 397:Drivers/STM32F3xx_HAL_Driver/Src/stm32f3xx_hal_pwr.c ****   * @retval None
 398:Drivers/STM32F3xx_HAL_Driver/Src/stm32f3xx_hal_pwr.c ****   */
 399:Drivers/STM32F3xx_HAL_Driver/Src/stm32f3xx_hal_pwr.c **** void HAL_PWR_EnableSleepOnExit(void)
 400:Drivers/STM32F3xx_HAL_Driver/Src/stm32f3xx_hal_pwr.c **** {
 386              		.loc 1 400 0
 387              		.cfi_startproc
 388              		@ args = 0, pretend = 0, frame = 0
 389              		@ frame_needed = 0, uses_anonymous_args = 0
 390              		@ link register save eliminated.
 401:Drivers/STM32F3xx_HAL_Driver/Src/stm32f3xx_hal_pwr.c ****   /* Set SLEEPONEXIT bit of Cortex System Control Register */
 402:Drivers/STM32F3xx_HAL_Driver/Src/stm32f3xx_hal_pwr.c ****   SET_BIT(SCB->SCR, ((uint32_t)SCB_SCR_SLEEPONEXIT_Msk));
 391              		.loc 1 402 0
 392 0000 024A     		ldr	r2, .L34
 393 0002 1369     		ldr	r3, [r2, #16]
 394 0004 43F00203 		orr	r3, r3, #2
 395 0008 1361     		str	r3, [r2, #16]
 403:Drivers/STM32F3xx_HAL_Driver/Src/stm32f3xx_hal_pwr.c **** }
 396              		.loc 1 403 0
 397 000a 7047     		bx	lr
 398              	.L35:
 399              		.align	2
 400              	.L34:
 401 000c 00ED00E0 		.word	-536810240
 402              		.cfi_endproc
ARM GAS  /var/folders/v3/wysfpd052nz8jkbx04pk0ym80000gn/T//cchIyEo9.s 			page 15


 403              	.LFE131:
 405              		.section	.text.HAL_PWR_DisableSleepOnExit,"ax",%progbits
 406              		.align	1
 407              		.p2align 2,,3
 408              		.global	HAL_PWR_DisableSleepOnExit
 409              		.syntax unified
 410              		.thumb
 411              		.thumb_func
 412              		.fpu fpv4-sp-d16
 414              	HAL_PWR_DisableSleepOnExit:
 415              	.LFB132:
 404:Drivers/STM32F3xx_HAL_Driver/Src/stm32f3xx_hal_pwr.c **** 
 405:Drivers/STM32F3xx_HAL_Driver/Src/stm32f3xx_hal_pwr.c **** 
 406:Drivers/STM32F3xx_HAL_Driver/Src/stm32f3xx_hal_pwr.c **** /**
 407:Drivers/STM32F3xx_HAL_Driver/Src/stm32f3xx_hal_pwr.c ****   * @brief Disables Sleep-On-Exit feature when returning from Handler mode to Thread mode. 
 408:Drivers/STM32F3xx_HAL_Driver/Src/stm32f3xx_hal_pwr.c ****   * @note Clears SLEEPONEXIT bit of SCR register. When this bit is set, the processor 
 409:Drivers/STM32F3xx_HAL_Driver/Src/stm32f3xx_hal_pwr.c ****   *       re-enters SLEEP mode when an interruption handling is over.          
 410:Drivers/STM32F3xx_HAL_Driver/Src/stm32f3xx_hal_pwr.c ****   * @retval None
 411:Drivers/STM32F3xx_HAL_Driver/Src/stm32f3xx_hal_pwr.c ****   */
 412:Drivers/STM32F3xx_HAL_Driver/Src/stm32f3xx_hal_pwr.c **** void HAL_PWR_DisableSleepOnExit(void)
 413:Drivers/STM32F3xx_HAL_Driver/Src/stm32f3xx_hal_pwr.c **** {
 416              		.loc 1 413 0
 417              		.cfi_startproc
 418              		@ args = 0, pretend = 0, frame = 0
 419              		@ frame_needed = 0, uses_anonymous_args = 0
 420              		@ link register save eliminated.
 414:Drivers/STM32F3xx_HAL_Driver/Src/stm32f3xx_hal_pwr.c ****   /* Clear SLEEPONEXIT bit of Cortex System Control Register */
 415:Drivers/STM32F3xx_HAL_Driver/Src/stm32f3xx_hal_pwr.c ****   CLEAR_BIT(SCB->SCR, ((uint32_t)SCB_SCR_SLEEPONEXIT_Msk));
 421              		.loc 1 415 0
 422 0000 024A     		ldr	r2, .L37
 423 0002 1369     		ldr	r3, [r2, #16]
 424 0004 23F00203 		bic	r3, r3, #2
 425 0008 1361     		str	r3, [r2, #16]
 416:Drivers/STM32F3xx_HAL_Driver/Src/stm32f3xx_hal_pwr.c **** }
 426              		.loc 1 416 0
 427 000a 7047     		bx	lr
 428              	.L38:
 429              		.align	2
 430              	.L37:
 431 000c 00ED00E0 		.word	-536810240
 432              		.cfi_endproc
 433              	.LFE132:
 435              		.section	.text.HAL_PWR_EnableSEVOnPend,"ax",%progbits
 436              		.align	1
 437              		.p2align 2,,3
 438              		.global	HAL_PWR_EnableSEVOnPend
 439              		.syntax unified
 440              		.thumb
 441              		.thumb_func
 442              		.fpu fpv4-sp-d16
 444              	HAL_PWR_EnableSEVOnPend:
 445              	.LFB133:
 417:Drivers/STM32F3xx_HAL_Driver/Src/stm32f3xx_hal_pwr.c **** 
 418:Drivers/STM32F3xx_HAL_Driver/Src/stm32f3xx_hal_pwr.c **** 
 419:Drivers/STM32F3xx_HAL_Driver/Src/stm32f3xx_hal_pwr.c **** 
 420:Drivers/STM32F3xx_HAL_Driver/Src/stm32f3xx_hal_pwr.c **** /**
 421:Drivers/STM32F3xx_HAL_Driver/Src/stm32f3xx_hal_pwr.c ****   * @brief Enables CORTEX M4 SEVONPEND bit. 
ARM GAS  /var/folders/v3/wysfpd052nz8jkbx04pk0ym80000gn/T//cchIyEo9.s 			page 16


 422:Drivers/STM32F3xx_HAL_Driver/Src/stm32f3xx_hal_pwr.c ****   * @note Sets SEVONPEND bit of SCR register. When this bit is set, this causes 
 423:Drivers/STM32F3xx_HAL_Driver/Src/stm32f3xx_hal_pwr.c ****   *       WFE to wake up when an interrupt moves from inactive to pended.
 424:Drivers/STM32F3xx_HAL_Driver/Src/stm32f3xx_hal_pwr.c ****   * @retval None
 425:Drivers/STM32F3xx_HAL_Driver/Src/stm32f3xx_hal_pwr.c ****   */
 426:Drivers/STM32F3xx_HAL_Driver/Src/stm32f3xx_hal_pwr.c **** void HAL_PWR_EnableSEVOnPend(void)
 427:Drivers/STM32F3xx_HAL_Driver/Src/stm32f3xx_hal_pwr.c **** {
 446              		.loc 1 427 0
 447              		.cfi_startproc
 448              		@ args = 0, pretend = 0, frame = 0
 449              		@ frame_needed = 0, uses_anonymous_args = 0
 450              		@ link register save eliminated.
 428:Drivers/STM32F3xx_HAL_Driver/Src/stm32f3xx_hal_pwr.c ****   /* Set SEVONPEND bit of Cortex System Control Register */
 429:Drivers/STM32F3xx_HAL_Driver/Src/stm32f3xx_hal_pwr.c ****   SET_BIT(SCB->SCR, ((uint32_t)SCB_SCR_SEVONPEND_Msk));
 451              		.loc 1 429 0
 452 0000 024A     		ldr	r2, .L40
 453 0002 1369     		ldr	r3, [r2, #16]
 454 0004 43F01003 		orr	r3, r3, #16
 455 0008 1361     		str	r3, [r2, #16]
 430:Drivers/STM32F3xx_HAL_Driver/Src/stm32f3xx_hal_pwr.c **** }
 456              		.loc 1 430 0
 457 000a 7047     		bx	lr
 458              	.L41:
 459              		.align	2
 460              	.L40:
 461 000c 00ED00E0 		.word	-536810240
 462              		.cfi_endproc
 463              	.LFE133:
 465              		.section	.text.HAL_PWR_DisableSEVOnPend,"ax",%progbits
 466              		.align	1
 467              		.p2align 2,,3
 468              		.global	HAL_PWR_DisableSEVOnPend
 469              		.syntax unified
 470              		.thumb
 471              		.thumb_func
 472              		.fpu fpv4-sp-d16
 474              	HAL_PWR_DisableSEVOnPend:
 475              	.LFB134:
 431:Drivers/STM32F3xx_HAL_Driver/Src/stm32f3xx_hal_pwr.c **** 
 432:Drivers/STM32F3xx_HAL_Driver/Src/stm32f3xx_hal_pwr.c **** 
 433:Drivers/STM32F3xx_HAL_Driver/Src/stm32f3xx_hal_pwr.c **** /**
 434:Drivers/STM32F3xx_HAL_Driver/Src/stm32f3xx_hal_pwr.c ****   * @brief Disables CORTEX M4 SEVONPEND bit. 
 435:Drivers/STM32F3xx_HAL_Driver/Src/stm32f3xx_hal_pwr.c ****   * @note Clears SEVONPEND bit of SCR register. When this bit is set, this causes 
 436:Drivers/STM32F3xx_HAL_Driver/Src/stm32f3xx_hal_pwr.c ****   *       WFE to wake up when an interrupt moves from inactive to pended.         
 437:Drivers/STM32F3xx_HAL_Driver/Src/stm32f3xx_hal_pwr.c ****   * @retval None
 438:Drivers/STM32F3xx_HAL_Driver/Src/stm32f3xx_hal_pwr.c ****   */
 439:Drivers/STM32F3xx_HAL_Driver/Src/stm32f3xx_hal_pwr.c **** void HAL_PWR_DisableSEVOnPend(void)
 440:Drivers/STM32F3xx_HAL_Driver/Src/stm32f3xx_hal_pwr.c **** {
 476              		.loc 1 440 0
 477              		.cfi_startproc
 478              		@ args = 0, pretend = 0, frame = 0
 479              		@ frame_needed = 0, uses_anonymous_args = 0
 480              		@ link register save eliminated.
 441:Drivers/STM32F3xx_HAL_Driver/Src/stm32f3xx_hal_pwr.c ****   /* Clear SEVONPEND bit of Cortex System Control Register */
 442:Drivers/STM32F3xx_HAL_Driver/Src/stm32f3xx_hal_pwr.c ****   CLEAR_BIT(SCB->SCR, ((uint32_t)SCB_SCR_SEVONPEND_Msk));
 481              		.loc 1 442 0
 482 0000 024A     		ldr	r2, .L43
 483 0002 1369     		ldr	r3, [r2, #16]
ARM GAS  /var/folders/v3/wysfpd052nz8jkbx04pk0ym80000gn/T//cchIyEo9.s 			page 17


 484 0004 23F01003 		bic	r3, r3, #16
 485 0008 1361     		str	r3, [r2, #16]
 443:Drivers/STM32F3xx_HAL_Driver/Src/stm32f3xx_hal_pwr.c **** }
 486              		.loc 1 443 0
 487 000a 7047     		bx	lr
 488              	.L44:
 489              		.align	2
 490              	.L43:
 491 000c 00ED00E0 		.word	-536810240
 492              		.cfi_endproc
 493              	.LFE134:
 495              		.text
 496              	.Letext0:
 497              		.file 2 "/usr/local/gcc-arm-none-eabi-7-2018-q2-update/arm-none-eabi/include/machine/_default_type
 498              		.file 3 "/usr/local/gcc-arm-none-eabi-7-2018-q2-update/arm-none-eabi/include/sys/_stdint.h"
 499              		.file 4 "Drivers/CMSIS/Include/core_cm4.h"
 500              		.file 5 "Drivers/CMSIS/Device/ST/STM32F3xx/Include/system_stm32f3xx.h"
 501              		.file 6 "Drivers/CMSIS/Device/ST/STM32F3xx/Include/stm32f303x8.h"
 502              		.file 7 "Drivers/STM32F3xx_HAL_Driver/Inc/stm32f3xx_hal.h"
ARM GAS  /var/folders/v3/wysfpd052nz8jkbx04pk0ym80000gn/T//cchIyEo9.s 			page 18


DEFINED SYMBOLS
                            *ABS*:0000000000000000 stm32f3xx_hal_pwr.c
/var/folders/v3/wysfpd052nz8jkbx04pk0ym80000gn/T//cchIyEo9.s:18     .text.HAL_PWR_DeInit:0000000000000000 $t
/var/folders/v3/wysfpd052nz8jkbx04pk0ym80000gn/T//cchIyEo9.s:26     .text.HAL_PWR_DeInit:0000000000000000 HAL_PWR_DeInit
/var/folders/v3/wysfpd052nz8jkbx04pk0ym80000gn/T//cchIyEo9.s:48     .text.HAL_PWR_DeInit:0000000000000014 $d
/var/folders/v3/wysfpd052nz8jkbx04pk0ym80000gn/T//cchIyEo9.s:53     .text.HAL_PWR_EnableBkUpAccess:0000000000000000 $t
/var/folders/v3/wysfpd052nz8jkbx04pk0ym80000gn/T//cchIyEo9.s:61     .text.HAL_PWR_EnableBkUpAccess:0000000000000000 HAL_PWR_EnableBkUpAccess
/var/folders/v3/wysfpd052nz8jkbx04pk0ym80000gn/T//cchIyEo9.s:78     .text.HAL_PWR_EnableBkUpAccess:000000000000000c $d
/var/folders/v3/wysfpd052nz8jkbx04pk0ym80000gn/T//cchIyEo9.s:83     .text.HAL_PWR_DisableBkUpAccess:0000000000000000 $t
/var/folders/v3/wysfpd052nz8jkbx04pk0ym80000gn/T//cchIyEo9.s:91     .text.HAL_PWR_DisableBkUpAccess:0000000000000000 HAL_PWR_DisableBkUpAccess
/var/folders/v3/wysfpd052nz8jkbx04pk0ym80000gn/T//cchIyEo9.s:108    .text.HAL_PWR_DisableBkUpAccess:000000000000000c $d
/var/folders/v3/wysfpd052nz8jkbx04pk0ym80000gn/T//cchIyEo9.s:113    .text.HAL_PWR_EnableWakeUpPin:0000000000000000 $t
/var/folders/v3/wysfpd052nz8jkbx04pk0ym80000gn/T//cchIyEo9.s:121    .text.HAL_PWR_EnableWakeUpPin:0000000000000000 HAL_PWR_EnableWakeUpPin
/var/folders/v3/wysfpd052nz8jkbx04pk0ym80000gn/T//cchIyEo9.s:140    .text.HAL_PWR_EnableWakeUpPin:000000000000000c $d
/var/folders/v3/wysfpd052nz8jkbx04pk0ym80000gn/T//cchIyEo9.s:145    .text.HAL_PWR_DisableWakeUpPin:0000000000000000 $t
/var/folders/v3/wysfpd052nz8jkbx04pk0ym80000gn/T//cchIyEo9.s:153    .text.HAL_PWR_DisableWakeUpPin:0000000000000000 HAL_PWR_DisableWakeUpPin
/var/folders/v3/wysfpd052nz8jkbx04pk0ym80000gn/T//cchIyEo9.s:172    .text.HAL_PWR_DisableWakeUpPin:000000000000000c $d
/var/folders/v3/wysfpd052nz8jkbx04pk0ym80000gn/T//cchIyEo9.s:177    .text.HAL_PWR_EnterSLEEPMode:0000000000000000 $t
/var/folders/v3/wysfpd052nz8jkbx04pk0ym80000gn/T//cchIyEo9.s:185    .text.HAL_PWR_EnterSLEEPMode:0000000000000000 HAL_PWR_EnterSLEEPMode
/var/folders/v3/wysfpd052nz8jkbx04pk0ym80000gn/T//cchIyEo9.s:232    .text.HAL_PWR_EnterSLEEPMode:000000000000001c $d
/var/folders/v3/wysfpd052nz8jkbx04pk0ym80000gn/T//cchIyEo9.s:237    .text.HAL_PWR_EnterSTOPMode:0000000000000000 $t
/var/folders/v3/wysfpd052nz8jkbx04pk0ym80000gn/T//cchIyEo9.s:245    .text.HAL_PWR_EnterSTOPMode:0000000000000000 HAL_PWR_EnterSTOPMode
/var/folders/v3/wysfpd052nz8jkbx04pk0ym80000gn/T//cchIyEo9.s:325    .text.HAL_PWR_EnterSTOPMode:0000000000000038 $d
/var/folders/v3/wysfpd052nz8jkbx04pk0ym80000gn/T//cchIyEo9.s:331    .text.HAL_PWR_EnterSTANDBYMode:0000000000000000 $t
/var/folders/v3/wysfpd052nz8jkbx04pk0ym80000gn/T//cchIyEo9.s:339    .text.HAL_PWR_EnterSTANDBYMode:0000000000000000 HAL_PWR_EnterSTANDBYMode
/var/folders/v3/wysfpd052nz8jkbx04pk0ym80000gn/T//cchIyEo9.s:370    .text.HAL_PWR_EnterSTANDBYMode:0000000000000018 $d
/var/folders/v3/wysfpd052nz8jkbx04pk0ym80000gn/T//cchIyEo9.s:376    .text.HAL_PWR_EnableSleepOnExit:0000000000000000 $t
/var/folders/v3/wysfpd052nz8jkbx04pk0ym80000gn/T//cchIyEo9.s:384    .text.HAL_PWR_EnableSleepOnExit:0000000000000000 HAL_PWR_EnableSleepOnExit
/var/folders/v3/wysfpd052nz8jkbx04pk0ym80000gn/T//cchIyEo9.s:401    .text.HAL_PWR_EnableSleepOnExit:000000000000000c $d
/var/folders/v3/wysfpd052nz8jkbx04pk0ym80000gn/T//cchIyEo9.s:406    .text.HAL_PWR_DisableSleepOnExit:0000000000000000 $t
/var/folders/v3/wysfpd052nz8jkbx04pk0ym80000gn/T//cchIyEo9.s:414    .text.HAL_PWR_DisableSleepOnExit:0000000000000000 HAL_PWR_DisableSleepOnExit
/var/folders/v3/wysfpd052nz8jkbx04pk0ym80000gn/T//cchIyEo9.s:431    .text.HAL_PWR_DisableSleepOnExit:000000000000000c $d
/var/folders/v3/wysfpd052nz8jkbx04pk0ym80000gn/T//cchIyEo9.s:436    .text.HAL_PWR_EnableSEVOnPend:0000000000000000 $t
/var/folders/v3/wysfpd052nz8jkbx04pk0ym80000gn/T//cchIyEo9.s:444    .text.HAL_PWR_EnableSEVOnPend:0000000000000000 HAL_PWR_EnableSEVOnPend
/var/folders/v3/wysfpd052nz8jkbx04pk0ym80000gn/T//cchIyEo9.s:461    .text.HAL_PWR_EnableSEVOnPend:000000000000000c $d
/var/folders/v3/wysfpd052nz8jkbx04pk0ym80000gn/T//cchIyEo9.s:466    .text.HAL_PWR_DisableSEVOnPend:0000000000000000 $t
/var/folders/v3/wysfpd052nz8jkbx04pk0ym80000gn/T//cchIyEo9.s:474    .text.HAL_PWR_DisableSEVOnPend:0000000000000000 HAL_PWR_DisableSEVOnPend
/var/folders/v3/wysfpd052nz8jkbx04pk0ym80000gn/T//cchIyEo9.s:491    .text.HAL_PWR_DisableSEVOnPend:000000000000000c $d

NO UNDEFINED SYMBOLS
