ARM GAS  /var/folders/v3/wysfpd052nz8jkbx04pk0ym80000gn/T//ccu1M4aw.s 			page 1


   1              		.cpu cortex-m4
   2              		.eabi_attribute 27, 1
   3              		.eabi_attribute 28, 1
   4              		.eabi_attribute 20, 1
   5              		.eabi_attribute 21, 1
   6              		.eabi_attribute 23, 3
   7              		.eabi_attribute 24, 1
   8              		.eabi_attribute 25, 1
   9              		.eabi_attribute 26, 1
  10              		.eabi_attribute 30, 2
  11              		.eabi_attribute 34, 1
  12              		.eabi_attribute 18, 4
  13              		.file	"stm32f3xx_hal.c"
  14              		.text
  15              	.Ltext0:
  16              		.cfi_sections	.debug_frame
  17              		.section	.text.HAL_MspInit,"ax",%progbits
  18              		.align	1
  19              		.p2align 2,,3
  20              		.weak	HAL_MspInit
  21              		.syntax unified
  22              		.thumb
  23              		.thumb_func
  24              		.fpu fpv4-sp-d16
  26              	HAL_MspInit:
  27              	.LFB125:
  28              		.file 1 "Drivers/STM32F3xx_HAL_Driver/Src/stm32f3xx_hal.c"
   1:Drivers/STM32F3xx_HAL_Driver/Src/stm32f3xx_hal.c **** /**
   2:Drivers/STM32F3xx_HAL_Driver/Src/stm32f3xx_hal.c ****   ******************************************************************************
   3:Drivers/STM32F3xx_HAL_Driver/Src/stm32f3xx_hal.c ****   * @file    stm32f3xx_hal.c
   4:Drivers/STM32F3xx_HAL_Driver/Src/stm32f3xx_hal.c ****   * @author  MCD Application Team
   5:Drivers/STM32F3xx_HAL_Driver/Src/stm32f3xx_hal.c ****   * @brief   HAL module driver.
   6:Drivers/STM32F3xx_HAL_Driver/Src/stm32f3xx_hal.c ****   *          This is the common part of the HAL initialization
   7:Drivers/STM32F3xx_HAL_Driver/Src/stm32f3xx_hal.c ****   *
   8:Drivers/STM32F3xx_HAL_Driver/Src/stm32f3xx_hal.c ****   @verbatim
   9:Drivers/STM32F3xx_HAL_Driver/Src/stm32f3xx_hal.c ****   ==============================================================================
  10:Drivers/STM32F3xx_HAL_Driver/Src/stm32f3xx_hal.c ****                      ##### How to use this driver #####
  11:Drivers/STM32F3xx_HAL_Driver/Src/stm32f3xx_hal.c ****   ==============================================================================
  12:Drivers/STM32F3xx_HAL_Driver/Src/stm32f3xx_hal.c ****     [..]
  13:Drivers/STM32F3xx_HAL_Driver/Src/stm32f3xx_hal.c ****     The common HAL driver contains a set of generic and common APIs that can be
  14:Drivers/STM32F3xx_HAL_Driver/Src/stm32f3xx_hal.c ****     used by the PPP peripheral drivers and the user to start using the HAL.
  15:Drivers/STM32F3xx_HAL_Driver/Src/stm32f3xx_hal.c ****     [..]
  16:Drivers/STM32F3xx_HAL_Driver/Src/stm32f3xx_hal.c ****     The HAL contains two APIs categories:
  17:Drivers/STM32F3xx_HAL_Driver/Src/stm32f3xx_hal.c ****          (+) HAL Initialization and de-initialization functions
  18:Drivers/STM32F3xx_HAL_Driver/Src/stm32f3xx_hal.c ****          (+) HAL Control functions
  19:Drivers/STM32F3xx_HAL_Driver/Src/stm32f3xx_hal.c **** 
  20:Drivers/STM32F3xx_HAL_Driver/Src/stm32f3xx_hal.c ****   @endverbatim
  21:Drivers/STM32F3xx_HAL_Driver/Src/stm32f3xx_hal.c ****   ******************************************************************************
  22:Drivers/STM32F3xx_HAL_Driver/Src/stm32f3xx_hal.c ****   * @attention
  23:Drivers/STM32F3xx_HAL_Driver/Src/stm32f3xx_hal.c ****   *
  24:Drivers/STM32F3xx_HAL_Driver/Src/stm32f3xx_hal.c ****   * <h2><center>&copy; Copyright (c) 2016 STMicroelectronics.
  25:Drivers/STM32F3xx_HAL_Driver/Src/stm32f3xx_hal.c ****   * All rights reserved.</center></h2>
  26:Drivers/STM32F3xx_HAL_Driver/Src/stm32f3xx_hal.c ****   *
  27:Drivers/STM32F3xx_HAL_Driver/Src/stm32f3xx_hal.c ****   * This software component is licensed by ST under BSD 3-Clause license,
  28:Drivers/STM32F3xx_HAL_Driver/Src/stm32f3xx_hal.c ****   * the "License"; You may not use this file except in compliance with the
  29:Drivers/STM32F3xx_HAL_Driver/Src/stm32f3xx_hal.c ****   * License. You may obtain a copy of the License at:
  30:Drivers/STM32F3xx_HAL_Driver/Src/stm32f3xx_hal.c ****   *                        opensource.org/licenses/BSD-3-Clause
ARM GAS  /var/folders/v3/wysfpd052nz8jkbx04pk0ym80000gn/T//ccu1M4aw.s 			page 2


  31:Drivers/STM32F3xx_HAL_Driver/Src/stm32f3xx_hal.c ****   *
  32:Drivers/STM32F3xx_HAL_Driver/Src/stm32f3xx_hal.c ****   ******************************************************************************
  33:Drivers/STM32F3xx_HAL_Driver/Src/stm32f3xx_hal.c ****   */
  34:Drivers/STM32F3xx_HAL_Driver/Src/stm32f3xx_hal.c **** 
  35:Drivers/STM32F3xx_HAL_Driver/Src/stm32f3xx_hal.c **** /* Includes ------------------------------------------------------------------*/
  36:Drivers/STM32F3xx_HAL_Driver/Src/stm32f3xx_hal.c **** #include "stm32f3xx_hal.h"
  37:Drivers/STM32F3xx_HAL_Driver/Src/stm32f3xx_hal.c **** 
  38:Drivers/STM32F3xx_HAL_Driver/Src/stm32f3xx_hal.c **** /** @addtogroup STM32F3xx_HAL_Driver
  39:Drivers/STM32F3xx_HAL_Driver/Src/stm32f3xx_hal.c ****   * @{
  40:Drivers/STM32F3xx_HAL_Driver/Src/stm32f3xx_hal.c ****   */
  41:Drivers/STM32F3xx_HAL_Driver/Src/stm32f3xx_hal.c **** 
  42:Drivers/STM32F3xx_HAL_Driver/Src/stm32f3xx_hal.c **** /** @defgroup HAL HAL
  43:Drivers/STM32F3xx_HAL_Driver/Src/stm32f3xx_hal.c ****   * @brief HAL module driver.
  44:Drivers/STM32F3xx_HAL_Driver/Src/stm32f3xx_hal.c ****   * @{
  45:Drivers/STM32F3xx_HAL_Driver/Src/stm32f3xx_hal.c ****   */
  46:Drivers/STM32F3xx_HAL_Driver/Src/stm32f3xx_hal.c **** 
  47:Drivers/STM32F3xx_HAL_Driver/Src/stm32f3xx_hal.c **** #ifdef HAL_MODULE_ENABLED
  48:Drivers/STM32F3xx_HAL_Driver/Src/stm32f3xx_hal.c **** 
  49:Drivers/STM32F3xx_HAL_Driver/Src/stm32f3xx_hal.c **** /* Private typedef -----------------------------------------------------------*/
  50:Drivers/STM32F3xx_HAL_Driver/Src/stm32f3xx_hal.c **** /* Private define ------------------------------------------------------------*/
  51:Drivers/STM32F3xx_HAL_Driver/Src/stm32f3xx_hal.c **** /** @defgroup HAL_Private Constants
  52:Drivers/STM32F3xx_HAL_Driver/Src/stm32f3xx_hal.c ****   * @{
  53:Drivers/STM32F3xx_HAL_Driver/Src/stm32f3xx_hal.c ****   */
  54:Drivers/STM32F3xx_HAL_Driver/Src/stm32f3xx_hal.c **** /**
  55:Drivers/STM32F3xx_HAL_Driver/Src/stm32f3xx_hal.c ****  * @brief STM32F3xx HAL Driver version number V1.5.3
  56:Drivers/STM32F3xx_HAL_Driver/Src/stm32f3xx_hal.c ****    */
  57:Drivers/STM32F3xx_HAL_Driver/Src/stm32f3xx_hal.c **** #define __STM32F3xx_HAL_VERSION_MAIN   (0x01U) /*!< [31:24] main version */
  58:Drivers/STM32F3xx_HAL_Driver/Src/stm32f3xx_hal.c **** #define __STM32F3xx_HAL_VERSION_SUB1   (0x05U) /*!< [23:16] sub1 version */
  59:Drivers/STM32F3xx_HAL_Driver/Src/stm32f3xx_hal.c **** #define __STM32F3xx_HAL_VERSION_SUB2   (0x03U) /*!< [15:8]  sub2 version */
  60:Drivers/STM32F3xx_HAL_Driver/Src/stm32f3xx_hal.c **** #define __STM32F3xx_HAL_VERSION_RC     (0x00U) /*!< [7:0]  release candidate */
  61:Drivers/STM32F3xx_HAL_Driver/Src/stm32f3xx_hal.c **** #define __STM32F3xx_HAL_VERSION         ((__STM32F3xx_HAL_VERSION_MAIN << 24U)\
  62:Drivers/STM32F3xx_HAL_Driver/Src/stm32f3xx_hal.c ****                                         |(__STM32F3xx_HAL_VERSION_SUB1 << 16U)\
  63:Drivers/STM32F3xx_HAL_Driver/Src/stm32f3xx_hal.c ****                                         |(__STM32F3xx_HAL_VERSION_SUB2 << 8U )\
  64:Drivers/STM32F3xx_HAL_Driver/Src/stm32f3xx_hal.c ****                                         |(__STM32F3xx_HAL_VERSION_RC))
  65:Drivers/STM32F3xx_HAL_Driver/Src/stm32f3xx_hal.c **** 
  66:Drivers/STM32F3xx_HAL_Driver/Src/stm32f3xx_hal.c **** #define IDCODE_DEVID_MASK    (0x00000FFFU)
  67:Drivers/STM32F3xx_HAL_Driver/Src/stm32f3xx_hal.c **** /**
  68:Drivers/STM32F3xx_HAL_Driver/Src/stm32f3xx_hal.c ****   * @}
  69:Drivers/STM32F3xx_HAL_Driver/Src/stm32f3xx_hal.c ****   */
  70:Drivers/STM32F3xx_HAL_Driver/Src/stm32f3xx_hal.c ****   
  71:Drivers/STM32F3xx_HAL_Driver/Src/stm32f3xx_hal.c **** /* Private macro -------------------------------------------------------------*/
  72:Drivers/STM32F3xx_HAL_Driver/Src/stm32f3xx_hal.c **** /* Exported variables --------------------------------------------------------*/
  73:Drivers/STM32F3xx_HAL_Driver/Src/stm32f3xx_hal.c **** /** @defgroup HAL_Exported_Variables HAL Exported Variables
  74:Drivers/STM32F3xx_HAL_Driver/Src/stm32f3xx_hal.c ****   * @{
  75:Drivers/STM32F3xx_HAL_Driver/Src/stm32f3xx_hal.c ****   */
  76:Drivers/STM32F3xx_HAL_Driver/Src/stm32f3xx_hal.c **** __IO uint32_t uwTick;
  77:Drivers/STM32F3xx_HAL_Driver/Src/stm32f3xx_hal.c **** uint32_t uwTickPrio   = (1UL << __NVIC_PRIO_BITS); /* Invalid PRIO */
  78:Drivers/STM32F3xx_HAL_Driver/Src/stm32f3xx_hal.c **** HAL_TickFreqTypeDef uwTickFreq = HAL_TICK_FREQ_DEFAULT;  /* 1KHz */
  79:Drivers/STM32F3xx_HAL_Driver/Src/stm32f3xx_hal.c **** /**
  80:Drivers/STM32F3xx_HAL_Driver/Src/stm32f3xx_hal.c ****   * @}
  81:Drivers/STM32F3xx_HAL_Driver/Src/stm32f3xx_hal.c ****   */
  82:Drivers/STM32F3xx_HAL_Driver/Src/stm32f3xx_hal.c **** /* Private function prototypes -----------------------------------------------*/
  83:Drivers/STM32F3xx_HAL_Driver/Src/stm32f3xx_hal.c **** /* Exported functions ---------------------------------------------------------*/
  84:Drivers/STM32F3xx_HAL_Driver/Src/stm32f3xx_hal.c **** 
  85:Drivers/STM32F3xx_HAL_Driver/Src/stm32f3xx_hal.c **** /** @defgroup HAL_Exported_Functions HAL Exported Functions
  86:Drivers/STM32F3xx_HAL_Driver/Src/stm32f3xx_hal.c ****   * @{
  87:Drivers/STM32F3xx_HAL_Driver/Src/stm32f3xx_hal.c ****   */
ARM GAS  /var/folders/v3/wysfpd052nz8jkbx04pk0ym80000gn/T//ccu1M4aw.s 			page 3


  88:Drivers/STM32F3xx_HAL_Driver/Src/stm32f3xx_hal.c **** 
  89:Drivers/STM32F3xx_HAL_Driver/Src/stm32f3xx_hal.c **** /** @defgroup HAL_Exported_Functions_Group1 Initialization and de-initialization Functions 
  90:Drivers/STM32F3xx_HAL_Driver/Src/stm32f3xx_hal.c ****  *  @brief    Initialization and de-initialization functions
  91:Drivers/STM32F3xx_HAL_Driver/Src/stm32f3xx_hal.c ****  *
  92:Drivers/STM32F3xx_HAL_Driver/Src/stm32f3xx_hal.c **** @verbatim
  93:Drivers/STM32F3xx_HAL_Driver/Src/stm32f3xx_hal.c ****  ===============================================================================
  94:Drivers/STM32F3xx_HAL_Driver/Src/stm32f3xx_hal.c ****               ##### Initialization and de-initialization functions #####
  95:Drivers/STM32F3xx_HAL_Driver/Src/stm32f3xx_hal.c ****  ===============================================================================
  96:Drivers/STM32F3xx_HAL_Driver/Src/stm32f3xx_hal.c ****     [..]  This section provides functions allowing to:
  97:Drivers/STM32F3xx_HAL_Driver/Src/stm32f3xx_hal.c ****       (+) Initializes the Flash interface, the NVIC allocation and initial clock 
  98:Drivers/STM32F3xx_HAL_Driver/Src/stm32f3xx_hal.c ****           configuration. It initializes the systick also when timeout is needed
  99:Drivers/STM32F3xx_HAL_Driver/Src/stm32f3xx_hal.c ****           and the backup domain when enabled.
 100:Drivers/STM32F3xx_HAL_Driver/Src/stm32f3xx_hal.c ****       (+) de-Initializes common part of the HAL.
 101:Drivers/STM32F3xx_HAL_Driver/Src/stm32f3xx_hal.c ****       (+) Configure The time base source to have 1ms time base with a dedicated 
 102:Drivers/STM32F3xx_HAL_Driver/Src/stm32f3xx_hal.c ****           Tick interrupt priority. 
 103:Drivers/STM32F3xx_HAL_Driver/Src/stm32f3xx_hal.c ****         (++) SysTick timer is used by default as source of time base, but user 
 104:Drivers/STM32F3xx_HAL_Driver/Src/stm32f3xx_hal.c ****              can eventually implement his proper time base source (a general purpose 
 105:Drivers/STM32F3xx_HAL_Driver/Src/stm32f3xx_hal.c ****              timer for example or other time source), keeping in mind that Time base 
 106:Drivers/STM32F3xx_HAL_Driver/Src/stm32f3xx_hal.c ****              duration should be kept 1ms since PPP_TIMEOUT_VALUEs are defined and 
 107:Drivers/STM32F3xx_HAL_Driver/Src/stm32f3xx_hal.c ****              handled in milliseconds basis.
 108:Drivers/STM32F3xx_HAL_Driver/Src/stm32f3xx_hal.c ****         (++) Time base configuration function (HAL_InitTick ()) is called automatically 
 109:Drivers/STM32F3xx_HAL_Driver/Src/stm32f3xx_hal.c ****              at the beginning of the program after reset by HAL_Init() or at any time 
 110:Drivers/STM32F3xx_HAL_Driver/Src/stm32f3xx_hal.c ****              when clock is configured, by HAL_RCC_ClockConfig(). 
 111:Drivers/STM32F3xx_HAL_Driver/Src/stm32f3xx_hal.c ****         (++) Source of time base is configured  to generate interrupts at regular 
 112:Drivers/STM32F3xx_HAL_Driver/Src/stm32f3xx_hal.c ****              time intervals. Care must be taken if HAL_Delay() is called from a 
 113:Drivers/STM32F3xx_HAL_Driver/Src/stm32f3xx_hal.c ****              peripheral ISR process, the Tick interrupt line must have higher priority 
 114:Drivers/STM32F3xx_HAL_Driver/Src/stm32f3xx_hal.c ****             (numerically lower) than the peripheral interrupt. Otherwise the caller 
 115:Drivers/STM32F3xx_HAL_Driver/Src/stm32f3xx_hal.c ****             ISR process will be blocked. 
 116:Drivers/STM32F3xx_HAL_Driver/Src/stm32f3xx_hal.c ****        (++) functions affecting time base configurations are declared as __Weak  
 117:Drivers/STM32F3xx_HAL_Driver/Src/stm32f3xx_hal.c ****              to make  override possible  in case of other  implementations in user file.
 118:Drivers/STM32F3xx_HAL_Driver/Src/stm32f3xx_hal.c **** 
 119:Drivers/STM32F3xx_HAL_Driver/Src/stm32f3xx_hal.c **** @endverbatim
 120:Drivers/STM32F3xx_HAL_Driver/Src/stm32f3xx_hal.c ****   * @{
 121:Drivers/STM32F3xx_HAL_Driver/Src/stm32f3xx_hal.c ****   */
 122:Drivers/STM32F3xx_HAL_Driver/Src/stm32f3xx_hal.c **** 
 123:Drivers/STM32F3xx_HAL_Driver/Src/stm32f3xx_hal.c **** /**
 124:Drivers/STM32F3xx_HAL_Driver/Src/stm32f3xx_hal.c ****   * @brief  This function configures the Flash prefetch, 
 125:Drivers/STM32F3xx_HAL_Driver/Src/stm32f3xx_hal.c ****   *         Configures time base source, NVIC and Low level hardware
 126:Drivers/STM32F3xx_HAL_Driver/Src/stm32f3xx_hal.c ****   * @note   This function is called at the beginning of program after reset and before 
 127:Drivers/STM32F3xx_HAL_Driver/Src/stm32f3xx_hal.c ****   *         the clock configuration
 128:Drivers/STM32F3xx_HAL_Driver/Src/stm32f3xx_hal.c ****   *             
 129:Drivers/STM32F3xx_HAL_Driver/Src/stm32f3xx_hal.c ****   * @note   The Systick configuration is based on HSI clock, as HSI is the clock
 130:Drivers/STM32F3xx_HAL_Driver/Src/stm32f3xx_hal.c ****   *         used after a system Reset and the NVIC configuration is set to Priority group 4 
 131:Drivers/STM32F3xx_HAL_Driver/Src/stm32f3xx_hal.c ****   *            
 132:Drivers/STM32F3xx_HAL_Driver/Src/stm32f3xx_hal.c ****   * @note   The time base configuration is based on MSI clock when exting from Reset.
 133:Drivers/STM32F3xx_HAL_Driver/Src/stm32f3xx_hal.c ****   *         Once done, time base tick start incrementing.
 134:Drivers/STM32F3xx_HAL_Driver/Src/stm32f3xx_hal.c ****   *         In the default implementation,Systick is used as source of time base.
 135:Drivers/STM32F3xx_HAL_Driver/Src/stm32f3xx_hal.c ****   *       The tick variable is incremented each 1ms in its ISR.
 136:Drivers/STM32F3xx_HAL_Driver/Src/stm32f3xx_hal.c ****   * @retval HAL status
 137:Drivers/STM32F3xx_HAL_Driver/Src/stm32f3xx_hal.c ****   */
 138:Drivers/STM32F3xx_HAL_Driver/Src/stm32f3xx_hal.c **** HAL_StatusTypeDef HAL_Init(void)
 139:Drivers/STM32F3xx_HAL_Driver/Src/stm32f3xx_hal.c **** {
 140:Drivers/STM32F3xx_HAL_Driver/Src/stm32f3xx_hal.c ****   /* Configure Flash prefetch */
 141:Drivers/STM32F3xx_HAL_Driver/Src/stm32f3xx_hal.c **** #if (PREFETCH_ENABLE != 0U)
 142:Drivers/STM32F3xx_HAL_Driver/Src/stm32f3xx_hal.c ****   __HAL_FLASH_PREFETCH_BUFFER_ENABLE();
 143:Drivers/STM32F3xx_HAL_Driver/Src/stm32f3xx_hal.c **** #endif /* PREFETCH_ENABLE */
 144:Drivers/STM32F3xx_HAL_Driver/Src/stm32f3xx_hal.c **** 
ARM GAS  /var/folders/v3/wysfpd052nz8jkbx04pk0ym80000gn/T//ccu1M4aw.s 			page 4


 145:Drivers/STM32F3xx_HAL_Driver/Src/stm32f3xx_hal.c ****   /* Set Interrupt Group Priority */
 146:Drivers/STM32F3xx_HAL_Driver/Src/stm32f3xx_hal.c ****   HAL_NVIC_SetPriorityGrouping(NVIC_PRIORITYGROUP_4);
 147:Drivers/STM32F3xx_HAL_Driver/Src/stm32f3xx_hal.c **** 
 148:Drivers/STM32F3xx_HAL_Driver/Src/stm32f3xx_hal.c ****   /* Enable systick and configure 1ms tick (default clock after Reset is HSI) */
 149:Drivers/STM32F3xx_HAL_Driver/Src/stm32f3xx_hal.c ****   HAL_InitTick(TICK_INT_PRIORITY);
 150:Drivers/STM32F3xx_HAL_Driver/Src/stm32f3xx_hal.c **** 
 151:Drivers/STM32F3xx_HAL_Driver/Src/stm32f3xx_hal.c ****   /* Init the low level hardware */
 152:Drivers/STM32F3xx_HAL_Driver/Src/stm32f3xx_hal.c ****   HAL_MspInit();
 153:Drivers/STM32F3xx_HAL_Driver/Src/stm32f3xx_hal.c **** 
 154:Drivers/STM32F3xx_HAL_Driver/Src/stm32f3xx_hal.c ****   /* Return function status */
 155:Drivers/STM32F3xx_HAL_Driver/Src/stm32f3xx_hal.c ****   return HAL_OK;
 156:Drivers/STM32F3xx_HAL_Driver/Src/stm32f3xx_hal.c **** }
 157:Drivers/STM32F3xx_HAL_Driver/Src/stm32f3xx_hal.c **** 
 158:Drivers/STM32F3xx_HAL_Driver/Src/stm32f3xx_hal.c **** /**
 159:Drivers/STM32F3xx_HAL_Driver/Src/stm32f3xx_hal.c ****   * @brief  This function de-Initializes common part of the HAL and stops the systick.
 160:Drivers/STM32F3xx_HAL_Driver/Src/stm32f3xx_hal.c ****   * @note This function is optional.
 161:Drivers/STM32F3xx_HAL_Driver/Src/stm32f3xx_hal.c ****   * @retval HAL status
 162:Drivers/STM32F3xx_HAL_Driver/Src/stm32f3xx_hal.c ****   */
 163:Drivers/STM32F3xx_HAL_Driver/Src/stm32f3xx_hal.c **** HAL_StatusTypeDef HAL_DeInit(void)
 164:Drivers/STM32F3xx_HAL_Driver/Src/stm32f3xx_hal.c **** {
 165:Drivers/STM32F3xx_HAL_Driver/Src/stm32f3xx_hal.c ****   /* Reset of all peripherals */
 166:Drivers/STM32F3xx_HAL_Driver/Src/stm32f3xx_hal.c ****   __HAL_RCC_APB1_FORCE_RESET();
 167:Drivers/STM32F3xx_HAL_Driver/Src/stm32f3xx_hal.c ****   __HAL_RCC_APB1_RELEASE_RESET();
 168:Drivers/STM32F3xx_HAL_Driver/Src/stm32f3xx_hal.c **** 
 169:Drivers/STM32F3xx_HAL_Driver/Src/stm32f3xx_hal.c ****   __HAL_RCC_APB2_FORCE_RESET();
 170:Drivers/STM32F3xx_HAL_Driver/Src/stm32f3xx_hal.c ****   __HAL_RCC_APB2_RELEASE_RESET();
 171:Drivers/STM32F3xx_HAL_Driver/Src/stm32f3xx_hal.c **** 
 172:Drivers/STM32F3xx_HAL_Driver/Src/stm32f3xx_hal.c ****   __HAL_RCC_AHB_FORCE_RESET();
 173:Drivers/STM32F3xx_HAL_Driver/Src/stm32f3xx_hal.c ****   __HAL_RCC_AHB_RELEASE_RESET();
 174:Drivers/STM32F3xx_HAL_Driver/Src/stm32f3xx_hal.c **** 
 175:Drivers/STM32F3xx_HAL_Driver/Src/stm32f3xx_hal.c ****   /* De-Init the low level hardware */
 176:Drivers/STM32F3xx_HAL_Driver/Src/stm32f3xx_hal.c ****   HAL_MspDeInit();
 177:Drivers/STM32F3xx_HAL_Driver/Src/stm32f3xx_hal.c **** 
 178:Drivers/STM32F3xx_HAL_Driver/Src/stm32f3xx_hal.c ****   /* Return function status */
 179:Drivers/STM32F3xx_HAL_Driver/Src/stm32f3xx_hal.c ****   return HAL_OK;
 180:Drivers/STM32F3xx_HAL_Driver/Src/stm32f3xx_hal.c **** }
 181:Drivers/STM32F3xx_HAL_Driver/Src/stm32f3xx_hal.c **** 
 182:Drivers/STM32F3xx_HAL_Driver/Src/stm32f3xx_hal.c **** /**
 183:Drivers/STM32F3xx_HAL_Driver/Src/stm32f3xx_hal.c ****   * @brief  Initialize the MSP.
 184:Drivers/STM32F3xx_HAL_Driver/Src/stm32f3xx_hal.c ****   * @retval None
 185:Drivers/STM32F3xx_HAL_Driver/Src/stm32f3xx_hal.c ****   */
 186:Drivers/STM32F3xx_HAL_Driver/Src/stm32f3xx_hal.c **** __weak void HAL_MspInit(void)
 187:Drivers/STM32F3xx_HAL_Driver/Src/stm32f3xx_hal.c **** {
  29              		.loc 1 187 0
  30              		.cfi_startproc
  31              		@ args = 0, pretend = 0, frame = 0
  32              		@ frame_needed = 0, uses_anonymous_args = 0
  33              		@ link register save eliminated.
 188:Drivers/STM32F3xx_HAL_Driver/Src/stm32f3xx_hal.c ****   /* NOTE : This function should not be modified, when the callback is needed,
 189:Drivers/STM32F3xx_HAL_Driver/Src/stm32f3xx_hal.c ****             the HAL_MspInit could be implemented in the user file
 190:Drivers/STM32F3xx_HAL_Driver/Src/stm32f3xx_hal.c ****    */
 191:Drivers/STM32F3xx_HAL_Driver/Src/stm32f3xx_hal.c **** }
  34              		.loc 1 191 0
  35 0000 7047     		bx	lr
  36              		.cfi_endproc
  37              	.LFE125:
  39 0002 00BF     		.section	.text.HAL_MspDeInit,"ax",%progbits
ARM GAS  /var/folders/v3/wysfpd052nz8jkbx04pk0ym80000gn/T//ccu1M4aw.s 			page 5


  40              		.align	1
  41              		.p2align 2,,3
  42              		.weak	HAL_MspDeInit
  43              		.syntax unified
  44              		.thumb
  45              		.thumb_func
  46              		.fpu fpv4-sp-d16
  48              	HAL_MspDeInit:
  49              	.LFB150:
  50              		.cfi_startproc
  51              		@ args = 0, pretend = 0, frame = 0
  52              		@ frame_needed = 0, uses_anonymous_args = 0
  53              		@ link register save eliminated.
  54 0000 7047     		bx	lr
  55              		.cfi_endproc
  56              	.LFE150:
  58 0002 00BF     		.section	.text.HAL_DeInit,"ax",%progbits
  59              		.align	1
  60              		.p2align 2,,3
  61              		.global	HAL_DeInit
  62              		.syntax unified
  63              		.thumb
  64              		.thumb_func
  65              		.fpu fpv4-sp-d16
  67              	HAL_DeInit:
  68              	.LFB124:
 164:Drivers/STM32F3xx_HAL_Driver/Src/stm32f3xx_hal.c ****   /* Reset of all peripherals */
  69              		.loc 1 164 0
  70              		.cfi_startproc
  71              		@ args = 0, pretend = 0, frame = 0
  72              		@ frame_needed = 0, uses_anonymous_args = 0
 164:Drivers/STM32F3xx_HAL_Driver/Src/stm32f3xx_hal.c ****   /* Reset of all peripherals */
  73              		.loc 1 164 0
  74 0000 10B5     		push	{r4, lr}
  75              	.LCFI0:
  76              		.cfi_def_cfa_offset 8
  77              		.cfi_offset 4, -8
  78              		.cfi_offset 14, -4
 166:Drivers/STM32F3xx_HAL_Driver/Src/stm32f3xx_hal.c ****   __HAL_RCC_APB1_RELEASE_RESET();
  79              		.loc 1 166 0
  80 0002 074B     		ldr	r3, .L6
  81 0004 4FF0FF32 		mov	r2, #-1
 167:Drivers/STM32F3xx_HAL_Driver/Src/stm32f3xx_hal.c **** 
  82              		.loc 1 167 0
  83 0008 0024     		movs	r4, #0
 166:Drivers/STM32F3xx_HAL_Driver/Src/stm32f3xx_hal.c ****   __HAL_RCC_APB1_RELEASE_RESET();
  84              		.loc 1 166 0
  85 000a 1A61     		str	r2, [r3, #16]
 167:Drivers/STM32F3xx_HAL_Driver/Src/stm32f3xx_hal.c **** 
  86              		.loc 1 167 0
  87 000c 1C61     		str	r4, [r3, #16]
 169:Drivers/STM32F3xx_HAL_Driver/Src/stm32f3xx_hal.c ****   __HAL_RCC_APB2_RELEASE_RESET();
  88              		.loc 1 169 0
  89 000e DA60     		str	r2, [r3, #12]
 170:Drivers/STM32F3xx_HAL_Driver/Src/stm32f3xx_hal.c **** 
  90              		.loc 1 170 0
  91 0010 DC60     		str	r4, [r3, #12]
ARM GAS  /var/folders/v3/wysfpd052nz8jkbx04pk0ym80000gn/T//ccu1M4aw.s 			page 6


 172:Drivers/STM32F3xx_HAL_Driver/Src/stm32f3xx_hal.c ****   __HAL_RCC_AHB_RELEASE_RESET();
  92              		.loc 1 172 0
  93 0012 9A62     		str	r2, [r3, #40]
 173:Drivers/STM32F3xx_HAL_Driver/Src/stm32f3xx_hal.c **** 
  94              		.loc 1 173 0
  95 0014 9C62     		str	r4, [r3, #40]
 176:Drivers/STM32F3xx_HAL_Driver/Src/stm32f3xx_hal.c **** 
  96              		.loc 1 176 0
  97 0016 FFF7FEFF 		bl	HAL_MspDeInit
  98              	.LVL0:
 180:Drivers/STM32F3xx_HAL_Driver/Src/stm32f3xx_hal.c **** 
  99              		.loc 1 180 0
 100 001a 2046     		mov	r0, r4
 101 001c 10BD     		pop	{r4, pc}
 102              	.L7:
 103 001e 00BF     		.align	2
 104              	.L6:
 105 0020 00100240 		.word	1073876992
 106              		.cfi_endproc
 107              	.LFE124:
 109              		.section	.text.HAL_InitTick,"ax",%progbits
 110              		.align	1
 111              		.p2align 2,,3
 112              		.weak	HAL_InitTick
 113              		.syntax unified
 114              		.thumb
 115              		.thumb_func
 116              		.fpu fpv4-sp-d16
 118              	HAL_InitTick:
 119              	.LFB127:
 192:Drivers/STM32F3xx_HAL_Driver/Src/stm32f3xx_hal.c **** 
 193:Drivers/STM32F3xx_HAL_Driver/Src/stm32f3xx_hal.c **** /**
 194:Drivers/STM32F3xx_HAL_Driver/Src/stm32f3xx_hal.c ****   * @brief  DeInitialize the MSP.
 195:Drivers/STM32F3xx_HAL_Driver/Src/stm32f3xx_hal.c ****   * @retval None
 196:Drivers/STM32F3xx_HAL_Driver/Src/stm32f3xx_hal.c ****   */
 197:Drivers/STM32F3xx_HAL_Driver/Src/stm32f3xx_hal.c **** __weak void HAL_MspDeInit(void)
 198:Drivers/STM32F3xx_HAL_Driver/Src/stm32f3xx_hal.c **** {
 199:Drivers/STM32F3xx_HAL_Driver/Src/stm32f3xx_hal.c ****   /* NOTE : This function should not be modified, when the callback is needed,
 200:Drivers/STM32F3xx_HAL_Driver/Src/stm32f3xx_hal.c ****             the HAL_MspDeInit could be implemented in the user file
 201:Drivers/STM32F3xx_HAL_Driver/Src/stm32f3xx_hal.c ****    */
 202:Drivers/STM32F3xx_HAL_Driver/Src/stm32f3xx_hal.c **** }
 203:Drivers/STM32F3xx_HAL_Driver/Src/stm32f3xx_hal.c **** 
 204:Drivers/STM32F3xx_HAL_Driver/Src/stm32f3xx_hal.c **** /**
 205:Drivers/STM32F3xx_HAL_Driver/Src/stm32f3xx_hal.c ****   * @brief  This function configures the source of the time base. 
 206:Drivers/STM32F3xx_HAL_Driver/Src/stm32f3xx_hal.c ****   *         The time source is configured  to have 1ms time base with a dedicated 
 207:Drivers/STM32F3xx_HAL_Driver/Src/stm32f3xx_hal.c ****   *         Tick interrupt priority. 
 208:Drivers/STM32F3xx_HAL_Driver/Src/stm32f3xx_hal.c ****   * @note   This function is called  automatically at the beginning of program after
 209:Drivers/STM32F3xx_HAL_Driver/Src/stm32f3xx_hal.c ****   *         reset by HAL_Init() or at any time when clock is reconfigured  by HAL_RCC_ClockConfig()
 210:Drivers/STM32F3xx_HAL_Driver/Src/stm32f3xx_hal.c ****   * @note   In the default implementation , SysTick timer is the source of time base. 
 211:Drivers/STM32F3xx_HAL_Driver/Src/stm32f3xx_hal.c ****   *         It is used to generate interrupts at regular time intervals. 
 212:Drivers/STM32F3xx_HAL_Driver/Src/stm32f3xx_hal.c ****   *         Care must be taken if HAL_Delay() is called from a peripheral ISR process, 
 213:Drivers/STM32F3xx_HAL_Driver/Src/stm32f3xx_hal.c ****   *         The SysTick interrupt must have higher priority (numerically lower) 
 214:Drivers/STM32F3xx_HAL_Driver/Src/stm32f3xx_hal.c ****   *         than the peripheral interrupt. Otherwise the caller ISR process will be blocked.
 215:Drivers/STM32F3xx_HAL_Driver/Src/stm32f3xx_hal.c ****   *         The function is declared as __Weak  to be overwritten  in case of other
 216:Drivers/STM32F3xx_HAL_Driver/Src/stm32f3xx_hal.c ****   *         implementation  in user file.
 217:Drivers/STM32F3xx_HAL_Driver/Src/stm32f3xx_hal.c ****   * @param TickPriority Tick interrupt priority.
 218:Drivers/STM32F3xx_HAL_Driver/Src/stm32f3xx_hal.c ****   * @retval HAL status
ARM GAS  /var/folders/v3/wysfpd052nz8jkbx04pk0ym80000gn/T//ccu1M4aw.s 			page 7


 219:Drivers/STM32F3xx_HAL_Driver/Src/stm32f3xx_hal.c ****   */
 220:Drivers/STM32F3xx_HAL_Driver/Src/stm32f3xx_hal.c **** __weak HAL_StatusTypeDef HAL_InitTick(uint32_t TickPriority)
 221:Drivers/STM32F3xx_HAL_Driver/Src/stm32f3xx_hal.c **** {
 120              		.loc 1 221 0
 121              		.cfi_startproc
 122              		@ args = 0, pretend = 0, frame = 0
 123              		@ frame_needed = 0, uses_anonymous_args = 0
 124              	.LVL1:
 125 0000 38B5     		push	{r3, r4, r5, lr}
 126              	.LCFI1:
 127              		.cfi_def_cfa_offset 16
 128              		.cfi_offset 3, -16
 129              		.cfi_offset 4, -12
 130              		.cfi_offset 5, -8
 131              		.cfi_offset 14, -4
 222:Drivers/STM32F3xx_HAL_Driver/Src/stm32f3xx_hal.c ****   /* Configure the SysTick to have interrupt in 1ms time basis*/
 223:Drivers/STM32F3xx_HAL_Driver/Src/stm32f3xx_hal.c ****   if (HAL_SYSTICK_Config(SystemCoreClock / (1000U / uwTickFreq)) > 0U)
 132              		.loc 1 223 0
 133 0002 0E4A     		ldr	r2, .L14
 134 0004 0E4B     		ldr	r3, .L14+4
 135 0006 1278     		ldrb	r2, [r2]	@ zero_extendqisi2
 136 0008 1B68     		ldr	r3, [r3]
 221:Drivers/STM32F3xx_HAL_Driver/Src/stm32f3xx_hal.c ****   /* Configure the SysTick to have interrupt in 1ms time basis*/
 137              		.loc 1 221 0
 138 000a 0546     		mov	r5, r0
 139              		.loc 1 223 0
 140 000c 4FF47A70 		mov	r0, #1000
 141              	.LVL2:
 142 0010 B0FBF2F0 		udiv	r0, r0, r2
 143 0014 B3FBF0F0 		udiv	r0, r3, r0
 144 0018 FFF7FEFF 		bl	HAL_SYSTICK_Config
 145              	.LVL3:
 146 001c 08B9     		cbnz	r0, .L11
 224:Drivers/STM32F3xx_HAL_Driver/Src/stm32f3xx_hal.c ****   {
 225:Drivers/STM32F3xx_HAL_Driver/Src/stm32f3xx_hal.c ****     return HAL_ERROR;
 226:Drivers/STM32F3xx_HAL_Driver/Src/stm32f3xx_hal.c ****   }
 227:Drivers/STM32F3xx_HAL_Driver/Src/stm32f3xx_hal.c **** 
 228:Drivers/STM32F3xx_HAL_Driver/Src/stm32f3xx_hal.c ****   /* Configure the SysTick IRQ priority */
 229:Drivers/STM32F3xx_HAL_Driver/Src/stm32f3xx_hal.c ****   if (TickPriority < (1UL << __NVIC_PRIO_BITS))
 147              		.loc 1 229 0
 148 001e 0F2D     		cmp	r5, #15
 149 0020 01D9     		bls	.L13
 150              	.L11:
 225:Drivers/STM32F3xx_HAL_Driver/Src/stm32f3xx_hal.c ****   }
 151              		.loc 1 225 0
 152 0022 0120     		movs	r0, #1
 230:Drivers/STM32F3xx_HAL_Driver/Src/stm32f3xx_hal.c ****   {
 231:Drivers/STM32F3xx_HAL_Driver/Src/stm32f3xx_hal.c ****     HAL_NVIC_SetPriority(SysTick_IRQn, TickPriority, 0U);
 232:Drivers/STM32F3xx_HAL_Driver/Src/stm32f3xx_hal.c ****     uwTickPrio = TickPriority;
 233:Drivers/STM32F3xx_HAL_Driver/Src/stm32f3xx_hal.c ****   }
 234:Drivers/STM32F3xx_HAL_Driver/Src/stm32f3xx_hal.c ****   else
 235:Drivers/STM32F3xx_HAL_Driver/Src/stm32f3xx_hal.c ****   {
 236:Drivers/STM32F3xx_HAL_Driver/Src/stm32f3xx_hal.c ****     return HAL_ERROR;
 237:Drivers/STM32F3xx_HAL_Driver/Src/stm32f3xx_hal.c ****   }
 238:Drivers/STM32F3xx_HAL_Driver/Src/stm32f3xx_hal.c ****    /* Return function status */
 239:Drivers/STM32F3xx_HAL_Driver/Src/stm32f3xx_hal.c ****   return HAL_OK;
 240:Drivers/STM32F3xx_HAL_Driver/Src/stm32f3xx_hal.c **** }
ARM GAS  /var/folders/v3/wysfpd052nz8jkbx04pk0ym80000gn/T//ccu1M4aw.s 			page 8


 153              		.loc 1 240 0
 154 0024 38BD     		pop	{r3, r4, r5, pc}
 155              	.LVL4:
 156              	.L13:
 157 0026 0446     		mov	r4, r0
 158              	.LVL5:
 159              	.LBB4:
 160              	.LBB5:
 231:Drivers/STM32F3xx_HAL_Driver/Src/stm32f3xx_hal.c ****     uwTickPrio = TickPriority;
 161              		.loc 1 231 0
 162 0028 0246     		mov	r2, r0
 163 002a 2946     		mov	r1, r5
 164 002c 4FF0FF30 		mov	r0, #-1
 165 0030 FFF7FEFF 		bl	HAL_NVIC_SetPriority
 166              	.LVL6:
 232:Drivers/STM32F3xx_HAL_Driver/Src/stm32f3xx_hal.c ****   }
 167              		.loc 1 232 0
 168 0034 034B     		ldr	r3, .L14+8
 169 0036 2046     		mov	r0, r4
 170 0038 1D60     		str	r5, [r3]
 171              	.LVL7:
 172              	.LBE5:
 173              	.LBE4:
 174              		.loc 1 240 0
 175 003a 38BD     		pop	{r3, r4, r5, pc}
 176              	.LVL8:
 177              	.L15:
 178              		.align	2
 179              	.L14:
 180 003c 00000000 		.word	.LANCHOR0
 181 0040 00000000 		.word	SystemCoreClock
 182 0044 00000000 		.word	.LANCHOR1
 183              		.cfi_endproc
 184              	.LFE127:
 186              		.section	.text.HAL_Init,"ax",%progbits
 187              		.align	1
 188              		.p2align 2,,3
 189              		.global	HAL_Init
 190              		.syntax unified
 191              		.thumb
 192              		.thumb_func
 193              		.fpu fpv4-sp-d16
 195              	HAL_Init:
 196              	.LFB123:
 139:Drivers/STM32F3xx_HAL_Driver/Src/stm32f3xx_hal.c ****   /* Configure Flash prefetch */
 197              		.loc 1 139 0
 198              		.cfi_startproc
 199              		@ args = 0, pretend = 0, frame = 0
 200              		@ frame_needed = 0, uses_anonymous_args = 0
 142:Drivers/STM32F3xx_HAL_Driver/Src/stm32f3xx_hal.c **** #endif /* PREFETCH_ENABLE */
 201              		.loc 1 142 0
 202 0000 074A     		ldr	r2, .L18
 139:Drivers/STM32F3xx_HAL_Driver/Src/stm32f3xx_hal.c ****   /* Configure Flash prefetch */
 203              		.loc 1 139 0
 204 0002 08B5     		push	{r3, lr}
 205              	.LCFI2:
 206              		.cfi_def_cfa_offset 8
ARM GAS  /var/folders/v3/wysfpd052nz8jkbx04pk0ym80000gn/T//ccu1M4aw.s 			page 9


 207              		.cfi_offset 3, -8
 208              		.cfi_offset 14, -4
 142:Drivers/STM32F3xx_HAL_Driver/Src/stm32f3xx_hal.c **** #endif /* PREFETCH_ENABLE */
 209              		.loc 1 142 0
 210 0004 1368     		ldr	r3, [r2]
 211 0006 43F01003 		orr	r3, r3, #16
 212 000a 1360     		str	r3, [r2]
 146:Drivers/STM32F3xx_HAL_Driver/Src/stm32f3xx_hal.c **** 
 213              		.loc 1 146 0
 214 000c 0320     		movs	r0, #3
 215 000e FFF7FEFF 		bl	HAL_NVIC_SetPriorityGrouping
 216              	.LVL9:
 149:Drivers/STM32F3xx_HAL_Driver/Src/stm32f3xx_hal.c **** 
 217              		.loc 1 149 0
 218 0012 0020     		movs	r0, #0
 219 0014 FFF7FEFF 		bl	HAL_InitTick
 220              	.LVL10:
 152:Drivers/STM32F3xx_HAL_Driver/Src/stm32f3xx_hal.c **** 
 221              		.loc 1 152 0
 222 0018 FFF7FEFF 		bl	HAL_MspInit
 223              	.LVL11:
 156:Drivers/STM32F3xx_HAL_Driver/Src/stm32f3xx_hal.c **** 
 224              		.loc 1 156 0
 225 001c 0020     		movs	r0, #0
 226 001e 08BD     		pop	{r3, pc}
 227              	.L19:
 228              		.align	2
 229              	.L18:
 230 0020 00200240 		.word	1073881088
 231              		.cfi_endproc
 232              	.LFE123:
 234              		.section	.text.HAL_IncTick,"ax",%progbits
 235              		.align	1
 236              		.p2align 2,,3
 237              		.weak	HAL_IncTick
 238              		.syntax unified
 239              		.thumb
 240              		.thumb_func
 241              		.fpu fpv4-sp-d16
 243              	HAL_IncTick:
 244              	.LFB128:
 241:Drivers/STM32F3xx_HAL_Driver/Src/stm32f3xx_hal.c **** 
 242:Drivers/STM32F3xx_HAL_Driver/Src/stm32f3xx_hal.c **** /**
 243:Drivers/STM32F3xx_HAL_Driver/Src/stm32f3xx_hal.c ****   * @}
 244:Drivers/STM32F3xx_HAL_Driver/Src/stm32f3xx_hal.c ****   */
 245:Drivers/STM32F3xx_HAL_Driver/Src/stm32f3xx_hal.c **** 
 246:Drivers/STM32F3xx_HAL_Driver/Src/stm32f3xx_hal.c **** /** @defgroup HAL_Exported_Functions_Group2 HAL Control functions 
 247:Drivers/STM32F3xx_HAL_Driver/Src/stm32f3xx_hal.c ****  *  @brief    HAL Control functions
 248:Drivers/STM32F3xx_HAL_Driver/Src/stm32f3xx_hal.c ****  *
 249:Drivers/STM32F3xx_HAL_Driver/Src/stm32f3xx_hal.c **** @verbatim
 250:Drivers/STM32F3xx_HAL_Driver/Src/stm32f3xx_hal.c ****  ===============================================================================
 251:Drivers/STM32F3xx_HAL_Driver/Src/stm32f3xx_hal.c ****                       ##### HAL Control functions #####
 252:Drivers/STM32F3xx_HAL_Driver/Src/stm32f3xx_hal.c ****  ===============================================================================
 253:Drivers/STM32F3xx_HAL_Driver/Src/stm32f3xx_hal.c ****     [..]  This section provides functions allowing to:
 254:Drivers/STM32F3xx_HAL_Driver/Src/stm32f3xx_hal.c ****       (+) Provide a tick value in millisecond
 255:Drivers/STM32F3xx_HAL_Driver/Src/stm32f3xx_hal.c ****       (+) Provide a blocking delay in millisecond
 256:Drivers/STM32F3xx_HAL_Driver/Src/stm32f3xx_hal.c ****       (+) Suspend the time base source interrupt
ARM GAS  /var/folders/v3/wysfpd052nz8jkbx04pk0ym80000gn/T//ccu1M4aw.s 			page 10


 257:Drivers/STM32F3xx_HAL_Driver/Src/stm32f3xx_hal.c ****       (+) Resume the time base source interrupt
 258:Drivers/STM32F3xx_HAL_Driver/Src/stm32f3xx_hal.c ****       (+) Get the HAL API driver version
 259:Drivers/STM32F3xx_HAL_Driver/Src/stm32f3xx_hal.c ****       (+) Get the device identifier
 260:Drivers/STM32F3xx_HAL_Driver/Src/stm32f3xx_hal.c ****       (+) Get the device revision identifier
 261:Drivers/STM32F3xx_HAL_Driver/Src/stm32f3xx_hal.c ****       (+) Enable/Disable Debug module during Sleep mode
 262:Drivers/STM32F3xx_HAL_Driver/Src/stm32f3xx_hal.c ****       (+) Enable/Disable Debug module during STOP mode
 263:Drivers/STM32F3xx_HAL_Driver/Src/stm32f3xx_hal.c ****       (+) Enable/Disable Debug module during STANDBY mode
 264:Drivers/STM32F3xx_HAL_Driver/Src/stm32f3xx_hal.c ****       
 265:Drivers/STM32F3xx_HAL_Driver/Src/stm32f3xx_hal.c **** @endverbatim
 266:Drivers/STM32F3xx_HAL_Driver/Src/stm32f3xx_hal.c ****   * @{
 267:Drivers/STM32F3xx_HAL_Driver/Src/stm32f3xx_hal.c ****   */
 268:Drivers/STM32F3xx_HAL_Driver/Src/stm32f3xx_hal.c **** 
 269:Drivers/STM32F3xx_HAL_Driver/Src/stm32f3xx_hal.c **** /**
 270:Drivers/STM32F3xx_HAL_Driver/Src/stm32f3xx_hal.c ****   * @brief  This function is called to increment  a global variable "uwTick"
 271:Drivers/STM32F3xx_HAL_Driver/Src/stm32f3xx_hal.c ****   *         used as application time base.
 272:Drivers/STM32F3xx_HAL_Driver/Src/stm32f3xx_hal.c ****   * @note In the default implementation, this variable is incremented each 1ms
 273:Drivers/STM32F3xx_HAL_Driver/Src/stm32f3xx_hal.c ****   *         in SysTick ISR.
 274:Drivers/STM32F3xx_HAL_Driver/Src/stm32f3xx_hal.c ****   * @note This function is declared as __weak to be overwritten in case of other 
 275:Drivers/STM32F3xx_HAL_Driver/Src/stm32f3xx_hal.c ****   *         implementations  in user file.
 276:Drivers/STM32F3xx_HAL_Driver/Src/stm32f3xx_hal.c ****   * @retval None
 277:Drivers/STM32F3xx_HAL_Driver/Src/stm32f3xx_hal.c ****   */
 278:Drivers/STM32F3xx_HAL_Driver/Src/stm32f3xx_hal.c **** __weak void HAL_IncTick(void)
 279:Drivers/STM32F3xx_HAL_Driver/Src/stm32f3xx_hal.c **** {
 245              		.loc 1 279 0
 246              		.cfi_startproc
 247              		@ args = 0, pretend = 0, frame = 0
 248              		@ frame_needed = 0, uses_anonymous_args = 0
 249              		@ link register save eliminated.
 280:Drivers/STM32F3xx_HAL_Driver/Src/stm32f3xx_hal.c ****   uwTick += uwTickFreq;
 250              		.loc 1 280 0
 251 0000 034A     		ldr	r2, .L21
 252 0002 044B     		ldr	r3, .L21+4
 253 0004 1168     		ldr	r1, [r2]
 254 0006 1B78     		ldrb	r3, [r3]	@ zero_extendqisi2
 255 0008 0B44     		add	r3, r3, r1
 256 000a 1360     		str	r3, [r2]
 281:Drivers/STM32F3xx_HAL_Driver/Src/stm32f3xx_hal.c **** }
 257              		.loc 1 281 0
 258 000c 7047     		bx	lr
 259              	.L22:
 260 000e 00BF     		.align	2
 261              	.L21:
 262 0010 00000000 		.word	uwTick
 263 0014 00000000 		.word	.LANCHOR0
 264              		.cfi_endproc
 265              	.LFE128:
 267              		.section	.text.HAL_GetTick,"ax",%progbits
 268              		.align	1
 269              		.p2align 2,,3
 270              		.weak	HAL_GetTick
 271              		.syntax unified
 272              		.thumb
 273              		.thumb_func
 274              		.fpu fpv4-sp-d16
 276              	HAL_GetTick:
 277              	.LFB129:
 282:Drivers/STM32F3xx_HAL_Driver/Src/stm32f3xx_hal.c **** 
ARM GAS  /var/folders/v3/wysfpd052nz8jkbx04pk0ym80000gn/T//ccu1M4aw.s 			page 11


 283:Drivers/STM32F3xx_HAL_Driver/Src/stm32f3xx_hal.c **** /**
 284:Drivers/STM32F3xx_HAL_Driver/Src/stm32f3xx_hal.c ****   * @brief  Povides a tick value in millisecond.
 285:Drivers/STM32F3xx_HAL_Driver/Src/stm32f3xx_hal.c ****   * @note   The function is declared as __Weak  to be overwritten  in case of other 
 286:Drivers/STM32F3xx_HAL_Driver/Src/stm32f3xx_hal.c ****   *         implementations  in user file.
 287:Drivers/STM32F3xx_HAL_Driver/Src/stm32f3xx_hal.c ****   * @retval tick value
 288:Drivers/STM32F3xx_HAL_Driver/Src/stm32f3xx_hal.c ****   */
 289:Drivers/STM32F3xx_HAL_Driver/Src/stm32f3xx_hal.c **** __weak uint32_t HAL_GetTick(void)
 290:Drivers/STM32F3xx_HAL_Driver/Src/stm32f3xx_hal.c **** {
 278              		.loc 1 290 0
 279              		.cfi_startproc
 280              		@ args = 0, pretend = 0, frame = 0
 281              		@ frame_needed = 0, uses_anonymous_args = 0
 282              		@ link register save eliminated.
 291:Drivers/STM32F3xx_HAL_Driver/Src/stm32f3xx_hal.c ****   return uwTick;  
 283              		.loc 1 291 0
 284 0000 014B     		ldr	r3, .L24
 285 0002 1868     		ldr	r0, [r3]
 292:Drivers/STM32F3xx_HAL_Driver/Src/stm32f3xx_hal.c **** }
 286              		.loc 1 292 0
 287 0004 7047     		bx	lr
 288              	.L25:
 289 0006 00BF     		.align	2
 290              	.L24:
 291 0008 00000000 		.word	uwTick
 292              		.cfi_endproc
 293              	.LFE129:
 295              		.section	.text.HAL_GetTickPrio,"ax",%progbits
 296              		.align	1
 297              		.p2align 2,,3
 298              		.global	HAL_GetTickPrio
 299              		.syntax unified
 300              		.thumb
 301              		.thumb_func
 302              		.fpu fpv4-sp-d16
 304              	HAL_GetTickPrio:
 305              	.LFB130:
 293:Drivers/STM32F3xx_HAL_Driver/Src/stm32f3xx_hal.c **** 
 294:Drivers/STM32F3xx_HAL_Driver/Src/stm32f3xx_hal.c **** /**
 295:Drivers/STM32F3xx_HAL_Driver/Src/stm32f3xx_hal.c ****   * @brief This function returns a tick priority.
 296:Drivers/STM32F3xx_HAL_Driver/Src/stm32f3xx_hal.c ****   * @retval tick priority
 297:Drivers/STM32F3xx_HAL_Driver/Src/stm32f3xx_hal.c ****   */
 298:Drivers/STM32F3xx_HAL_Driver/Src/stm32f3xx_hal.c **** uint32_t HAL_GetTickPrio(void)
 299:Drivers/STM32F3xx_HAL_Driver/Src/stm32f3xx_hal.c **** {
 306              		.loc 1 299 0
 307              		.cfi_startproc
 308              		@ args = 0, pretend = 0, frame = 0
 309              		@ frame_needed = 0, uses_anonymous_args = 0
 310              		@ link register save eliminated.
 300:Drivers/STM32F3xx_HAL_Driver/Src/stm32f3xx_hal.c ****   return uwTickPrio;
 311              		.loc 1 300 0
 312 0000 014B     		ldr	r3, .L27
 301:Drivers/STM32F3xx_HAL_Driver/Src/stm32f3xx_hal.c **** }
 313              		.loc 1 301 0
 314 0002 1868     		ldr	r0, [r3]
 315 0004 7047     		bx	lr
 316              	.L28:
 317 0006 00BF     		.align	2
ARM GAS  /var/folders/v3/wysfpd052nz8jkbx04pk0ym80000gn/T//ccu1M4aw.s 			page 12


 318              	.L27:
 319 0008 00000000 		.word	.LANCHOR1
 320              		.cfi_endproc
 321              	.LFE130:
 323              		.section	.text.HAL_SetTickFreq,"ax",%progbits
 324              		.align	1
 325              		.p2align 2,,3
 326              		.global	HAL_SetTickFreq
 327              		.syntax unified
 328              		.thumb
 329              		.thumb_func
 330              		.fpu fpv4-sp-d16
 332              	HAL_SetTickFreq:
 333              	.LFB131:
 302:Drivers/STM32F3xx_HAL_Driver/Src/stm32f3xx_hal.c **** 
 303:Drivers/STM32F3xx_HAL_Driver/Src/stm32f3xx_hal.c **** /**
 304:Drivers/STM32F3xx_HAL_Driver/Src/stm32f3xx_hal.c ****   * @brief Set new tick Freq.
 305:Drivers/STM32F3xx_HAL_Driver/Src/stm32f3xx_hal.c ****   * @retval status
 306:Drivers/STM32F3xx_HAL_Driver/Src/stm32f3xx_hal.c ****   */
 307:Drivers/STM32F3xx_HAL_Driver/Src/stm32f3xx_hal.c **** HAL_StatusTypeDef HAL_SetTickFreq(HAL_TickFreqTypeDef Freq)
 308:Drivers/STM32F3xx_HAL_Driver/Src/stm32f3xx_hal.c **** {
 334              		.loc 1 308 0
 335              		.cfi_startproc
 336              		@ args = 0, pretend = 0, frame = 0
 337              		@ frame_needed = 0, uses_anonymous_args = 0
 338              	.LVL12:
 339 0000 38B5     		push	{r3, r4, r5, lr}
 340              	.LCFI3:
 341              		.cfi_def_cfa_offset 16
 342              		.cfi_offset 3, -16
 343              		.cfi_offset 4, -12
 344              		.cfi_offset 5, -8
 345              		.cfi_offset 14, -4
 309:Drivers/STM32F3xx_HAL_Driver/Src/stm32f3xx_hal.c ****   HAL_StatusTypeDef status  = HAL_OK;
 310:Drivers/STM32F3xx_HAL_Driver/Src/stm32f3xx_hal.c ****   HAL_TickFreqTypeDef prevTickFreq;
 311:Drivers/STM32F3xx_HAL_Driver/Src/stm32f3xx_hal.c **** 
 312:Drivers/STM32F3xx_HAL_Driver/Src/stm32f3xx_hal.c ****   assert_param(IS_TICKFREQ(Freq));
 313:Drivers/STM32F3xx_HAL_Driver/Src/stm32f3xx_hal.c **** 
 314:Drivers/STM32F3xx_HAL_Driver/Src/stm32f3xx_hal.c ****   if (uwTickFreq != Freq)
 346              		.loc 1 314 0
 347 0002 074C     		ldr	r4, .L36
 348 0004 2578     		ldrb	r5, [r4]	@ zero_extendqisi2
 349 0006 8542     		cmp	r5, r0
 350 0008 07D0     		beq	.L31
 351              	.LVL13:
 315:Drivers/STM32F3xx_HAL_Driver/Src/stm32f3xx_hal.c ****   {
 316:Drivers/STM32F3xx_HAL_Driver/Src/stm32f3xx_hal.c ****     /* Back up uwTickFreq frequency */
 317:Drivers/STM32F3xx_HAL_Driver/Src/stm32f3xx_hal.c ****     prevTickFreq = uwTickFreq;
 318:Drivers/STM32F3xx_HAL_Driver/Src/stm32f3xx_hal.c **** 
 319:Drivers/STM32F3xx_HAL_Driver/Src/stm32f3xx_hal.c ****     /* Update uwTickFreq global variable used by HAL_InitTick() */
 320:Drivers/STM32F3xx_HAL_Driver/Src/stm32f3xx_hal.c ****     uwTickFreq = Freq;
 321:Drivers/STM32F3xx_HAL_Driver/Src/stm32f3xx_hal.c **** 
 322:Drivers/STM32F3xx_HAL_Driver/Src/stm32f3xx_hal.c ****     /* Apply the new tick Freq */
 323:Drivers/STM32F3xx_HAL_Driver/Src/stm32f3xx_hal.c ****     status = HAL_InitTick(uwTickPrio);
 352              		.loc 1 323 0
 353 000a 064B     		ldr	r3, .L36+4
 320:Drivers/STM32F3xx_HAL_Driver/Src/stm32f3xx_hal.c **** 
ARM GAS  /var/folders/v3/wysfpd052nz8jkbx04pk0ym80000gn/T//ccu1M4aw.s 			page 13


 354              		.loc 1 320 0
 355 000c 2070     		strb	r0, [r4]
 356              		.loc 1 323 0
 357 000e 1868     		ldr	r0, [r3]
 358              	.LVL14:
 359 0010 FFF7FEFF 		bl	HAL_InitTick
 360              	.LVL15:
 324:Drivers/STM32F3xx_HAL_Driver/Src/stm32f3xx_hal.c **** 
 325:Drivers/STM32F3xx_HAL_Driver/Src/stm32f3xx_hal.c ****     if (status != HAL_OK)
 361              		.loc 1 325 0
 362 0014 00B1     		cbz	r0, .L30
 326:Drivers/STM32F3xx_HAL_Driver/Src/stm32f3xx_hal.c ****     {
 327:Drivers/STM32F3xx_HAL_Driver/Src/stm32f3xx_hal.c ****       /* Restore previous tick frequency */
 328:Drivers/STM32F3xx_HAL_Driver/Src/stm32f3xx_hal.c ****       uwTickFreq = prevTickFreq;
 363              		.loc 1 328 0
 364 0016 2570     		strb	r5, [r4]
 365              	.L30:
 329:Drivers/STM32F3xx_HAL_Driver/Src/stm32f3xx_hal.c ****     }
 330:Drivers/STM32F3xx_HAL_Driver/Src/stm32f3xx_hal.c ****   }
 331:Drivers/STM32F3xx_HAL_Driver/Src/stm32f3xx_hal.c **** 
 332:Drivers/STM32F3xx_HAL_Driver/Src/stm32f3xx_hal.c ****   return status;
 333:Drivers/STM32F3xx_HAL_Driver/Src/stm32f3xx_hal.c **** }
 366              		.loc 1 333 0
 367 0018 38BD     		pop	{r3, r4, r5, pc}
 368              	.LVL16:
 369              	.L31:
 309:Drivers/STM32F3xx_HAL_Driver/Src/stm32f3xx_hal.c ****   HAL_TickFreqTypeDef prevTickFreq;
 370              		.loc 1 309 0
 371 001a 0020     		movs	r0, #0
 372              	.LVL17:
 373              		.loc 1 333 0
 374 001c 38BD     		pop	{r3, r4, r5, pc}
 375              	.L37:
 376 001e 00BF     		.align	2
 377              	.L36:
 378 0020 00000000 		.word	.LANCHOR0
 379 0024 00000000 		.word	.LANCHOR1
 380              		.cfi_endproc
 381              	.LFE131:
 383              		.section	.text.HAL_GetTickFreq,"ax",%progbits
 384              		.align	1
 385              		.p2align 2,,3
 386              		.global	HAL_GetTickFreq
 387              		.syntax unified
 388              		.thumb
 389              		.thumb_func
 390              		.fpu fpv4-sp-d16
 392              	HAL_GetTickFreq:
 393              	.LFB132:
 334:Drivers/STM32F3xx_HAL_Driver/Src/stm32f3xx_hal.c **** 
 335:Drivers/STM32F3xx_HAL_Driver/Src/stm32f3xx_hal.c **** /**
 336:Drivers/STM32F3xx_HAL_Driver/Src/stm32f3xx_hal.c ****   * @brief Return tick frequency.
 337:Drivers/STM32F3xx_HAL_Driver/Src/stm32f3xx_hal.c ****   * @retval tick period in Hz
 338:Drivers/STM32F3xx_HAL_Driver/Src/stm32f3xx_hal.c ****   */
 339:Drivers/STM32F3xx_HAL_Driver/Src/stm32f3xx_hal.c **** HAL_TickFreqTypeDef HAL_GetTickFreq(void)
 340:Drivers/STM32F3xx_HAL_Driver/Src/stm32f3xx_hal.c **** {
 394              		.loc 1 340 0
ARM GAS  /var/folders/v3/wysfpd052nz8jkbx04pk0ym80000gn/T//ccu1M4aw.s 			page 14


 395              		.cfi_startproc
 396              		@ args = 0, pretend = 0, frame = 0
 397              		@ frame_needed = 0, uses_anonymous_args = 0
 398              		@ link register save eliminated.
 341:Drivers/STM32F3xx_HAL_Driver/Src/stm32f3xx_hal.c ****   return uwTickFreq;
 399              		.loc 1 341 0
 400 0000 014B     		ldr	r3, .L39
 342:Drivers/STM32F3xx_HAL_Driver/Src/stm32f3xx_hal.c **** }
 401              		.loc 1 342 0
 402 0002 1878     		ldrb	r0, [r3]	@ zero_extendqisi2
 403 0004 7047     		bx	lr
 404              	.L40:
 405 0006 00BF     		.align	2
 406              	.L39:
 407 0008 00000000 		.word	.LANCHOR0
 408              		.cfi_endproc
 409              	.LFE132:
 411              		.section	.text.HAL_Delay,"ax",%progbits
 412              		.align	1
 413              		.p2align 2,,3
 414              		.weak	HAL_Delay
 415              		.syntax unified
 416              		.thumb
 417              		.thumb_func
 418              		.fpu fpv4-sp-d16
 420              	HAL_Delay:
 421              	.LFB133:
 343:Drivers/STM32F3xx_HAL_Driver/Src/stm32f3xx_hal.c **** 
 344:Drivers/STM32F3xx_HAL_Driver/Src/stm32f3xx_hal.c **** /**
 345:Drivers/STM32F3xx_HAL_Driver/Src/stm32f3xx_hal.c ****   * @brief  This function provides accurate delay (in milliseconds) based 
 346:Drivers/STM32F3xx_HAL_Driver/Src/stm32f3xx_hal.c ****   *         on variable incremented.
 347:Drivers/STM32F3xx_HAL_Driver/Src/stm32f3xx_hal.c ****   * @note   In the default implementation , SysTick timer is the source of time base. 
 348:Drivers/STM32F3xx_HAL_Driver/Src/stm32f3xx_hal.c ****   *         It is used to generate interrupts at regular time intervals where uwTick
 349:Drivers/STM32F3xx_HAL_Driver/Src/stm32f3xx_hal.c ****   *         is incremented.
 350:Drivers/STM32F3xx_HAL_Driver/Src/stm32f3xx_hal.c ****   *         The function is declared as __Weak  to be overwritten  in case of other
 351:Drivers/STM32F3xx_HAL_Driver/Src/stm32f3xx_hal.c ****   *         implementations  in user file.
 352:Drivers/STM32F3xx_HAL_Driver/Src/stm32f3xx_hal.c ****   * @param  Delay specifies the delay time length, in milliseconds.
 353:Drivers/STM32F3xx_HAL_Driver/Src/stm32f3xx_hal.c ****   * @retval None
 354:Drivers/STM32F3xx_HAL_Driver/Src/stm32f3xx_hal.c ****   */
 355:Drivers/STM32F3xx_HAL_Driver/Src/stm32f3xx_hal.c **** __weak void HAL_Delay(uint32_t Delay)
 356:Drivers/STM32F3xx_HAL_Driver/Src/stm32f3xx_hal.c **** {
 422              		.loc 1 356 0
 423              		.cfi_startproc
 424              		@ args = 0, pretend = 0, frame = 0
 425              		@ frame_needed = 0, uses_anonymous_args = 0
 426              	.LVL18:
 427 0000 38B5     		push	{r3, r4, r5, lr}
 428              	.LCFI4:
 429              		.cfi_def_cfa_offset 16
 430              		.cfi_offset 3, -16
 431              		.cfi_offset 4, -12
 432              		.cfi_offset 5, -8
 433              		.cfi_offset 14, -4
 434              		.loc 1 356 0
 435 0002 0446     		mov	r4, r0
 357:Drivers/STM32F3xx_HAL_Driver/Src/stm32f3xx_hal.c ****   uint32_t tickstart = HAL_GetTick();
 436              		.loc 1 357 0
ARM GAS  /var/folders/v3/wysfpd052nz8jkbx04pk0ym80000gn/T//ccu1M4aw.s 			page 15


 437 0004 FFF7FEFF 		bl	HAL_GetTick
 438              	.LVL19:
 358:Drivers/STM32F3xx_HAL_Driver/Src/stm32f3xx_hal.c ****   uint32_t wait = Delay;
 359:Drivers/STM32F3xx_HAL_Driver/Src/stm32f3xx_hal.c ****   
 360:Drivers/STM32F3xx_HAL_Driver/Src/stm32f3xx_hal.c ****   /* Add freq to guarantee minimum wait */
 361:Drivers/STM32F3xx_HAL_Driver/Src/stm32f3xx_hal.c ****   if (wait < HAL_MAX_DELAY)
 439              		.loc 1 361 0
 440 0008 631C     		adds	r3, r4, #1
 357:Drivers/STM32F3xx_HAL_Driver/Src/stm32f3xx_hal.c ****   uint32_t tickstart = HAL_GetTick();
 441              		.loc 1 357 0
 442 000a 0546     		mov	r5, r0
 443              	.LVL20:
 444              		.loc 1 361 0
 445 000c 02D0     		beq	.L43
 362:Drivers/STM32F3xx_HAL_Driver/Src/stm32f3xx_hal.c ****   {
 363:Drivers/STM32F3xx_HAL_Driver/Src/stm32f3xx_hal.c ****     wait += (uint32_t)(uwTickFreq);
 446              		.loc 1 363 0
 447 000e 044B     		ldr	r3, .L49
 448 0010 1B78     		ldrb	r3, [r3]	@ zero_extendqisi2
 449 0012 1C44     		add	r4, r4, r3
 450              	.LVL21:
 451              	.L43:
 364:Drivers/STM32F3xx_HAL_Driver/Src/stm32f3xx_hal.c ****   }
 365:Drivers/STM32F3xx_HAL_Driver/Src/stm32f3xx_hal.c ****   
 366:Drivers/STM32F3xx_HAL_Driver/Src/stm32f3xx_hal.c ****   while((HAL_GetTick() - tickstart) < wait)
 452              		.loc 1 366 0 discriminator 1
 453 0014 FFF7FEFF 		bl	HAL_GetTick
 454              	.LVL22:
 455 0018 401B     		subs	r0, r0, r5
 456 001a A042     		cmp	r0, r4
 457 001c FAD3     		bcc	.L43
 367:Drivers/STM32F3xx_HAL_Driver/Src/stm32f3xx_hal.c ****   {
 368:Drivers/STM32F3xx_HAL_Driver/Src/stm32f3xx_hal.c ****   }
 369:Drivers/STM32F3xx_HAL_Driver/Src/stm32f3xx_hal.c **** }
 458              		.loc 1 369 0
 459 001e 38BD     		pop	{r3, r4, r5, pc}
 460              	.LVL23:
 461              	.L50:
 462              		.align	2
 463              	.L49:
 464 0020 00000000 		.word	.LANCHOR0
 465              		.cfi_endproc
 466              	.LFE133:
 468              		.section	.text.HAL_SuspendTick,"ax",%progbits
 469              		.align	1
 470              		.p2align 2,,3
 471              		.weak	HAL_SuspendTick
 472              		.syntax unified
 473              		.thumb
 474              		.thumb_func
 475              		.fpu fpv4-sp-d16
 477              	HAL_SuspendTick:
 478              	.LFB134:
 370:Drivers/STM32F3xx_HAL_Driver/Src/stm32f3xx_hal.c **** 
 371:Drivers/STM32F3xx_HAL_Driver/Src/stm32f3xx_hal.c **** /**
 372:Drivers/STM32F3xx_HAL_Driver/Src/stm32f3xx_hal.c ****   * @brief  Suspend Tick increment.
 373:Drivers/STM32F3xx_HAL_Driver/Src/stm32f3xx_hal.c ****   * @note   In the default implementation , SysTick timer is the source of time base. It is  
ARM GAS  /var/folders/v3/wysfpd052nz8jkbx04pk0ym80000gn/T//ccu1M4aw.s 			page 16


 374:Drivers/STM32F3xx_HAL_Driver/Src/stm32f3xx_hal.c ****   *         used to generate interrupts at regular time intervals. Once HAL_SuspendTick()
 375:Drivers/STM32F3xx_HAL_Driver/Src/stm32f3xx_hal.c ****   *         is called, the the SysTick interrupt will be disabled and so Tick increment 
 376:Drivers/STM32F3xx_HAL_Driver/Src/stm32f3xx_hal.c ****   *         is suspended.
 377:Drivers/STM32F3xx_HAL_Driver/Src/stm32f3xx_hal.c ****   * @note This function is declared as __weak to be overwritten in case of other
 378:Drivers/STM32F3xx_HAL_Driver/Src/stm32f3xx_hal.c ****   *         implementations  in user file.
 379:Drivers/STM32F3xx_HAL_Driver/Src/stm32f3xx_hal.c ****   * @retval None
 380:Drivers/STM32F3xx_HAL_Driver/Src/stm32f3xx_hal.c ****   */
 381:Drivers/STM32F3xx_HAL_Driver/Src/stm32f3xx_hal.c **** __weak void HAL_SuspendTick(void)
 382:Drivers/STM32F3xx_HAL_Driver/Src/stm32f3xx_hal.c **** 
 383:Drivers/STM32F3xx_HAL_Driver/Src/stm32f3xx_hal.c **** {
 479              		.loc 1 383 0
 480              		.cfi_startproc
 481              		@ args = 0, pretend = 0, frame = 0
 482              		@ frame_needed = 0, uses_anonymous_args = 0
 483              		@ link register save eliminated.
 384:Drivers/STM32F3xx_HAL_Driver/Src/stm32f3xx_hal.c ****   /* Disable SysTick Interrupt */
 385:Drivers/STM32F3xx_HAL_Driver/Src/stm32f3xx_hal.c ****   SysTick->CTRL &= ~SysTick_CTRL_TICKINT_Msk;
 484              		.loc 1 385 0
 485 0000 024A     		ldr	r2, .L52
 486 0002 1368     		ldr	r3, [r2]
 487 0004 23F00203 		bic	r3, r3, #2
 488 0008 1360     		str	r3, [r2]
 386:Drivers/STM32F3xx_HAL_Driver/Src/stm32f3xx_hal.c ****                                                    
 387:Drivers/STM32F3xx_HAL_Driver/Src/stm32f3xx_hal.c **** }
 489              		.loc 1 387 0
 490 000a 7047     		bx	lr
 491              	.L53:
 492              		.align	2
 493              	.L52:
 494 000c 10E000E0 		.word	-536813552
 495              		.cfi_endproc
 496              	.LFE134:
 498              		.section	.text.HAL_ResumeTick,"ax",%progbits
 499              		.align	1
 500              		.p2align 2,,3
 501              		.weak	HAL_ResumeTick
 502              		.syntax unified
 503              		.thumb
 504              		.thumb_func
 505              		.fpu fpv4-sp-d16
 507              	HAL_ResumeTick:
 508              	.LFB135:
 388:Drivers/STM32F3xx_HAL_Driver/Src/stm32f3xx_hal.c **** 
 389:Drivers/STM32F3xx_HAL_Driver/Src/stm32f3xx_hal.c **** /**
 390:Drivers/STM32F3xx_HAL_Driver/Src/stm32f3xx_hal.c ****   * @brief  Resume Tick increment.
 391:Drivers/STM32F3xx_HAL_Driver/Src/stm32f3xx_hal.c ****   * @note   In the default implementation , SysTick timer is the source of time base. It is  
 392:Drivers/STM32F3xx_HAL_Driver/Src/stm32f3xx_hal.c ****   *         used to generate interrupts at regular time intervals. Once HAL_ResumeTick()
 393:Drivers/STM32F3xx_HAL_Driver/Src/stm32f3xx_hal.c ****   *         is called, the the SysTick interrupt will be enabled and so Tick increment 
 394:Drivers/STM32F3xx_HAL_Driver/Src/stm32f3xx_hal.c ****   *         is resumed.
 395:Drivers/STM32F3xx_HAL_Driver/Src/stm32f3xx_hal.c ****   *         The function is declared as __Weak  to be overwritten  in case of other
 396:Drivers/STM32F3xx_HAL_Driver/Src/stm32f3xx_hal.c ****   *         implementations  in user file.
 397:Drivers/STM32F3xx_HAL_Driver/Src/stm32f3xx_hal.c ****   * @retval None
 398:Drivers/STM32F3xx_HAL_Driver/Src/stm32f3xx_hal.c ****   */
 399:Drivers/STM32F3xx_HAL_Driver/Src/stm32f3xx_hal.c **** __weak void HAL_ResumeTick(void)
 400:Drivers/STM32F3xx_HAL_Driver/Src/stm32f3xx_hal.c **** {
 509              		.loc 1 400 0
 510              		.cfi_startproc
ARM GAS  /var/folders/v3/wysfpd052nz8jkbx04pk0ym80000gn/T//ccu1M4aw.s 			page 17


 511              		@ args = 0, pretend = 0, frame = 0
 512              		@ frame_needed = 0, uses_anonymous_args = 0
 513              		@ link register save eliminated.
 401:Drivers/STM32F3xx_HAL_Driver/Src/stm32f3xx_hal.c ****   /* Enable SysTick Interrupt */
 402:Drivers/STM32F3xx_HAL_Driver/Src/stm32f3xx_hal.c ****   SysTick->CTRL  |= SysTick_CTRL_TICKINT_Msk;
 514              		.loc 1 402 0
 515 0000 024A     		ldr	r2, .L55
 516 0002 1368     		ldr	r3, [r2]
 517 0004 43F00203 		orr	r3, r3, #2
 518 0008 1360     		str	r3, [r2]
 403:Drivers/STM32F3xx_HAL_Driver/Src/stm32f3xx_hal.c ****   
 404:Drivers/STM32F3xx_HAL_Driver/Src/stm32f3xx_hal.c **** }
 519              		.loc 1 404 0
 520 000a 7047     		bx	lr
 521              	.L56:
 522              		.align	2
 523              	.L55:
 524 000c 10E000E0 		.word	-536813552
 525              		.cfi_endproc
 526              	.LFE135:
 528              		.section	.text.HAL_GetHalVersion,"ax",%progbits
 529              		.align	1
 530              		.p2align 2,,3
 531              		.global	HAL_GetHalVersion
 532              		.syntax unified
 533              		.thumb
 534              		.thumb_func
 535              		.fpu fpv4-sp-d16
 537              	HAL_GetHalVersion:
 538              	.LFB136:
 405:Drivers/STM32F3xx_HAL_Driver/Src/stm32f3xx_hal.c **** 
 406:Drivers/STM32F3xx_HAL_Driver/Src/stm32f3xx_hal.c **** /**
 407:Drivers/STM32F3xx_HAL_Driver/Src/stm32f3xx_hal.c ****   * @brief  This function returns the HAL revision
 408:Drivers/STM32F3xx_HAL_Driver/Src/stm32f3xx_hal.c ****   * @retval version 0xXYZR (8bits for each decimal, R for RC)
 409:Drivers/STM32F3xx_HAL_Driver/Src/stm32f3xx_hal.c ****   */
 410:Drivers/STM32F3xx_HAL_Driver/Src/stm32f3xx_hal.c **** uint32_t HAL_GetHalVersion(void)
 411:Drivers/STM32F3xx_HAL_Driver/Src/stm32f3xx_hal.c **** {
 539              		.loc 1 411 0
 540              		.cfi_startproc
 541              		@ args = 0, pretend = 0, frame = 0
 542              		@ frame_needed = 0, uses_anonymous_args = 0
 543              		@ link register save eliminated.
 412:Drivers/STM32F3xx_HAL_Driver/Src/stm32f3xx_hal.c ****  return __STM32F3xx_HAL_VERSION;
 413:Drivers/STM32F3xx_HAL_Driver/Src/stm32f3xx_hal.c **** }
 544              		.loc 1 413 0
 545 0000 0048     		ldr	r0, .L58
 546 0002 7047     		bx	lr
 547              	.L59:
 548              		.align	2
 549              	.L58:
 550 0004 00030501 		.word	17105664
 551              		.cfi_endproc
 552              	.LFE136:
 554              		.section	.text.HAL_GetREVID,"ax",%progbits
 555              		.align	1
 556              		.p2align 2,,3
 557              		.global	HAL_GetREVID
ARM GAS  /var/folders/v3/wysfpd052nz8jkbx04pk0ym80000gn/T//ccu1M4aw.s 			page 18


 558              		.syntax unified
 559              		.thumb
 560              		.thumb_func
 561              		.fpu fpv4-sp-d16
 563              	HAL_GetREVID:
 564              	.LFB137:
 414:Drivers/STM32F3xx_HAL_Driver/Src/stm32f3xx_hal.c **** 
 415:Drivers/STM32F3xx_HAL_Driver/Src/stm32f3xx_hal.c **** /**
 416:Drivers/STM32F3xx_HAL_Driver/Src/stm32f3xx_hal.c ****   * @brief  Returns the device revision identifier.
 417:Drivers/STM32F3xx_HAL_Driver/Src/stm32f3xx_hal.c ****   * @retval Device revision identifier
 418:Drivers/STM32F3xx_HAL_Driver/Src/stm32f3xx_hal.c ****   */
 419:Drivers/STM32F3xx_HAL_Driver/Src/stm32f3xx_hal.c **** uint32_t HAL_GetREVID(void)
 420:Drivers/STM32F3xx_HAL_Driver/Src/stm32f3xx_hal.c **** {
 565              		.loc 1 420 0
 566              		.cfi_startproc
 567              		@ args = 0, pretend = 0, frame = 0
 568              		@ frame_needed = 0, uses_anonymous_args = 0
 569              		@ link register save eliminated.
 421:Drivers/STM32F3xx_HAL_Driver/Src/stm32f3xx_hal.c ****   return((DBGMCU->IDCODE) >> 16U);
 570              		.loc 1 421 0
 571 0000 014B     		ldr	r3, .L61
 572 0002 1868     		ldr	r0, [r3]
 422:Drivers/STM32F3xx_HAL_Driver/Src/stm32f3xx_hal.c **** }
 573              		.loc 1 422 0
 574 0004 000C     		lsrs	r0, r0, #16
 575 0006 7047     		bx	lr
 576              	.L62:
 577              		.align	2
 578              	.L61:
 579 0008 002004E0 		.word	-536600576
 580              		.cfi_endproc
 581              	.LFE137:
 583              		.section	.text.HAL_GetDEVID,"ax",%progbits
 584              		.align	1
 585              		.p2align 2,,3
 586              		.global	HAL_GetDEVID
 587              		.syntax unified
 588              		.thumb
 589              		.thumb_func
 590              		.fpu fpv4-sp-d16
 592              	HAL_GetDEVID:
 593              	.LFB138:
 423:Drivers/STM32F3xx_HAL_Driver/Src/stm32f3xx_hal.c **** 
 424:Drivers/STM32F3xx_HAL_Driver/Src/stm32f3xx_hal.c **** /**
 425:Drivers/STM32F3xx_HAL_Driver/Src/stm32f3xx_hal.c ****   * @brief  Returns the device identifier.
 426:Drivers/STM32F3xx_HAL_Driver/Src/stm32f3xx_hal.c ****   * @retval Device identifier
 427:Drivers/STM32F3xx_HAL_Driver/Src/stm32f3xx_hal.c ****   */
 428:Drivers/STM32F3xx_HAL_Driver/Src/stm32f3xx_hal.c **** uint32_t HAL_GetDEVID(void)
 429:Drivers/STM32F3xx_HAL_Driver/Src/stm32f3xx_hal.c **** {
 594              		.loc 1 429 0
 595              		.cfi_startproc
 596              		@ args = 0, pretend = 0, frame = 0
 597              		@ frame_needed = 0, uses_anonymous_args = 0
 598              		@ link register save eliminated.
 430:Drivers/STM32F3xx_HAL_Driver/Src/stm32f3xx_hal.c ****   return((DBGMCU->IDCODE) & IDCODE_DEVID_MASK);
 599              		.loc 1 430 0
 600 0000 024B     		ldr	r3, .L64
ARM GAS  /var/folders/v3/wysfpd052nz8jkbx04pk0ym80000gn/T//ccu1M4aw.s 			page 19


 601 0002 1868     		ldr	r0, [r3]
 431:Drivers/STM32F3xx_HAL_Driver/Src/stm32f3xx_hal.c **** }
 602              		.loc 1 431 0
 603 0004 C0F30B00 		ubfx	r0, r0, #0, #12
 604 0008 7047     		bx	lr
 605              	.L65:
 606 000a 00BF     		.align	2
 607              	.L64:
 608 000c 002004E0 		.word	-536600576
 609              		.cfi_endproc
 610              	.LFE138:
 612              		.section	.text.HAL_GetUIDw0,"ax",%progbits
 613              		.align	1
 614              		.p2align 2,,3
 615              		.global	HAL_GetUIDw0
 616              		.syntax unified
 617              		.thumb
 618              		.thumb_func
 619              		.fpu fpv4-sp-d16
 621              	HAL_GetUIDw0:
 622              	.LFB139:
 432:Drivers/STM32F3xx_HAL_Driver/Src/stm32f3xx_hal.c **** 
 433:Drivers/STM32F3xx_HAL_Driver/Src/stm32f3xx_hal.c **** /**
 434:Drivers/STM32F3xx_HAL_Driver/Src/stm32f3xx_hal.c ****   * @brief  Returns first word of the unique device identifier (UID based on 96 bits)
 435:Drivers/STM32F3xx_HAL_Driver/Src/stm32f3xx_hal.c ****   * @retval Device identifier
 436:Drivers/STM32F3xx_HAL_Driver/Src/stm32f3xx_hal.c ****   */
 437:Drivers/STM32F3xx_HAL_Driver/Src/stm32f3xx_hal.c **** uint32_t HAL_GetUIDw0(void)
 438:Drivers/STM32F3xx_HAL_Driver/Src/stm32f3xx_hal.c **** {
 623              		.loc 1 438 0
 624              		.cfi_startproc
 625              		@ args = 0, pretend = 0, frame = 0
 626              		@ frame_needed = 0, uses_anonymous_args = 0
 627              		@ link register save eliminated.
 439:Drivers/STM32F3xx_HAL_Driver/Src/stm32f3xx_hal.c ****    return(READ_REG(*((uint32_t *)UID_BASE)));
 628              		.loc 1 439 0
 629 0000 014B     		ldr	r3, .L67
 440:Drivers/STM32F3xx_HAL_Driver/Src/stm32f3xx_hal.c **** }
 630              		.loc 1 440 0
 631 0002 1868     		ldr	r0, [r3]
 632 0004 7047     		bx	lr
 633              	.L68:
 634 0006 00BF     		.align	2
 635              	.L67:
 636 0008 ACF7FF1F 		.word	536868780
 637              		.cfi_endproc
 638              	.LFE139:
 640              		.section	.text.HAL_GetUIDw1,"ax",%progbits
 641              		.align	1
 642              		.p2align 2,,3
 643              		.global	HAL_GetUIDw1
 644              		.syntax unified
 645              		.thumb
 646              		.thumb_func
 647              		.fpu fpv4-sp-d16
 649              	HAL_GetUIDw1:
 650              	.LFB140:
 441:Drivers/STM32F3xx_HAL_Driver/Src/stm32f3xx_hal.c **** 
ARM GAS  /var/folders/v3/wysfpd052nz8jkbx04pk0ym80000gn/T//ccu1M4aw.s 			page 20


 442:Drivers/STM32F3xx_HAL_Driver/Src/stm32f3xx_hal.c **** /**
 443:Drivers/STM32F3xx_HAL_Driver/Src/stm32f3xx_hal.c ****   * @brief  Returns second word of the unique device identifier (UID based on 96 bits)
 444:Drivers/STM32F3xx_HAL_Driver/Src/stm32f3xx_hal.c ****   * @retval Device identifier
 445:Drivers/STM32F3xx_HAL_Driver/Src/stm32f3xx_hal.c ****   */
 446:Drivers/STM32F3xx_HAL_Driver/Src/stm32f3xx_hal.c **** uint32_t HAL_GetUIDw1(void)
 447:Drivers/STM32F3xx_HAL_Driver/Src/stm32f3xx_hal.c **** {
 651              		.loc 1 447 0
 652              		.cfi_startproc
 653              		@ args = 0, pretend = 0, frame = 0
 654              		@ frame_needed = 0, uses_anonymous_args = 0
 655              		@ link register save eliminated.
 448:Drivers/STM32F3xx_HAL_Driver/Src/stm32f3xx_hal.c ****    return(READ_REG(*((uint32_t *)(UID_BASE + 4U))));
 656              		.loc 1 448 0
 657 0000 014B     		ldr	r3, .L70
 449:Drivers/STM32F3xx_HAL_Driver/Src/stm32f3xx_hal.c **** }
 658              		.loc 1 449 0
 659 0002 1868     		ldr	r0, [r3]
 660 0004 7047     		bx	lr
 661              	.L71:
 662 0006 00BF     		.align	2
 663              	.L70:
 664 0008 B0F7FF1F 		.word	536868784
 665              		.cfi_endproc
 666              	.LFE140:
 668              		.section	.text.HAL_GetUIDw2,"ax",%progbits
 669              		.align	1
 670              		.p2align 2,,3
 671              		.global	HAL_GetUIDw2
 672              		.syntax unified
 673              		.thumb
 674              		.thumb_func
 675              		.fpu fpv4-sp-d16
 677              	HAL_GetUIDw2:
 678              	.LFB141:
 450:Drivers/STM32F3xx_HAL_Driver/Src/stm32f3xx_hal.c **** 
 451:Drivers/STM32F3xx_HAL_Driver/Src/stm32f3xx_hal.c **** /**
 452:Drivers/STM32F3xx_HAL_Driver/Src/stm32f3xx_hal.c ****   * @brief  Returns third word of the unique device identifier (UID based on 96 bits)
 453:Drivers/STM32F3xx_HAL_Driver/Src/stm32f3xx_hal.c ****   * @retval Device identifier
 454:Drivers/STM32F3xx_HAL_Driver/Src/stm32f3xx_hal.c ****   */
 455:Drivers/STM32F3xx_HAL_Driver/Src/stm32f3xx_hal.c **** uint32_t HAL_GetUIDw2(void)
 456:Drivers/STM32F3xx_HAL_Driver/Src/stm32f3xx_hal.c **** {
 679              		.loc 1 456 0
 680              		.cfi_startproc
 681              		@ args = 0, pretend = 0, frame = 0
 682              		@ frame_needed = 0, uses_anonymous_args = 0
 683              		@ link register save eliminated.
 457:Drivers/STM32F3xx_HAL_Driver/Src/stm32f3xx_hal.c ****    return(READ_REG(*((uint32_t *)(UID_BASE + 8U))));
 684              		.loc 1 457 0
 685 0000 014B     		ldr	r3, .L73
 458:Drivers/STM32F3xx_HAL_Driver/Src/stm32f3xx_hal.c **** }
 686              		.loc 1 458 0
 687 0002 1868     		ldr	r0, [r3]
 688 0004 7047     		bx	lr
 689              	.L74:
 690 0006 00BF     		.align	2
 691              	.L73:
 692 0008 B4F7FF1F 		.word	536868788
ARM GAS  /var/folders/v3/wysfpd052nz8jkbx04pk0ym80000gn/T//ccu1M4aw.s 			page 21


 693              		.cfi_endproc
 694              	.LFE141:
 696              		.section	.text.HAL_DBGMCU_EnableDBGSleepMode,"ax",%progbits
 697              		.align	1
 698              		.p2align 2,,3
 699              		.global	HAL_DBGMCU_EnableDBGSleepMode
 700              		.syntax unified
 701              		.thumb
 702              		.thumb_func
 703              		.fpu fpv4-sp-d16
 705              	HAL_DBGMCU_EnableDBGSleepMode:
 706              	.LFB142:
 459:Drivers/STM32F3xx_HAL_Driver/Src/stm32f3xx_hal.c **** 
 460:Drivers/STM32F3xx_HAL_Driver/Src/stm32f3xx_hal.c **** /**
 461:Drivers/STM32F3xx_HAL_Driver/Src/stm32f3xx_hal.c ****   * @brief  Enable the Debug Module during SLEEP mode
 462:Drivers/STM32F3xx_HAL_Driver/Src/stm32f3xx_hal.c ****   * @retval None
 463:Drivers/STM32F3xx_HAL_Driver/Src/stm32f3xx_hal.c ****   */
 464:Drivers/STM32F3xx_HAL_Driver/Src/stm32f3xx_hal.c **** void HAL_DBGMCU_EnableDBGSleepMode(void)
 465:Drivers/STM32F3xx_HAL_Driver/Src/stm32f3xx_hal.c **** {
 707              		.loc 1 465 0
 708              		.cfi_startproc
 709              		@ args = 0, pretend = 0, frame = 0
 710              		@ frame_needed = 0, uses_anonymous_args = 0
 711              		@ link register save eliminated.
 466:Drivers/STM32F3xx_HAL_Driver/Src/stm32f3xx_hal.c ****   SET_BIT(DBGMCU->CR, DBGMCU_CR_DBG_SLEEP);
 712              		.loc 1 466 0
 713 0000 024A     		ldr	r2, .L76
 714 0002 5368     		ldr	r3, [r2, #4]
 715 0004 43F00103 		orr	r3, r3, #1
 716 0008 5360     		str	r3, [r2, #4]
 467:Drivers/STM32F3xx_HAL_Driver/Src/stm32f3xx_hal.c **** }
 717              		.loc 1 467 0
 718 000a 7047     		bx	lr
 719              	.L77:
 720              		.align	2
 721              	.L76:
 722 000c 002004E0 		.word	-536600576
 723              		.cfi_endproc
 724              	.LFE142:
 726              		.section	.text.HAL_DBGMCU_DisableDBGSleepMode,"ax",%progbits
 727              		.align	1
 728              		.p2align 2,,3
 729              		.global	HAL_DBGMCU_DisableDBGSleepMode
 730              		.syntax unified
 731              		.thumb
 732              		.thumb_func
 733              		.fpu fpv4-sp-d16
 735              	HAL_DBGMCU_DisableDBGSleepMode:
 736              	.LFB143:
 468:Drivers/STM32F3xx_HAL_Driver/Src/stm32f3xx_hal.c **** 
 469:Drivers/STM32F3xx_HAL_Driver/Src/stm32f3xx_hal.c **** /**
 470:Drivers/STM32F3xx_HAL_Driver/Src/stm32f3xx_hal.c ****   * @brief  Disable the Debug Module during SLEEP mode
 471:Drivers/STM32F3xx_HAL_Driver/Src/stm32f3xx_hal.c ****   * @retval None
 472:Drivers/STM32F3xx_HAL_Driver/Src/stm32f3xx_hal.c ****   */
 473:Drivers/STM32F3xx_HAL_Driver/Src/stm32f3xx_hal.c **** void HAL_DBGMCU_DisableDBGSleepMode(void)
 474:Drivers/STM32F3xx_HAL_Driver/Src/stm32f3xx_hal.c **** {
 737              		.loc 1 474 0
ARM GAS  /var/folders/v3/wysfpd052nz8jkbx04pk0ym80000gn/T//ccu1M4aw.s 			page 22


 738              		.cfi_startproc
 739              		@ args = 0, pretend = 0, frame = 0
 740              		@ frame_needed = 0, uses_anonymous_args = 0
 741              		@ link register save eliminated.
 475:Drivers/STM32F3xx_HAL_Driver/Src/stm32f3xx_hal.c ****   CLEAR_BIT(DBGMCU->CR, DBGMCU_CR_DBG_SLEEP);
 742              		.loc 1 475 0
 743 0000 024A     		ldr	r2, .L79
 744 0002 5368     		ldr	r3, [r2, #4]
 745 0004 23F00103 		bic	r3, r3, #1
 746 0008 5360     		str	r3, [r2, #4]
 476:Drivers/STM32F3xx_HAL_Driver/Src/stm32f3xx_hal.c **** }
 747              		.loc 1 476 0
 748 000a 7047     		bx	lr
 749              	.L80:
 750              		.align	2
 751              	.L79:
 752 000c 002004E0 		.word	-536600576
 753              		.cfi_endproc
 754              	.LFE143:
 756              		.section	.text.HAL_DBGMCU_EnableDBGStopMode,"ax",%progbits
 757              		.align	1
 758              		.p2align 2,,3
 759              		.global	HAL_DBGMCU_EnableDBGStopMode
 760              		.syntax unified
 761              		.thumb
 762              		.thumb_func
 763              		.fpu fpv4-sp-d16
 765              	HAL_DBGMCU_EnableDBGStopMode:
 766              	.LFB144:
 477:Drivers/STM32F3xx_HAL_Driver/Src/stm32f3xx_hal.c **** 
 478:Drivers/STM32F3xx_HAL_Driver/Src/stm32f3xx_hal.c **** /**
 479:Drivers/STM32F3xx_HAL_Driver/Src/stm32f3xx_hal.c ****   * @brief  Enable the Debug Module during STOP mode
 480:Drivers/STM32F3xx_HAL_Driver/Src/stm32f3xx_hal.c ****   * @retval None
 481:Drivers/STM32F3xx_HAL_Driver/Src/stm32f3xx_hal.c ****   */
 482:Drivers/STM32F3xx_HAL_Driver/Src/stm32f3xx_hal.c **** void HAL_DBGMCU_EnableDBGStopMode(void)
 483:Drivers/STM32F3xx_HAL_Driver/Src/stm32f3xx_hal.c **** {
 767              		.loc 1 483 0
 768              		.cfi_startproc
 769              		@ args = 0, pretend = 0, frame = 0
 770              		@ frame_needed = 0, uses_anonymous_args = 0
 771              		@ link register save eliminated.
 484:Drivers/STM32F3xx_HAL_Driver/Src/stm32f3xx_hal.c ****   SET_BIT(DBGMCU->CR, DBGMCU_CR_DBG_STOP);
 772              		.loc 1 484 0
 773 0000 024A     		ldr	r2, .L82
 774 0002 5368     		ldr	r3, [r2, #4]
 775 0004 43F00203 		orr	r3, r3, #2
 776 0008 5360     		str	r3, [r2, #4]
 485:Drivers/STM32F3xx_HAL_Driver/Src/stm32f3xx_hal.c **** }
 777              		.loc 1 485 0
 778 000a 7047     		bx	lr
 779              	.L83:
 780              		.align	2
 781              	.L82:
 782 000c 002004E0 		.word	-536600576
 783              		.cfi_endproc
 784              	.LFE144:
 786              		.section	.text.HAL_DBGMCU_DisableDBGStopMode,"ax",%progbits
ARM GAS  /var/folders/v3/wysfpd052nz8jkbx04pk0ym80000gn/T//ccu1M4aw.s 			page 23


 787              		.align	1
 788              		.p2align 2,,3
 789              		.global	HAL_DBGMCU_DisableDBGStopMode
 790              		.syntax unified
 791              		.thumb
 792              		.thumb_func
 793              		.fpu fpv4-sp-d16
 795              	HAL_DBGMCU_DisableDBGStopMode:
 796              	.LFB145:
 486:Drivers/STM32F3xx_HAL_Driver/Src/stm32f3xx_hal.c **** 
 487:Drivers/STM32F3xx_HAL_Driver/Src/stm32f3xx_hal.c **** /**
 488:Drivers/STM32F3xx_HAL_Driver/Src/stm32f3xx_hal.c ****   * @brief  Disable the Debug Module during STOP mode
 489:Drivers/STM32F3xx_HAL_Driver/Src/stm32f3xx_hal.c ****   * @retval None
 490:Drivers/STM32F3xx_HAL_Driver/Src/stm32f3xx_hal.c ****   */
 491:Drivers/STM32F3xx_HAL_Driver/Src/stm32f3xx_hal.c **** void HAL_DBGMCU_DisableDBGStopMode(void)
 492:Drivers/STM32F3xx_HAL_Driver/Src/stm32f3xx_hal.c **** {
 797              		.loc 1 492 0
 798              		.cfi_startproc
 799              		@ args = 0, pretend = 0, frame = 0
 800              		@ frame_needed = 0, uses_anonymous_args = 0
 801              		@ link register save eliminated.
 493:Drivers/STM32F3xx_HAL_Driver/Src/stm32f3xx_hal.c ****   CLEAR_BIT(DBGMCU->CR, DBGMCU_CR_DBG_STOP);
 802              		.loc 1 493 0
 803 0000 024A     		ldr	r2, .L85
 804 0002 5368     		ldr	r3, [r2, #4]
 805 0004 23F00203 		bic	r3, r3, #2
 806 0008 5360     		str	r3, [r2, #4]
 494:Drivers/STM32F3xx_HAL_Driver/Src/stm32f3xx_hal.c **** }
 807              		.loc 1 494 0
 808 000a 7047     		bx	lr
 809              	.L86:
 810              		.align	2
 811              	.L85:
 812 000c 002004E0 		.word	-536600576
 813              		.cfi_endproc
 814              	.LFE145:
 816              		.section	.text.HAL_DBGMCU_EnableDBGStandbyMode,"ax",%progbits
 817              		.align	1
 818              		.p2align 2,,3
 819              		.global	HAL_DBGMCU_EnableDBGStandbyMode
 820              		.syntax unified
 821              		.thumb
 822              		.thumb_func
 823              		.fpu fpv4-sp-d16
 825              	HAL_DBGMCU_EnableDBGStandbyMode:
 826              	.LFB146:
 495:Drivers/STM32F3xx_HAL_Driver/Src/stm32f3xx_hal.c **** 
 496:Drivers/STM32F3xx_HAL_Driver/Src/stm32f3xx_hal.c **** /**
 497:Drivers/STM32F3xx_HAL_Driver/Src/stm32f3xx_hal.c ****   * @brief  Enable the Debug Module during STANDBY mode
 498:Drivers/STM32F3xx_HAL_Driver/Src/stm32f3xx_hal.c ****   * @retval None
 499:Drivers/STM32F3xx_HAL_Driver/Src/stm32f3xx_hal.c ****   */
 500:Drivers/STM32F3xx_HAL_Driver/Src/stm32f3xx_hal.c **** void HAL_DBGMCU_EnableDBGStandbyMode(void)
 501:Drivers/STM32F3xx_HAL_Driver/Src/stm32f3xx_hal.c **** {
 827              		.loc 1 501 0
 828              		.cfi_startproc
 829              		@ args = 0, pretend = 0, frame = 0
 830              		@ frame_needed = 0, uses_anonymous_args = 0
ARM GAS  /var/folders/v3/wysfpd052nz8jkbx04pk0ym80000gn/T//ccu1M4aw.s 			page 24


 831              		@ link register save eliminated.
 502:Drivers/STM32F3xx_HAL_Driver/Src/stm32f3xx_hal.c ****   SET_BIT(DBGMCU->CR, DBGMCU_CR_DBG_STANDBY);
 832              		.loc 1 502 0
 833 0000 024A     		ldr	r2, .L88
 834 0002 5368     		ldr	r3, [r2, #4]
 835 0004 43F00403 		orr	r3, r3, #4
 836 0008 5360     		str	r3, [r2, #4]
 503:Drivers/STM32F3xx_HAL_Driver/Src/stm32f3xx_hal.c **** }
 837              		.loc 1 503 0
 838 000a 7047     		bx	lr
 839              	.L89:
 840              		.align	2
 841              	.L88:
 842 000c 002004E0 		.word	-536600576
 843              		.cfi_endproc
 844              	.LFE146:
 846              		.section	.text.HAL_DBGMCU_DisableDBGStandbyMode,"ax",%progbits
 847              		.align	1
 848              		.p2align 2,,3
 849              		.global	HAL_DBGMCU_DisableDBGStandbyMode
 850              		.syntax unified
 851              		.thumb
 852              		.thumb_func
 853              		.fpu fpv4-sp-d16
 855              	HAL_DBGMCU_DisableDBGStandbyMode:
 856              	.LFB147:
 504:Drivers/STM32F3xx_HAL_Driver/Src/stm32f3xx_hal.c **** 
 505:Drivers/STM32F3xx_HAL_Driver/Src/stm32f3xx_hal.c **** /**
 506:Drivers/STM32F3xx_HAL_Driver/Src/stm32f3xx_hal.c ****   * @brief  Disable the Debug Module during STANDBY mode
 507:Drivers/STM32F3xx_HAL_Driver/Src/stm32f3xx_hal.c ****   * @retval None
 508:Drivers/STM32F3xx_HAL_Driver/Src/stm32f3xx_hal.c ****   */
 509:Drivers/STM32F3xx_HAL_Driver/Src/stm32f3xx_hal.c **** void HAL_DBGMCU_DisableDBGStandbyMode(void)
 510:Drivers/STM32F3xx_HAL_Driver/Src/stm32f3xx_hal.c **** {
 857              		.loc 1 510 0
 858              		.cfi_startproc
 859              		@ args = 0, pretend = 0, frame = 0
 860              		@ frame_needed = 0, uses_anonymous_args = 0
 861              		@ link register save eliminated.
 511:Drivers/STM32F3xx_HAL_Driver/Src/stm32f3xx_hal.c ****   CLEAR_BIT(DBGMCU->CR, DBGMCU_CR_DBG_STANDBY);
 862              		.loc 1 511 0
 863 0000 024A     		ldr	r2, .L91
 864 0002 5368     		ldr	r3, [r2, #4]
 865 0004 23F00403 		bic	r3, r3, #4
 866 0008 5360     		str	r3, [r2, #4]
 512:Drivers/STM32F3xx_HAL_Driver/Src/stm32f3xx_hal.c **** }
 867              		.loc 1 512 0
 868 000a 7047     		bx	lr
 869              	.L92:
 870              		.align	2
 871              	.L91:
 872 000c 002004E0 		.word	-536600576
 873              		.cfi_endproc
 874              	.LFE147:
 876              		.global	uwTickFreq
 877              		.global	uwTickPrio
 878              		.comm	uwTick,4,4
 879              		.section	.data.uwTickFreq,"aw",%progbits
ARM GAS  /var/folders/v3/wysfpd052nz8jkbx04pk0ym80000gn/T//ccu1M4aw.s 			page 25


 880              		.set	.LANCHOR0,. + 0
 883              	uwTickFreq:
 884 0000 01       		.byte	1
 885              		.section	.data.uwTickPrio,"aw",%progbits
 886              		.align	2
 887              		.set	.LANCHOR1,. + 0
 890              	uwTickPrio:
 891 0000 10000000 		.word	16
 892              		.text
 893              	.Letext0:
 894              		.file 2 "/usr/local/gcc-arm-none-eabi-7-2018-q2-update/arm-none-eabi/include/machine/_default_type
 895              		.file 3 "/usr/local/gcc-arm-none-eabi-7-2018-q2-update/arm-none-eabi/include/sys/_stdint.h"
 896              		.file 4 "Drivers/CMSIS/Include/core_cm4.h"
 897              		.file 5 "Drivers/CMSIS/Device/ST/STM32F3xx/Include/system_stm32f3xx.h"
 898              		.file 6 "Drivers/CMSIS/Device/ST/STM32F3xx/Include/stm32f303x8.h"
 899              		.file 7 "Drivers/STM32F3xx_HAL_Driver/Inc/stm32f3xx_hal_def.h"
 900              		.file 8 "Drivers/STM32F3xx_HAL_Driver/Inc/stm32f3xx_hal.h"
 901              		.file 9 "Drivers/STM32F3xx_HAL_Driver/Inc/stm32f3xx_hal_cortex.h"
ARM GAS  /var/folders/v3/wysfpd052nz8jkbx04pk0ym80000gn/T//ccu1M4aw.s 			page 26


DEFINED SYMBOLS
                            *ABS*:0000000000000000 stm32f3xx_hal.c
/var/folders/v3/wysfpd052nz8jkbx04pk0ym80000gn/T//ccu1M4aw.s:18     .text.HAL_MspInit:0000000000000000 $t
/var/folders/v3/wysfpd052nz8jkbx04pk0ym80000gn/T//ccu1M4aw.s:26     .text.HAL_MspInit:0000000000000000 HAL_MspInit
/var/folders/v3/wysfpd052nz8jkbx04pk0ym80000gn/T//ccu1M4aw.s:40     .text.HAL_MspDeInit:0000000000000000 $t
/var/folders/v3/wysfpd052nz8jkbx04pk0ym80000gn/T//ccu1M4aw.s:48     .text.HAL_MspDeInit:0000000000000000 HAL_MspDeInit
/var/folders/v3/wysfpd052nz8jkbx04pk0ym80000gn/T//ccu1M4aw.s:59     .text.HAL_DeInit:0000000000000000 $t
/var/folders/v3/wysfpd052nz8jkbx04pk0ym80000gn/T//ccu1M4aw.s:67     .text.HAL_DeInit:0000000000000000 HAL_DeInit
/var/folders/v3/wysfpd052nz8jkbx04pk0ym80000gn/T//ccu1M4aw.s:105    .text.HAL_DeInit:0000000000000020 $d
/var/folders/v3/wysfpd052nz8jkbx04pk0ym80000gn/T//ccu1M4aw.s:110    .text.HAL_InitTick:0000000000000000 $t
/var/folders/v3/wysfpd052nz8jkbx04pk0ym80000gn/T//ccu1M4aw.s:118    .text.HAL_InitTick:0000000000000000 HAL_InitTick
/var/folders/v3/wysfpd052nz8jkbx04pk0ym80000gn/T//ccu1M4aw.s:180    .text.HAL_InitTick:000000000000003c $d
/var/folders/v3/wysfpd052nz8jkbx04pk0ym80000gn/T//ccu1M4aw.s:187    .text.HAL_Init:0000000000000000 $t
/var/folders/v3/wysfpd052nz8jkbx04pk0ym80000gn/T//ccu1M4aw.s:195    .text.HAL_Init:0000000000000000 HAL_Init
/var/folders/v3/wysfpd052nz8jkbx04pk0ym80000gn/T//ccu1M4aw.s:230    .text.HAL_Init:0000000000000020 $d
/var/folders/v3/wysfpd052nz8jkbx04pk0ym80000gn/T//ccu1M4aw.s:235    .text.HAL_IncTick:0000000000000000 $t
/var/folders/v3/wysfpd052nz8jkbx04pk0ym80000gn/T//ccu1M4aw.s:243    .text.HAL_IncTick:0000000000000000 HAL_IncTick
/var/folders/v3/wysfpd052nz8jkbx04pk0ym80000gn/T//ccu1M4aw.s:262    .text.HAL_IncTick:0000000000000010 $d
                            *COM*:0000000000000004 uwTick
/var/folders/v3/wysfpd052nz8jkbx04pk0ym80000gn/T//ccu1M4aw.s:268    .text.HAL_GetTick:0000000000000000 $t
/var/folders/v3/wysfpd052nz8jkbx04pk0ym80000gn/T//ccu1M4aw.s:276    .text.HAL_GetTick:0000000000000000 HAL_GetTick
/var/folders/v3/wysfpd052nz8jkbx04pk0ym80000gn/T//ccu1M4aw.s:291    .text.HAL_GetTick:0000000000000008 $d
/var/folders/v3/wysfpd052nz8jkbx04pk0ym80000gn/T//ccu1M4aw.s:296    .text.HAL_GetTickPrio:0000000000000000 $t
/var/folders/v3/wysfpd052nz8jkbx04pk0ym80000gn/T//ccu1M4aw.s:304    .text.HAL_GetTickPrio:0000000000000000 HAL_GetTickPrio
/var/folders/v3/wysfpd052nz8jkbx04pk0ym80000gn/T//ccu1M4aw.s:319    .text.HAL_GetTickPrio:0000000000000008 $d
/var/folders/v3/wysfpd052nz8jkbx04pk0ym80000gn/T//ccu1M4aw.s:324    .text.HAL_SetTickFreq:0000000000000000 $t
/var/folders/v3/wysfpd052nz8jkbx04pk0ym80000gn/T//ccu1M4aw.s:332    .text.HAL_SetTickFreq:0000000000000000 HAL_SetTickFreq
/var/folders/v3/wysfpd052nz8jkbx04pk0ym80000gn/T//ccu1M4aw.s:378    .text.HAL_SetTickFreq:0000000000000020 $d
/var/folders/v3/wysfpd052nz8jkbx04pk0ym80000gn/T//ccu1M4aw.s:384    .text.HAL_GetTickFreq:0000000000000000 $t
/var/folders/v3/wysfpd052nz8jkbx04pk0ym80000gn/T//ccu1M4aw.s:392    .text.HAL_GetTickFreq:0000000000000000 HAL_GetTickFreq
/var/folders/v3/wysfpd052nz8jkbx04pk0ym80000gn/T//ccu1M4aw.s:407    .text.HAL_GetTickFreq:0000000000000008 $d
/var/folders/v3/wysfpd052nz8jkbx04pk0ym80000gn/T//ccu1M4aw.s:412    .text.HAL_Delay:0000000000000000 $t
/var/folders/v3/wysfpd052nz8jkbx04pk0ym80000gn/T//ccu1M4aw.s:420    .text.HAL_Delay:0000000000000000 HAL_Delay
/var/folders/v3/wysfpd052nz8jkbx04pk0ym80000gn/T//ccu1M4aw.s:464    .text.HAL_Delay:0000000000000020 $d
/var/folders/v3/wysfpd052nz8jkbx04pk0ym80000gn/T//ccu1M4aw.s:469    .text.HAL_SuspendTick:0000000000000000 $t
/var/folders/v3/wysfpd052nz8jkbx04pk0ym80000gn/T//ccu1M4aw.s:477    .text.HAL_SuspendTick:0000000000000000 HAL_SuspendTick
/var/folders/v3/wysfpd052nz8jkbx04pk0ym80000gn/T//ccu1M4aw.s:494    .text.HAL_SuspendTick:000000000000000c $d
/var/folders/v3/wysfpd052nz8jkbx04pk0ym80000gn/T//ccu1M4aw.s:499    .text.HAL_ResumeTick:0000000000000000 $t
/var/folders/v3/wysfpd052nz8jkbx04pk0ym80000gn/T//ccu1M4aw.s:507    .text.HAL_ResumeTick:0000000000000000 HAL_ResumeTick
/var/folders/v3/wysfpd052nz8jkbx04pk0ym80000gn/T//ccu1M4aw.s:524    .text.HAL_ResumeTick:000000000000000c $d
/var/folders/v3/wysfpd052nz8jkbx04pk0ym80000gn/T//ccu1M4aw.s:529    .text.HAL_GetHalVersion:0000000000000000 $t
/var/folders/v3/wysfpd052nz8jkbx04pk0ym80000gn/T//ccu1M4aw.s:537    .text.HAL_GetHalVersion:0000000000000000 HAL_GetHalVersion
/var/folders/v3/wysfpd052nz8jkbx04pk0ym80000gn/T//ccu1M4aw.s:550    .text.HAL_GetHalVersion:0000000000000004 $d
/var/folders/v3/wysfpd052nz8jkbx04pk0ym80000gn/T//ccu1M4aw.s:555    .text.HAL_GetREVID:0000000000000000 $t
/var/folders/v3/wysfpd052nz8jkbx04pk0ym80000gn/T//ccu1M4aw.s:563    .text.HAL_GetREVID:0000000000000000 HAL_GetREVID
/var/folders/v3/wysfpd052nz8jkbx04pk0ym80000gn/T//ccu1M4aw.s:579    .text.HAL_GetREVID:0000000000000008 $d
/var/folders/v3/wysfpd052nz8jkbx04pk0ym80000gn/T//ccu1M4aw.s:584    .text.HAL_GetDEVID:0000000000000000 $t
/var/folders/v3/wysfpd052nz8jkbx04pk0ym80000gn/T//ccu1M4aw.s:592    .text.HAL_GetDEVID:0000000000000000 HAL_GetDEVID
/var/folders/v3/wysfpd052nz8jkbx04pk0ym80000gn/T//ccu1M4aw.s:608    .text.HAL_GetDEVID:000000000000000c $d
/var/folders/v3/wysfpd052nz8jkbx04pk0ym80000gn/T//ccu1M4aw.s:613    .text.HAL_GetUIDw0:0000000000000000 $t
/var/folders/v3/wysfpd052nz8jkbx04pk0ym80000gn/T//ccu1M4aw.s:621    .text.HAL_GetUIDw0:0000000000000000 HAL_GetUIDw0
/var/folders/v3/wysfpd052nz8jkbx04pk0ym80000gn/T//ccu1M4aw.s:636    .text.HAL_GetUIDw0:0000000000000008 $d
/var/folders/v3/wysfpd052nz8jkbx04pk0ym80000gn/T//ccu1M4aw.s:641    .text.HAL_GetUIDw1:0000000000000000 $t
/var/folders/v3/wysfpd052nz8jkbx04pk0ym80000gn/T//ccu1M4aw.s:649    .text.HAL_GetUIDw1:0000000000000000 HAL_GetUIDw1
/var/folders/v3/wysfpd052nz8jkbx04pk0ym80000gn/T//ccu1M4aw.s:664    .text.HAL_GetUIDw1:0000000000000008 $d
/var/folders/v3/wysfpd052nz8jkbx04pk0ym80000gn/T//ccu1M4aw.s:669    .text.HAL_GetUIDw2:0000000000000000 $t
/var/folders/v3/wysfpd052nz8jkbx04pk0ym80000gn/T//ccu1M4aw.s:677    .text.HAL_GetUIDw2:0000000000000000 HAL_GetUIDw2
ARM GAS  /var/folders/v3/wysfpd052nz8jkbx04pk0ym80000gn/T//ccu1M4aw.s 			page 27


/var/folders/v3/wysfpd052nz8jkbx04pk0ym80000gn/T//ccu1M4aw.s:692    .text.HAL_GetUIDw2:0000000000000008 $d
/var/folders/v3/wysfpd052nz8jkbx04pk0ym80000gn/T//ccu1M4aw.s:697    .text.HAL_DBGMCU_EnableDBGSleepMode:0000000000000000 $t
/var/folders/v3/wysfpd052nz8jkbx04pk0ym80000gn/T//ccu1M4aw.s:705    .text.HAL_DBGMCU_EnableDBGSleepMode:0000000000000000 HAL_DBGMCU_EnableDBGSleepMode
/var/folders/v3/wysfpd052nz8jkbx04pk0ym80000gn/T//ccu1M4aw.s:722    .text.HAL_DBGMCU_EnableDBGSleepMode:000000000000000c $d
/var/folders/v3/wysfpd052nz8jkbx04pk0ym80000gn/T//ccu1M4aw.s:727    .text.HAL_DBGMCU_DisableDBGSleepMode:0000000000000000 $t
/var/folders/v3/wysfpd052nz8jkbx04pk0ym80000gn/T//ccu1M4aw.s:735    .text.HAL_DBGMCU_DisableDBGSleepMode:0000000000000000 HAL_DBGMCU_DisableDBGSleepMode
/var/folders/v3/wysfpd052nz8jkbx04pk0ym80000gn/T//ccu1M4aw.s:752    .text.HAL_DBGMCU_DisableDBGSleepMode:000000000000000c $d
/var/folders/v3/wysfpd052nz8jkbx04pk0ym80000gn/T//ccu1M4aw.s:757    .text.HAL_DBGMCU_EnableDBGStopMode:0000000000000000 $t
/var/folders/v3/wysfpd052nz8jkbx04pk0ym80000gn/T//ccu1M4aw.s:765    .text.HAL_DBGMCU_EnableDBGStopMode:0000000000000000 HAL_DBGMCU_EnableDBGStopMode
/var/folders/v3/wysfpd052nz8jkbx04pk0ym80000gn/T//ccu1M4aw.s:782    .text.HAL_DBGMCU_EnableDBGStopMode:000000000000000c $d
/var/folders/v3/wysfpd052nz8jkbx04pk0ym80000gn/T//ccu1M4aw.s:787    .text.HAL_DBGMCU_DisableDBGStopMode:0000000000000000 $t
/var/folders/v3/wysfpd052nz8jkbx04pk0ym80000gn/T//ccu1M4aw.s:795    .text.HAL_DBGMCU_DisableDBGStopMode:0000000000000000 HAL_DBGMCU_DisableDBGStopMode
/var/folders/v3/wysfpd052nz8jkbx04pk0ym80000gn/T//ccu1M4aw.s:812    .text.HAL_DBGMCU_DisableDBGStopMode:000000000000000c $d
/var/folders/v3/wysfpd052nz8jkbx04pk0ym80000gn/T//ccu1M4aw.s:817    .text.HAL_DBGMCU_EnableDBGStandbyMode:0000000000000000 $t
/var/folders/v3/wysfpd052nz8jkbx04pk0ym80000gn/T//ccu1M4aw.s:825    .text.HAL_DBGMCU_EnableDBGStandbyMode:0000000000000000 HAL_DBGMCU_EnableDBGStandbyMode
/var/folders/v3/wysfpd052nz8jkbx04pk0ym80000gn/T//ccu1M4aw.s:842    .text.HAL_DBGMCU_EnableDBGStandbyMode:000000000000000c $d
/var/folders/v3/wysfpd052nz8jkbx04pk0ym80000gn/T//ccu1M4aw.s:847    .text.HAL_DBGMCU_DisableDBGStandbyMode:0000000000000000 $t
/var/folders/v3/wysfpd052nz8jkbx04pk0ym80000gn/T//ccu1M4aw.s:855    .text.HAL_DBGMCU_DisableDBGStandbyMode:0000000000000000 HAL_DBGMCU_DisableDBGStandbyMode
/var/folders/v3/wysfpd052nz8jkbx04pk0ym80000gn/T//ccu1M4aw.s:872    .text.HAL_DBGMCU_DisableDBGStandbyMode:000000000000000c $d
/var/folders/v3/wysfpd052nz8jkbx04pk0ym80000gn/T//ccu1M4aw.s:883    .data.uwTickFreq:0000000000000000 uwTickFreq
/var/folders/v3/wysfpd052nz8jkbx04pk0ym80000gn/T//ccu1M4aw.s:890    .data.uwTickPrio:0000000000000000 uwTickPrio
/var/folders/v3/wysfpd052nz8jkbx04pk0ym80000gn/T//ccu1M4aw.s:886    .data.uwTickPrio:0000000000000000 $d

UNDEFINED SYMBOLS
HAL_SYSTICK_Config
HAL_NVIC_SetPriority
SystemCoreClock
HAL_NVIC_SetPriorityGrouping
