ARM GAS  /var/folders/v3/wysfpd052nz8jkbx04pk0ym80000gn/T//cc3kpG9B.s 			page 1


   1              		.cpu cortex-m4
   2              		.eabi_attribute 27, 1
   3              		.eabi_attribute 28, 1
   4              		.eabi_attribute 20, 1
   5              		.eabi_attribute 21, 1
   6              		.eabi_attribute 23, 3
   7              		.eabi_attribute 24, 1
   8              		.eabi_attribute 25, 1
   9              		.eabi_attribute 26, 1
  10              		.eabi_attribute 30, 2
  11              		.eabi_attribute 34, 1
  12              		.eabi_attribute 18, 4
  13              		.file	"u8g2_buffer.c"
  14              		.text
  15              	.Ltext0:
  16              		.cfi_sections	.debug_frame
  17              		.section	.text.u8g2_send_buffer,"ax",%progbits
  18              		.align	1
  19              		.p2align 2,,3
  20              		.syntax unified
  21              		.thumb
  22              		.thumb_func
  23              		.fpu fpv4-sp-d16
  25              	u8g2_send_buffer:
  26              	.LFB2:
  27              		.file 1 "/Users/imashio/Electronics/ARM/_Library/u8g2_buffer.c"
   1:/Users/imashio/Electronics/ARM/_Library/u8g2_buffer.c **** /* 
   2:/Users/imashio/Electronics/ARM/_Library/u8g2_buffer.c **** 
   3:/Users/imashio/Electronics/ARM/_Library/u8g2_buffer.c ****   u8g2_buffer.c 
   4:/Users/imashio/Electronics/ARM/_Library/u8g2_buffer.c **** 
   5:/Users/imashio/Electronics/ARM/_Library/u8g2_buffer.c ****   Universal 8bit Graphics Library (https://github.com/olikraus/u8g2/)
   6:/Users/imashio/Electronics/ARM/_Library/u8g2_buffer.c **** 
   7:/Users/imashio/Electronics/ARM/_Library/u8g2_buffer.c ****   Copyright (c) 2016, olikraus@gmail.com
   8:/Users/imashio/Electronics/ARM/_Library/u8g2_buffer.c ****   All rights reserved.
   9:/Users/imashio/Electronics/ARM/_Library/u8g2_buffer.c **** 
  10:/Users/imashio/Electronics/ARM/_Library/u8g2_buffer.c ****   Redistribution and use in source and binary forms, with or without modification, 
  11:/Users/imashio/Electronics/ARM/_Library/u8g2_buffer.c ****   are permitted provided that the following conditions are met:
  12:/Users/imashio/Electronics/ARM/_Library/u8g2_buffer.c **** 
  13:/Users/imashio/Electronics/ARM/_Library/u8g2_buffer.c ****   * Redistributions of source code must retain the above copyright notice, this list 
  14:/Users/imashio/Electronics/ARM/_Library/u8g2_buffer.c ****     of conditions and the following disclaimer.
  15:/Users/imashio/Electronics/ARM/_Library/u8g2_buffer.c ****     
  16:/Users/imashio/Electronics/ARM/_Library/u8g2_buffer.c ****   * Redistributions in binary form must reproduce the above copyright notice, this 
  17:/Users/imashio/Electronics/ARM/_Library/u8g2_buffer.c ****     list of conditions and the following disclaimer in the documentation and/or other 
  18:/Users/imashio/Electronics/ARM/_Library/u8g2_buffer.c ****     materials provided with the distribution.
  19:/Users/imashio/Electronics/ARM/_Library/u8g2_buffer.c **** 
  20:/Users/imashio/Electronics/ARM/_Library/u8g2_buffer.c ****   THIS SOFTWARE IS PROVIDED BY THE COPYRIGHT HOLDERS AND 
  21:/Users/imashio/Electronics/ARM/_Library/u8g2_buffer.c ****   CONTRIBUTORS "AS IS" AND ANY EXPRESS OR IMPLIED WARRANTIES, 
  22:/Users/imashio/Electronics/ARM/_Library/u8g2_buffer.c ****   INCLUDING, BUT NOT LIMITED TO, THE IMPLIED WARRANTIES OF 
  23:/Users/imashio/Electronics/ARM/_Library/u8g2_buffer.c ****   MERCHANTABILITY AND FITNESS FOR A PARTICULAR PURPOSE ARE 
  24:/Users/imashio/Electronics/ARM/_Library/u8g2_buffer.c ****   DISCLAIMED. IN NO EVENT SHALL THE COPYRIGHT HOLDER OR 
  25:/Users/imashio/Electronics/ARM/_Library/u8g2_buffer.c ****   CONTRIBUTORS BE LIABLE FOR ANY DIRECT, INDIRECT, INCIDENTAL, 
  26:/Users/imashio/Electronics/ARM/_Library/u8g2_buffer.c ****   SPECIAL, EXEMPLARY, OR CONSEQUENTIAL DAMAGES (INCLUDING, BUT 
  27:/Users/imashio/Electronics/ARM/_Library/u8g2_buffer.c ****   NOT LIMITED TO, PROCUREMENT OF SUBSTITUTE GOODS OR SERVICES; 
  28:/Users/imashio/Electronics/ARM/_Library/u8g2_buffer.c ****   LOSS OF USE, DATA, OR PROFITS; OR BUSINESS INTERRUPTION) HOWEVER 
  29:/Users/imashio/Electronics/ARM/_Library/u8g2_buffer.c ****   CAUSED AND ON ANY THEORY OF LIABILITY, WHETHER IN CONTRACT, 
  30:/Users/imashio/Electronics/ARM/_Library/u8g2_buffer.c ****   STRICT LIABILITY, OR TORT (INCLUDING NEGLIGENCE OR OTHERWISE) 
  31:/Users/imashio/Electronics/ARM/_Library/u8g2_buffer.c ****   ARISING IN ANY WAY OUT OF THE USE OF THIS SOFTWARE, EVEN IF 
ARM GAS  /var/folders/v3/wysfpd052nz8jkbx04pk0ym80000gn/T//cc3kpG9B.s 			page 2


  32:/Users/imashio/Electronics/ARM/_Library/u8g2_buffer.c ****   ADVISED OF THE POSSIBILITY OF SUCH DAMAGE.  
  33:/Users/imashio/Electronics/ARM/_Library/u8g2_buffer.c **** 
  34:/Users/imashio/Electronics/ARM/_Library/u8g2_buffer.c **** */
  35:/Users/imashio/Electronics/ARM/_Library/u8g2_buffer.c **** 
  36:/Users/imashio/Electronics/ARM/_Library/u8g2_buffer.c **** #include "u8g2.h"
  37:/Users/imashio/Electronics/ARM/_Library/u8g2_buffer.c **** #include <string.h>
  38:/Users/imashio/Electronics/ARM/_Library/u8g2_buffer.c **** 
  39:/Users/imashio/Electronics/ARM/_Library/u8g2_buffer.c **** /*============================================*/
  40:/Users/imashio/Electronics/ARM/_Library/u8g2_buffer.c **** void u8g2_ClearBuffer(u8g2_t *u8g2)
  41:/Users/imashio/Electronics/ARM/_Library/u8g2_buffer.c **** {
  42:/Users/imashio/Electronics/ARM/_Library/u8g2_buffer.c ****   size_t cnt;
  43:/Users/imashio/Electronics/ARM/_Library/u8g2_buffer.c ****   cnt = u8g2_GetU8x8(u8g2)->display_info->tile_width;
  44:/Users/imashio/Electronics/ARM/_Library/u8g2_buffer.c ****   cnt *= u8g2->tile_buf_height;
  45:/Users/imashio/Electronics/ARM/_Library/u8g2_buffer.c ****   cnt *= 8;
  46:/Users/imashio/Electronics/ARM/_Library/u8g2_buffer.c ****   memset(u8g2->tile_buf_ptr, 0, cnt);
  47:/Users/imashio/Electronics/ARM/_Library/u8g2_buffer.c **** }
  48:/Users/imashio/Electronics/ARM/_Library/u8g2_buffer.c **** 
  49:/Users/imashio/Electronics/ARM/_Library/u8g2_buffer.c **** /*============================================*/
  50:/Users/imashio/Electronics/ARM/_Library/u8g2_buffer.c **** 
  51:/Users/imashio/Electronics/ARM/_Library/u8g2_buffer.c **** static void u8g2_send_tile_row(u8g2_t *u8g2, uint8_t src_tile_row, uint8_t dest_tile_row)
  52:/Users/imashio/Electronics/ARM/_Library/u8g2_buffer.c **** {
  53:/Users/imashio/Electronics/ARM/_Library/u8g2_buffer.c ****   uint8_t *ptr;
  54:/Users/imashio/Electronics/ARM/_Library/u8g2_buffer.c ****   uint16_t offset;
  55:/Users/imashio/Electronics/ARM/_Library/u8g2_buffer.c ****   uint8_t w;
  56:/Users/imashio/Electronics/ARM/_Library/u8g2_buffer.c ****   
  57:/Users/imashio/Electronics/ARM/_Library/u8g2_buffer.c ****   w = u8g2_GetU8x8(u8g2)->display_info->tile_width;
  58:/Users/imashio/Electronics/ARM/_Library/u8g2_buffer.c ****   offset = src_tile_row;
  59:/Users/imashio/Electronics/ARM/_Library/u8g2_buffer.c ****   ptr = u8g2->tile_buf_ptr;
  60:/Users/imashio/Electronics/ARM/_Library/u8g2_buffer.c ****   offset *= w;
  61:/Users/imashio/Electronics/ARM/_Library/u8g2_buffer.c ****   offset *= 8;
  62:/Users/imashio/Electronics/ARM/_Library/u8g2_buffer.c ****   ptr += offset;
  63:/Users/imashio/Electronics/ARM/_Library/u8g2_buffer.c ****   u8x8_DrawTile(u8g2_GetU8x8(u8g2), 0, dest_tile_row, w, ptr);
  64:/Users/imashio/Electronics/ARM/_Library/u8g2_buffer.c **** }
  65:/Users/imashio/Electronics/ARM/_Library/u8g2_buffer.c **** 
  66:/Users/imashio/Electronics/ARM/_Library/u8g2_buffer.c **** /* 
  67:/Users/imashio/Electronics/ARM/_Library/u8g2_buffer.c ****   write the buffer to the display RAM. 
  68:/Users/imashio/Electronics/ARM/_Library/u8g2_buffer.c ****   For most displays, this will make the content visible to the user.
  69:/Users/imashio/Electronics/ARM/_Library/u8g2_buffer.c ****   Some displays (like the SSD1606) require a u8x8_RefreshDisplay()
  70:/Users/imashio/Electronics/ARM/_Library/u8g2_buffer.c **** */
  71:/Users/imashio/Electronics/ARM/_Library/u8g2_buffer.c **** static void u8g2_send_buffer(u8g2_t *u8g2) U8X8_NOINLINE;
  72:/Users/imashio/Electronics/ARM/_Library/u8g2_buffer.c **** static void u8g2_send_buffer(u8g2_t *u8g2)
  73:/Users/imashio/Electronics/ARM/_Library/u8g2_buffer.c **** {
  28              		.loc 1 73 0
  29              		.cfi_startproc
  30              		@ args = 0, pretend = 0, frame = 0
  31              		@ frame_needed = 0, uses_anonymous_args = 0
  32              	.LVL0:
  33 0000 2DE9F043 		push	{r4, r5, r6, r7, r8, r9, lr}
  34              	.LCFI0:
  35              		.cfi_def_cfa_offset 28
  36              		.cfi_offset 4, -28
  37              		.cfi_offset 5, -24
  38              		.cfi_offset 6, -20
  39              		.cfi_offset 7, -16
  40              		.cfi_offset 8, -12
  41              		.cfi_offset 9, -8
  42              		.cfi_offset 14, -4
ARM GAS  /var/folders/v3/wysfpd052nz8jkbx04pk0ym80000gn/T//cc3kpG9B.s 			page 3


  74:/Users/imashio/Electronics/ARM/_Library/u8g2_buffer.c ****   uint8_t src_row;
  75:/Users/imashio/Electronics/ARM/_Library/u8g2_buffer.c ****   uint8_t src_max;
  76:/Users/imashio/Electronics/ARM/_Library/u8g2_buffer.c ****   uint8_t dest_row;
  77:/Users/imashio/Electronics/ARM/_Library/u8g2_buffer.c ****   uint8_t dest_max;
  78:/Users/imashio/Electronics/ARM/_Library/u8g2_buffer.c **** 
  79:/Users/imashio/Electronics/ARM/_Library/u8g2_buffer.c ****   src_row = 0;
  80:/Users/imashio/Electronics/ARM/_Library/u8g2_buffer.c ****   src_max = u8g2->tile_buf_height;
  81:/Users/imashio/Electronics/ARM/_Library/u8g2_buffer.c ****   dest_row = u8g2->tile_curr_row;
  82:/Users/imashio/Electronics/ARM/_Library/u8g2_buffer.c ****   dest_max = u8g2_GetU8x8(u8g2)->display_info->tile_height;
  43              		.loc 1 82 0
  44 0004 0368     		ldr	r3, [r0]
  80:/Users/imashio/Electronics/ARM/_Library/u8g2_buffer.c ****   dest_row = u8g2->tile_curr_row;
  45              		.loc 1 80 0
  46 0006 90F83880 		ldrb	r8, [r0, #56]	@ zero_extendqisi2
  47              	.LVL1:
  48              		.loc 1 82 0
  49 000a 93F81190 		ldrb	r9, [r3, #17]	@ zero_extendqisi2
  81:/Users/imashio/Electronics/ARM/_Library/u8g2_buffer.c ****   dest_max = u8g2_GetU8x8(u8g2)->display_info->tile_height;
  50              		.loc 1 81 0
  51 000e 90F83970 		ldrb	r7, [r0, #57]	@ zero_extendqisi2
  52              	.LVL2:
  73:/Users/imashio/Electronics/ARM/_Library/u8g2_buffer.c ****   uint8_t src_row;
  53              		.loc 1 73 0
  54 0012 83B0     		sub	sp, sp, #12
  55              	.LCFI1:
  56              		.cfi_def_cfa_offset 40
  73:/Users/imashio/Electronics/ARM/_Library/u8g2_buffer.c ****   uint8_t src_row;
  57              		.loc 1 73 0
  58 0014 0646     		mov	r6, r0
  59              		.loc 1 82 0
  60 0016 0025     		movs	r5, #0
  61 0018 02E0     		b	.L3
  62              	.LVL3:
  63              	.L6:
  83:/Users/imashio/Electronics/ARM/_Library/u8g2_buffer.c ****   
  84:/Users/imashio/Electronics/ARM/_Library/u8g2_buffer.c ****   do
  85:/Users/imashio/Electronics/ARM/_Library/u8g2_buffer.c ****   {
  86:/Users/imashio/Electronics/ARM/_Library/u8g2_buffer.c ****     u8g2_send_tile_row(u8g2, src_row, dest_row);
  87:/Users/imashio/Electronics/ARM/_Library/u8g2_buffer.c ****     src_row++;
  88:/Users/imashio/Electronics/ARM/_Library/u8g2_buffer.c ****     dest_row++;
  89:/Users/imashio/Electronics/ARM/_Library/u8g2_buffer.c ****   } while( src_row < src_max && dest_row < dest_max );
  64              		.loc 1 89 0 discriminator 1
  65 001a 9945     		cmp	r9, r3
  66 001c 18D9     		bls	.L1
  67 001e 3368     		ldr	r3, [r6]
  68              	.L3:
  69              	.LBB8:
  70              	.LBB9:
  57:/Users/imashio/Electronics/ARM/_Library/u8g2_buffer.c ****   offset = src_tile_row;
  71              		.loc 1 57 0 discriminator 2
  72 0020 1B7C     		ldrb	r3, [r3, #16]	@ zero_extendqisi2
  59:/Users/imashio/Electronics/ARM/_Library/u8g2_buffer.c ****   offset *= w;
  73              		.loc 1 59 0 discriminator 2
  74 0022 726B     		ldr	r2, [r6, #52]
  61:/Users/imashio/Electronics/ARM/_Library/u8g2_buffer.c ****   ptr += offset;
  75              		.loc 1 61 0 discriminator 2
  76 0024 D800     		lsls	r0, r3, #3
ARM GAS  /var/folders/v3/wysfpd052nz8jkbx04pk0ym80000gn/T//cc3kpG9B.s 			page 4


  77 0026 05FB00F0 		mul	r0, r5, r0
  62:/Users/imashio/Electronics/ARM/_Library/u8g2_buffer.c ****   u8x8_DrawTile(u8g2_GetU8x8(u8g2), 0, dest_tile_row, w, ptr);
  78              		.loc 1 62 0 discriminator 2
  79 002a 4FF6F871 		movw	r1, #65528
  80 002e 0140     		ands	r1, r1, r0
  81 0030 ECB2     		uxtb	r4, r5
  82              	.LVL4:
  83 0032 0A44     		add	r2, r2, r1
  84              	.LVL5:
  63:/Users/imashio/Electronics/ARM/_Library/u8g2_buffer.c **** }
  85              		.loc 1 63 0 discriminator 2
  86 0034 3919     		adds	r1, r7, r4
  87              	.LBE9:
  88              	.LBE8:
  89              		.loc 1 89 0 discriminator 2
  90 0036 0134     		adds	r4, r4, #1
  91              	.LVL6:
  92              	.LBB12:
  93              	.LBB10:
  63:/Users/imashio/Electronics/ARM/_Library/u8g2_buffer.c **** }
  94              		.loc 1 63 0 discriminator 2
  95 0038 0092     		str	r2, [sp]
  96              	.LVL7:
  97 003a 3046     		mov	r0, r6
  98 003c CAB2     		uxtb	r2, r1
  99 003e 0135     		adds	r5, r5, #1
 100              	.LVL8:
 101 0040 0021     		movs	r1, #0
 102              	.LBE10:
 103              	.LBE12:
 104              		.loc 1 89 0 discriminator 2
 105 0042 E4B2     		uxtb	r4, r4
 106              	.LVL9:
 107              	.LBB13:
 108              	.LBB11:
  63:/Users/imashio/Electronics/ARM/_Library/u8g2_buffer.c **** }
 109              		.loc 1 63 0 discriminator 2
 110 0044 FFF7FEFF 		bl	u8x8_DrawTile
 111              	.LVL10:
 112              	.LBE11:
 113              	.LBE13:
 114              		.loc 1 89 0 discriminator 2
 115 0048 7B19     		adds	r3, r7, r5
 116 004a A045     		cmp	r8, r4
 117 004c DBB2     		uxtb	r3, r3
 118 004e E4D8     		bhi	.L6
 119              	.L1:
  90:/Users/imashio/Electronics/ARM/_Library/u8g2_buffer.c **** }
 120              		.loc 1 90 0
 121 0050 03B0     		add	sp, sp, #12
 122              	.LCFI2:
 123              		.cfi_def_cfa_offset 28
 124              		@ sp needed
 125 0052 BDE8F083 		pop	{r4, r5, r6, r7, r8, r9, pc}
 126              		.cfi_endproc
 127              	.LFE2:
 129 0056 00BF     		.section	.text.u8g2_ClearBuffer,"ax",%progbits
ARM GAS  /var/folders/v3/wysfpd052nz8jkbx04pk0ym80000gn/T//cc3kpG9B.s 			page 5


 130              		.align	1
 131              		.p2align 2,,3
 132              		.global	u8g2_ClearBuffer
 133              		.syntax unified
 134              		.thumb
 135              		.thumb_func
 136              		.fpu fpv4-sp-d16
 138              	u8g2_ClearBuffer:
 139              	.LFB0:
  41:/Users/imashio/Electronics/ARM/_Library/u8g2_buffer.c ****   size_t cnt;
 140              		.loc 1 41 0
 141              		.cfi_startproc
 142              		@ args = 0, pretend = 0, frame = 0
 143              		@ frame_needed = 0, uses_anonymous_args = 0
 144              		@ link register save eliminated.
 145              	.LVL11:
  43:/Users/imashio/Electronics/ARM/_Library/u8g2_buffer.c ****   cnt *= u8g2->tile_buf_height;
 146              		.loc 1 43 0
 147 0000 0268     		ldr	r2, [r0]
  45:/Users/imashio/Electronics/ARM/_Library/u8g2_buffer.c ****   memset(u8g2->tile_buf_ptr, 0, cnt);
 148              		.loc 1 45 0
 149 0002 90F83830 		ldrb	r3, [r0, #56]	@ zero_extendqisi2
  43:/Users/imashio/Electronics/ARM/_Library/u8g2_buffer.c ****   cnt *= u8g2->tile_buf_height;
 150              		.loc 1 43 0
 151 0006 127C     		ldrb	r2, [r2, #16]	@ zero_extendqisi2
 152              	.LVL12:
  46:/Users/imashio/Electronics/ARM/_Library/u8g2_buffer.c **** }
 153              		.loc 1 46 0
 154 0008 406B     		ldr	r0, [r0, #52]
 155              	.LVL13:
  45:/Users/imashio/Electronics/ARM/_Library/u8g2_buffer.c ****   memset(u8g2->tile_buf_ptr, 0, cnt);
 156              		.loc 1 45 0
 157 000a DB00     		lsls	r3, r3, #3
  46:/Users/imashio/Electronics/ARM/_Library/u8g2_buffer.c **** }
 158              		.loc 1 46 0
 159 000c 0021     		movs	r1, #0
 160 000e 02FB03F2 		mul	r2, r2, r3
 161              	.LVL14:
 162 0012 FFF7FEBF 		b	memset
 163              	.LVL15:
 164              		.cfi_endproc
 165              	.LFE0:
 167 0016 00BF     		.section	.text.u8g2_SendBuffer,"ax",%progbits
 168              		.align	1
 169              		.p2align 2,,3
 170              		.global	u8g2_SendBuffer
 171              		.syntax unified
 172              		.thumb
 173              		.thumb_func
 174              		.fpu fpv4-sp-d16
 176              	u8g2_SendBuffer:
 177              	.LFB3:
  91:/Users/imashio/Electronics/ARM/_Library/u8g2_buffer.c **** 
  92:/Users/imashio/Electronics/ARM/_Library/u8g2_buffer.c **** /* same as u8g2_send_buffer but also send the DISPLAY_REFRESH message (used by SSD1606) */
  93:/Users/imashio/Electronics/ARM/_Library/u8g2_buffer.c **** void u8g2_SendBuffer(u8g2_t *u8g2)
  94:/Users/imashio/Electronics/ARM/_Library/u8g2_buffer.c **** {
 178              		.loc 1 94 0
ARM GAS  /var/folders/v3/wysfpd052nz8jkbx04pk0ym80000gn/T//cc3kpG9B.s 			page 6


 179              		.cfi_startproc
 180              		@ args = 0, pretend = 0, frame = 0
 181              		@ frame_needed = 0, uses_anonymous_args = 0
 182              	.LVL16:
 183 0000 10B5     		push	{r4, lr}
 184              	.LCFI3:
 185              		.cfi_def_cfa_offset 8
 186              		.cfi_offset 4, -8
 187              		.cfi_offset 14, -4
 188              		.loc 1 94 0
 189 0002 0446     		mov	r4, r0
  95:/Users/imashio/Electronics/ARM/_Library/u8g2_buffer.c ****   u8g2_send_buffer(u8g2);
 190              		.loc 1 95 0
 191 0004 FFF7FEFF 		bl	u8g2_send_buffer
 192              	.LVL17:
  96:/Users/imashio/Electronics/ARM/_Library/u8g2_buffer.c ****   u8x8_RefreshDisplay( u8g2_GetU8x8(u8g2) );  
 193              		.loc 1 96 0
 194 0008 2046     		mov	r0, r4
  97:/Users/imashio/Electronics/ARM/_Library/u8g2_buffer.c **** }
 195              		.loc 1 97 0
 196 000a BDE81040 		pop	{r4, lr}
 197              	.LCFI4:
 198              		.cfi_restore 14
 199              		.cfi_restore 4
 200              		.cfi_def_cfa_offset 0
 201              	.LVL18:
  96:/Users/imashio/Electronics/ARM/_Library/u8g2_buffer.c ****   u8x8_RefreshDisplay( u8g2_GetU8x8(u8g2) );  
 202              		.loc 1 96 0
 203 000e FFF7FEBF 		b	u8x8_RefreshDisplay
 204              	.LVL19:
 205              		.cfi_endproc
 206              	.LFE3:
 208 0012 00BF     		.section	.text.u8g2_SetBufferCurrTileRow,"ax",%progbits
 209              		.align	1
 210              		.p2align 2,,3
 211              		.global	u8g2_SetBufferCurrTileRow
 212              		.syntax unified
 213              		.thumb
 214              		.thumb_func
 215              		.fpu fpv4-sp-d16
 217              	u8g2_SetBufferCurrTileRow:
 218              	.LFB4:
  98:/Users/imashio/Electronics/ARM/_Library/u8g2_buffer.c **** 
  99:/Users/imashio/Electronics/ARM/_Library/u8g2_buffer.c **** /*============================================*/
 100:/Users/imashio/Electronics/ARM/_Library/u8g2_buffer.c **** void u8g2_SetBufferCurrTileRow(u8g2_t *u8g2, uint8_t row)
 101:/Users/imashio/Electronics/ARM/_Library/u8g2_buffer.c **** {
 219              		.loc 1 101 0
 220              		.cfi_startproc
 221              		@ args = 0, pretend = 0, frame = 0
 222              		@ frame_needed = 0, uses_anonymous_args = 0
 223              		@ link register save eliminated.
 224              	.LVL20:
 102:/Users/imashio/Electronics/ARM/_Library/u8g2_buffer.c ****   u8g2->tile_curr_row = row;
 103:/Users/imashio/Electronics/ARM/_Library/u8g2_buffer.c ****   u8g2->cb->update(u8g2);
 225              		.loc 1 103 0
 226 0000 026B     		ldr	r2, [r0, #48]
 102:/Users/imashio/Electronics/ARM/_Library/u8g2_buffer.c ****   u8g2->tile_curr_row = row;
ARM GAS  /var/folders/v3/wysfpd052nz8jkbx04pk0ym80000gn/T//cc3kpG9B.s 			page 7


 227              		.loc 1 102 0
 228 0002 80F83910 		strb	r1, [r0, #57]
 229              		.loc 1 103 0
 230 0006 1368     		ldr	r3, [r2]
 231 0008 1847     		bx	r3	@ indirect register sibling call
 232              	.LVL21:
 233              		.cfi_endproc
 234              	.LFE4:
 236 000a 00BF     		.section	.text.u8g2_FirstPage,"ax",%progbits
 237              		.align	1
 238              		.p2align 2,,3
 239              		.global	u8g2_FirstPage
 240              		.syntax unified
 241              		.thumb
 242              		.thumb_func
 243              		.fpu fpv4-sp-d16
 245              	u8g2_FirstPage:
 246              	.LFB5:
 104:/Users/imashio/Electronics/ARM/_Library/u8g2_buffer.c **** }
 105:/Users/imashio/Electronics/ARM/_Library/u8g2_buffer.c **** 
 106:/Users/imashio/Electronics/ARM/_Library/u8g2_buffer.c **** void u8g2_FirstPage(u8g2_t *u8g2)
 107:/Users/imashio/Electronics/ARM/_Library/u8g2_buffer.c **** {
 247              		.loc 1 107 0
 248              		.cfi_startproc
 249              		@ args = 0, pretend = 0, frame = 0
 250              		@ frame_needed = 0, uses_anonymous_args = 0
 251              	.LVL22:
 252 0000 10B5     		push	{r4, lr}
 253              	.LCFI5:
 254              		.cfi_def_cfa_offset 8
 255              		.cfi_offset 4, -8
 256              		.cfi_offset 14, -4
 108:/Users/imashio/Electronics/ARM/_Library/u8g2_buffer.c ****   if ( u8g2->is_auto_page_clear )
 257              		.loc 1 108 0
 258 0002 90F87E30 		ldrb	r3, [r0, #126]	@ zero_extendqisi2
 107:/Users/imashio/Electronics/ARM/_Library/u8g2_buffer.c ****   if ( u8g2->is_auto_page_clear )
 259              		.loc 1 107 0
 260 0006 0446     		mov	r4, r0
 261              		.loc 1 108 0
 262 0008 53B1     		cbz	r3, .L12
 263              	.LVL23:
 264              	.LBB14:
 265              	.LBB15:
  43:/Users/imashio/Electronics/ARM/_Library/u8g2_buffer.c ****   cnt *= u8g2->tile_buf_height;
 266              		.loc 1 43 0
 267 000a 0268     		ldr	r2, [r0]
  45:/Users/imashio/Electronics/ARM/_Library/u8g2_buffer.c ****   memset(u8g2->tile_buf_ptr, 0, cnt);
 268              		.loc 1 45 0
 269 000c 90F83830 		ldrb	r3, [r0, #56]	@ zero_extendqisi2
  43:/Users/imashio/Electronics/ARM/_Library/u8g2_buffer.c ****   cnt *= u8g2->tile_buf_height;
 270              		.loc 1 43 0
 271 0010 127C     		ldrb	r2, [r2, #16]	@ zero_extendqisi2
 272              	.LVL24:
  46:/Users/imashio/Electronics/ARM/_Library/u8g2_buffer.c **** }
 273              		.loc 1 46 0
 274 0012 406B     		ldr	r0, [r0, #52]
 275              	.LVL25:
ARM GAS  /var/folders/v3/wysfpd052nz8jkbx04pk0ym80000gn/T//cc3kpG9B.s 			page 8


  45:/Users/imashio/Electronics/ARM/_Library/u8g2_buffer.c ****   memset(u8g2->tile_buf_ptr, 0, cnt);
 276              		.loc 1 45 0
 277 0014 DB00     		lsls	r3, r3, #3
  46:/Users/imashio/Electronics/ARM/_Library/u8g2_buffer.c **** }
 278              		.loc 1 46 0
 279 0016 02FB03F2 		mul	r2, r2, r3
 280              	.LVL26:
 281 001a 0021     		movs	r1, #0
 282 001c FFF7FEFF 		bl	memset
 283              	.LVL27:
 284              	.L12:
 285              	.LBE15:
 286              	.LBE14:
 109:/Users/imashio/Electronics/ARM/_Library/u8g2_buffer.c ****   {
 110:/Users/imashio/Electronics/ARM/_Library/u8g2_buffer.c ****     u8g2_ClearBuffer(u8g2);
 111:/Users/imashio/Electronics/ARM/_Library/u8g2_buffer.c ****   }
 112:/Users/imashio/Electronics/ARM/_Library/u8g2_buffer.c ****   u8g2_SetBufferCurrTileRow(u8g2, 0);
 287              		.loc 1 112 0
 288 0020 2046     		mov	r0, r4
 289 0022 0021     		movs	r1, #0
 113:/Users/imashio/Electronics/ARM/_Library/u8g2_buffer.c **** }
 290              		.loc 1 113 0
 291 0024 BDE81040 		pop	{r4, lr}
 292              	.LCFI6:
 293              		.cfi_restore 14
 294              		.cfi_restore 4
 295              		.cfi_def_cfa_offset 0
 296              	.LVL28:
 112:/Users/imashio/Electronics/ARM/_Library/u8g2_buffer.c **** }
 297              		.loc 1 112 0
 298 0028 FFF7FEBF 		b	u8g2_SetBufferCurrTileRow
 299              	.LVL29:
 300              		.cfi_endproc
 301              	.LFE5:
 303              		.section	.text.u8g2_NextPage,"ax",%progbits
 304              		.align	1
 305              		.p2align 2,,3
 306              		.global	u8g2_NextPage
 307              		.syntax unified
 308              		.thumb
 309              		.thumb_func
 310              		.fpu fpv4-sp-d16
 312              	u8g2_NextPage:
 313              	.LFB6:
 114:/Users/imashio/Electronics/ARM/_Library/u8g2_buffer.c **** 
 115:/Users/imashio/Electronics/ARM/_Library/u8g2_buffer.c **** uint8_t u8g2_NextPage(u8g2_t *u8g2)
 116:/Users/imashio/Electronics/ARM/_Library/u8g2_buffer.c **** {
 314              		.loc 1 116 0
 315              		.cfi_startproc
 316              		@ args = 0, pretend = 0, frame = 0
 317              		@ frame_needed = 0, uses_anonymous_args = 0
 318              	.LVL30:
 319 0000 38B5     		push	{r3, r4, r5, lr}
 320              	.LCFI7:
 321              		.cfi_def_cfa_offset 16
 322              		.cfi_offset 3, -16
 323              		.cfi_offset 4, -12
ARM GAS  /var/folders/v3/wysfpd052nz8jkbx04pk0ym80000gn/T//cc3kpG9B.s 			page 9


 324              		.cfi_offset 5, -8
 325              		.cfi_offset 14, -4
 326              		.loc 1 116 0
 327 0002 0546     		mov	r5, r0
 117:/Users/imashio/Electronics/ARM/_Library/u8g2_buffer.c ****   uint8_t row;
 118:/Users/imashio/Electronics/ARM/_Library/u8g2_buffer.c ****   u8g2_send_buffer(u8g2);
 328              		.loc 1 118 0
 329 0004 FFF7FEFF 		bl	u8g2_send_buffer
 330              	.LVL31:
 119:/Users/imashio/Electronics/ARM/_Library/u8g2_buffer.c ****   row = u8g2->tile_curr_row;
 331              		.loc 1 119 0
 332 0008 95F83940 		ldrb	r4, [r5, #57]	@ zero_extendqisi2
 333              	.LVL32:
 120:/Users/imashio/Electronics/ARM/_Library/u8g2_buffer.c ****   row += u8g2->tile_buf_height;
 334              		.loc 1 120 0
 335 000c 95F83830 		ldrb	r3, [r5, #56]	@ zero_extendqisi2
 121:/Users/imashio/Electronics/ARM/_Library/u8g2_buffer.c ****   if ( row >= u8g2_GetU8x8(u8g2)->display_info->tile_height )
 336              		.loc 1 121 0
 337 0010 2A68     		ldr	r2, [r5]
 120:/Users/imashio/Electronics/ARM/_Library/u8g2_buffer.c ****   row += u8g2->tile_buf_height;
 338              		.loc 1 120 0
 339 0012 1C44     		add	r4, r4, r3
 340              	.LVL33:
 341              		.loc 1 121 0
 342 0014 517C     		ldrb	r1, [r2, #17]	@ zero_extendqisi2
 120:/Users/imashio/Electronics/ARM/_Library/u8g2_buffer.c ****   row += u8g2->tile_buf_height;
 343              		.loc 1 120 0
 344 0016 E4B2     		uxtb	r4, r4
 345              	.LVL34:
 346              		.loc 1 121 0
 347 0018 A142     		cmp	r1, r4
 348 001a 16D9     		bls	.L25
 122:/Users/imashio/Electronics/ARM/_Library/u8g2_buffer.c ****   {
 123:/Users/imashio/Electronics/ARM/_Library/u8g2_buffer.c ****     u8x8_RefreshDisplay( u8g2_GetU8x8(u8g2) );
 124:/Users/imashio/Electronics/ARM/_Library/u8g2_buffer.c ****     return 0;
 125:/Users/imashio/Electronics/ARM/_Library/u8g2_buffer.c ****   }
 126:/Users/imashio/Electronics/ARM/_Library/u8g2_buffer.c ****   if ( u8g2->is_auto_page_clear )
 349              		.loc 1 126 0
 350 001c 95F87E10 		ldrb	r1, [r5, #126]	@ zero_extendqisi2
 351 0020 29B9     		cbnz	r1, .L26
 127:/Users/imashio/Electronics/ARM/_Library/u8g2_buffer.c ****   {
 128:/Users/imashio/Electronics/ARM/_Library/u8g2_buffer.c ****     u8g2_ClearBuffer(u8g2);
 129:/Users/imashio/Electronics/ARM/_Library/u8g2_buffer.c ****   }
 130:/Users/imashio/Electronics/ARM/_Library/u8g2_buffer.c ****   u8g2_SetBufferCurrTileRow(u8g2, row);
 352              		.loc 1 130 0
 353 0022 2846     		mov	r0, r5
 354 0024 2146     		mov	r1, r4
 355 0026 FFF7FEFF 		bl	u8g2_SetBufferCurrTileRow
 356              	.LVL35:
 131:/Users/imashio/Electronics/ARM/_Library/u8g2_buffer.c ****   return 1;
 357              		.loc 1 131 0
 358 002a 0120     		movs	r0, #1
 359              	.L19:
 132:/Users/imashio/Electronics/ARM/_Library/u8g2_buffer.c **** }
 360              		.loc 1 132 0
 361 002c 38BD     		pop	{r3, r4, r5, pc}
 362              	.LVL36:
ARM GAS  /var/folders/v3/wysfpd052nz8jkbx04pk0ym80000gn/T//cc3kpG9B.s 			page 10


 363              	.L26:
 364              	.LBB16:
 365              	.LBB17:
  43:/Users/imashio/Electronics/ARM/_Library/u8g2_buffer.c ****   cnt *= u8g2->tile_buf_height;
 366              		.loc 1 43 0
 367 002e 127C     		ldrb	r2, [r2, #16]	@ zero_extendqisi2
 368              	.LVL37:
  46:/Users/imashio/Electronics/ARM/_Library/u8g2_buffer.c **** }
 369              		.loc 1 46 0
 370 0030 686B     		ldr	r0, [r5, #52]
  45:/Users/imashio/Electronics/ARM/_Library/u8g2_buffer.c ****   memset(u8g2->tile_buf_ptr, 0, cnt);
 371              		.loc 1 45 0
 372 0032 DB00     		lsls	r3, r3, #3
 373              	.LVL38:
  46:/Users/imashio/Electronics/ARM/_Library/u8g2_buffer.c **** }
 374              		.loc 1 46 0
 375 0034 02FB03F2 		mul	r2, r2, r3
 376 0038 0021     		movs	r1, #0
 377 003a FFF7FEFF 		bl	memset
 378              	.LVL39:
 379              	.LBE17:
 380              	.LBE16:
 130:/Users/imashio/Electronics/ARM/_Library/u8g2_buffer.c ****   return 1;
 381              		.loc 1 130 0
 382 003e 2846     		mov	r0, r5
 383 0040 2146     		mov	r1, r4
 384 0042 FFF7FEFF 		bl	u8g2_SetBufferCurrTileRow
 385              	.LVL40:
 131:/Users/imashio/Electronics/ARM/_Library/u8g2_buffer.c **** }
 386              		.loc 1 131 0
 387 0046 0120     		movs	r0, #1
 388 0048 F0E7     		b	.L19
 389              	.LVL41:
 390              	.L25:
 123:/Users/imashio/Electronics/ARM/_Library/u8g2_buffer.c ****     return 0;
 391              		.loc 1 123 0
 392 004a 2846     		mov	r0, r5
 393 004c FFF7FEFF 		bl	u8x8_RefreshDisplay
 394              	.LVL42:
 124:/Users/imashio/Electronics/ARM/_Library/u8g2_buffer.c ****   }
 395              		.loc 1 124 0
 396 0050 0020     		movs	r0, #0
 397              		.loc 1 132 0
 398 0052 38BD     		pop	{r3, r4, r5, pc}
 399              		.cfi_endproc
 400              	.LFE6:
 402              		.text
 403              	.Letext0:
 404              		.file 2 "/usr/local/gcc-arm-none-eabi-7-2018-q2-update/arm-none-eabi/include/machine/_default_type
 405              		.file 3 "/usr/local/gcc-arm-none-eabi-7-2018-q2-update/arm-none-eabi/include/sys/_stdint.h"
 406              		.file 4 "/usr/local/gcc-arm-none-eabi-7-2018-q2-update/lib/gcc/arm-none-eabi/7.3.1/include/stddef.
 407              		.file 5 "/Users/imashio/Electronics/ARM/_Library/u8x8.h"
 408              		.file 6 "/Users/imashio/Electronics/ARM/_Library/u8g2.h"
 409              		.file 7 "/usr/local/gcc-arm-none-eabi-7-2018-q2-update/arm-none-eabi/include/sys/lock.h"
 410              		.file 8 "/usr/local/gcc-arm-none-eabi-7-2018-q2-update/arm-none-eabi/include/sys/_types.h"
 411              		.file 9 "/usr/local/gcc-arm-none-eabi-7-2018-q2-update/arm-none-eabi/include/sys/reent.h"
 412              		.file 10 "<built-in>"
ARM GAS  /var/folders/v3/wysfpd052nz8jkbx04pk0ym80000gn/T//cc3kpG9B.s 			page 11


ARM GAS  /var/folders/v3/wysfpd052nz8jkbx04pk0ym80000gn/T//cc3kpG9B.s 			page 12


DEFINED SYMBOLS
                            *ABS*:0000000000000000 u8g2_buffer.c
/var/folders/v3/wysfpd052nz8jkbx04pk0ym80000gn/T//cc3kpG9B.s:18     .text.u8g2_send_buffer:0000000000000000 $t
/var/folders/v3/wysfpd052nz8jkbx04pk0ym80000gn/T//cc3kpG9B.s:25     .text.u8g2_send_buffer:0000000000000000 u8g2_send_buffer
/var/folders/v3/wysfpd052nz8jkbx04pk0ym80000gn/T//cc3kpG9B.s:130    .text.u8g2_ClearBuffer:0000000000000000 $t
/var/folders/v3/wysfpd052nz8jkbx04pk0ym80000gn/T//cc3kpG9B.s:138    .text.u8g2_ClearBuffer:0000000000000000 u8g2_ClearBuffer
/var/folders/v3/wysfpd052nz8jkbx04pk0ym80000gn/T//cc3kpG9B.s:168    .text.u8g2_SendBuffer:0000000000000000 $t
/var/folders/v3/wysfpd052nz8jkbx04pk0ym80000gn/T//cc3kpG9B.s:176    .text.u8g2_SendBuffer:0000000000000000 u8g2_SendBuffer
/var/folders/v3/wysfpd052nz8jkbx04pk0ym80000gn/T//cc3kpG9B.s:209    .text.u8g2_SetBufferCurrTileRow:0000000000000000 $t
/var/folders/v3/wysfpd052nz8jkbx04pk0ym80000gn/T//cc3kpG9B.s:217    .text.u8g2_SetBufferCurrTileRow:0000000000000000 u8g2_SetBufferCurrTileRow
/var/folders/v3/wysfpd052nz8jkbx04pk0ym80000gn/T//cc3kpG9B.s:237    .text.u8g2_FirstPage:0000000000000000 $t
/var/folders/v3/wysfpd052nz8jkbx04pk0ym80000gn/T//cc3kpG9B.s:245    .text.u8g2_FirstPage:0000000000000000 u8g2_FirstPage
/var/folders/v3/wysfpd052nz8jkbx04pk0ym80000gn/T//cc3kpG9B.s:304    .text.u8g2_NextPage:0000000000000000 $t
/var/folders/v3/wysfpd052nz8jkbx04pk0ym80000gn/T//cc3kpG9B.s:312    .text.u8g2_NextPage:0000000000000000 u8g2_NextPage

UNDEFINED SYMBOLS
u8x8_DrawTile
memset
u8x8_RefreshDisplay
