ARM GAS  /var/folders/v3/wysfpd052nz8jkbx04pk0ym80000gn/T//ccMMB7Qt.s 			page 1


   1              		.cpu cortex-m4
   2              		.eabi_attribute 27, 1
   3              		.eabi_attribute 28, 1
   4              		.eabi_attribute 20, 1
   5              		.eabi_attribute 21, 1
   6              		.eabi_attribute 23, 3
   7              		.eabi_attribute 24, 1
   8              		.eabi_attribute 25, 1
   9              		.eabi_attribute 26, 1
  10              		.eabi_attribute 30, 1
  11              		.eabi_attribute 34, 1
  12              		.eabi_attribute 18, 4
  13              		.file	"u8g2_kerning.c"
  14              		.text
  15              	.Ltext0:
  16              		.cfi_sections	.debug_frame
  17              		.section	.text.u8g2_GetKerning,"ax",%progbits
  18              		.align	1
  19              		.global	u8g2_GetKerning
  20              		.syntax unified
  21              		.thumb
  22              		.thumb_func
  23              		.fpu fpv4-sp-d16
  25              	u8g2_GetKerning:
  26              	.LFB0:
  27              		.file 1 "/Users/imashio/Electronics/ARM/_Library/u8g2_kerning.c"
   1:/Users/imashio/Electronics/ARM/_Library/u8g2_kerning.c **** /*
   2:/Users/imashio/Electronics/ARM/_Library/u8g2_kerning.c **** 
   3:/Users/imashio/Electronics/ARM/_Library/u8g2_kerning.c ****   u8g2_kerning.c
   4:/Users/imashio/Electronics/ARM/_Library/u8g2_kerning.c **** 
   5:/Users/imashio/Electronics/ARM/_Library/u8g2_kerning.c ****   Universal 8bit Graphics Library (https://github.com/olikraus/u8g2/)
   6:/Users/imashio/Electronics/ARM/_Library/u8g2_kerning.c **** 
   7:/Users/imashio/Electronics/ARM/_Library/u8g2_kerning.c ****   Copyright (c) 2016, olikraus@gmail.com
   8:/Users/imashio/Electronics/ARM/_Library/u8g2_kerning.c ****   All rights reserved.
   9:/Users/imashio/Electronics/ARM/_Library/u8g2_kerning.c **** 
  10:/Users/imashio/Electronics/ARM/_Library/u8g2_kerning.c ****   Redistribution and use in source and binary forms, with or without modification, 
  11:/Users/imashio/Electronics/ARM/_Library/u8g2_kerning.c ****   are permitted provided that the following conditions are met:
  12:/Users/imashio/Electronics/ARM/_Library/u8g2_kerning.c **** 
  13:/Users/imashio/Electronics/ARM/_Library/u8g2_kerning.c ****   * Redistributions of source code must retain the above copyright notice, this list 
  14:/Users/imashio/Electronics/ARM/_Library/u8g2_kerning.c ****     of conditions and the following disclaimer.
  15:/Users/imashio/Electronics/ARM/_Library/u8g2_kerning.c ****     
  16:/Users/imashio/Electronics/ARM/_Library/u8g2_kerning.c ****   * Redistributions in binary form must reproduce the above copyright notice, this 
  17:/Users/imashio/Electronics/ARM/_Library/u8g2_kerning.c ****     list of conditions and the following disclaimer in the documentation and/or other 
  18:/Users/imashio/Electronics/ARM/_Library/u8g2_kerning.c ****     materials provided with the distribution.
  19:/Users/imashio/Electronics/ARM/_Library/u8g2_kerning.c **** 
  20:/Users/imashio/Electronics/ARM/_Library/u8g2_kerning.c ****   THIS SOFTWARE IS PROVIDED BY THE COPYRIGHT HOLDERS AND 
  21:/Users/imashio/Electronics/ARM/_Library/u8g2_kerning.c ****   CONTRIBUTORS "AS IS" AND ANY EXPRESS OR IMPLIED WARRANTIES, 
  22:/Users/imashio/Electronics/ARM/_Library/u8g2_kerning.c ****   INCLUDING, BUT NOT LIMITED TO, THE IMPLIED WARRANTIES OF 
  23:/Users/imashio/Electronics/ARM/_Library/u8g2_kerning.c ****   MERCHANTABILITY AND FITNESS FOR A PARTICULAR PURPOSE ARE 
  24:/Users/imashio/Electronics/ARM/_Library/u8g2_kerning.c ****   DISCLAIMED. IN NO EVENT SHALL THE COPYRIGHT HOLDER OR 
  25:/Users/imashio/Electronics/ARM/_Library/u8g2_kerning.c ****   CONTRIBUTORS BE LIABLE FOR ANY DIRECT, INDIRECT, INCIDENTAL, 
  26:/Users/imashio/Electronics/ARM/_Library/u8g2_kerning.c ****   SPECIAL, EXEMPLARY, OR CONSEQUENTIAL DAMAGES (INCLUDING, BUT 
  27:/Users/imashio/Electronics/ARM/_Library/u8g2_kerning.c ****   NOT LIMITED TO, PROCUREMENT OF SUBSTITUTE GOODS OR SERVICES; 
  28:/Users/imashio/Electronics/ARM/_Library/u8g2_kerning.c ****   LOSS OF USE, DATA, OR PROFITS; OR BUSINESS INTERRUPTION) HOWEVER 
  29:/Users/imashio/Electronics/ARM/_Library/u8g2_kerning.c ****   CAUSED AND ON ANY THEORY OF LIABILITY, WHETHER IN CONTRACT, 
  30:/Users/imashio/Electronics/ARM/_Library/u8g2_kerning.c ****   STRICT LIABILITY, OR TORT (INCLUDING NEGLIGENCE OR OTHERWISE) 
  31:/Users/imashio/Electronics/ARM/_Library/u8g2_kerning.c ****   ARISING IN ANY WAY OUT OF THE USE OF THIS SOFTWARE, EVEN IF 
ARM GAS  /var/folders/v3/wysfpd052nz8jkbx04pk0ym80000gn/T//ccMMB7Qt.s 			page 2


  32:/Users/imashio/Electronics/ARM/_Library/u8g2_kerning.c ****   ADVISED OF THE POSSIBILITY OF SUCH DAMAGE.  
  33:/Users/imashio/Electronics/ARM/_Library/u8g2_kerning.c **** 
  34:/Users/imashio/Electronics/ARM/_Library/u8g2_kerning.c **** */
  35:/Users/imashio/Electronics/ARM/_Library/u8g2_kerning.c **** 
  36:/Users/imashio/Electronics/ARM/_Library/u8g2_kerning.c **** #include "u8g2.h"
  37:/Users/imashio/Electronics/ARM/_Library/u8g2_kerning.c **** 
  38:/Users/imashio/Electronics/ARM/_Library/u8g2_kerning.c **** /* this function is used as "u8g2_get_kerning_cb" */
  39:/Users/imashio/Electronics/ARM/_Library/u8g2_kerning.c **** /*
  40:/Users/imashio/Electronics/ARM/_Library/u8g2_kerning.c **** uint8_t u8g2_GetNullKerning(u8g2_t *u8g2, uint16_t e1, uint16_t e2)
  41:/Users/imashio/Electronics/ARM/_Library/u8g2_kerning.c **** {
  42:/Users/imashio/Electronics/ARM/_Library/u8g2_kerning.c ****   return 0;
  43:/Users/imashio/Electronics/ARM/_Library/u8g2_kerning.c **** }
  44:/Users/imashio/Electronics/ARM/_Library/u8g2_kerning.c **** */
  45:/Users/imashio/Electronics/ARM/_Library/u8g2_kerning.c **** 
  46:/Users/imashio/Electronics/ARM/_Library/u8g2_kerning.c **** /* this function is used as "u8g2_get_kerning_cb" */
  47:/Users/imashio/Electronics/ARM/_Library/u8g2_kerning.c **** uint8_t u8g2_GetKerning(U8X8_UNUSED u8g2_t *u8g2, u8g2_kerning_t *kerning, uint16_t e1, uint16_t e2
  48:/Users/imashio/Electronics/ARM/_Library/u8g2_kerning.c **** {
  28              		.loc 1 48 0
  29              		.cfi_startproc
  30              		@ args = 0, pretend = 0, frame = 0
  31              		@ frame_needed = 0, uses_anonymous_args = 0
  32              		@ link register save eliminated.
  33              	.LVL0:
  49:/Users/imashio/Electronics/ARM/_Library/u8g2_kerning.c ****   uint16_t i1, i2, cnt, end;
  50:/Users/imashio/Electronics/ARM/_Library/u8g2_kerning.c ****   if ( kerning == NULL )
  34              		.loc 1 50 0
  35 0000 31B3     		cbz	r1, .L9
  48:/Users/imashio/Electronics/ARM/_Library/u8g2_kerning.c ****   uint16_t i1, i2, cnt, end;
  36              		.loc 1 48 0
  37 0002 30B4     		push	{r4, r5}
  38              	.LCFI0:
  39              		.cfi_def_cfa_offset 8
  40              		.cfi_offset 4, -8
  41              		.cfi_offset 5, -4
  42 0004 0846     		mov	r0, r1
  43              	.LVL1:
  51:/Users/imashio/Electronics/ARM/_Library/u8g2_kerning.c ****     return 0;
  52:/Users/imashio/Electronics/ARM/_Library/u8g2_kerning.c ****   
  53:/Users/imashio/Electronics/ARM/_Library/u8g2_kerning.c ****   /* search for the encoding in the first table */
  54:/Users/imashio/Electronics/ARM/_Library/u8g2_kerning.c ****   cnt = kerning->first_table_cnt;
  44              		.loc 1 54 0
  45 0006 0C88     		ldrh	r4, [r1]
  46              	.LVL2:
  55:/Users/imashio/Electronics/ARM/_Library/u8g2_kerning.c ****   cnt--;	/* ignore the last element of the table, which is 0x0ffff */
  47              		.loc 1 55 0
  48 0008 013C     		subs	r4, r4, #1
  49              	.LVL3:
  50 000a A4B2     		uxth	r4, r4
  51              	.LVL4:
  56:/Users/imashio/Electronics/ARM/_Library/u8g2_kerning.c ****   for( i1 = 0; i1 < cnt; i1++ )
  52              		.loc 1 56 0
  53 000c 0021     		movs	r1, #0
  54              	.LVL5:
  55              	.L3:
  56              		.loc 1 56 0 is_stmt 0 discriminator 1
  57 000e A142     		cmp	r1, r4
  58 0010 07D2     		bcs	.L4
ARM GAS  /var/folders/v3/wysfpd052nz8jkbx04pk0ym80000gn/T//ccMMB7Qt.s 			page 3


  57:/Users/imashio/Electronics/ARM/_Library/u8g2_kerning.c ****   {
  58:/Users/imashio/Electronics/ARM/_Library/u8g2_kerning.c ****     if ( kerning->first_encoding_table[i1] == e1 )
  59              		.loc 1 58 0 is_stmt 1
  60 0012 4568     		ldr	r5, [r0, #4]
  61 0014 35F81150 		ldrh	r5, [r5, r1, lsl #1]
  62 0018 9542     		cmp	r5, r2
  63 001a 02D0     		beq	.L4
  56:/Users/imashio/Electronics/ARM/_Library/u8g2_kerning.c ****   for( i1 = 0; i1 < cnt; i1++ )
  64              		.loc 1 56 0 discriminator 2
  65 001c 0131     		adds	r1, r1, #1
  66              	.LVL6:
  67 001e 89B2     		uxth	r1, r1
  68              	.LVL7:
  69 0020 F5E7     		b	.L3
  70              	.L4:
  59:/Users/imashio/Electronics/ARM/_Library/u8g2_kerning.c ****       break;
  60:/Users/imashio/Electronics/ARM/_Library/u8g2_kerning.c ****   }
  61:/Users/imashio/Electronics/ARM/_Library/u8g2_kerning.c ****   if ( i1 >= cnt )
  71              		.loc 1 61 0
  72 0022 A142     		cmp	r1, r4
  73 0024 16D2     		bcs	.L10
  62:/Users/imashio/Electronics/ARM/_Library/u8g2_kerning.c ****     return 0;	/* e1 not part of the kerning table, return 0 */
  63:/Users/imashio/Electronics/ARM/_Library/u8g2_kerning.c **** 
  64:/Users/imashio/Electronics/ARM/_Library/u8g2_kerning.c ****   /* get the upper index for i2 */
  65:/Users/imashio/Electronics/ARM/_Library/u8g2_kerning.c ****   end = kerning->index_to_second_table[i1+1];
  74              		.loc 1 65 0
  75 0026 8268     		ldr	r2, [r0, #8]
  76              	.LVL8:
  77 0028 4C1C     		adds	r4, r1, #1
  78              	.LVL9:
  79 002a 32F81440 		ldrh	r4, [r2, r4, lsl #1]
  80              	.LVL10:
  66:/Users/imashio/Electronics/ARM/_Library/u8g2_kerning.c ****   for( i2 = kerning->index_to_second_table[i1]; i2 < end; i2++ )
  81              		.loc 1 66 0
  82 002e 32F81120 		ldrh	r2, [r2, r1, lsl #1]
  83              	.LVL11:
  84              	.L6:
  85              		.loc 1 66 0 is_stmt 0 discriminator 1
  86 0032 A242     		cmp	r2, r4
  87 0034 07D2     		bcs	.L7
  67:/Users/imashio/Electronics/ARM/_Library/u8g2_kerning.c ****   {
  68:/Users/imashio/Electronics/ARM/_Library/u8g2_kerning.c ****     if ( kerning->second_encoding_table[i2] == e2 )
  88              		.loc 1 68 0 is_stmt 1
  89 0036 C168     		ldr	r1, [r0, #12]
  90 0038 31F81210 		ldrh	r1, [r1, r2, lsl #1]
  91 003c 9942     		cmp	r1, r3
  92 003e 02D0     		beq	.L7
  66:/Users/imashio/Electronics/ARM/_Library/u8g2_kerning.c ****   for( i2 = kerning->index_to_second_table[i1]; i2 < end; i2++ )
  93              		.loc 1 66 0 discriminator 2
  94 0040 0132     		adds	r2, r2, #1
  95              	.LVL12:
  96 0042 92B2     		uxth	r2, r2
  97              	.LVL13:
  98 0044 F5E7     		b	.L6
  99              	.L7:
  69:/Users/imashio/Electronics/ARM/_Library/u8g2_kerning.c ****       break;
  70:/Users/imashio/Electronics/ARM/_Library/u8g2_kerning.c ****   }
ARM GAS  /var/folders/v3/wysfpd052nz8jkbx04pk0ym80000gn/T//ccMMB7Qt.s 			page 4


  71:/Users/imashio/Electronics/ARM/_Library/u8g2_kerning.c ****   
  72:/Users/imashio/Electronics/ARM/_Library/u8g2_kerning.c ****   if ( i2 >= end )
 100              		.loc 1 72 0
 101 0046 A242     		cmp	r2, r4
 102 0048 07D2     		bcs	.L11
  73:/Users/imashio/Electronics/ARM/_Library/u8g2_kerning.c ****     return 0;	/* e2 not part of any pair with e1, return 0 */
  74:/Users/imashio/Electronics/ARM/_Library/u8g2_kerning.c ****   
  75:/Users/imashio/Electronics/ARM/_Library/u8g2_kerning.c ****   return kerning->kerning_values[i2];
 103              		.loc 1 75 0
 104 004a 0369     		ldr	r3, [r0, #16]
 105              	.LVL14:
 106 004c 985C     		ldrb	r0, [r3, r2]	@ zero_extendqisi2
 107              	.LVL15:
 108 004e 02E0     		b	.L2
 109              	.LVL16:
 110              	.L9:
 111              	.LCFI1:
 112              		.cfi_def_cfa_offset 0
 113              		.cfi_restore 4
 114              		.cfi_restore 5
  51:/Users/imashio/Electronics/ARM/_Library/u8g2_kerning.c ****   
 115              		.loc 1 51 0
 116 0050 0020     		movs	r0, #0
 117              	.LVL17:
  76:/Users/imashio/Electronics/ARM/_Library/u8g2_kerning.c **** }
 118              		.loc 1 76 0
 119 0052 7047     		bx	lr
 120              	.LVL18:
 121              	.L10:
 122              	.LCFI2:
 123              		.cfi_def_cfa_offset 8
 124              		.cfi_offset 4, -8
 125              		.cfi_offset 5, -4
  62:/Users/imashio/Electronics/ARM/_Library/u8g2_kerning.c **** 
 126              		.loc 1 62 0
 127 0054 0020     		movs	r0, #0
 128              	.LVL19:
 129              	.L2:
 130              		.loc 1 76 0
 131 0056 30BC     		pop	{r4, r5}
 132              	.LCFI3:
 133              		.cfi_remember_state
 134              		.cfi_restore 5
 135              		.cfi_restore 4
 136              		.cfi_def_cfa_offset 0
 137 0058 7047     		bx	lr
 138              	.LVL20:
 139              	.L11:
 140              	.LCFI4:
 141              		.cfi_restore_state
  73:/Users/imashio/Electronics/ARM/_Library/u8g2_kerning.c ****   
 142              		.loc 1 73 0
 143 005a 0020     		movs	r0, #0
 144              	.LVL21:
 145 005c FBE7     		b	.L2
 146              		.cfi_endproc
 147              	.LFE0:
ARM GAS  /var/folders/v3/wysfpd052nz8jkbx04pk0ym80000gn/T//ccMMB7Qt.s 			page 5


 149              		.section	.text.u8g2_GetKerningByTable,"ax",%progbits
 150              		.align	1
 151              		.global	u8g2_GetKerningByTable
 152              		.syntax unified
 153              		.thumb
 154              		.thumb_func
 155              		.fpu fpv4-sp-d16
 157              	u8g2_GetKerningByTable:
 158              	.LFB1:
  77:/Users/imashio/Electronics/ARM/_Library/u8g2_kerning.c **** 
  78:/Users/imashio/Electronics/ARM/_Library/u8g2_kerning.c **** uint8_t u8g2_GetKerningByTable(U8X8_UNUSED u8g2_t *u8g2, const uint16_t *kt, uint16_t e1, uint16_t 
  79:/Users/imashio/Electronics/ARM/_Library/u8g2_kerning.c **** {
 159              		.loc 1 79 0
 160              		.cfi_startproc
 161              		@ args = 0, pretend = 0, frame = 0
 162              		@ frame_needed = 0, uses_anonymous_args = 0
 163              		@ link register save eliminated.
 164              	.LVL22:
  80:/Users/imashio/Electronics/ARM/_Library/u8g2_kerning.c ****   uint16_t i;
  81:/Users/imashio/Electronics/ARM/_Library/u8g2_kerning.c ****   i = 0;
  82:/Users/imashio/Electronics/ARM/_Library/u8g2_kerning.c ****   if ( kt == NULL )
 165              		.loc 1 82 0
 166 0000 B9B1     		cbz	r1, .L20
  79:/Users/imashio/Electronics/ARM/_Library/u8g2_kerning.c ****   uint16_t i;
 167              		.loc 1 79 0
 168 0002 70B4     		push	{r4, r5, r6}
 169              	.LCFI5:
 170              		.cfi_def_cfa_offset 12
 171              		.cfi_offset 4, -12
 172              		.cfi_offset 5, -8
 173              		.cfi_offset 6, -4
 174 0004 0D46     		mov	r5, r1
  81:/Users/imashio/Electronics/ARM/_Library/u8g2_kerning.c ****   if ( kt == NULL )
 175              		.loc 1 81 0
 176 0006 0021     		movs	r1, #0
 177              	.LVL23:
 178 0008 01E0     		b	.L19
 179              	.LVL24:
 180              	.L18:
  83:/Users/imashio/Electronics/ARM/_Library/u8g2_kerning.c ****     return 0;
  84:/Users/imashio/Electronics/ARM/_Library/u8g2_kerning.c ****   for(;;)
  85:/Users/imashio/Electronics/ARM/_Library/u8g2_kerning.c ****   {
  86:/Users/imashio/Electronics/ARM/_Library/u8g2_kerning.c ****     if ( kt[i] == 0x0ffff )
  87:/Users/imashio/Electronics/ARM/_Library/u8g2_kerning.c ****       break;
  88:/Users/imashio/Electronics/ARM/_Library/u8g2_kerning.c ****     if ( kt[i] == e1 && kt[i+1] == e2 )
  89:/Users/imashio/Electronics/ARM/_Library/u8g2_kerning.c ****       return kt[i+2];
  90:/Users/imashio/Electronics/ARM/_Library/u8g2_kerning.c ****     i+=3;
 181              		.loc 1 90 0
 182 000a 0331     		adds	r1, r1, #3
 183              	.LVL25:
 184 000c 89B2     		uxth	r1, r1
 185              	.LVL26:
 186              	.L19:
  86:/Users/imashio/Electronics/ARM/_Library/u8g2_kerning.c ****       break;
 187              		.loc 1 86 0
 188 000e 0E46     		mov	r6, r1
 189 0010 35F81100 		ldrh	r0, [r5, r1, lsl #1]
ARM GAS  /var/folders/v3/wysfpd052nz8jkbx04pk0ym80000gn/T//ccMMB7Qt.s 			page 6


 190 0014 4FF6FF74 		movw	r4, #65535
 191 0018 A042     		cmp	r0, r4
 192 001a 0CD0     		beq	.L21
  88:/Users/imashio/Electronics/ARM/_Library/u8g2_kerning.c ****       return kt[i+2];
 193              		.loc 1 88 0
 194 001c 9042     		cmp	r0, r2
 195 001e F4D1     		bne	.L18
  88:/Users/imashio/Electronics/ARM/_Library/u8g2_kerning.c ****       return kt[i+2];
 196              		.loc 1 88 0 is_stmt 0 discriminator 1
 197 0020 481C     		adds	r0, r1, #1
 198 0022 35F81000 		ldrh	r0, [r5, r0, lsl #1]
 199 0026 9842     		cmp	r0, r3
 200 0028 EFD1     		bne	.L18
  89:/Users/imashio/Electronics/ARM/_Library/u8g2_kerning.c ****     i+=3;
 201              		.loc 1 89 0 is_stmt 1
 202 002a 0236     		adds	r6, r6, #2
 203 002c 15F81600 		ldrb	r0, [r5, r6, lsl #1]	@ zero_extendqisi2
 204 0030 02E0     		b	.L17
 205              	.LVL27:
 206              	.L20:
 207              	.LCFI6:
 208              		.cfi_def_cfa_offset 0
 209              		.cfi_restore 4
 210              		.cfi_restore 5
 211              		.cfi_restore 6
  83:/Users/imashio/Electronics/ARM/_Library/u8g2_kerning.c ****   for(;;)
 212              		.loc 1 83 0
 213 0032 0020     		movs	r0, #0
 214              	.LVL28:
  91:/Users/imashio/Electronics/ARM/_Library/u8g2_kerning.c ****   }
  92:/Users/imashio/Electronics/ARM/_Library/u8g2_kerning.c ****   return 0;
  93:/Users/imashio/Electronics/ARM/_Library/u8g2_kerning.c **** }
 215              		.loc 1 93 0
 216 0034 7047     		bx	lr
 217              	.LVL29:
 218              	.L21:
 219              	.LCFI7:
 220              		.cfi_def_cfa_offset 12
 221              		.cfi_offset 4, -12
 222              		.cfi_offset 5, -8
 223              		.cfi_offset 6, -4
  92:/Users/imashio/Electronics/ARM/_Library/u8g2_kerning.c **** }
 224              		.loc 1 92 0
 225 0036 0020     		movs	r0, #0
 226              	.L17:
 227              		.loc 1 93 0
 228 0038 70BC     		pop	{r4, r5, r6}
 229              	.LCFI8:
 230              		.cfi_restore 6
 231              		.cfi_restore 5
 232              		.cfi_restore 4
 233              		.cfi_def_cfa_offset 0
 234              	.LVL30:
 235 003a 7047     		bx	lr
 236              		.cfi_endproc
 237              	.LFE1:
 239              		.text
ARM GAS  /var/folders/v3/wysfpd052nz8jkbx04pk0ym80000gn/T//ccMMB7Qt.s 			page 7


 240              	.Letext0:
 241              		.file 2 "/usr/local/gcc-arm-none-eabi-7-2018-q2-update/arm-none-eabi/include/machine/_default_type
 242              		.file 3 "/usr/local/gcc-arm-none-eabi-7-2018-q2-update/arm-none-eabi/include/sys/_stdint.h"
 243              		.file 4 "/Users/imashio/Electronics/ARM/_Library/u8x8.h"
 244              		.file 5 "/Users/imashio/Electronics/ARM/_Library/u8g2.h"
ARM GAS  /var/folders/v3/wysfpd052nz8jkbx04pk0ym80000gn/T//ccMMB7Qt.s 			page 8


DEFINED SYMBOLS
                            *ABS*:0000000000000000 u8g2_kerning.c
/var/folders/v3/wysfpd052nz8jkbx04pk0ym80000gn/T//ccMMB7Qt.s:18     .text.u8g2_GetKerning:0000000000000000 $t
/var/folders/v3/wysfpd052nz8jkbx04pk0ym80000gn/T//ccMMB7Qt.s:25     .text.u8g2_GetKerning:0000000000000000 u8g2_GetKerning
/var/folders/v3/wysfpd052nz8jkbx04pk0ym80000gn/T//ccMMB7Qt.s:150    .text.u8g2_GetKerningByTable:0000000000000000 $t
/var/folders/v3/wysfpd052nz8jkbx04pk0ym80000gn/T//ccMMB7Qt.s:157    .text.u8g2_GetKerningByTable:0000000000000000 u8g2_GetKerningByTable

NO UNDEFINED SYMBOLS
