ARM GAS  /var/folders/v3/wysfpd052nz8jkbx04pk0ym80000gn/T//ccDJoFOM.s 			page 1


   1              		.cpu cortex-m4
   2              		.eabi_attribute 27, 1
   3              		.eabi_attribute 28, 1
   4              		.eabi_attribute 20, 1
   5              		.eabi_attribute 21, 1
   6              		.eabi_attribute 23, 3
   7              		.eabi_attribute 24, 1
   8              		.eabi_attribute 25, 1
   9              		.eabi_attribute 26, 1
  10              		.eabi_attribute 30, 1
  11              		.eabi_attribute 34, 1
  12              		.eabi_attribute 18, 4
  13              		.file	"u8g2_intersection.c"
  14              		.text
  15              	.Ltext0:
  16              		.cfi_sections	.debug_frame
  17              		.section	.text.u8g2_is_intersection_decision_tree,"ax",%progbits
  18              		.align	1
  19              		.global	u8g2_is_intersection_decision_tree
  20              		.syntax unified
  21              		.thumb
  22              		.thumb_func
  23              		.fpu fpv4-sp-d16
  25              	u8g2_is_intersection_decision_tree:
  26              	.LFB0:
  27              		.file 1 "/Users/imashio/Electronics/ARM/_Library/u8g2_intersection.c"
   1:/Users/imashio/Electronics/ARM/_Library/u8g2_intersection.c **** /*
   2:/Users/imashio/Electronics/ARM/_Library/u8g2_intersection.c **** 
   3:/Users/imashio/Electronics/ARM/_Library/u8g2_intersection.c ****   u8g2_intersection.c 
   4:/Users/imashio/Electronics/ARM/_Library/u8g2_intersection.c ****   
   5:/Users/imashio/Electronics/ARM/_Library/u8g2_intersection.c ****   Intersection calculation, code taken from u8g_clip.c
   6:/Users/imashio/Electronics/ARM/_Library/u8g2_intersection.c **** 
   7:/Users/imashio/Electronics/ARM/_Library/u8g2_intersection.c ****   Universal 8bit Graphics Library (https://github.com/olikraus/u8g2/)
   8:/Users/imashio/Electronics/ARM/_Library/u8g2_intersection.c **** 
   9:/Users/imashio/Electronics/ARM/_Library/u8g2_intersection.c ****   Copyright (c) 2016, olikraus@gmail.com
  10:/Users/imashio/Electronics/ARM/_Library/u8g2_intersection.c ****   All rights reserved.
  11:/Users/imashio/Electronics/ARM/_Library/u8g2_intersection.c **** 
  12:/Users/imashio/Electronics/ARM/_Library/u8g2_intersection.c ****   Redistribution and use in source and binary forms, with or without modification, 
  13:/Users/imashio/Electronics/ARM/_Library/u8g2_intersection.c ****   are permitted provided that the following conditions are met:
  14:/Users/imashio/Electronics/ARM/_Library/u8g2_intersection.c **** 
  15:/Users/imashio/Electronics/ARM/_Library/u8g2_intersection.c ****   * Redistributions of source code must retain the above copyright notice, this list 
  16:/Users/imashio/Electronics/ARM/_Library/u8g2_intersection.c ****     of conditions and the following disclaimer.
  17:/Users/imashio/Electronics/ARM/_Library/u8g2_intersection.c ****     
  18:/Users/imashio/Electronics/ARM/_Library/u8g2_intersection.c ****   * Redistributions in binary form must reproduce the above copyright notice, this 
  19:/Users/imashio/Electronics/ARM/_Library/u8g2_intersection.c ****     list of conditions and the following disclaimer in the documentation and/or other 
  20:/Users/imashio/Electronics/ARM/_Library/u8g2_intersection.c ****     materials provided with the distribution.
  21:/Users/imashio/Electronics/ARM/_Library/u8g2_intersection.c **** 
  22:/Users/imashio/Electronics/ARM/_Library/u8g2_intersection.c ****   THIS SOFTWARE IS PROVIDED BY THE COPYRIGHT HOLDERS AND 
  23:/Users/imashio/Electronics/ARM/_Library/u8g2_intersection.c ****   CONTRIBUTORS "AS IS" AND ANY EXPRESS OR IMPLIED WARRANTIES, 
  24:/Users/imashio/Electronics/ARM/_Library/u8g2_intersection.c ****   INCLUDING, BUT NOT LIMITED TO, THE IMPLIED WARRANTIES OF 
  25:/Users/imashio/Electronics/ARM/_Library/u8g2_intersection.c ****   MERCHANTABILITY AND FITNESS FOR A PARTICULAR PURPOSE ARE 
  26:/Users/imashio/Electronics/ARM/_Library/u8g2_intersection.c ****   DISCLAIMED. IN NO EVENT SHALL THE COPYRIGHT HOLDER OR 
  27:/Users/imashio/Electronics/ARM/_Library/u8g2_intersection.c ****   CONTRIBUTORS BE LIABLE FOR ANY DIRECT, INDIRECT, INCIDENTAL, 
  28:/Users/imashio/Electronics/ARM/_Library/u8g2_intersection.c ****   SPECIAL, EXEMPLARY, OR CONSEQUENTIAL DAMAGES (INCLUDING, BUT 
  29:/Users/imashio/Electronics/ARM/_Library/u8g2_intersection.c ****   NOT LIMITED TO, PROCUREMENT OF SUBSTITUTE GOODS OR SERVICES; 
  30:/Users/imashio/Electronics/ARM/_Library/u8g2_intersection.c ****   LOSS OF USE, DATA, OR PROFITS; OR BUSINESS INTERRUPTION) HOWEVER 
  31:/Users/imashio/Electronics/ARM/_Library/u8g2_intersection.c ****   CAUSED AND ON ANY THEORY OF LIABILITY, WHETHER IN CONTRACT, 
ARM GAS  /var/folders/v3/wysfpd052nz8jkbx04pk0ym80000gn/T//ccDJoFOM.s 			page 2


  32:/Users/imashio/Electronics/ARM/_Library/u8g2_intersection.c ****   STRICT LIABILITY, OR TORT (INCLUDING NEGLIGENCE OR OTHERWISE) 
  33:/Users/imashio/Electronics/ARM/_Library/u8g2_intersection.c ****   ARISING IN ANY WAY OUT OF THE USE OF THIS SOFTWARE, EVEN IF 
  34:/Users/imashio/Electronics/ARM/_Library/u8g2_intersection.c ****   ADVISED OF THE POSSIBILITY OF SUCH DAMAGE.  
  35:/Users/imashio/Electronics/ARM/_Library/u8g2_intersection.c **** 
  36:/Users/imashio/Electronics/ARM/_Library/u8g2_intersection.c **** */
  37:/Users/imashio/Electronics/ARM/_Library/u8g2_intersection.c **** 
  38:/Users/imashio/Electronics/ARM/_Library/u8g2_intersection.c **** #include "u8g2.h"
  39:/Users/imashio/Electronics/ARM/_Library/u8g2_intersection.c **** 
  40:/Users/imashio/Electronics/ARM/_Library/u8g2_intersection.c **** #ifdef __GNUC__
  41:/Users/imashio/Electronics/ARM/_Library/u8g2_intersection.c **** #define U8G2_ALWAYS_INLINE __inline__ __attribute__((always_inline))
  42:/Users/imashio/Electronics/ARM/_Library/u8g2_intersection.c **** #else
  43:/Users/imashio/Electronics/ARM/_Library/u8g2_intersection.c **** #define U8G2_ALWAYS_INLINE
  44:/Users/imashio/Electronics/ARM/_Library/u8g2_intersection.c **** #endif 
  45:/Users/imashio/Electronics/ARM/_Library/u8g2_intersection.c **** 
  46:/Users/imashio/Electronics/ARM/_Library/u8g2_intersection.c **** 
  47:/Users/imashio/Electronics/ARM/_Library/u8g2_intersection.c **** #ifdef U8G2_WITH_INTERSECTION    
  48:/Users/imashio/Electronics/ARM/_Library/u8g2_intersection.c **** 
  49:/Users/imashio/Electronics/ARM/_Library/u8g2_intersection.c **** #ifdef OLD_VERSION_WITH_SYMETRIC_BOUNDARIES
  50:/Users/imashio/Electronics/ARM/_Library/u8g2_intersection.c **** 
  51:/Users/imashio/Electronics/ARM/_Library/u8g2_intersection.c **** /*
  52:/Users/imashio/Electronics/ARM/_Library/u8g2_intersection.c ****   intersection assumptions:
  53:/Users/imashio/Electronics/ARM/_Library/u8g2_intersection.c ****     a1 <= a2 is always true    
  54:/Users/imashio/Electronics/ARM/_Library/u8g2_intersection.c ****     
  55:/Users/imashio/Electronics/ARM/_Library/u8g2_intersection.c ****     minimized version
  56:/Users/imashio/Electronics/ARM/_Library/u8g2_intersection.c ****     ---1----0 1             b1 <= a2 && b1 > b2
  57:/Users/imashio/Electronics/ARM/_Library/u8g2_intersection.c ****     -----1--0 1             b2 >= a1 && b1 > b2
  58:/Users/imashio/Electronics/ARM/_Library/u8g2_intersection.c ****     ---1-1--- 1             b1 <= a2 && b2 >= a1
  59:/Users/imashio/Electronics/ARM/_Library/u8g2_intersection.c ****   */
  60:/Users/imashio/Electronics/ARM/_Library/u8g2_intersection.c **** 
  61:/Users/imashio/Electronics/ARM/_Library/u8g2_intersection.c **** 
  62:/Users/imashio/Electronics/ARM/_Library/u8g2_intersection.c **** /*
  63:/Users/imashio/Electronics/ARM/_Library/u8g2_intersection.c ****   calculate the intersection between a0/a1 and v0/v1
  64:/Users/imashio/Electronics/ARM/_Library/u8g2_intersection.c ****   The intersection check returns one if the range of a0/a1 has an intersection with v0/v1.
  65:/Users/imashio/Electronics/ARM/_Library/u8g2_intersection.c ****   The intersection check includes the boundary values v1 and a1.
  66:/Users/imashio/Electronics/ARM/_Library/u8g2_intersection.c **** 
  67:/Users/imashio/Electronics/ARM/_Library/u8g2_intersection.c ****   The following asserts will succeed:
  68:/Users/imashio/Electronics/ARM/_Library/u8g2_intersection.c ****     assert( u8g2_is_intersection_decision_tree(4, 6, 7, 9) == 0 );
  69:/Users/imashio/Electronics/ARM/_Library/u8g2_intersection.c ****     assert( u8g2_is_intersection_decision_tree(4, 6, 6, 9) != 0 );
  70:/Users/imashio/Electronics/ARM/_Library/u8g2_intersection.c ****     assert( u8g2_is_intersection_decision_tree(6, 9, 4, 6) != 0 );
  71:/Users/imashio/Electronics/ARM/_Library/u8g2_intersection.c ****     assert( u8g2_is_intersection_decision_tree(7, 9, 4, 6) == 0 );  
  72:/Users/imashio/Electronics/ARM/_Library/u8g2_intersection.c **** */
  73:/Users/imashio/Electronics/ARM/_Library/u8g2_intersection.c **** 
  74:/Users/imashio/Electronics/ARM/_Library/u8g2_intersection.c **** //static uint8_t U8G2_ALWAYS_INLINE u8g2_is_intersection_decision_tree(u8g_uint_t a0, u8g_uint_t a1
  75:/Users/imashio/Electronics/ARM/_Library/u8g2_intersection.c **** static uint8_t u8g2_is_intersection_decision_tree(u8g2_uint_t a0, u8g2_uint_t a1, u8g2_uint_t v0, u
  76:/Users/imashio/Electronics/ARM/_Library/u8g2_intersection.c **** {
  77:/Users/imashio/Electronics/ARM/_Library/u8g2_intersection.c ****   if ( v0 <= a1 )
  78:/Users/imashio/Electronics/ARM/_Library/u8g2_intersection.c ****   {
  79:/Users/imashio/Electronics/ARM/_Library/u8g2_intersection.c ****     if ( v1 >= a0 )
  80:/Users/imashio/Electronics/ARM/_Library/u8g2_intersection.c ****     {
  81:/Users/imashio/Electronics/ARM/_Library/u8g2_intersection.c ****       return 1;
  82:/Users/imashio/Electronics/ARM/_Library/u8g2_intersection.c ****     }
  83:/Users/imashio/Electronics/ARM/_Library/u8g2_intersection.c ****     else
  84:/Users/imashio/Electronics/ARM/_Library/u8g2_intersection.c ****     {
  85:/Users/imashio/Electronics/ARM/_Library/u8g2_intersection.c ****       if ( v0 > v1 )
  86:/Users/imashio/Electronics/ARM/_Library/u8g2_intersection.c ****       {
  87:/Users/imashio/Electronics/ARM/_Library/u8g2_intersection.c **** 	return 1;
  88:/Users/imashio/Electronics/ARM/_Library/u8g2_intersection.c ****       }
ARM GAS  /var/folders/v3/wysfpd052nz8jkbx04pk0ym80000gn/T//ccDJoFOM.s 			page 3


  89:/Users/imashio/Electronics/ARM/_Library/u8g2_intersection.c ****       else
  90:/Users/imashio/Electronics/ARM/_Library/u8g2_intersection.c ****       {
  91:/Users/imashio/Electronics/ARM/_Library/u8g2_intersection.c **** 	return 0;
  92:/Users/imashio/Electronics/ARM/_Library/u8g2_intersection.c ****       }
  93:/Users/imashio/Electronics/ARM/_Library/u8g2_intersection.c ****     }
  94:/Users/imashio/Electronics/ARM/_Library/u8g2_intersection.c ****   }
  95:/Users/imashio/Electronics/ARM/_Library/u8g2_intersection.c ****   else
  96:/Users/imashio/Electronics/ARM/_Library/u8g2_intersection.c ****   {
  97:/Users/imashio/Electronics/ARM/_Library/u8g2_intersection.c ****     if ( v1 >= a0 )
  98:/Users/imashio/Electronics/ARM/_Library/u8g2_intersection.c ****     {
  99:/Users/imashio/Electronics/ARM/_Library/u8g2_intersection.c ****       if ( v0 > v1 )
 100:/Users/imashio/Electronics/ARM/_Library/u8g2_intersection.c ****       {
 101:/Users/imashio/Electronics/ARM/_Library/u8g2_intersection.c **** 	return 1;
 102:/Users/imashio/Electronics/ARM/_Library/u8g2_intersection.c ****       }
 103:/Users/imashio/Electronics/ARM/_Library/u8g2_intersection.c ****       else
 104:/Users/imashio/Electronics/ARM/_Library/u8g2_intersection.c ****       {
 105:/Users/imashio/Electronics/ARM/_Library/u8g2_intersection.c **** 	return 0;
 106:/Users/imashio/Electronics/ARM/_Library/u8g2_intersection.c ****       }
 107:/Users/imashio/Electronics/ARM/_Library/u8g2_intersection.c ****     }
 108:/Users/imashio/Electronics/ARM/_Library/u8g2_intersection.c ****     else
 109:/Users/imashio/Electronics/ARM/_Library/u8g2_intersection.c ****     {
 110:/Users/imashio/Electronics/ARM/_Library/u8g2_intersection.c ****       return 0;
 111:/Users/imashio/Electronics/ARM/_Library/u8g2_intersection.c ****     }
 112:/Users/imashio/Electronics/ARM/_Library/u8g2_intersection.c ****   }
 113:/Users/imashio/Electronics/ARM/_Library/u8g2_intersection.c **** }
 114:/Users/imashio/Electronics/ARM/_Library/u8g2_intersection.c **** 
 115:/Users/imashio/Electronics/ARM/_Library/u8g2_intersection.c **** #endif	/* OLD_VERSION_WITH_SYMETRIC_BOUNDARIES */
 116:/Users/imashio/Electronics/ARM/_Library/u8g2_intersection.c **** 
 117:/Users/imashio/Electronics/ARM/_Library/u8g2_intersection.c **** 
 118:/Users/imashio/Electronics/ARM/_Library/u8g2_intersection.c **** /*
 119:/Users/imashio/Electronics/ARM/_Library/u8g2_intersection.c ****   version with asymetric boundaries.
 120:/Users/imashio/Electronics/ARM/_Library/u8g2_intersection.c ****   a1 and v1 are excluded
 121:/Users/imashio/Electronics/ARM/_Library/u8g2_intersection.c ****   v0 == v1 is not support end return 1
 122:/Users/imashio/Electronics/ARM/_Library/u8g2_intersection.c **** */
 123:/Users/imashio/Electronics/ARM/_Library/u8g2_intersection.c **** uint8_t u8g2_is_intersection_decision_tree(u8g2_uint_t a0, u8g2_uint_t a1, u8g2_uint_t v0, u8g2_uin
 124:/Users/imashio/Electronics/ARM/_Library/u8g2_intersection.c **** {
  28              		.loc 1 124 0
  29              		.cfi_startproc
  30              		@ args = 0, pretend = 0, frame = 0
  31              		@ frame_needed = 0, uses_anonymous_args = 0
  32              		@ link register save eliminated.
  33              	.LVL0:
 125:/Users/imashio/Electronics/ARM/_Library/u8g2_intersection.c ****   if ( v0 < a1 )		// v0 <= a1
  34              		.loc 1 125 0
  35 0000 8A42     		cmp	r2, r1
  36 0002 05D2     		bcs	.L2
 126:/Users/imashio/Electronics/ARM/_Library/u8g2_intersection.c ****   {
 127:/Users/imashio/Electronics/ARM/_Library/u8g2_intersection.c ****     if ( v1 > a0 )	// v1 >= a0
  37              		.loc 1 127 0
  38 0004 8342     		cmp	r3, r0
  39 0006 0BD8     		bhi	.L4
 128:/Users/imashio/Electronics/ARM/_Library/u8g2_intersection.c ****     {
 129:/Users/imashio/Electronics/ARM/_Library/u8g2_intersection.c ****       return 1;
 130:/Users/imashio/Electronics/ARM/_Library/u8g2_intersection.c ****     }
 131:/Users/imashio/Electronics/ARM/_Library/u8g2_intersection.c ****     else
 132:/Users/imashio/Electronics/ARM/_Library/u8g2_intersection.c ****     {
 133:/Users/imashio/Electronics/ARM/_Library/u8g2_intersection.c ****       if ( v0 > v1 )	// v0 > v1
ARM GAS  /var/folders/v3/wysfpd052nz8jkbx04pk0ym80000gn/T//ccDJoFOM.s 			page 4


  40              		.loc 1 133 0
  41 0008 9A42     		cmp	r2, r3
  42 000a 0BD9     		bls	.L5
 134:/Users/imashio/Electronics/ARM/_Library/u8g2_intersection.c ****       {
 135:/Users/imashio/Electronics/ARM/_Library/u8g2_intersection.c **** 	return 1;
  43              		.loc 1 135 0
  44 000c 0120     		movs	r0, #1
  45              	.LVL1:
  46 000e 7047     		bx	lr
  47              	.LVL2:
  48              	.L2:
 136:/Users/imashio/Electronics/ARM/_Library/u8g2_intersection.c ****       }
 137:/Users/imashio/Electronics/ARM/_Library/u8g2_intersection.c ****       else
 138:/Users/imashio/Electronics/ARM/_Library/u8g2_intersection.c ****       {
 139:/Users/imashio/Electronics/ARM/_Library/u8g2_intersection.c **** 	return 0;
 140:/Users/imashio/Electronics/ARM/_Library/u8g2_intersection.c ****       }
 141:/Users/imashio/Electronics/ARM/_Library/u8g2_intersection.c ****     }
 142:/Users/imashio/Electronics/ARM/_Library/u8g2_intersection.c ****   }
 143:/Users/imashio/Electronics/ARM/_Library/u8g2_intersection.c ****   else
 144:/Users/imashio/Electronics/ARM/_Library/u8g2_intersection.c ****   {
 145:/Users/imashio/Electronics/ARM/_Library/u8g2_intersection.c ****     if ( v1 > a0 )	// v1 >= a0
  49              		.loc 1 145 0
  50 0010 8342     		cmp	r3, r0
  51 0012 09D9     		bls	.L6
 146:/Users/imashio/Electronics/ARM/_Library/u8g2_intersection.c ****     {
 147:/Users/imashio/Electronics/ARM/_Library/u8g2_intersection.c ****       if ( v0 > v1 )	// v0 > v1
  52              		.loc 1 147 0
  53 0014 9A42     		cmp	r2, r3
  54 0016 01D8     		bhi	.L8
 148:/Users/imashio/Electronics/ARM/_Library/u8g2_intersection.c ****       {
 149:/Users/imashio/Electronics/ARM/_Library/u8g2_intersection.c **** 	return 1;
 150:/Users/imashio/Electronics/ARM/_Library/u8g2_intersection.c ****       }
 151:/Users/imashio/Electronics/ARM/_Library/u8g2_intersection.c ****       else
 152:/Users/imashio/Electronics/ARM/_Library/u8g2_intersection.c ****       {
 153:/Users/imashio/Electronics/ARM/_Library/u8g2_intersection.c **** 	return 0;
  55              		.loc 1 153 0
  56 0018 0020     		movs	r0, #0
  57              	.LVL3:
 154:/Users/imashio/Electronics/ARM/_Library/u8g2_intersection.c ****       }
 155:/Users/imashio/Electronics/ARM/_Library/u8g2_intersection.c ****     }
 156:/Users/imashio/Electronics/ARM/_Library/u8g2_intersection.c ****     else
 157:/Users/imashio/Electronics/ARM/_Library/u8g2_intersection.c ****     {
 158:/Users/imashio/Electronics/ARM/_Library/u8g2_intersection.c ****       return 0;
 159:/Users/imashio/Electronics/ARM/_Library/u8g2_intersection.c ****     }
 160:/Users/imashio/Electronics/ARM/_Library/u8g2_intersection.c ****   }
 161:/Users/imashio/Electronics/ARM/_Library/u8g2_intersection.c **** }
  58              		.loc 1 161 0
  59 001a 7047     		bx	lr
  60              	.LVL4:
  61              	.L8:
 149:/Users/imashio/Electronics/ARM/_Library/u8g2_intersection.c ****       }
  62              		.loc 1 149 0
  63 001c 0120     		movs	r0, #1
  64              	.LVL5:
  65 001e 7047     		bx	lr
  66              	.LVL6:
  67              	.L4:
ARM GAS  /var/folders/v3/wysfpd052nz8jkbx04pk0ym80000gn/T//ccDJoFOM.s 			page 5


 129:/Users/imashio/Electronics/ARM/_Library/u8g2_intersection.c ****     }
  68              		.loc 1 129 0
  69 0020 0120     		movs	r0, #1
  70              	.LVL7:
  71 0022 7047     		bx	lr
  72              	.LVL8:
  73              	.L5:
 139:/Users/imashio/Electronics/ARM/_Library/u8g2_intersection.c ****       }
  74              		.loc 1 139 0
  75 0024 0020     		movs	r0, #0
  76              	.LVL9:
  77 0026 7047     		bx	lr
  78              	.LVL10:
  79              	.L6:
 158:/Users/imashio/Electronics/ARM/_Library/u8g2_intersection.c ****     }
  80              		.loc 1 158 0
  81 0028 0020     		movs	r0, #0
  82              	.LVL11:
  83 002a 7047     		bx	lr
  84              		.cfi_endproc
  85              	.LFE0:
  87              		.section	.text.u8g2_IsIntersection,"ax",%progbits
  88              		.align	1
  89              		.global	u8g2_IsIntersection
  90              		.syntax unified
  91              		.thumb
  92              		.thumb_func
  93              		.fpu fpv4-sp-d16
  95              	u8g2_IsIntersection:
  96              	.LFB1:
 162:/Users/imashio/Electronics/ARM/_Library/u8g2_intersection.c **** 
 163:/Users/imashio/Electronics/ARM/_Library/u8g2_intersection.c **** 
 164:/Users/imashio/Electronics/ARM/_Library/u8g2_intersection.c **** 
 165:/Users/imashio/Electronics/ARM/_Library/u8g2_intersection.c **** /* upper limits are not included (asymetric boundaries) */
 166:/Users/imashio/Electronics/ARM/_Library/u8g2_intersection.c **** uint8_t u8g2_IsIntersection(u8g2_t *u8g2, u8g2_uint_t x0, u8g2_uint_t y0, u8g2_uint_t x1, u8g2_uint
 167:/Users/imashio/Electronics/ARM/_Library/u8g2_intersection.c **** {
  97              		.loc 1 167 0
  98              		.cfi_startproc
  99              		@ args = 4, pretend = 0, frame = 0
 100              		@ frame_needed = 0, uses_anonymous_args = 0
 101              	.LVL12:
 102 0000 70B5     		push	{r4, r5, r6, lr}
 103              	.LCFI0:
 104              		.cfi_def_cfa_offset 16
 105              		.cfi_offset 4, -16
 106              		.cfi_offset 5, -12
 107              		.cfi_offset 6, -8
 108              		.cfi_offset 14, -4
 109 0002 0446     		mov	r4, r0
 110 0004 0D46     		mov	r5, r1
 111 0006 1E46     		mov	r6, r3
 168:/Users/imashio/Electronics/ARM/_Library/u8g2_intersection.c ****   if ( u8g2_is_intersection_decision_tree(u8g2->user_y0, u8g2->user_y1, y0, y1) == 0 )
 112              		.loc 1 168 0
 113 0008 9DF81030 		ldrb	r3, [sp, #16]	@ zero_extendqisi2
 114              	.LVL13:
 115 000c 90F84410 		ldrb	r1, [r0, #68]	@ zero_extendqisi2
 116              	.LVL14:
ARM GAS  /var/folders/v3/wysfpd052nz8jkbx04pk0ym80000gn/T//ccDJoFOM.s 			page 6


 117 0010 90F84300 		ldrb	r0, [r0, #67]	@ zero_extendqisi2
 118              	.LVL15:
 119 0014 FFF7FEFF 		bl	u8g2_is_intersection_decision_tree
 120              	.LVL16:
 121 0018 0346     		mov	r3, r0
 122 001a 40B1     		cbz	r0, .L10
 169:/Users/imashio/Electronics/ARM/_Library/u8g2_intersection.c ****     return 0; 
 170:/Users/imashio/Electronics/ARM/_Library/u8g2_intersection.c ****   
 171:/Users/imashio/Electronics/ARM/_Library/u8g2_intersection.c ****   return u8g2_is_intersection_decision_tree(u8g2->user_x0, u8g2->user_x1, x0, x1);
 123              		.loc 1 171 0
 124 001c 3346     		mov	r3, r6
 125 001e 2A46     		mov	r2, r5
 126 0020 94F84210 		ldrb	r1, [r4, #66]	@ zero_extendqisi2
 127 0024 94F84100 		ldrb	r0, [r4, #65]	@ zero_extendqisi2
 128 0028 FFF7FEFF 		bl	u8g2_is_intersection_decision_tree
 129              	.LVL17:
 130 002c 0346     		mov	r3, r0
 131              	.L10:
 172:/Users/imashio/Electronics/ARM/_Library/u8g2_intersection.c **** }
 132              		.loc 1 172 0
 133 002e 1846     		mov	r0, r3
 134 0030 70BD     		pop	{r4, r5, r6, pc}
 135              		.cfi_endproc
 136              	.LFE1:
 138              		.text
 139              	.Letext0:
 140              		.file 2 "/usr/local/gcc-arm-none-eabi-7-2018-q2-update/arm-none-eabi/include/machine/_default_type
 141              		.file 3 "/usr/local/gcc-arm-none-eabi-7-2018-q2-update/arm-none-eabi/include/sys/_stdint.h"
 142              		.file 4 "/Users/imashio/Electronics/ARM/_Library/u8x8.h"
 143              		.file 5 "/Users/imashio/Electronics/ARM/_Library/u8g2.h"
ARM GAS  /var/folders/v3/wysfpd052nz8jkbx04pk0ym80000gn/T//ccDJoFOM.s 			page 7


DEFINED SYMBOLS
                            *ABS*:0000000000000000 u8g2_intersection.c
/var/folders/v3/wysfpd052nz8jkbx04pk0ym80000gn/T//ccDJoFOM.s:18     .text.u8g2_is_intersection_decision_tree:0000000000000000 $t
/var/folders/v3/wysfpd052nz8jkbx04pk0ym80000gn/T//ccDJoFOM.s:25     .text.u8g2_is_intersection_decision_tree:0000000000000000 u8g2_is_intersection_decision_tree
/var/folders/v3/wysfpd052nz8jkbx04pk0ym80000gn/T//ccDJoFOM.s:88     .text.u8g2_IsIntersection:0000000000000000 $t
/var/folders/v3/wysfpd052nz8jkbx04pk0ym80000gn/T//ccDJoFOM.s:95     .text.u8g2_IsIntersection:0000000000000000 u8g2_IsIntersection

NO UNDEFINED SYMBOLS
