ARM GAS  /var/folders/v3/wysfpd052nz8jkbx04pk0ym80000gn/T//ccwD6pWV.s 			page 1


   1              		.cpu cortex-m4
   2              		.eabi_attribute 27, 1
   3              		.eabi_attribute 28, 1
   4              		.eabi_attribute 20, 1
   5              		.eabi_attribute 21, 1
   6              		.eabi_attribute 23, 3
   7              		.eabi_attribute 24, 1
   8              		.eabi_attribute 25, 1
   9              		.eabi_attribute 26, 1
  10              		.eabi_attribute 30, 2
  11              		.eabi_attribute 34, 1
  12              		.eabi_attribute 18, 4
  13              		.file	"u8g2_input_value.c"
  14              		.text
  15              	.Ltext0:
  16              		.cfi_sections	.debug_frame
  17              		.section	.text.u8g2_UserInterfaceInputValue,"ax",%progbits
  18              		.align	1
  19              		.p2align 2,,3
  20              		.global	u8g2_UserInterfaceInputValue
  21              		.syntax unified
  22              		.thumb
  23              		.thumb_func
  24              		.fpu fpv4-sp-d16
  26              	u8g2_UserInterfaceInputValue:
  27              	.LFB0:
  28              		.file 1 "/Users/imashio/Electronics/ARM/_Library/u8g2_input_value.c"
   1:/Users/imashio/Electronics/ARM/_Library/u8g2_input_value.c **** /*
   2:/Users/imashio/Electronics/ARM/_Library/u8g2_input_value.c **** 
   3:/Users/imashio/Electronics/ARM/_Library/u8g2_input_value.c ****   u8g2_input_value.c
   4:/Users/imashio/Electronics/ARM/_Library/u8g2_input_value.c ****   
   5:/Users/imashio/Electronics/ARM/_Library/u8g2_input_value.c ****   Universal 8bit Graphics Library (https://github.com/olikraus/u8g2/)
   6:/Users/imashio/Electronics/ARM/_Library/u8g2_input_value.c **** 
   7:/Users/imashio/Electronics/ARM/_Library/u8g2_input_value.c ****   Copyright (c) 2016, olikraus@gmail.com
   8:/Users/imashio/Electronics/ARM/_Library/u8g2_input_value.c ****   All rights reserved.
   9:/Users/imashio/Electronics/ARM/_Library/u8g2_input_value.c **** 
  10:/Users/imashio/Electronics/ARM/_Library/u8g2_input_value.c ****   Redistribution and use in source and binary forms, with or without modification, 
  11:/Users/imashio/Electronics/ARM/_Library/u8g2_input_value.c ****   are permitted provided that the following conditions are met:
  12:/Users/imashio/Electronics/ARM/_Library/u8g2_input_value.c **** 
  13:/Users/imashio/Electronics/ARM/_Library/u8g2_input_value.c ****   * Redistributions of source code must retain the above copyright notice, this list 
  14:/Users/imashio/Electronics/ARM/_Library/u8g2_input_value.c ****     of conditions and the following disclaimer.
  15:/Users/imashio/Electronics/ARM/_Library/u8g2_input_value.c ****     
  16:/Users/imashio/Electronics/ARM/_Library/u8g2_input_value.c ****   * Redistributions in binary form must reproduce the above copyright notice, this 
  17:/Users/imashio/Electronics/ARM/_Library/u8g2_input_value.c ****     list of conditions and the following disclaimer in the documentation and/or other 
  18:/Users/imashio/Electronics/ARM/_Library/u8g2_input_value.c ****     materials provided with the distribution.
  19:/Users/imashio/Electronics/ARM/_Library/u8g2_input_value.c **** 
  20:/Users/imashio/Electronics/ARM/_Library/u8g2_input_value.c ****   THIS SOFTWARE IS PROVIDED BY THE COPYRIGHT HOLDERS AND 
  21:/Users/imashio/Electronics/ARM/_Library/u8g2_input_value.c ****   CONTRIBUTORS "AS IS" AND ANY EXPRESS OR IMPLIED WARRANTIES, 
  22:/Users/imashio/Electronics/ARM/_Library/u8g2_input_value.c ****   INCLUDING, BUT NOT LIMITED TO, THE IMPLIED WARRANTIES OF 
  23:/Users/imashio/Electronics/ARM/_Library/u8g2_input_value.c ****   MERCHANTABILITY AND FITNESS FOR A PARTICULAR PURPOSE ARE 
  24:/Users/imashio/Electronics/ARM/_Library/u8g2_input_value.c ****   DISCLAIMED. IN NO EVENT SHALL THE COPYRIGHT HOLDER OR 
  25:/Users/imashio/Electronics/ARM/_Library/u8g2_input_value.c ****   CONTRIBUTORS BE LIABLE FOR ANY DIRECT, INDIRECT, INCIDENTAL, 
  26:/Users/imashio/Electronics/ARM/_Library/u8g2_input_value.c ****   SPECIAL, EXEMPLARY, OR CONSEQUENTIAL DAMAGES (INCLUDING, BUT 
  27:/Users/imashio/Electronics/ARM/_Library/u8g2_input_value.c ****   NOT LIMITED TO, PROCUREMENT OF SUBSTITUTE GOODS OR SERVICES; 
  28:/Users/imashio/Electronics/ARM/_Library/u8g2_input_value.c ****   LOSS OF USE, DATA, OR PROFITS; OR BUSINESS INTERRUPTION) HOWEVER 
  29:/Users/imashio/Electronics/ARM/_Library/u8g2_input_value.c ****   CAUSED AND ON ANY THEORY OF LIABILITY, WHETHER IN CONTRACT, 
  30:/Users/imashio/Electronics/ARM/_Library/u8g2_input_value.c ****   STRICT LIABILITY, OR TORT (INCLUDING NEGLIGENCE OR OTHERWISE) 
ARM GAS  /var/folders/v3/wysfpd052nz8jkbx04pk0ym80000gn/T//ccwD6pWV.s 			page 2


  31:/Users/imashio/Electronics/ARM/_Library/u8g2_input_value.c ****   ARISING IN ANY WAY OUT OF THE USE OF THIS SOFTWARE, EVEN IF 
  32:/Users/imashio/Electronics/ARM/_Library/u8g2_input_value.c ****   ADVISED OF THE POSSIBILITY OF SUCH DAMAGE.  
  33:/Users/imashio/Electronics/ARM/_Library/u8g2_input_value.c ****   
  34:/Users/imashio/Electronics/ARM/_Library/u8g2_input_value.c **** */
  35:/Users/imashio/Electronics/ARM/_Library/u8g2_input_value.c **** 
  36:/Users/imashio/Electronics/ARM/_Library/u8g2_input_value.c **** #include "u8g2.h"
  37:/Users/imashio/Electronics/ARM/_Library/u8g2_input_value.c **** 
  38:/Users/imashio/Electronics/ARM/_Library/u8g2_input_value.c **** /*
  39:/Users/imashio/Electronics/ARM/_Library/u8g2_input_value.c ****   return:
  40:/Users/imashio/Electronics/ARM/_Library/u8g2_input_value.c ****     0: value is not changed (HOME/Break Button pressed)
  41:/Users/imashio/Electronics/ARM/_Library/u8g2_input_value.c ****     1: value has been updated
  42:/Users/imashio/Electronics/ARM/_Library/u8g2_input_value.c **** */
  43:/Users/imashio/Electronics/ARM/_Library/u8g2_input_value.c **** 
  44:/Users/imashio/Electronics/ARM/_Library/u8g2_input_value.c **** uint8_t u8g2_UserInterfaceInputValue(u8g2_t *u8g2, const char *title, const char *pre, uint8_t *val
  45:/Users/imashio/Electronics/ARM/_Library/u8g2_input_value.c **** {
  29              		.loc 1 45 0
  30              		.cfi_startproc
  31              		@ args = 16, pretend = 0, frame = 24
  32              		@ frame_needed = 0, uses_anonymous_args = 0
  33              	.LVL0:
  34 0000 2DE9F04F 		push	{r4, r5, r6, r7, r8, r9, r10, fp, lr}
  35              	.LCFI0:
  36              		.cfi_def_cfa_offset 36
  37              		.cfi_offset 4, -36
  38              		.cfi_offset 5, -32
  39              		.cfi_offset 6, -28
  40              		.cfi_offset 7, -24
  41              		.cfi_offset 8, -20
  42              		.cfi_offset 9, -16
  43              		.cfi_offset 10, -12
  44              		.cfi_offset 11, -8
  45              		.cfi_offset 14, -4
  46 0004 89B0     		sub	sp, sp, #36
  47              	.LCFI1:
  48              		.cfi_def_cfa_offset 72
  46:/Users/imashio/Electronics/ARM/_Library/u8g2_input_value.c ****   uint8_t line_height;
  47:/Users/imashio/Electronics/ARM/_Library/u8g2_input_value.c ****   uint8_t height;
  48:/Users/imashio/Electronics/ARM/_Library/u8g2_input_value.c ****   u8g2_uint_t pixel_height;
  49:/Users/imashio/Electronics/ARM/_Library/u8g2_input_value.c ****   u8g2_uint_t  y, yy;
  50:/Users/imashio/Electronics/ARM/_Library/u8g2_input_value.c ****   u8g2_uint_t  pixel_width;
  51:/Users/imashio/Electronics/ARM/_Library/u8g2_input_value.c ****   u8g2_uint_t  x, xx;
  52:/Users/imashio/Electronics/ARM/_Library/u8g2_input_value.c ****   
  53:/Users/imashio/Electronics/ARM/_Library/u8g2_input_value.c ****   uint8_t local_value = *value;
  49              		.loc 1 53 0
  50 0006 93F80090 		ldrb	r9, [r3]	@ zero_extendqisi2
  51              	.LVL1:
  45:/Users/imashio/Electronics/ARM/_Library/u8g2_input_value.c ****   uint8_t line_height;
  52              		.loc 1 45 0
  53 000a 0793     		str	r3, [sp, #28]
  54 000c 9DF84830 		ldrb	r3, [sp, #72]	@ zero_extendqisi2
  55              	.LVL2:
  56 0010 0693     		str	r3, [sp, #24]
  57 0012 9DF84C30 		ldrb	r3, [sp, #76]	@ zero_extendqisi2
  58 0016 0491     		str	r1, [sp, #16]
  59 0018 0446     		mov	r4, r0
  60 001a 0D46     		mov	r5, r1
  61 001c 0593     		str	r3, [sp, #20]
ARM GAS  /var/folders/v3/wysfpd052nz8jkbx04pk0ym80000gn/T//ccwD6pWV.s 			page 3


  54:/Users/imashio/Electronics/ARM/_Library/u8g2_input_value.c ****   //uint8_t r; /* not used ??? */
  55:/Users/imashio/Electronics/ARM/_Library/u8g2_input_value.c ****   uint8_t event;
  56:/Users/imashio/Electronics/ARM/_Library/u8g2_input_value.c **** 
  57:/Users/imashio/Electronics/ARM/_Library/u8g2_input_value.c ****   /* only horizontal strings are supported, so force this here */
  58:/Users/imashio/Electronics/ARM/_Library/u8g2_input_value.c ****   u8g2_SetFontDirection(u8g2, 0);
  62              		.loc 1 58 0
  63 001e 0021     		movs	r1, #0
  64              	.LVL3:
  45:/Users/imashio/Electronics/ARM/_Library/u8g2_input_value.c ****   uint8_t line_height;
  65              		.loc 1 45 0
  66 0020 9DF85030 		ldrb	r3, [sp, #80]	@ zero_extendqisi2
  67 0024 0393     		str	r3, [sp, #12]
  68 0026 9346     		mov	fp, r2
  69              		.loc 1 58 0
  70 0028 FFF7FEFF 		bl	u8g2_SetFontDirection
  71              	.LVL4:
  59:/Users/imashio/Electronics/ARM/_Library/u8g2_input_value.c **** 
  60:/Users/imashio/Electronics/ARM/_Library/u8g2_input_value.c ****   /* force baseline position */
  61:/Users/imashio/Electronics/ARM/_Library/u8g2_input_value.c ****   u8g2_SetFontPosBaseline(u8g2);
  72              		.loc 1 61 0
  73 002c 2046     		mov	r0, r4
  74 002e FFF7FEFF 		bl	u8g2_SetFontPosBaseline
  75              	.LVL5:
  62:/Users/imashio/Electronics/ARM/_Library/u8g2_input_value.c ****   
  63:/Users/imashio/Electronics/ARM/_Library/u8g2_input_value.c ****   /* calculate line height */
  64:/Users/imashio/Electronics/ARM/_Library/u8g2_input_value.c ****   line_height = u8g2_GetAscent(u8g2);
  65:/Users/imashio/Electronics/ARM/_Library/u8g2_input_value.c ****   line_height -= u8g2_GetDescent(u8g2);
  76              		.loc 1 65 0
  77 0032 94F87A30 		ldrb	r3, [r4, #122]	@ zero_extendqisi2
  64:/Users/imashio/Electronics/ARM/_Library/u8g2_input_value.c ****   line_height -= u8g2_GetDescent(u8g2);
  78              		.loc 1 64 0
  79 0036 94F879A0 		ldrb	r10, [r4, #121]	@ zero_extendqisi2
  80              	.LVL6:
  66:/Users/imashio/Electronics/ARM/_Library/u8g2_input_value.c ****   
  67:/Users/imashio/Electronics/ARM/_Library/u8g2_input_value.c ****   
  68:/Users/imashio/Electronics/ARM/_Library/u8g2_input_value.c ****   /* calculate overall height of the input value box */
  69:/Users/imashio/Electronics/ARM/_Library/u8g2_input_value.c ****   height = 1;	/* value input line */
  70:/Users/imashio/Electronics/ARM/_Library/u8g2_input_value.c ****   height += u8x8_GetStringLineCnt(title);
  81              		.loc 1 70 0
  82 003a 2846     		mov	r0, r5
  65:/Users/imashio/Electronics/ARM/_Library/u8g2_input_value.c ****   
  83              		.loc 1 65 0
  84 003c AAEB030A 		sub	r10, r10, r3
  85              	.LVL7:
  86              		.loc 1 70 0
  87 0040 FFF7FEFF 		bl	u8x8_GetStringLineCnt
  88              	.LVL8:
  65:/Users/imashio/Electronics/ARM/_Library/u8g2_input_value.c ****   
  89              		.loc 1 65 0
  90 0044 5FFA8AFA 		uxtb	r10, r10
  91              	.LVL9:
  71:/Users/imashio/Electronics/ARM/_Library/u8g2_input_value.c **** 
  72:/Users/imashio/Electronics/ARM/_Library/u8g2_input_value.c ****   /* calculate the height in pixel */
  73:/Users/imashio/Electronics/ARM/_Library/u8g2_input_value.c ****   pixel_height = height;
  74:/Users/imashio/Electronics/ARM/_Library/u8g2_input_value.c ****   pixel_height *= line_height;
  75:/Users/imashio/Electronics/ARM/_Library/u8g2_input_value.c **** 
  76:/Users/imashio/Electronics/ARM/_Library/u8g2_input_value.c **** 
ARM GAS  /var/folders/v3/wysfpd052nz8jkbx04pk0ym80000gn/T//ccwD6pWV.s 			page 4


  77:/Users/imashio/Electronics/ARM/_Library/u8g2_input_value.c ****   /* calculate offset from top */
  78:/Users/imashio/Electronics/ARM/_Library/u8g2_input_value.c ****   y = 0;
  79:/Users/imashio/Electronics/ARM/_Library/u8g2_input_value.c ****   if ( pixel_height < u8g2_GetDisplayHeight(u8g2)  )
  92              		.loc 1 79 0
  93 0048 94F84080 		ldrb	r8, [r4, #64]	@ zero_extendqisi2
  74:/Users/imashio/Electronics/ARM/_Library/u8g2_input_value.c **** 
  94              		.loc 1 74 0
  95 004c 00FB0AA0 		mla	r0, r0, r10, r10
  96              	.LVL10:
  97 0050 00F0FF00 		and	r0, r0, #255
  98              	.LVL11:
  99              		.loc 1 79 0
 100 0054 8045     		cmp	r8, r0
  80:/Users/imashio/Electronics/ARM/_Library/u8g2_input_value.c ****   {
  81:/Users/imashio/Electronics/ARM/_Library/u8g2_input_value.c ****     y = u8g2_GetDisplayHeight(u8g2);
  82:/Users/imashio/Electronics/ARM/_Library/u8g2_input_value.c ****     y -= pixel_height;
 101              		.loc 1 82 0
 102 0056 88BF     		it	hi
 103 0058 A8EB0008 		subhi	r8, r8, r0
 104              	.LVL12:
  83:/Users/imashio/Electronics/ARM/_Library/u8g2_input_value.c ****     y /= 2;
  84:/Users/imashio/Electronics/ARM/_Library/u8g2_input_value.c ****   }
  85:/Users/imashio/Electronics/ARM/_Library/u8g2_input_value.c ****   
  86:/Users/imashio/Electronics/ARM/_Library/u8g2_input_value.c ****   /* calculate offset from left for the label */
  87:/Users/imashio/Electronics/ARM/_Library/u8g2_input_value.c ****   x = 0;
  88:/Users/imashio/Electronics/ARM/_Library/u8g2_input_value.c ****   pixel_width = u8g2_GetUTF8Width(u8g2, pre);
 105              		.loc 1 88 0
 106 005c 5946     		mov	r1, fp
 107 005e 2046     		mov	r0, r4
 108              	.LVL13:
  83:/Users/imashio/Electronics/ARM/_Library/u8g2_input_value.c ****     y /= 2;
 109              		.loc 1 83 0
 110 0060 8CBF     		ite	hi
 111 0062 C8F34608 		ubfxhi	r8, r8, #1, #7
 112              	.LVL14:
  78:/Users/imashio/Electronics/ARM/_Library/u8g2_input_value.c ****   if ( pixel_height < u8g2_GetDisplayHeight(u8g2)  )
 113              		.loc 1 78 0
 114 0066 4FF00008 		movls	r8, #0
 115              	.LVL15:
 116              		.loc 1 88 0
 117 006a FFF7FEFF 		bl	u8g2_GetUTF8Width
 118              	.LVL16:
  89:/Users/imashio/Electronics/ARM/_Library/u8g2_input_value.c ****   pixel_width += u8g2_GetUTF8Width(u8g2, "0") * digits;
 119              		.loc 1 89 0
 120 006e 3A49     		ldr	r1, .L33
  88:/Users/imashio/Electronics/ARM/_Library/u8g2_input_value.c ****   pixel_width += u8g2_GetUTF8Width(u8g2, "0") * digits;
 121              		.loc 1 88 0
 122 0070 0646     		mov	r6, r0
 123              	.LVL17:
 124              		.loc 1 89 0
 125 0072 2046     		mov	r0, r4
 126 0074 FFF7FEFF 		bl	u8g2_GetUTF8Width
 127              	.LVL18:
  90:/Users/imashio/Electronics/ARM/_Library/u8g2_input_value.c ****   pixel_width += u8g2_GetUTF8Width(u8g2, post);
 128              		.loc 1 90 0
 129 0078 1599     		ldr	r1, [sp, #84]
  89:/Users/imashio/Electronics/ARM/_Library/u8g2_input_value.c ****   pixel_width += u8g2_GetUTF8Width(u8g2, "0") * digits;
ARM GAS  /var/folders/v3/wysfpd052nz8jkbx04pk0ym80000gn/T//ccwD6pWV.s 			page 5


 130              		.loc 1 89 0
 131 007a 0546     		mov	r5, r0
 132              	.LVL19:
 133              		.loc 1 90 0
 134 007c 2046     		mov	r0, r4
 135 007e FFF7FEFF 		bl	u8g2_GetUTF8Width
 136              	.LVL20:
 137 0082 039A     		ldr	r2, [sp, #12]
  91:/Users/imashio/Electronics/ARM/_Library/u8g2_input_value.c ****   if ( pixel_width < u8g2_GetDisplayWidth(u8g2) )
 138              		.loc 1 91 0
 139 0084 94F83F70 		ldrb	r7, [r4, #63]	@ zero_extendqisi2
 140 0088 3318     		adds	r3, r6, r0
  90:/Users/imashio/Electronics/ARM/_Library/u8g2_input_value.c ****   pixel_width += u8g2_GetUTF8Width(u8g2, post);
 141              		.loc 1 90 0
 142 008a 05FB0233 		mla	r3, r5, r2, r3
 143 008e 03F0FF03 		and	r3, r3, #255
 144              	.LVL21:
 145              		.loc 1 91 0
 146 0092 9F42     		cmp	r7, r3
  92:/Users/imashio/Electronics/ARM/_Library/u8g2_input_value.c ****   {
  93:/Users/imashio/Electronics/ARM/_Library/u8g2_input_value.c ****     x = u8g2_GetDisplayWidth(u8g2);
  94:/Users/imashio/Electronics/ARM/_Library/u8g2_input_value.c ****     x -= pixel_width;
 147              		.loc 1 94 0
 148 0094 86BF     		itte	hi
 149 0096 FF1A     		subhi	r7, r7, r3
 150              	.LVL22:
  95:/Users/imashio/Electronics/ARM/_Library/u8g2_input_value.c ****     x /= 2;
 151              		.loc 1 95 0
 152 0098 C7F34607 		ubfxhi	r7, r7, #1, #7
 153              	.LVL23:
  87:/Users/imashio/Electronics/ARM/_Library/u8g2_input_value.c ****   pixel_width = u8g2_GetUTF8Width(u8g2, pre);
 154              		.loc 1 87 0
 155 009c 0027     		movls	r7, #0
 156              	.LVL24:
 157              	.L4:
  96:/Users/imashio/Electronics/ARM/_Library/u8g2_input_value.c ****   }
  97:/Users/imashio/Electronics/ARM/_Library/u8g2_input_value.c ****   
  98:/Users/imashio/Electronics/ARM/_Library/u8g2_input_value.c ****   /* event loop */
  99:/Users/imashio/Electronics/ARM/_Library/u8g2_input_value.c ****   for(;;)
 100:/Users/imashio/Electronics/ARM/_Library/u8g2_input_value.c ****   {
 101:/Users/imashio/Electronics/ARM/_Library/u8g2_input_value.c ****     u8g2_FirstPage(u8g2);
 158              		.loc 1 101 0
 159 009e 2046     		mov	r0, r4
 160 00a0 FFF7FEFF 		bl	u8g2_FirstPage
 161              	.LVL25:
 162              	.L5:
 102:/Users/imashio/Electronics/ARM/_Library/u8g2_input_value.c ****     do
 103:/Users/imashio/Electronics/ARM/_Library/u8g2_input_value.c ****     {
 104:/Users/imashio/Electronics/ARM/_Library/u8g2_input_value.c ****       /* render */
 105:/Users/imashio/Electronics/ARM/_Library/u8g2_input_value.c ****       yy = y;
 106:/Users/imashio/Electronics/ARM/_Library/u8g2_input_value.c ****       yy += u8g2_DrawUTF8Lines(u8g2, 0, yy, u8g2_GetDisplayWidth(u8g2), line_height, title);
 163              		.loc 1 106 0 discriminator 1
 164 00a4 049A     		ldr	r2, [sp, #16]
 165 00a6 94F83F30 		ldrb	r3, [r4, #63]	@ zero_extendqisi2
 166 00aa 0021     		movs	r1, #0
 167 00ac CDE900A2 		strd	r10, r2, [sp]
 168 00b0 2046     		mov	r0, r4
ARM GAS  /var/folders/v3/wysfpd052nz8jkbx04pk0ym80000gn/T//ccwD6pWV.s 			page 6


 169 00b2 4246     		mov	r2, r8
 170 00b4 FFF7FEFF 		bl	u8g2_DrawUTF8Lines
 171              	.LVL26:
 172 00b8 4044     		add	r0, r0, r8
 173 00ba C6B2     		uxtb	r6, r0
 174              	.LVL27:
 107:/Users/imashio/Electronics/ARM/_Library/u8g2_input_value.c ****       xx = x;
 108:/Users/imashio/Electronics/ARM/_Library/u8g2_input_value.c ****       xx += u8g2_DrawUTF8(u8g2, xx, yy, pre);
 175              		.loc 1 108 0 discriminator 1
 176 00bc 3246     		mov	r2, r6
 177 00be 5B46     		mov	r3, fp
 178 00c0 3946     		mov	r1, r7
 179 00c2 2046     		mov	r0, r4
 180 00c4 FFF7FEFF 		bl	u8g2_DrawUTF8
 181              	.LVL28:
 182 00c8 3844     		add	r0, r0, r7
 183 00ca C5B2     		uxtb	r5, r0
 184              	.LVL29:
 109:/Users/imashio/Electronics/ARM/_Library/u8g2_input_value.c ****       xx += u8g2_DrawUTF8(u8g2, xx, yy, u8x8_u8toa(local_value, digits));
 185              		.loc 1 109 0 discriminator 1
 186 00cc 0399     		ldr	r1, [sp, #12]
 187 00ce 4846     		mov	r0, r9
 188 00d0 FFF7FEFF 		bl	u8x8_u8toa
 189              	.LVL30:
 190 00d4 3246     		mov	r2, r6
 191 00d6 0346     		mov	r3, r0
 192 00d8 2946     		mov	r1, r5
 193 00da 2046     		mov	r0, r4
 194 00dc FFF7FEFF 		bl	u8g2_DrawUTF8
 195              	.LVL31:
 196 00e0 2844     		add	r0, r0, r5
 197              	.LVL32:
 110:/Users/imashio/Electronics/ARM/_Library/u8g2_input_value.c ****       u8g2_DrawUTF8(u8g2, xx, yy, post);
 198              		.loc 1 110 0 discriminator 1
 199 00e2 C1B2     		uxtb	r1, r0
 200 00e4 3246     		mov	r2, r6
 201 00e6 159B     		ldr	r3, [sp, #84]
 202 00e8 2046     		mov	r0, r4
 203 00ea FFF7FEFF 		bl	u8g2_DrawUTF8
 204              	.LVL33:
 111:/Users/imashio/Electronics/ARM/_Library/u8g2_input_value.c ****     } while( u8g2_NextPage(u8g2) );
 205              		.loc 1 111 0 discriminator 1
 206 00ee 2046     		mov	r0, r4
 207 00f0 FFF7FEFF 		bl	u8g2_NextPage
 208              	.LVL34:
 209 00f4 0028     		cmp	r0, #0
 210 00f6 D5D1     		bne	.L5
 211 00f8 0546     		mov	r5, r0
 212 00fa 09E0     		b	.L12
 213              	.LVL35:
 214              	.L6:
 112:/Users/imashio/Electronics/ARM/_Library/u8g2_input_value.c ****     
 113:/Users/imashio/Electronics/ARM/_Library/u8g2_input_value.c **** #ifdef U8G2_REF_MAN_PIC
 114:/Users/imashio/Electronics/ARM/_Library/u8g2_input_value.c ****       return 0;
 115:/Users/imashio/Electronics/ARM/_Library/u8g2_input_value.c **** #endif
 116:/Users/imashio/Electronics/ARM/_Library/u8g2_input_value.c ****     
 117:/Users/imashio/Electronics/ARM/_Library/u8g2_input_value.c ****     for(;;)
ARM GAS  /var/folders/v3/wysfpd052nz8jkbx04pk0ym80000gn/T//ccwD6pWV.s 			page 7


 118:/Users/imashio/Electronics/ARM/_Library/u8g2_input_value.c ****     {
 119:/Users/imashio/Electronics/ARM/_Library/u8g2_input_value.c ****       event = u8x8_GetMenuEvent(u8g2_GetU8x8(u8g2));
 120:/Users/imashio/Electronics/ARM/_Library/u8g2_input_value.c ****       if ( event == U8X8_MSG_GPIO_MENU_SELECT )
 121:/Users/imashio/Electronics/ARM/_Library/u8g2_input_value.c ****       {
 122:/Users/imashio/Electronics/ARM/_Library/u8g2_input_value.c **** 	*value = local_value;
 123:/Users/imashio/Electronics/ARM/_Library/u8g2_input_value.c **** 	return 1;
 124:/Users/imashio/Electronics/ARM/_Library/u8g2_input_value.c ****       }
 125:/Users/imashio/Electronics/ARM/_Library/u8g2_input_value.c ****       else if ( event == U8X8_MSG_GPIO_MENU_HOME )
 215              		.loc 1 125 0
 216 00fc 5328     		cmp	r0, #83
 217 00fe 10D0     		beq	.L7
 126:/Users/imashio/Electronics/ARM/_Library/u8g2_input_value.c ****       {
 127:/Users/imashio/Electronics/ARM/_Library/u8g2_input_value.c **** 	return 0;
 128:/Users/imashio/Electronics/ARM/_Library/u8g2_input_value.c ****       }
 129:/Users/imashio/Electronics/ARM/_Library/u8g2_input_value.c ****       else if ( event == U8X8_MSG_GPIO_MENU_NEXT || event == U8X8_MSG_GPIO_MENU_UP )
 218              		.loc 1 129 0
 219 0100 5128     		cmp	r0, #81
 220 0102 12D0     		beq	.L8
 221              		.loc 1 129 0 is_stmt 0 discriminator 1
 222 0104 5428     		cmp	r0, #84
 223 0106 10D0     		beq	.L8
 130:/Users/imashio/Electronics/ARM/_Library/u8g2_input_value.c ****       {
 131:/Users/imashio/Electronics/ARM/_Library/u8g2_input_value.c **** 	if ( local_value >= hi )
 132:/Users/imashio/Electronics/ARM/_Library/u8g2_input_value.c **** 	  local_value = lo;
 133:/Users/imashio/Electronics/ARM/_Library/u8g2_input_value.c **** 	else
 134:/Users/imashio/Electronics/ARM/_Library/u8g2_input_value.c **** 	  local_value++;
 135:/Users/imashio/Electronics/ARM/_Library/u8g2_input_value.c **** 	break;
 136:/Users/imashio/Electronics/ARM/_Library/u8g2_input_value.c ****       }
 137:/Users/imashio/Electronics/ARM/_Library/u8g2_input_value.c ****       else if ( event == U8X8_MSG_GPIO_MENU_PREV || event == U8X8_MSG_GPIO_MENU_DOWN )
 224              		.loc 1 137 0 is_stmt 1
 225 0108 5228     		cmp	r0, #82
 226 010a 14D0     		beq	.L11
 227              		.loc 1 137 0 is_stmt 0 discriminator 1
 228 010c 5528     		cmp	r0, #85
 229 010e 12D0     		beq	.L11
 230              	.LVL36:
 231              	.L12:
 119:/Users/imashio/Electronics/ARM/_Library/u8g2_input_value.c ****       if ( event == U8X8_MSG_GPIO_MENU_SELECT )
 232              		.loc 1 119 0 is_stmt 1
 233 0110 2046     		mov	r0, r4
 234 0112 FFF7FEFF 		bl	u8x8_GetMenuEvent
 235              	.LVL37:
 120:/Users/imashio/Electronics/ARM/_Library/u8g2_input_value.c ****       {
 236              		.loc 1 120 0
 237 0116 5028     		cmp	r0, #80
 238 0118 F0D1     		bne	.L6
 122:/Users/imashio/Electronics/ARM/_Library/u8g2_input_value.c **** 	return 1;
 239              		.loc 1 122 0
 240 011a 079B     		ldr	r3, [sp, #28]
 123:/Users/imashio/Electronics/ARM/_Library/u8g2_input_value.c ****       }
 241              		.loc 1 123 0
 242 011c 0125     		movs	r5, #1
 122:/Users/imashio/Electronics/ARM/_Library/u8g2_input_value.c **** 	return 1;
 243              		.loc 1 122 0
 244 011e 83F80090 		strb	r9, [r3]
 245              	.L7:
 138:/Users/imashio/Electronics/ARM/_Library/u8g2_input_value.c ****       {
ARM GAS  /var/folders/v3/wysfpd052nz8jkbx04pk0ym80000gn/T//ccwD6pWV.s 			page 8


 139:/Users/imashio/Electronics/ARM/_Library/u8g2_input_value.c **** 	if ( local_value <= lo )
 140:/Users/imashio/Electronics/ARM/_Library/u8g2_input_value.c **** 	  local_value = hi;
 141:/Users/imashio/Electronics/ARM/_Library/u8g2_input_value.c **** 	else
 142:/Users/imashio/Electronics/ARM/_Library/u8g2_input_value.c **** 	  local_value--;
 143:/Users/imashio/Electronics/ARM/_Library/u8g2_input_value.c **** 	break;
 144:/Users/imashio/Electronics/ARM/_Library/u8g2_input_value.c ****       }        
 145:/Users/imashio/Electronics/ARM/_Library/u8g2_input_value.c ****     }
 146:/Users/imashio/Electronics/ARM/_Library/u8g2_input_value.c ****   }
 147:/Users/imashio/Electronics/ARM/_Library/u8g2_input_value.c ****   
 148:/Users/imashio/Electronics/ARM/_Library/u8g2_input_value.c ****   /* never reached */
 149:/Users/imashio/Electronics/ARM/_Library/u8g2_input_value.c ****   //return r;  
 150:/Users/imashio/Electronics/ARM/_Library/u8g2_input_value.c **** }
 246              		.loc 1 150 0
 247 0122 2846     		mov	r0, r5
 248              	.LVL38:
 249 0124 09B0     		add	sp, sp, #36
 250              	.LCFI2:
 251              		.cfi_remember_state
 252              		.cfi_def_cfa_offset 36
 253              		@ sp needed
 254 0126 BDE8F08F 		pop	{r4, r5, r6, r7, r8, r9, r10, fp, pc}
 255              	.LVL39:
 256              	.L8:
 257              	.LCFI3:
 258              		.cfi_restore_state
 131:/Users/imashio/Electronics/ARM/_Library/u8g2_input_value.c **** 	  local_value = lo;
 259              		.loc 1 131 0
 260 012a 059B     		ldr	r3, [sp, #20]
 261 012c 9945     		cmp	r9, r3
 262 012e 08D3     		bcc	.L31
 263 0130 DDF81890 		ldr	r9, [sp, #24]
 264              	.LVL40:
 265 0134 B3E7     		b	.L4
 266              	.LVL41:
 267              	.L11:
 139:/Users/imashio/Electronics/ARM/_Library/u8g2_input_value.c **** 	  local_value = hi;
 268              		.loc 1 139 0
 269 0136 069B     		ldr	r3, [sp, #24]
 270 0138 9945     		cmp	r9, r3
 271 013a 07D8     		bhi	.L32
 272 013c DDF81490 		ldr	r9, [sp, #20]
 273              	.LVL42:
 274 0140 ADE7     		b	.L4
 275              	.LVL43:
 276              	.L31:
 134:/Users/imashio/Electronics/ARM/_Library/u8g2_input_value.c **** 	break;
 277              		.loc 1 134 0
 278 0142 09F10109 		add	r9, r9, #1
 279              	.LVL44:
 280 0146 5FFA89F9 		uxtb	r9, r9
 281              	.LVL45:
 282 014a A8E7     		b	.L4
 283              	.L32:
 142:/Users/imashio/Electronics/ARM/_Library/u8g2_input_value.c **** 	break;
 284              		.loc 1 142 0
 285 014c 09F1FF39 		add	r9, r9, #-1
 286              	.LVL46:
ARM GAS  /var/folders/v3/wysfpd052nz8jkbx04pk0ym80000gn/T//ccwD6pWV.s 			page 9


 287 0150 5FFA89F9 		uxtb	r9, r9
 288              	.LVL47:
 289 0154 A3E7     		b	.L4
 290              	.L34:
 291 0156 00BF     		.align	2
 292              	.L33:
 293 0158 00000000 		.word	.LC0
 294              		.cfi_endproc
 295              	.LFE0:
 297              		.section	.rodata.u8g2_UserInterfaceInputValue.str1.4,"aMS",%progbits,1
 298              		.align	2
 299              	.LC0:
 300 0000 3000     		.ascii	"0\000"
 301              		.text
 302              	.Letext0:
 303              		.file 2 "/usr/local/gcc-arm-none-eabi-7-2018-q2-update/arm-none-eabi/include/machine/_default_type
 304              		.file 3 "/usr/local/gcc-arm-none-eabi-7-2018-q2-update/arm-none-eabi/include/sys/_stdint.h"
 305              		.file 4 "/Users/imashio/Electronics/ARM/_Library/u8x8.h"
 306              		.file 5 "/Users/imashio/Electronics/ARM/_Library/u8g2.h"
ARM GAS  /var/folders/v3/wysfpd052nz8jkbx04pk0ym80000gn/T//ccwD6pWV.s 			page 10


DEFINED SYMBOLS
                            *ABS*:0000000000000000 u8g2_input_value.c
/var/folders/v3/wysfpd052nz8jkbx04pk0ym80000gn/T//ccwD6pWV.s:18     .text.u8g2_UserInterfaceInputValue:0000000000000000 $t
/var/folders/v3/wysfpd052nz8jkbx04pk0ym80000gn/T//ccwD6pWV.s:26     .text.u8g2_UserInterfaceInputValue:0000000000000000 u8g2_UserInterfaceInputValue
/var/folders/v3/wysfpd052nz8jkbx04pk0ym80000gn/T//ccwD6pWV.s:293    .text.u8g2_UserInterfaceInputValue:0000000000000158 $d
/var/folders/v3/wysfpd052nz8jkbx04pk0ym80000gn/T//ccwD6pWV.s:298    .rodata.u8g2_UserInterfaceInputValue.str1.4:0000000000000000 $d

UNDEFINED SYMBOLS
u8g2_SetFontDirection
u8g2_SetFontPosBaseline
u8x8_GetStringLineCnt
u8g2_GetUTF8Width
u8g2_FirstPage
u8g2_DrawUTF8Lines
u8g2_DrawUTF8
u8x8_u8toa
u8g2_NextPage
u8x8_GetMenuEvent
