ARM GAS  /var/folders/v3/wysfpd052nz8jkbx04pk0ym80000gn/T//cc0U0Rxz.s 			page 1


   1              		.cpu cortex-m4
   2              		.eabi_attribute 27, 1
   3              		.eabi_attribute 28, 1
   4              		.eabi_attribute 20, 1
   5              		.eabi_attribute 21, 1
   6              		.eabi_attribute 23, 3
   7              		.eabi_attribute 24, 1
   8              		.eabi_attribute 25, 1
   9              		.eabi_attribute 26, 1
  10              		.eabi_attribute 30, 2
  11              		.eabi_attribute 34, 1
  12              		.eabi_attribute 18, 4
  13              		.file	"u8g2_selection_list.c"
  14              		.text
  15              	.Ltext0:
  16              		.cfi_sections	.debug_frame
  17              		.section	.text.u8g2_DrawUTF8Line,"ax",%progbits
  18              		.align	1
  19              		.p2align 2,,3
  20              		.global	u8g2_DrawUTF8Line
  21              		.syntax unified
  22              		.thumb
  23              		.thumb_func
  24              		.fpu fpv4-sp-d16
  26              	u8g2_DrawUTF8Line:
  27              	.LFB0:
  28              		.file 1 "/Users/imashio/Electronics/ARM/_Library/u8g2_selection_list.c"
   1:/Users/imashio/Electronics/ARM/_Library/u8g2_selection_list.c **** /*
   2:/Users/imashio/Electronics/ARM/_Library/u8g2_selection_list.c **** 
   3:/Users/imashio/Electronics/ARM/_Library/u8g2_selection_list.c ****   u8g2_selection_list.c
   4:/Users/imashio/Electronics/ARM/_Library/u8g2_selection_list.c ****   
   5:/Users/imashio/Electronics/ARM/_Library/u8g2_selection_list.c ****   selection list with scroll option
   6:/Users/imashio/Electronics/ARM/_Library/u8g2_selection_list.c ****   
   7:/Users/imashio/Electronics/ARM/_Library/u8g2_selection_list.c ****   Universal 8bit Graphics Library (https://github.com/olikraus/u8g2/)
   8:/Users/imashio/Electronics/ARM/_Library/u8g2_selection_list.c **** 
   9:/Users/imashio/Electronics/ARM/_Library/u8g2_selection_list.c ****   Copyright (c) 2016, olikraus@gmail.com
  10:/Users/imashio/Electronics/ARM/_Library/u8g2_selection_list.c ****   All rights reserved.
  11:/Users/imashio/Electronics/ARM/_Library/u8g2_selection_list.c **** 
  12:/Users/imashio/Electronics/ARM/_Library/u8g2_selection_list.c ****   Redistribution and use in source and binary forms, with or without modification, 
  13:/Users/imashio/Electronics/ARM/_Library/u8g2_selection_list.c ****   are permitted provided that the following conditions are met:
  14:/Users/imashio/Electronics/ARM/_Library/u8g2_selection_list.c **** 
  15:/Users/imashio/Electronics/ARM/_Library/u8g2_selection_list.c ****   * Redistributions of source code must retain the above copyright notice, this list 
  16:/Users/imashio/Electronics/ARM/_Library/u8g2_selection_list.c ****     of conditions and the following disclaimer.
  17:/Users/imashio/Electronics/ARM/_Library/u8g2_selection_list.c ****     
  18:/Users/imashio/Electronics/ARM/_Library/u8g2_selection_list.c ****   * Redistributions in binary form must reproduce the above copyright notice, this 
  19:/Users/imashio/Electronics/ARM/_Library/u8g2_selection_list.c ****     list of conditions and the following disclaimer in the documentation and/or other 
  20:/Users/imashio/Electronics/ARM/_Library/u8g2_selection_list.c ****     materials provided with the distribution.
  21:/Users/imashio/Electronics/ARM/_Library/u8g2_selection_list.c **** 
  22:/Users/imashio/Electronics/ARM/_Library/u8g2_selection_list.c ****   THIS SOFTWARE IS PROVIDED BY THE COPYRIGHT HOLDERS AND 
  23:/Users/imashio/Electronics/ARM/_Library/u8g2_selection_list.c ****   CONTRIBUTORS "AS IS" AND ANY EXPRESS OR IMPLIED WARRANTIES, 
  24:/Users/imashio/Electronics/ARM/_Library/u8g2_selection_list.c ****   INCLUDING, BUT NOT LIMITED TO, THE IMPLIED WARRANTIES OF 
  25:/Users/imashio/Electronics/ARM/_Library/u8g2_selection_list.c ****   MERCHANTABILITY AND FITNESS FOR A PARTICULAR PURPOSE ARE 
  26:/Users/imashio/Electronics/ARM/_Library/u8g2_selection_list.c ****   DISCLAIMED. IN NO EVENT SHALL THE COPYRIGHT HOLDER OR 
  27:/Users/imashio/Electronics/ARM/_Library/u8g2_selection_list.c ****   CONTRIBUTORS BE LIABLE FOR ANY DIRECT, INDIRECT, INCIDENTAL, 
  28:/Users/imashio/Electronics/ARM/_Library/u8g2_selection_list.c ****   SPECIAL, EXEMPLARY, OR CONSEQUENTIAL DAMAGES (INCLUDING, BUT 
  29:/Users/imashio/Electronics/ARM/_Library/u8g2_selection_list.c ****   NOT LIMITED TO, PROCUREMENT OF SUBSTITUTE GOODS OR SERVICES; 
  30:/Users/imashio/Electronics/ARM/_Library/u8g2_selection_list.c ****   LOSS OF USE, DATA, OR PROFITS; OR BUSINESS INTERRUPTION) HOWEVER 
ARM GAS  /var/folders/v3/wysfpd052nz8jkbx04pk0ym80000gn/T//cc0U0Rxz.s 			page 2


  31:/Users/imashio/Electronics/ARM/_Library/u8g2_selection_list.c ****   CAUSED AND ON ANY THEORY OF LIABILITY, WHETHER IN CONTRACT, 
  32:/Users/imashio/Electronics/ARM/_Library/u8g2_selection_list.c ****   STRICT LIABILITY, OR TORT (INCLUDING NEGLIGENCE OR OTHERWISE) 
  33:/Users/imashio/Electronics/ARM/_Library/u8g2_selection_list.c ****   ARISING IN ANY WAY OUT OF THE USE OF THIS SOFTWARE, EVEN IF 
  34:/Users/imashio/Electronics/ARM/_Library/u8g2_selection_list.c ****   ADVISED OF THE POSSIBILITY OF SUCH DAMAGE.  
  35:/Users/imashio/Electronics/ARM/_Library/u8g2_selection_list.c ****   
  36:/Users/imashio/Electronics/ARM/_Library/u8g2_selection_list.c **** */
  37:/Users/imashio/Electronics/ARM/_Library/u8g2_selection_list.c **** 
  38:/Users/imashio/Electronics/ARM/_Library/u8g2_selection_list.c **** #include "u8g2.h"
  39:/Users/imashio/Electronics/ARM/_Library/u8g2_selection_list.c **** 
  40:/Users/imashio/Electronics/ARM/_Library/u8g2_selection_list.c **** #define MY_BORDER_SIZE 1
  41:/Users/imashio/Electronics/ARM/_Library/u8g2_selection_list.c **** 
  42:/Users/imashio/Electronics/ARM/_Library/u8g2_selection_list.c **** 
  43:/Users/imashio/Electronics/ARM/_Library/u8g2_selection_list.c **** /*
  44:/Users/imashio/Electronics/ARM/_Library/u8g2_selection_list.c ****   Draw a string at x,y
  45:/Users/imashio/Electronics/ARM/_Library/u8g2_selection_list.c ****   Center string within w (left adjust if w < pixel len of s)
  46:/Users/imashio/Electronics/ARM/_Library/u8g2_selection_list.c ****   
  47:/Users/imashio/Electronics/ARM/_Library/u8g2_selection_list.c ****   Side effects:
  48:/Users/imashio/Electronics/ARM/_Library/u8g2_selection_list.c ****     u8g2_SetFontDirection(u8g2, 0);
  49:/Users/imashio/Electronics/ARM/_Library/u8g2_selection_list.c ****     u8g2_SetFontPosBaseline(u8g2);
  50:/Users/imashio/Electronics/ARM/_Library/u8g2_selection_list.c **** 
  51:/Users/imashio/Electronics/ARM/_Library/u8g2_selection_list.c **** */
  52:/Users/imashio/Electronics/ARM/_Library/u8g2_selection_list.c **** void u8g2_DrawUTF8Line(u8g2_t *u8g2, u8g2_uint_t x, u8g2_uint_t y, u8g2_uint_t w, const char *s, ui
  53:/Users/imashio/Electronics/ARM/_Library/u8g2_selection_list.c **** {
  29              		.loc 1 53 0
  30              		.cfi_startproc
  31              		@ args = 12, pretend = 0, frame = 16
  32              		@ frame_needed = 0, uses_anonymous_args = 0
  33              	.LVL0:
  34 0000 2DE9F04F 		push	{r4, r5, r6, r7, r8, r9, r10, fp, lr}
  35              	.LCFI0:
  36              		.cfi_def_cfa_offset 36
  37              		.cfi_offset 4, -36
  38              		.cfi_offset 5, -32
  39              		.cfi_offset 6, -28
  40              		.cfi_offset 7, -24
  41              		.cfi_offset 8, -20
  42              		.cfi_offset 9, -16
  43              		.cfi_offset 10, -12
  44              		.cfi_offset 11, -8
  45              		.cfi_offset 14, -4
  46 0004 87B0     		sub	sp, sp, #28
  47              	.LCFI1:
  48              		.cfi_def_cfa_offset 64
  49              		.loc 1 53 0
  50 0006 0646     		mov	r6, r0
  51 0008 109F     		ldr	r7, [sp, #64]
  52 000a 0597     		str	r7, [sp, #20]
  53 000c 9846     		mov	r8, r3
  54 000e 8A46     		mov	r10, r1
  55 0010 9DF84830 		ldrb	r3, [sp, #72]	@ zero_extendqisi2
  56              	.LVL1:
  57 0014 0393     		str	r3, [sp, #12]
  54:/Users/imashio/Electronics/ARM/_Library/u8g2_selection_list.c ****   u8g2_uint_t d, str_width;
  55:/Users/imashio/Electronics/ARM/_Library/u8g2_selection_list.c ****   u8g2_uint_t fx, fy, fw, fh;
  56:/Users/imashio/Electronics/ARM/_Library/u8g2_selection_list.c **** 
  57:/Users/imashio/Electronics/ARM/_Library/u8g2_selection_list.c ****   /* only horizontal strings are supported, so force this here */
  58:/Users/imashio/Electronics/ARM/_Library/u8g2_selection_list.c ****   u8g2_SetFontDirection(u8g2, 0);
ARM GAS  /var/folders/v3/wysfpd052nz8jkbx04pk0ym80000gn/T//cc0U0Rxz.s 			page 3


  58              		.loc 1 58 0
  59 0016 0021     		movs	r1, #0
  60              	.LVL2:
  53:/Users/imashio/Electronics/ARM/_Library/u8g2_selection_list.c ****   u8g2_uint_t d, str_width;
  61              		.loc 1 53 0
  62 0018 1546     		mov	r5, r2
  63 001a 9DF84440 		ldrb	r4, [sp, #68]	@ zero_extendqisi2
  64              		.loc 1 58 0
  65 001e FFF7FEFF 		bl	u8g2_SetFontDirection
  66              	.LVL3:
  59:/Users/imashio/Electronics/ARM/_Library/u8g2_selection_list.c **** 
  60:/Users/imashio/Electronics/ARM/_Library/u8g2_selection_list.c ****   /* revert y position back to baseline ref */
  61:/Users/imashio/Electronics/ARM/_Library/u8g2_selection_list.c ****   y += u8g2->font_calc_vref(u8g2);   
  67              		.loc 1 61 0
  68 0022 F36C     		ldr	r3, [r6, #76]
  69 0024 3046     		mov	r0, r6
  70 0026 9847     		blx	r3
  71              	.LVL4:
  72 0028 0544     		add	r5, r5, r0
  62:/Users/imashio/Electronics/ARM/_Library/u8g2_selection_list.c **** 
  63:/Users/imashio/Electronics/ARM/_Library/u8g2_selection_list.c ****   /* calculate the width of the string in pixel */
  64:/Users/imashio/Electronics/ARM/_Library/u8g2_selection_list.c ****   str_width = u8g2_GetUTF8Width(u8g2, s);
  73              		.loc 1 64 0
  74 002a 3946     		mov	r1, r7
  61:/Users/imashio/Electronics/ARM/_Library/u8g2_selection_list.c **** 
  75              		.loc 1 61 0
  76 002c EBB2     		uxtb	r3, r5
  77              		.loc 1 64 0
  78 002e 3046     		mov	r0, r6
  61:/Users/imashio/Electronics/ARM/_Library/u8g2_selection_list.c **** 
  79              		.loc 1 61 0
  80 0030 0293     		str	r3, [sp, #8]
  81              	.LVL5:
  82              		.loc 1 64 0
  83 0032 FFF7FEFF 		bl	u8g2_GetUTF8Width
  84              	.LVL6:
  65:/Users/imashio/Electronics/ARM/_Library/u8g2_selection_list.c **** 
  66:/Users/imashio/Electronics/ARM/_Library/u8g2_selection_list.c ****   /* calculate delta d within the box */
  67:/Users/imashio/Electronics/ARM/_Library/u8g2_selection_list.c ****   d = 0;
  68:/Users/imashio/Electronics/ARM/_Library/u8g2_selection_list.c ****   if ( str_width < w )
  85              		.loc 1 68 0
  86 0036 4045     		cmp	r0, r8
  64:/Users/imashio/Electronics/ARM/_Library/u8g2_selection_list.c **** 
  87              		.loc 1 64 0
  88 0038 0746     		mov	r7, r0
  89              	.LVL7:
  90              		.loc 1 68 0
  91 003a 4DD2     		bcs	.L9
  92              	.LVL8:
  69:/Users/imashio/Electronics/ARM/_Library/u8g2_selection_list.c ****   {
  70:/Users/imashio/Electronics/ARM/_Library/u8g2_selection_list.c ****     d = w;
  71:/Users/imashio/Electronics/ARM/_Library/u8g2_selection_list.c ****     d -=str_width;
  93              		.loc 1 71 0
  94 003c A8EB0007 		sub	r7, r8, r0
  95              	.LVL9:
  72:/Users/imashio/Electronics/ARM/_Library/u8g2_selection_list.c ****     d /= 2;
  96              		.loc 1 72 0
ARM GAS  /var/folders/v3/wysfpd052nz8jkbx04pk0ym80000gn/T//cc0U0Rxz.s 			page 4


  97 0040 C7F34607 		ubfx	r7, r7, #1, #7
  98              	.LVL10:
  99 0044 5744     		add	r7, r7, r10
 100 0046 FBB2     		uxtb	r3, r7
 101 0048 0493     		str	r3, [sp, #16]
 102 004a 4746     		mov	r7, r8
 103              	.LVL11:
 104              	.L2:
  73:/Users/imashio/Electronics/ARM/_Library/u8g2_selection_list.c ****   }
  74:/Users/imashio/Electronics/ARM/_Library/u8g2_selection_list.c ****   else
  75:/Users/imashio/Electronics/ARM/_Library/u8g2_selection_list.c ****   {
  76:/Users/imashio/Electronics/ARM/_Library/u8g2_selection_list.c ****     w = str_width;
  77:/Users/imashio/Electronics/ARM/_Library/u8g2_selection_list.c ****   }
  78:/Users/imashio/Electronics/ARM/_Library/u8g2_selection_list.c **** 
  79:/Users/imashio/Electronics/ARM/_Library/u8g2_selection_list.c ****   /* caluclate text box */
  80:/Users/imashio/Electronics/ARM/_Library/u8g2_selection_list.c ****   fx = x;
  81:/Users/imashio/Electronics/ARM/_Library/u8g2_selection_list.c ****   fy = y - u8g2_GetAscent(u8g2) ;
 105              		.loc 1 81 0
 106 004c 96F87980 		ldrb	r8, [r6, #121]	@ zero_extendqisi2
  82:/Users/imashio/Electronics/ARM/_Library/u8g2_selection_list.c ****   fw = w;
  83:/Users/imashio/Electronics/ARM/_Library/u8g2_selection_list.c ****   fh = u8g2_GetAscent(u8g2) - u8g2_GetDescent(u8g2) ;
 107              		.loc 1 83 0
 108 0050 96F87A30 		ldrb	r3, [r6, #122]	@ zero_extendqisi2
  81:/Users/imashio/Electronics/ARM/_Library/u8g2_selection_list.c ****   fw = w;
 109              		.loc 1 81 0
 110 0054 029A     		ldr	r2, [sp, #8]
  84:/Users/imashio/Electronics/ARM/_Library/u8g2_selection_list.c **** 
  85:/Users/imashio/Electronics/ARM/_Library/u8g2_selection_list.c ****   /* draw the box, if inverted */
  86:/Users/imashio/Electronics/ARM/_Library/u8g2_selection_list.c ****   u8g2_SetDrawColor(u8g2, 1);
 111              		.loc 1 86 0
 112 0056 0121     		movs	r1, #1
 113 0058 3046     		mov	r0, r6
 114              	.LVL12:
  81:/Users/imashio/Electronics/ARM/_Library/u8g2_selection_list.c ****   fw = w;
 115              		.loc 1 81 0
 116 005a A2EB080B 		sub	fp, r2, r8
  83:/Users/imashio/Electronics/ARM/_Library/u8g2_selection_list.c **** 
 117              		.loc 1 83 0
 118 005e A8EB0308 		sub	r8, r8, r3
 119              		.loc 1 86 0
 120 0062 FFF7FEFF 		bl	u8g2_SetDrawColor
 121              	.LVL13:
  87:/Users/imashio/Electronics/ARM/_Library/u8g2_selection_list.c ****   if ( is_invert )
 122              		.loc 1 87 0
 123 0066 039B     		ldr	r3, [sp, #12]
  81:/Users/imashio/Electronics/ARM/_Library/u8g2_selection_list.c ****   fw = w;
 124              		.loc 1 81 0
 125 0068 5FFA8BFB 		uxtb	fp, fp
 126              	.LVL14:
  83:/Users/imashio/Electronics/ARM/_Library/u8g2_selection_list.c **** 
 127              		.loc 1 83 0
 128 006c 5FFA88F8 		uxtb	r8, r8
 129              	.LVL15:
 130              		.loc 1 87 0
 131 0070 ABBB     		cbnz	r3, .L19
 132              	.LVL16:
  88:/Users/imashio/Electronics/ARM/_Library/u8g2_selection_list.c ****   {
ARM GAS  /var/folders/v3/wysfpd052nz8jkbx04pk0ym80000gn/T//cc0U0Rxz.s 			page 5


  89:/Users/imashio/Electronics/ARM/_Library/u8g2_selection_list.c ****     u8g2_DrawBox(u8g2, fx, fy, fw, fh);
  90:/Users/imashio/Electronics/ARM/_Library/u8g2_selection_list.c ****   }
  91:/Users/imashio/Electronics/ARM/_Library/u8g2_selection_list.c **** 
  92:/Users/imashio/Electronics/ARM/_Library/u8g2_selection_list.c ****   /* draw the frame */
  93:/Users/imashio/Electronics/ARM/_Library/u8g2_selection_list.c ****   while( border_size > 0 )
 133              		.loc 1 93 0
 134 0072 04B3     		cbz	r4, .L6
 135              	.LVL17:
 136              	.L8:
 137 0074 AAEB0409 		sub	r9, r10, r4
 138 0078 5FFA89F9 		uxtb	r9, r9
 139 007c 3D46     		mov	r5, r7
 140 007e 5446     		mov	r4, r10
 141              	.LVL18:
 142              	.L5:
  94:/Users/imashio/Electronics/ARM/_Library/u8g2_selection_list.c ****   {
  95:/Users/imashio/Electronics/ARM/_Library/u8g2_selection_list.c ****     fx--;
  96:/Users/imashio/Electronics/ARM/_Library/u8g2_selection_list.c ****     fy--;
  97:/Users/imashio/Electronics/ARM/_Library/u8g2_selection_list.c ****     fw +=2;
 143              		.loc 1 97 0
 144 0080 0235     		adds	r5, r5, #2
 145              	.LVL19:
 146 0082 EDB2     		uxtb	r5, r5
  95:/Users/imashio/Electronics/ARM/_Library/u8g2_selection_list.c ****     fy--;
 147              		.loc 1 95 0
 148 0084 013C     		subs	r4, r4, #1
 149              	.LVL20:
 150 0086 E4B2     		uxtb	r4, r4
 151              	.LVL21:
  98:/Users/imashio/Electronics/ARM/_Library/u8g2_selection_list.c ****     fh +=2;
  99:/Users/imashio/Electronics/ARM/_Library/u8g2_selection_list.c ****     u8g2_DrawFrame(u8g2, fx, fy, fw, fh );
 152              		.loc 1 99 0
 153 0088 08EB0503 		add	r3, r8, r5
 154 008c DB1B     		subs	r3, r3, r7
 155 008e A4EB0A02 		sub	r2, r4, r10
 156 0092 DBB2     		uxtb	r3, r3
 157 0094 5A44     		add	r2, r2, fp
 158 0096 0093     		str	r3, [sp]
 159 0098 D2B2     		uxtb	r2, r2
 160 009a 2B46     		mov	r3, r5
 161 009c 2146     		mov	r1, r4
 162 009e 3046     		mov	r0, r6
 163 00a0 FFF7FEFF 		bl	u8g2_DrawFrame
 164              	.LVL22:
  93:/Users/imashio/Electronics/ARM/_Library/u8g2_selection_list.c ****   {
 165              		.loc 1 93 0
 166 00a4 4C45     		cmp	r4, r9
 167 00a6 EBD1     		bne	.L5
 100:/Users/imashio/Electronics/ARM/_Library/u8g2_selection_list.c ****     border_size--;
 101:/Users/imashio/Electronics/ARM/_Library/u8g2_selection_list.c ****   }
 102:/Users/imashio/Electronics/ARM/_Library/u8g2_selection_list.c **** 
 103:/Users/imashio/Electronics/ARM/_Library/u8g2_selection_list.c ****   if ( is_invert )
 168              		.loc 1 103 0
 169 00a8 039B     		ldr	r3, [sp, #12]
 170 00aa 23B1     		cbz	r3, .L6
 171              	.LVL23:
 172              	.L4:
ARM GAS  /var/folders/v3/wysfpd052nz8jkbx04pk0ym80000gn/T//cc0U0Rxz.s 			page 6


 104:/Users/imashio/Electronics/ARM/_Library/u8g2_selection_list.c ****   {
 105:/Users/imashio/Electronics/ARM/_Library/u8g2_selection_list.c ****     u8g2_SetDrawColor(u8g2, 0);
 173              		.loc 1 105 0
 174 00ac 0021     		movs	r1, #0
 175 00ae 3046     		mov	r0, r6
 176 00b0 FFF7FEFF 		bl	u8g2_SetDrawColor
 177              	.LVL24:
 178 00b4 03E0     		b	.L7
 179              	.L6:
 106:/Users/imashio/Electronics/ARM/_Library/u8g2_selection_list.c ****   }
 107:/Users/imashio/Electronics/ARM/_Library/u8g2_selection_list.c ****   else
 108:/Users/imashio/Electronics/ARM/_Library/u8g2_selection_list.c ****   {
 109:/Users/imashio/Electronics/ARM/_Library/u8g2_selection_list.c ****     u8g2_SetDrawColor(u8g2, 1);
 180              		.loc 1 109 0
 181 00b6 0121     		movs	r1, #1
 182 00b8 3046     		mov	r0, r6
 183 00ba FFF7FEFF 		bl	u8g2_SetDrawColor
 184              	.LVL25:
 185              	.L7:
 110:/Users/imashio/Electronics/ARM/_Library/u8g2_selection_list.c ****   }
 111:/Users/imashio/Electronics/ARM/_Library/u8g2_selection_list.c **** 
 112:/Users/imashio/Electronics/ARM/_Library/u8g2_selection_list.c ****   /* draw the text */
 113:/Users/imashio/Electronics/ARM/_Library/u8g2_selection_list.c ****   u8g2_DrawUTF8(u8g2, x+d, y, s);
 186              		.loc 1 113 0
 187 00be 0499     		ldr	r1, [sp, #16]
 188 00c0 059B     		ldr	r3, [sp, #20]
 189 00c2 029A     		ldr	r2, [sp, #8]
 190 00c4 3046     		mov	r0, r6
 191 00c6 FFF7FEFF 		bl	u8g2_DrawUTF8
 192              	.LVL26:
 114:/Users/imashio/Electronics/ARM/_Library/u8g2_selection_list.c **** 
 115:/Users/imashio/Electronics/ARM/_Library/u8g2_selection_list.c ****   /* revert draw color */
 116:/Users/imashio/Electronics/ARM/_Library/u8g2_selection_list.c ****   u8g2_SetDrawColor(u8g2, 1);
 193              		.loc 1 116 0
 194 00ca 3046     		mov	r0, r6
 195 00cc 0121     		movs	r1, #1
 117:/Users/imashio/Electronics/ARM/_Library/u8g2_selection_list.c **** 
 118:/Users/imashio/Electronics/ARM/_Library/u8g2_selection_list.c **** }
 196              		.loc 1 118 0
 197 00ce 07B0     		add	sp, sp, #28
 198              	.LCFI2:
 199              		.cfi_remember_state
 200              		.cfi_def_cfa_offset 36
 201              		@ sp needed
 202 00d0 BDE8F04F 		pop	{r4, r5, r6, r7, r8, r9, r10, fp, lr}
 203              	.LCFI3:
 204              		.cfi_restore 14
 205              		.cfi_restore 11
 206              		.cfi_restore 10
 207              		.cfi_restore 9
 208              		.cfi_restore 8
 209              		.cfi_restore 7
 210              		.cfi_restore 6
 211              		.cfi_restore 5
 212              		.cfi_restore 4
 213              		.cfi_def_cfa_offset 0
 214              	.LVL27:
ARM GAS  /var/folders/v3/wysfpd052nz8jkbx04pk0ym80000gn/T//cc0U0Rxz.s 			page 7


 116:/Users/imashio/Electronics/ARM/_Library/u8g2_selection_list.c **** 
 215              		.loc 1 116 0
 216 00d4 FFF7FEBF 		b	u8g2_SetDrawColor
 217              	.LVL28:
 218              	.L9:
 219              	.LCFI4:
 220              		.cfi_restore_state
 221 00d8 CDF810A0 		str	r10, [sp, #16]
 222 00dc B6E7     		b	.L2
 223              	.LVL29:
 224              	.L19:
  89:/Users/imashio/Electronics/ARM/_Library/u8g2_selection_list.c ****   }
 225              		.loc 1 89 0
 226 00de CDF80080 		str	r8, [sp]
 227 00e2 3B46     		mov	r3, r7
 228 00e4 5A46     		mov	r2, fp
 229 00e6 5146     		mov	r1, r10
 230 00e8 3046     		mov	r0, r6
 231 00ea FFF7FEFF 		bl	u8g2_DrawBox
 232              	.LVL30:
  93:/Users/imashio/Electronics/ARM/_Library/u8g2_selection_list.c ****   {
 233              		.loc 1 93 0
 234 00ee 002C     		cmp	r4, #0
 235 00f0 C0D1     		bne	.L8
 236 00f2 DBE7     		b	.L4
 237              		.cfi_endproc
 238              	.LFE0:
 240              		.section	.text.u8g2_draw_selection_list_line.isra.0,"ax",%progbits
 241              		.align	1
 242              		.p2align 2,,3
 243              		.syntax unified
 244              		.thumb
 245              		.thumb_func
 246              		.fpu fpv4-sp-d16
 248              	u8g2_draw_selection_list_line.isra.0:
 249              	.LFB5:
 119:/Users/imashio/Electronics/ARM/_Library/u8g2_selection_list.c **** 
 120:/Users/imashio/Electronics/ARM/_Library/u8g2_selection_list.c **** 
 121:/Users/imashio/Electronics/ARM/_Library/u8g2_selection_list.c **** /*
 122:/Users/imashio/Electronics/ARM/_Library/u8g2_selection_list.c ****   draw several lines at position x,y.
 123:/Users/imashio/Electronics/ARM/_Library/u8g2_selection_list.c ****   lines are stored in s and must be separated with '\n'.
 124:/Users/imashio/Electronics/ARM/_Library/u8g2_selection_list.c ****   lines can be centered with respect to "w"
 125:/Users/imashio/Electronics/ARM/_Library/u8g2_selection_list.c ****   if s == NULL nothing is drawn and 0 is returned
 126:/Users/imashio/Electronics/ARM/_Library/u8g2_selection_list.c ****   returns the number of lines in s multiplied with line_height
 127:/Users/imashio/Electronics/ARM/_Library/u8g2_selection_list.c **** */
 128:/Users/imashio/Electronics/ARM/_Library/u8g2_selection_list.c **** u8g2_uint_t u8g2_DrawUTF8Lines(u8g2_t *u8g2, u8g2_uint_t x, u8g2_uint_t y, u8g2_uint_t w, u8g2_uint
 129:/Users/imashio/Electronics/ARM/_Library/u8g2_selection_list.c **** {
 130:/Users/imashio/Electronics/ARM/_Library/u8g2_selection_list.c ****   uint8_t i;
 131:/Users/imashio/Electronics/ARM/_Library/u8g2_selection_list.c ****   uint8_t cnt;
 132:/Users/imashio/Electronics/ARM/_Library/u8g2_selection_list.c ****   u8g2_uint_t yy = 0;
 133:/Users/imashio/Electronics/ARM/_Library/u8g2_selection_list.c ****   cnt = u8x8_GetStringLineCnt(s);
 134:/Users/imashio/Electronics/ARM/_Library/u8g2_selection_list.c ****   //printf("str=%s\n", s);
 135:/Users/imashio/Electronics/ARM/_Library/u8g2_selection_list.c ****   //printf("cnt=%d, y=%d, line_height=%d\n", cnt, y, line_height);
 136:/Users/imashio/Electronics/ARM/_Library/u8g2_selection_list.c ****   for( i = 0; i < cnt; i++ )
 137:/Users/imashio/Electronics/ARM/_Library/u8g2_selection_list.c ****   {
 138:/Users/imashio/Electronics/ARM/_Library/u8g2_selection_list.c ****     //printf("  i=%d, y=%d, line_height=%d\n", i, y, line_height);
 139:/Users/imashio/Electronics/ARM/_Library/u8g2_selection_list.c ****     u8g2_DrawUTF8Line(u8g2, x, y, w, u8x8_GetStringLineStart(i, s), 0, 0);
ARM GAS  /var/folders/v3/wysfpd052nz8jkbx04pk0ym80000gn/T//cc0U0Rxz.s 			page 8


 140:/Users/imashio/Electronics/ARM/_Library/u8g2_selection_list.c ****     y+=line_height;
 141:/Users/imashio/Electronics/ARM/_Library/u8g2_selection_list.c ****     yy+=line_height;
 142:/Users/imashio/Electronics/ARM/_Library/u8g2_selection_list.c ****   }
 143:/Users/imashio/Electronics/ARM/_Library/u8g2_selection_list.c ****   return yy;
 144:/Users/imashio/Electronics/ARM/_Library/u8g2_selection_list.c **** }
 145:/Users/imashio/Electronics/ARM/_Library/u8g2_selection_list.c **** 
 146:/Users/imashio/Electronics/ARM/_Library/u8g2_selection_list.c **** /*
 147:/Users/imashio/Electronics/ARM/_Library/u8g2_selection_list.c ****   selection list with string line
 148:/Users/imashio/Electronics/ARM/_Library/u8g2_selection_list.c ****   returns line height
 149:/Users/imashio/Electronics/ARM/_Library/u8g2_selection_list.c **** */
 150:/Users/imashio/Electronics/ARM/_Library/u8g2_selection_list.c **** static u8g2_uint_t u8g2_draw_selection_list_line(u8g2_t *u8g2, u8sl_t *u8sl, u8g2_uint_t y, uint8_t
 151:/Users/imashio/Electronics/ARM/_Library/u8g2_selection_list.c **** static u8g2_uint_t u8g2_draw_selection_list_line(u8g2_t *u8g2, u8sl_t *u8sl, u8g2_uint_t y, uint8_t
 250              		.loc 1 151 0
 251              		.cfi_startproc
 252              		@ args = 4, pretend = 0, frame = 0
 253              		@ frame_needed = 0, uses_anonymous_args = 0
 254              	.LVL31:
 255 0000 F0B5     		push	{r4, r5, r6, r7, lr}
 256              	.LCFI5:
 257              		.cfi_def_cfa_offset 20
 258              		.cfi_offset 4, -20
 259              		.cfi_offset 5, -16
 260              		.cfi_offset 6, -12
 261              		.cfi_offset 7, -8
 262              		.cfi_offset 14, -4
 263 0002 85B0     		sub	sp, sp, #20
 264              	.LCFI6:
 265              		.cfi_def_cfa_offset 40
 152:/Users/imashio/Electronics/ARM/_Library/u8g2_selection_list.c **** {
 153:/Users/imashio/Electronics/ARM/_Library/u8g2_selection_list.c ****   u8g2_uint_t yy;
 154:/Users/imashio/Electronics/ARM/_Library/u8g2_selection_list.c ****   uint8_t border_size = 0;
 155:/Users/imashio/Electronics/ARM/_Library/u8g2_selection_list.c ****   uint8_t is_invert = 0;
 156:/Users/imashio/Electronics/ARM/_Library/u8g2_selection_list.c **** 	
 157:/Users/imashio/Electronics/ARM/_Library/u8g2_selection_list.c ****   u8g2_uint_t line_height = u8g2_GetAscent(u8g2) - u8g2_GetDescent(u8g2)+MY_BORDER_SIZE;
 266              		.loc 1 157 0
 267 0004 90F87940 		ldrb	r4, [r0, #121]	@ zero_extendqisi2
 268 0008 90F87A70 		ldrb	r7, [r0, #122]	@ zero_extendqisi2
 151:/Users/imashio/Electronics/ARM/_Library/u8g2_selection_list.c **** {
 269              		.loc 1 151 0
 270 000c 0546     		mov	r5, r0
 154:/Users/imashio/Electronics/ARM/_Library/u8g2_selection_list.c ****   uint8_t is_invert = 0;
 271              		.loc 1 154 0
 272 000e 5E1A     		subs	r6, r3, r1
 158:/Users/imashio/Electronics/ARM/_Library/u8g2_selection_list.c **** 
 159:/Users/imashio/Electronics/ARM/_Library/u8g2_selection_list.c ****   /* calculate offset from display upper border */
 160:/Users/imashio/Electronics/ARM/_Library/u8g2_selection_list.c ****   yy = idx;
 161:/Users/imashio/Electronics/ARM/_Library/u8g2_selection_list.c ****   yy -= u8sl->first_pos;
 162:/Users/imashio/Electronics/ARM/_Library/u8g2_selection_list.c ****   yy *= line_height;
 163:/Users/imashio/Electronics/ARM/_Library/u8g2_selection_list.c ****   yy += y;
 164:/Users/imashio/Electronics/ARM/_Library/u8g2_selection_list.c **** 
 165:/Users/imashio/Electronics/ARM/_Library/u8g2_selection_list.c ****   /* check whether this is the current cursor line */
 166:/Users/imashio/Electronics/ARM/_Library/u8g2_selection_list.c ****   if ( idx == u8sl->current_pos )
 167:/Users/imashio/Electronics/ARM/_Library/u8g2_selection_list.c ****   {
 168:/Users/imashio/Electronics/ARM/_Library/u8g2_selection_list.c ****     border_size = MY_BORDER_SIZE;
 169:/Users/imashio/Electronics/ARM/_Library/u8g2_selection_list.c ****     is_invert = 1;
 170:/Users/imashio/Electronics/ARM/_Library/u8g2_selection_list.c ****   }
 171:/Users/imashio/Electronics/ARM/_Library/u8g2_selection_list.c **** 
ARM GAS  /var/folders/v3/wysfpd052nz8jkbx04pk0ym80000gn/T//cc0U0Rxz.s 			page 9


 172:/Users/imashio/Electronics/ARM/_Library/u8g2_selection_list.c ****   /* get the line from the array */
 173:/Users/imashio/Electronics/ARM/_Library/u8g2_selection_list.c ****   s = u8x8_GetStringLineStart(idx, s);
 273              		.loc 1 173 0
 274 0010 1846     		mov	r0, r3
 275              	.LVL32:
 276 0012 0A99     		ldr	r1, [sp, #40]
 157:/Users/imashio/Electronics/ARM/_Library/u8g2_selection_list.c **** 
 277              		.loc 1 157 0
 278 0014 0134     		adds	r4, r4, #1
 279 0016 E41B     		subs	r4, r4, r7
 151:/Users/imashio/Electronics/ARM/_Library/u8g2_selection_list.c **** {
 280              		.loc 1 151 0
 281 0018 1746     		mov	r7, r2
 282              		.loc 1 173 0
 283 001a FFF7FEFF 		bl	u8x8_GetStringLineStart
 284              	.LVL33:
 174:/Users/imashio/Electronics/ARM/_Library/u8g2_selection_list.c **** 
 175:/Users/imashio/Electronics/ARM/_Library/u8g2_selection_list.c ****   /* draw the line */
 176:/Users/imashio/Electronics/ARM/_Library/u8g2_selection_list.c ****   if ( s == NULL )
 177:/Users/imashio/Electronics/ARM/_Library/u8g2_selection_list.c ****     s = "";
 178:/Users/imashio/Electronics/ARM/_Library/u8g2_selection_list.c ****   u8g2_DrawUTF8Line(u8g2, MY_BORDER_SIZE, y, u8g2_GetDisplayWidth(u8g2)-2*MY_BORDER_SIZE, s, border
 285              		.loc 1 178 0
 286 001e 95F83F30 		ldrb	r3, [r5, #63]	@ zero_extendqisi2
 177:/Users/imashio/Electronics/ARM/_Library/u8g2_selection_list.c ****   u8g2_DrawUTF8Line(u8g2, MY_BORDER_SIZE, y, u8g2_GetDisplayWidth(u8g2)-2*MY_BORDER_SIZE, s, border
 287              		.loc 1 177 0
 288 0022 0A49     		ldr	r1, .L23
 154:/Users/imashio/Electronics/ARM/_Library/u8g2_selection_list.c ****   uint8_t is_invert = 0;
 289              		.loc 1 154 0
 290 0024 B6FA86F6 		clz	r6, r6
 177:/Users/imashio/Electronics/ARM/_Library/u8g2_selection_list.c ****   u8g2_DrawUTF8Line(u8g2, MY_BORDER_SIZE, y, u8g2_GetDisplayWidth(u8g2)-2*MY_BORDER_SIZE, s, border
 291              		.loc 1 177 0
 292 0028 0028     		cmp	r0, #0
 293 002a 08BF     		it	eq
 294 002c 0846     		moveq	r0, r1
 154:/Users/imashio/Electronics/ARM/_Library/u8g2_selection_list.c ****   uint8_t is_invert = 0;
 295              		.loc 1 154 0
 296 002e 7609     		lsrs	r6, r6, #5
 297              		.loc 1 178 0
 298 0030 023B     		subs	r3, r3, #2
 299 0032 0090     		str	r0, [sp]
 300 0034 0296     		str	r6, [sp, #8]
 301 0036 2846     		mov	r0, r5
 302 0038 0196     		str	r6, [sp, #4]
 303 003a 3A46     		mov	r2, r7
 304 003c DBB2     		uxtb	r3, r3
 305 003e 0121     		movs	r1, #1
 306 0040 FFF7FEFF 		bl	u8g2_DrawUTF8Line
 307              	.LVL34:
 157:/Users/imashio/Electronics/ARM/_Library/u8g2_selection_list.c **** 
 308              		.loc 1 157 0
 309 0044 E4B2     		uxtb	r4, r4
 310              	.LVL35:
 179:/Users/imashio/Electronics/ARM/_Library/u8g2_selection_list.c ****   return line_height;
 180:/Users/imashio/Electronics/ARM/_Library/u8g2_selection_list.c **** }
 311              		.loc 1 180 0
 312 0046 2046     		mov	r0, r4
 313 0048 05B0     		add	sp, sp, #20
ARM GAS  /var/folders/v3/wysfpd052nz8jkbx04pk0ym80000gn/T//cc0U0Rxz.s 			page 10


 314              	.LCFI7:
 315              		.cfi_def_cfa_offset 20
 316              		@ sp needed
 317 004a F0BD     		pop	{r4, r5, r6, r7, pc}
 318              	.LVL36:
 319              	.L24:
 320              		.align	2
 321              	.L23:
 322 004c 00000000 		.word	.LC0
 323              		.cfi_endproc
 324              	.LFE5:
 326              		.section	.text.u8g2_DrawUTF8Lines,"ax",%progbits
 327              		.align	1
 328              		.p2align 2,,3
 329              		.global	u8g2_DrawUTF8Lines
 330              		.syntax unified
 331              		.thumb
 332              		.thumb_func
 333              		.fpu fpv4-sp-d16
 335              	u8g2_DrawUTF8Lines:
 336              	.LFB1:
 129:/Users/imashio/Electronics/ARM/_Library/u8g2_selection_list.c ****   uint8_t i;
 337              		.loc 1 129 0
 338              		.cfi_startproc
 339              		@ args = 8, pretend = 0, frame = 0
 340              		@ frame_needed = 0, uses_anonymous_args = 0
 341              	.LVL37:
 342 0000 2DE9F04F 		push	{r4, r5, r6, r7, r8, r9, r10, fp, lr}
 343              	.LCFI8:
 344              		.cfi_def_cfa_offset 36
 345              		.cfi_offset 4, -36
 346              		.cfi_offset 5, -32
 347              		.cfi_offset 6, -28
 348              		.cfi_offset 7, -24
 349              		.cfi_offset 8, -20
 350              		.cfi_offset 9, -16
 351              		.cfi_offset 10, -12
 352              		.cfi_offset 11, -8
 353              		.cfi_offset 14, -4
 354 0004 85B0     		sub	sp, sp, #20
 355              	.LCFI9:
 356              		.cfi_def_cfa_offset 56
 129:/Users/imashio/Electronics/ARM/_Library/u8g2_selection_list.c ****   uint8_t i;
 357              		.loc 1 129 0
 358 0006 8146     		mov	r9, r0
 133:/Users/imashio/Electronics/ARM/_Library/u8g2_selection_list.c ****   //printf("str=%s\n", s);
 359              		.loc 1 133 0
 360 0008 0F98     		ldr	r0, [sp, #60]
 361              	.LVL38:
 129:/Users/imashio/Electronics/ARM/_Library/u8g2_selection_list.c ****   uint8_t i;
 362              		.loc 1 129 0
 363 000a 9DF83880 		ldrb	r8, [sp, #56]	@ zero_extendqisi2
 364 000e 8A46     		mov	r10, r1
 365 0010 1446     		mov	r4, r2
 366 0012 9B46     		mov	fp, r3
 133:/Users/imashio/Electronics/ARM/_Library/u8g2_selection_list.c ****   //printf("str=%s\n", s);
 367              		.loc 1 133 0
ARM GAS  /var/folders/v3/wysfpd052nz8jkbx04pk0ym80000gn/T//cc0U0Rxz.s 			page 11


 368 0014 FFF7FEFF 		bl	u8x8_GetStringLineCnt
 369              	.LVL39:
 136:/Users/imashio/Electronics/ARM/_Library/u8g2_selection_list.c ****   {
 370              		.loc 1 136 0
 371 0018 0746     		mov	r7, r0
 372 001a B8B1     		cbz	r0, .L26
 373 001c 0025     		movs	r5, #0
 374 001e 2846     		mov	r0, r5
 375              	.LVL40:
 139:/Users/imashio/Electronics/ARM/_Library/u8g2_selection_list.c ****     y+=line_height;
 376              		.loc 1 139 0
 377 0020 2E46     		mov	r6, r5
 378              	.LVL41:
 379              	.L27:
 139:/Users/imashio/Electronics/ARM/_Library/u8g2_selection_list.c ****     y+=line_height;
 380              		.loc 1 139 0 is_stmt 0 discriminator 3
 381 0022 0F99     		ldr	r1, [sp, #60]
 382 0024 FFF7FEFF 		bl	u8x8_GetStringLineStart
 383              	.LVL42:
 384 0028 0135     		adds	r5, r5, #1
 385              	.LVL43:
 386 002a 0090     		str	r0, [sp]
 387 002c 2246     		mov	r2, r4
 388 002e 4846     		mov	r0, r9
 389 0030 CDE90166 		strd	r6, r6, [sp, #4]
 390 0034 5B46     		mov	r3, fp
 391 0036 5146     		mov	r1, r10
 392 0038 FFF7FEFF 		bl	u8g2_DrawUTF8Line
 393              	.LVL44:
 136:/Users/imashio/Electronics/ARM/_Library/u8g2_selection_list.c ****   {
 394              		.loc 1 136 0 is_stmt 1 discriminator 3
 395 003c E8B2     		uxtb	r0, r5
 140:/Users/imashio/Electronics/ARM/_Library/u8g2_selection_list.c ****     yy+=line_height;
 396              		.loc 1 140 0 discriminator 3
 397 003e 4444     		add	r4, r4, r8
 398              	.LVL45:
 136:/Users/imashio/Electronics/ARM/_Library/u8g2_selection_list.c ****   {
 399              		.loc 1 136 0 discriminator 3
 400 0040 B842     		cmp	r0, r7
 140:/Users/imashio/Electronics/ARM/_Library/u8g2_selection_list.c ****     yy+=line_height;
 401              		.loc 1 140 0 discriminator 3
 402 0042 E4B2     		uxtb	r4, r4
 403              	.LVL46:
 136:/Users/imashio/Electronics/ARM/_Library/u8g2_selection_list.c ****   {
 404              		.loc 1 136 0 discriminator 3
 405 0044 EDD3     		bcc	.L27
 406 0046 17FB08F7 		smulbb	r7, r7, r8
 407 004a F8B2     		uxtb	r0, r7
 408              	.L26:
 144:/Users/imashio/Electronics/ARM/_Library/u8g2_selection_list.c **** 
 409              		.loc 1 144 0
 410 004c 05B0     		add	sp, sp, #20
 411              	.LCFI10:
 412              		.cfi_def_cfa_offset 36
 413              		@ sp needed
 414 004e BDE8F08F 		pop	{r4, r5, r6, r7, r8, r9, r10, fp, pc}
 415              		.cfi_endproc
ARM GAS  /var/folders/v3/wysfpd052nz8jkbx04pk0ym80000gn/T//cc0U0Rxz.s 			page 12


 416              	.LFE1:
 418 0052 00BF     		.section	.text.u8g2_DrawSelectionList,"ax",%progbits
 419              		.align	1
 420              		.p2align 2,,3
 421              		.global	u8g2_DrawSelectionList
 422              		.syntax unified
 423              		.thumb
 424              		.thumb_func
 425              		.fpu fpv4-sp-d16
 427              	u8g2_DrawSelectionList:
 428              	.LFB3:
 181:/Users/imashio/Electronics/ARM/_Library/u8g2_selection_list.c **** 
 182:/Users/imashio/Electronics/ARM/_Library/u8g2_selection_list.c **** void u8g2_DrawSelectionList(u8g2_t *u8g2, u8sl_t *u8sl, u8g2_uint_t y, const char *s)
 183:/Users/imashio/Electronics/ARM/_Library/u8g2_selection_list.c **** {
 429              		.loc 1 183 0
 430              		.cfi_startproc
 431              		@ args = 0, pretend = 0, frame = 0
 432              		@ frame_needed = 0, uses_anonymous_args = 0
 433              	.LVL47:
 434 0000 2DE9F041 		push	{r4, r5, r6, r7, r8, lr}
 435              	.LCFI11:
 436              		.cfi_def_cfa_offset 24
 437              		.cfi_offset 4, -24
 438              		.cfi_offset 5, -20
 439              		.cfi_offset 6, -16
 440              		.cfi_offset 7, -12
 441              		.cfi_offset 8, -8
 442              		.cfi_offset 14, -4
 443 0004 0E46     		mov	r6, r1
 184:/Users/imashio/Electronics/ARM/_Library/u8g2_selection_list.c ****   uint8_t i;
 185:/Users/imashio/Electronics/ARM/_Library/u8g2_selection_list.c ****   for( i = 0; i < u8sl->visible; i++ )
 444              		.loc 1 185 0
 445 0006 0978     		ldrb	r1, [r1]	@ zero_extendqisi2
 446              	.LVL48:
 183:/Users/imashio/Electronics/ARM/_Library/u8g2_selection_list.c ****   uint8_t i;
 447              		.loc 1 183 0
 448 0008 82B0     		sub	sp, sp, #8
 449              	.LCFI12:
 450              		.cfi_def_cfa_offset 32
 451              		.loc 1 185 0
 452 000a A1B1     		cbz	r1, .L31
 453 000c 0746     		mov	r7, r0
 454 000e 1546     		mov	r5, r2
 455 0010 9846     		mov	r8, r3
 456 0012 0024     		movs	r4, #0
 457              	.LVL49:
 458              	.L33:
 186:/Users/imashio/Electronics/ARM/_Library/u8g2_selection_list.c ****   {
 187:/Users/imashio/Electronics/ARM/_Library/u8g2_selection_list.c ****     y += u8g2_draw_selection_list_line(u8g2, u8sl, y, i+u8sl->first_pos, s);
 459              		.loc 1 187 0 discriminator 3
 460 0014 B378     		ldrb	r3, [r6, #2]	@ zero_extendqisi2
 461 0016 F178     		ldrb	r1, [r6, #3]	@ zero_extendqisi2
 462 0018 CDF80080 		str	r8, [sp]
 463 001c 2344     		add	r3, r3, r4
 464 001e DBB2     		uxtb	r3, r3
 465 0020 2A46     		mov	r2, r5
 466 0022 3846     		mov	r0, r7
ARM GAS  /var/folders/v3/wysfpd052nz8jkbx04pk0ym80000gn/T//cc0U0Rxz.s 			page 13


 467 0024 FFF7FEFF 		bl	u8g2_draw_selection_list_line.isra.0
 468              	.LVL50:
 185:/Users/imashio/Electronics/ARM/_Library/u8g2_selection_list.c ****   {
 469              		.loc 1 185 0 discriminator 3
 470 0028 0134     		adds	r4, r4, #1
 471              	.LVL51:
 472 002a 3378     		ldrb	r3, [r6]	@ zero_extendqisi2
 473 002c E4B2     		uxtb	r4, r4
 474              		.loc 1 187 0 discriminator 3
 475 002e 0544     		add	r5, r5, r0
 476              	.LVL52:
 185:/Users/imashio/Electronics/ARM/_Library/u8g2_selection_list.c ****   {
 477              		.loc 1 185 0 discriminator 3
 478 0030 A342     		cmp	r3, r4
 479              		.loc 1 187 0 discriminator 3
 480 0032 EDB2     		uxtb	r5, r5
 481              	.LVL53:
 185:/Users/imashio/Electronics/ARM/_Library/u8g2_selection_list.c ****   {
 482              		.loc 1 185 0 discriminator 3
 483 0034 EED8     		bhi	.L33
 484              	.LVL54:
 485              	.L31:
 188:/Users/imashio/Electronics/ARM/_Library/u8g2_selection_list.c ****   }
 189:/Users/imashio/Electronics/ARM/_Library/u8g2_selection_list.c **** }
 486              		.loc 1 189 0
 487 0036 02B0     		add	sp, sp, #8
 488              	.LCFI13:
 489              		.cfi_def_cfa_offset 24
 490              		@ sp needed
 491 0038 BDE8F081 		pop	{r4, r5, r6, r7, r8, pc}
 492              		.cfi_endproc
 493              	.LFE3:
 495              		.section	.text.u8g2_UserInterfaceSelectionList,"ax",%progbits
 496              		.align	1
 497              		.p2align 2,,3
 498              		.global	u8g2_UserInterfaceSelectionList
 499              		.syntax unified
 500              		.thumb
 501              		.thumb_func
 502              		.fpu fpv4-sp-d16
 504              	u8g2_UserInterfaceSelectionList:
 505              	.LFB4:
 190:/Users/imashio/Electronics/ARM/_Library/u8g2_selection_list.c **** 
 191:/Users/imashio/Electronics/ARM/_Library/u8g2_selection_list.c **** 
 192:/Users/imashio/Electronics/ARM/_Library/u8g2_selection_list.c **** /*
 193:/Users/imashio/Electronics/ARM/_Library/u8g2_selection_list.c ****   title: 		NULL for no title, valid str for title line. Can contain mutliple lines, separated by '\
 194:/Users/imashio/Electronics/ARM/_Library/u8g2_selection_list.c ****   start_pos: 	default position for the cursor, first line is 1.
 195:/Users/imashio/Electronics/ARM/_Library/u8g2_selection_list.c ****   sl:			string list (list of strings separated by \n)
 196:/Users/imashio/Electronics/ARM/_Library/u8g2_selection_list.c ****   returns 0 if user has pressed the home key
 197:/Users/imashio/Electronics/ARM/_Library/u8g2_selection_list.c ****   returns the selected line if user has pressed the select key
 198:/Users/imashio/Electronics/ARM/_Library/u8g2_selection_list.c ****   side effects:
 199:/Users/imashio/Electronics/ARM/_Library/u8g2_selection_list.c ****     u8g2_SetFontDirection(u8g2, 0);
 200:/Users/imashio/Electronics/ARM/_Library/u8g2_selection_list.c ****     u8g2_SetFontPosBaseline(u8g2);
 201:/Users/imashio/Electronics/ARM/_Library/u8g2_selection_list.c **** 	
 202:/Users/imashio/Electronics/ARM/_Library/u8g2_selection_list.c **** */
 203:/Users/imashio/Electronics/ARM/_Library/u8g2_selection_list.c **** uint8_t u8g2_UserInterfaceSelectionList(u8g2_t *u8g2, const char *title, uint8_t start_pos, const c
 204:/Users/imashio/Electronics/ARM/_Library/u8g2_selection_list.c **** {
ARM GAS  /var/folders/v3/wysfpd052nz8jkbx04pk0ym80000gn/T//cc0U0Rxz.s 			page 14


 506              		.loc 1 204 0
 507              		.cfi_startproc
 508              		@ args = 0, pretend = 0, frame = 8
 509              		@ frame_needed = 0, uses_anonymous_args = 0
 510              	.LVL55:
 511 0000 2DE9F043 		push	{r4, r5, r6, r7, r8, r9, lr}
 512              	.LCFI14:
 513              		.cfi_def_cfa_offset 28
 514              		.cfi_offset 4, -28
 515              		.cfi_offset 5, -24
 516              		.cfi_offset 6, -20
 517              		.cfi_offset 7, -16
 518              		.cfi_offset 8, -12
 519              		.cfi_offset 9, -8
 520              		.cfi_offset 14, -4
 205:/Users/imashio/Electronics/ARM/_Library/u8g2_selection_list.c ****   u8sl_t u8sl;
 206:/Users/imashio/Electronics/ARM/_Library/u8g2_selection_list.c ****   u8g2_uint_t yy;
 207:/Users/imashio/Electronics/ARM/_Library/u8g2_selection_list.c **** 
 208:/Users/imashio/Electronics/ARM/_Library/u8g2_selection_list.c ****   uint8_t event;
 209:/Users/imashio/Electronics/ARM/_Library/u8g2_selection_list.c **** 
 210:/Users/imashio/Electronics/ARM/_Library/u8g2_selection_list.c ****   u8g2_uint_t line_height = u8g2_GetAscent(u8g2) - u8g2_GetDescent(u8g2)+MY_BORDER_SIZE;
 521              		.loc 1 210 0
 522 0004 90F87980 		ldrb	r8, [r0, #121]	@ zero_extendqisi2
 204:/Users/imashio/Electronics/ARM/_Library/u8g2_selection_list.c ****   u8sl_t u8sl;
 523              		.loc 1 204 0
 524 0008 8946     		mov	r9, r1
 525              		.loc 1 210 0
 526 000a 90F87A10 		ldrb	r1, [r0, #122]	@ zero_extendqisi2
 527              	.LVL56:
 204:/Users/imashio/Electronics/ARM/_Library/u8g2_selection_list.c ****   u8sl_t u8sl;
 528              		.loc 1 204 0
 529 000e 85B0     		sub	sp, sp, #20
 530              	.LCFI15:
 531              		.cfi_def_cfa_offset 48
 204:/Users/imashio/Electronics/ARM/_Library/u8g2_selection_list.c ****   u8sl_t u8sl;
 532              		.loc 1 204 0
 533 0010 0446     		mov	r4, r0
 534              		.loc 1 210 0
 535 0012 08F10108 		add	r8, r8, #1
 211:/Users/imashio/Electronics/ARM/_Library/u8g2_selection_list.c **** 
 212:/Users/imashio/Electronics/ARM/_Library/u8g2_selection_list.c ****   uint8_t title_lines = u8x8_GetStringLineCnt(title);
 536              		.loc 1 212 0
 537 0016 4846     		mov	r0, r9
 538              	.LVL57:
 210:/Users/imashio/Electronics/ARM/_Library/u8g2_selection_list.c **** 
 539              		.loc 1 210 0
 540 0018 A8EB0108 		sub	r8, r8, r1
 204:/Users/imashio/Electronics/ARM/_Library/u8g2_selection_list.c ****   u8sl_t u8sl;
 541              		.loc 1 204 0
 542 001c 1546     		mov	r5, r2
 543 001e 1F46     		mov	r7, r3
 544              		.loc 1 212 0
 545 0020 FFF7FEFF 		bl	u8x8_GetStringLineCnt
 546              	.LVL58:
 210:/Users/imashio/Electronics/ARM/_Library/u8g2_selection_list.c **** 
 547              		.loc 1 210 0
 548 0024 5FFA88F8 		uxtb	r8, r8
ARM GAS  /var/folders/v3/wysfpd052nz8jkbx04pk0ym80000gn/T//cc0U0Rxz.s 			page 15


 549              	.LVL59:
 550              		.loc 1 212 0
 551 0028 0646     		mov	r6, r0
 552              	.LVL60:
 213:/Users/imashio/Electronics/ARM/_Library/u8g2_selection_list.c ****   uint8_t display_lines;
 214:/Users/imashio/Electronics/ARM/_Library/u8g2_selection_list.c **** 
 215:/Users/imashio/Electronics/ARM/_Library/u8g2_selection_list.c ****   
 216:/Users/imashio/Electronics/ARM/_Library/u8g2_selection_list.c ****   if ( start_pos > 0 )	/* issue 112 */
 553              		.loc 1 216 0
 554 002a 0DB1     		cbz	r5, .L40
 217:/Users/imashio/Electronics/ARM/_Library/u8g2_selection_list.c ****     start_pos--;		/* issue 112 */
 555              		.loc 1 217 0
 556 002c 013D     		subs	r5, r5, #1
 557 002e EDB2     		uxtb	r5, r5
 558              	.LVL61:
 559              	.L40:
 560 0030 94F84030 		ldrb	r3, [r4, #64]	@ zero_extendqisi2
 218:/Users/imashio/Electronics/ARM/_Library/u8g2_selection_list.c **** 
 219:/Users/imashio/Electronics/ARM/_Library/u8g2_selection_list.c **** 
 220:/Users/imashio/Electronics/ARM/_Library/u8g2_selection_list.c ****   if ( title_lines > 0 )
 561              		.loc 1 220 0
 562 0034 002E     		cmp	r6, #0
 563 0036 6FD0     		beq	.L41
 564              	.LVL62:
 221:/Users/imashio/Electronics/ARM/_Library/u8g2_selection_list.c ****   {
 222:/Users/imashio/Electronics/ARM/_Library/u8g2_selection_list.c **** 	display_lines = (u8g2_GetDisplayHeight(u8g2)-3) / line_height;
 565              		.loc 1 222 0
 566 0038 033B     		subs	r3, r3, #3
 567              	.LVL63:
 568 003a 93FBF8F3 		sdiv	r3, r3, r8
 569              	.LVL64:
 223:/Users/imashio/Electronics/ARM/_Library/u8g2_selection_list.c **** 	u8sl.visible = display_lines;
 224:/Users/imashio/Electronics/ARM/_Library/u8g2_selection_list.c **** 	u8sl.visible -= title_lines;
 570              		.loc 1 224 0
 571 003e 9B1B     		subs	r3, r3, r6
 572 0040 8DF80830 		strb	r3, [sp, #8]
 573              	.LVL65:
 574              	.L42:
 225:/Users/imashio/Electronics/ARM/_Library/u8g2_selection_list.c ****   }
 226:/Users/imashio/Electronics/ARM/_Library/u8g2_selection_list.c ****   else
 227:/Users/imashio/Electronics/ARM/_Library/u8g2_selection_list.c ****   {
 228:/Users/imashio/Electronics/ARM/_Library/u8g2_selection_list.c **** 	display_lines = u8g2_GetDisplayHeight(u8g2) / line_height;
 229:/Users/imashio/Electronics/ARM/_Library/u8g2_selection_list.c **** 	u8sl.visible = display_lines;
 230:/Users/imashio/Electronics/ARM/_Library/u8g2_selection_list.c ****   }
 231:/Users/imashio/Electronics/ARM/_Library/u8g2_selection_list.c **** 
 232:/Users/imashio/Electronics/ARM/_Library/u8g2_selection_list.c ****   u8sl.total = u8x8_GetStringLineCnt(sl);
 575              		.loc 1 232 0
 576 0044 3846     		mov	r0, r7
 577 0046 FFF7FEFF 		bl	u8x8_GetStringLineCnt
 578              	.LVL66:
 233:/Users/imashio/Electronics/ARM/_Library/u8g2_selection_list.c ****   u8sl.first_pos = 0;
 579              		.loc 1 233 0
 580 004a 0023     		movs	r3, #0
 234:/Users/imashio/Electronics/ARM/_Library/u8g2_selection_list.c ****   u8sl.current_pos = start_pos;
 235:/Users/imashio/Electronics/ARM/_Library/u8g2_selection_list.c **** 
 236:/Users/imashio/Electronics/ARM/_Library/u8g2_selection_list.c ****   if ( u8sl.current_pos >= u8sl.total )
 581              		.loc 1 236 0
ARM GAS  /var/folders/v3/wysfpd052nz8jkbx04pk0ym80000gn/T//cc0U0Rxz.s 			page 16


 582 004c A842     		cmp	r0, r5
 232:/Users/imashio/Electronics/ARM/_Library/u8g2_selection_list.c ****   u8sl.first_pos = 0;
 583              		.loc 1 232 0
 584 004e 8DF80900 		strb	r0, [sp, #9]
 233:/Users/imashio/Electronics/ARM/_Library/u8g2_selection_list.c ****   u8sl.first_pos = 0;
 585              		.loc 1 233 0
 586 0052 8DF80A30 		strb	r3, [sp, #10]
 237:/Users/imashio/Electronics/ARM/_Library/u8g2_selection_list.c ****     u8sl.current_pos = u8sl.total-1;
 587              		.loc 1 237 0
 588 0056 98BF     		it	ls
 589 0058 00F1FF30 		addls	r0, r0, #-1
 238:/Users/imashio/Electronics/ARM/_Library/u8g2_selection_list.c ****   if ( u8sl.first_pos+u8sl.visible <= u8sl.current_pos )
 590              		.loc 1 238 0
 591 005c 9DF80830 		ldrb	r3, [sp, #8]	@ zero_extendqisi2
 237:/Users/imashio/Electronics/ARM/_Library/u8g2_selection_list.c ****     u8sl.current_pos = u8sl.total-1;
 592              		.loc 1 237 0
 593 0060 98BF     		it	ls
 594 0062 C5B2     		uxtbls	r5, r0
 595              	.LVL67:
 596              		.loc 1 238 0
 597 0064 AB42     		cmp	r3, r5
 237:/Users/imashio/Electronics/ARM/_Library/u8g2_selection_list.c ****     u8sl.current_pos = u8sl.total-1;
 598              		.loc 1 237 0
 599 0066 8DF80B50 		strb	r5, [sp, #11]
 600              		.loc 1 238 0
 601 006a 04D8     		bhi	.L45
 239:/Users/imashio/Electronics/ARM/_Library/u8g2_selection_list.c ****     u8sl.first_pos = u8sl.current_pos-u8sl.visible+1;
 602              		.loc 1 239 0
 603 006c C3F10103 		rsb	r3, r3, #1
 604 0070 1D44     		add	r5, r5, r3
 605 0072 8DF80A50 		strb	r5, [sp, #10]
 606              	.L45:
 240:/Users/imashio/Electronics/ARM/_Library/u8g2_selection_list.c **** 
 241:/Users/imashio/Electronics/ARM/_Library/u8g2_selection_list.c ****   u8g2_SetFontPosBaseline(u8g2);
 607              		.loc 1 241 0
 608 0076 2046     		mov	r0, r4
 609 0078 FFF7FEFF 		bl	u8g2_SetFontPosBaseline
 610              	.LVL68:
 611              	.L46:
 242:/Users/imashio/Electronics/ARM/_Library/u8g2_selection_list.c ****   
 243:/Users/imashio/Electronics/ARM/_Library/u8g2_selection_list.c ****   for(;;)
 244:/Users/imashio/Electronics/ARM/_Library/u8g2_selection_list.c ****   {
 245:/Users/imashio/Electronics/ARM/_Library/u8g2_selection_list.c ****       u8g2_FirstPage(u8g2);
 612              		.loc 1 245 0
 613 007c 2046     		mov	r0, r4
 614 007e FFF7FEFF 		bl	u8g2_FirstPage
 615              	.LVL69:
 616 0082 0AE0     		b	.L48
 617              	.LVL70:
 618              	.L47:
 246:/Users/imashio/Electronics/ARM/_Library/u8g2_selection_list.c ****       do
 247:/Users/imashio/Electronics/ARM/_Library/u8g2_selection_list.c ****       {
 248:/Users/imashio/Electronics/ARM/_Library/u8g2_selection_list.c ****         yy = u8g2_GetAscent(u8g2);
 249:/Users/imashio/Electronics/ARM/_Library/u8g2_selection_list.c ****         if ( title_lines > 0 )
 250:/Users/imashio/Electronics/ARM/_Library/u8g2_selection_list.c ****         {
 251:/Users/imashio/Electronics/ARM/_Library/u8g2_selection_list.c ****           yy += u8g2_DrawUTF8Lines(u8g2, 0, yy, u8g2_GetDisplayWidth(u8g2), line_height, title);
 252:/Users/imashio/Electronics/ARM/_Library/u8g2_selection_list.c **** 		
ARM GAS  /var/folders/v3/wysfpd052nz8jkbx04pk0ym80000gn/T//cc0U0Rxz.s 			page 17


 253:/Users/imashio/Electronics/ARM/_Library/u8g2_selection_list.c **** 	  u8g2_DrawHLine(u8g2, 0, yy-line_height- u8g2_GetDescent(u8g2) + 1, u8g2_GetDisplayWidth(u8g2));
 254:/Users/imashio/Electronics/ARM/_Library/u8g2_selection_list.c **** 		
 255:/Users/imashio/Electronics/ARM/_Library/u8g2_selection_list.c **** 	  yy += 3;
 256:/Users/imashio/Electronics/ARM/_Library/u8g2_selection_list.c ****         }
 257:/Users/imashio/Electronics/ARM/_Library/u8g2_selection_list.c ****         u8g2_DrawSelectionList(u8g2, &u8sl, yy, sl);
 619              		.loc 1 257 0
 620 0084 2A46     		mov	r2, r5
 621 0086 3B46     		mov	r3, r7
 622 0088 02A9     		add	r1, sp, #8
 623 008a 2046     		mov	r0, r4
 624 008c FFF7FEFF 		bl	u8g2_DrawSelectionList
 625              	.LVL71:
 258:/Users/imashio/Electronics/ARM/_Library/u8g2_selection_list.c ****       } while( u8g2_NextPage(u8g2) );
 626              		.loc 1 258 0
 627 0090 2046     		mov	r0, r4
 628 0092 FFF7FEFF 		bl	u8g2_NextPage
 629              	.LVL72:
 630 0096 0546     		mov	r5, r0
 631              	.LVL73:
 632 0098 38B3     		cbz	r0, .L54
 633              	.L48:
 248:/Users/imashio/Electronics/ARM/_Library/u8g2_selection_list.c ****         if ( title_lines > 0 )
 634              		.loc 1 248 0
 635 009a 94F87950 		ldrb	r5, [r4, #121]	@ zero_extendqisi2
 636              	.LVL74:
 249:/Users/imashio/Electronics/ARM/_Library/u8g2_selection_list.c ****         {
 637              		.loc 1 249 0
 638 009e 002E     		cmp	r6, #0
 639 00a0 F0D0     		beq	.L47
 251:/Users/imashio/Electronics/ARM/_Library/u8g2_selection_list.c **** 		
 640              		.loc 1 251 0
 641 00a2 94F83F30 		ldrb	r3, [r4, #63]	@ zero_extendqisi2
 642 00a6 2A46     		mov	r2, r5
 643 00a8 0021     		movs	r1, #0
 644 00aa CDE90089 		strd	r8, r9, [sp]
 645 00ae 2046     		mov	r0, r4
 646 00b0 FFF7FEFF 		bl	u8g2_DrawUTF8Lines
 647              	.LVL75:
 253:/Users/imashio/Electronics/ARM/_Library/u8g2_selection_list.c **** 		
 648              		.loc 1 253 0
 649 00b4 94F87A20 		ldrb	r2, [r4, #122]	@ zero_extendqisi2
 650 00b8 94F83F30 		ldrb	r3, [r4, #63]	@ zero_extendqisi2
 251:/Users/imashio/Electronics/ARM/_Library/u8g2_selection_list.c **** 		
 651              		.loc 1 251 0
 652 00bc 0544     		add	r5, r5, r0
 653              	.LVL76:
 253:/Users/imashio/Electronics/ARM/_Library/u8g2_selection_list.c **** 		
 654              		.loc 1 253 0
 655 00be C2F10102 		rsb	r2, r2, #1
 251:/Users/imashio/Electronics/ARM/_Library/u8g2_selection_list.c **** 		
 656              		.loc 1 251 0
 657 00c2 EDB2     		uxtb	r5, r5
 658              	.LVL77:
 253:/Users/imashio/Electronics/ARM/_Library/u8g2_selection_list.c **** 		
 659              		.loc 1 253 0
 660 00c4 A2EB0802 		sub	r2, r2, r8
 661 00c8 2A44     		add	r2, r2, r5
ARM GAS  /var/folders/v3/wysfpd052nz8jkbx04pk0ym80000gn/T//cc0U0Rxz.s 			page 18


 662 00ca D2B2     		uxtb	r2, r2
 663 00cc 0021     		movs	r1, #0
 664 00ce 2046     		mov	r0, r4
 255:/Users/imashio/Electronics/ARM/_Library/u8g2_selection_list.c ****         }
 665              		.loc 1 255 0
 666 00d0 0335     		adds	r5, r5, #3
 667              	.LVL78:
 253:/Users/imashio/Electronics/ARM/_Library/u8g2_selection_list.c **** 		
 668              		.loc 1 253 0
 669 00d2 FFF7FEFF 		bl	u8g2_DrawHLine
 670              	.LVL79:
 255:/Users/imashio/Electronics/ARM/_Library/u8g2_selection_list.c ****         }
 671              		.loc 1 255 0
 672 00d6 EDB2     		uxtb	r5, r5
 673              	.LVL80:
 674 00d8 D4E7     		b	.L47
 675              	.LVL81:
 676              	.L49:
 259:/Users/imashio/Electronics/ARM/_Library/u8g2_selection_list.c ****       
 260:/Users/imashio/Electronics/ARM/_Library/u8g2_selection_list.c **** #ifdef U8G2_REF_MAN_PIC
 261:/Users/imashio/Electronics/ARM/_Library/u8g2_selection_list.c ****       return 0;
 262:/Users/imashio/Electronics/ARM/_Library/u8g2_selection_list.c **** #endif
 263:/Users/imashio/Electronics/ARM/_Library/u8g2_selection_list.c **** 
 264:/Users/imashio/Electronics/ARM/_Library/u8g2_selection_list.c **** 
 265:/Users/imashio/Electronics/ARM/_Library/u8g2_selection_list.c ****       for(;;)
 266:/Users/imashio/Electronics/ARM/_Library/u8g2_selection_list.c ****       {
 267:/Users/imashio/Electronics/ARM/_Library/u8g2_selection_list.c ****         event = u8x8_GetMenuEvent(u8g2_GetU8x8(u8g2));
 268:/Users/imashio/Electronics/ARM/_Library/u8g2_selection_list.c ****         if ( event == U8X8_MSG_GPIO_MENU_SELECT )
 269:/Users/imashio/Electronics/ARM/_Library/u8g2_selection_list.c ****           return u8sl.current_pos+1;		/* +1, issue 112 */
 270:/Users/imashio/Electronics/ARM/_Library/u8g2_selection_list.c ****         else if ( event == U8X8_MSG_GPIO_MENU_HOME )
 677              		.loc 1 270 0
 678 00da 5328     		cmp	r0, #83
 679 00dc 10D0     		beq	.L50
 271:/Users/imashio/Electronics/ARM/_Library/u8g2_selection_list.c ****           return 0;				/* issue 112: return 0 instead of start_pos */
 272:/Users/imashio/Electronics/ARM/_Library/u8g2_selection_list.c ****         else if ( event == U8X8_MSG_GPIO_MENU_NEXT || event == U8X8_MSG_GPIO_MENU_DOWN )
 680              		.loc 1 272 0
 681 00de 512B     		cmp	r3, #81
 682 00e0 12D0     		beq	.L71
 273:/Users/imashio/Electronics/ARM/_Library/u8g2_selection_list.c ****         {
 274:/Users/imashio/Electronics/ARM/_Library/u8g2_selection_list.c ****           u8sl_Next(&u8sl);
 275:/Users/imashio/Electronics/ARM/_Library/u8g2_selection_list.c ****           break;
 276:/Users/imashio/Electronics/ARM/_Library/u8g2_selection_list.c ****         }
 277:/Users/imashio/Electronics/ARM/_Library/u8g2_selection_list.c ****         else if ( event == U8X8_MSG_GPIO_MENU_PREV || event == U8X8_MSG_GPIO_MENU_UP )
 683              		.loc 1 277 0
 684 00e2 5228     		cmp	r0, #82
 685 00e4 14D0     		beq	.L53
 686              		.loc 1 277 0 is_stmt 0 discriminator 1
 687 00e6 5428     		cmp	r0, #84
 688 00e8 12D0     		beq	.L53
 689              	.LVL82:
 690              	.L54:
 267:/Users/imashio/Electronics/ARM/_Library/u8g2_selection_list.c ****         if ( event == U8X8_MSG_GPIO_MENU_SELECT )
 691              		.loc 1 267 0 is_stmt 1
 692 00ea 2046     		mov	r0, r4
 693 00ec FFF7FEFF 		bl	u8x8_GetMenuEvent
 694              	.LVL83:
 268:/Users/imashio/Electronics/ARM/_Library/u8g2_selection_list.c ****           return u8sl.current_pos+1;		/* +1, issue 112 */
ARM GAS  /var/folders/v3/wysfpd052nz8jkbx04pk0ym80000gn/T//cc0U0Rxz.s 			page 19


 695              		.loc 1 268 0
 696 00f0 5028     		cmp	r0, #80
 272:/Users/imashio/Electronics/ARM/_Library/u8g2_selection_list.c ****         {
 697              		.loc 1 272 0
 698 00f2 00F0FB03 		and	r3, r0, #251
 268:/Users/imashio/Electronics/ARM/_Library/u8g2_selection_list.c ****           return u8sl.current_pos+1;		/* +1, issue 112 */
 699              		.loc 1 268 0
 700 00f6 F0D1     		bne	.L49
 269:/Users/imashio/Electronics/ARM/_Library/u8g2_selection_list.c ****         else if ( event == U8X8_MSG_GPIO_MENU_HOME )
 701              		.loc 1 269 0
 702 00f8 9DF80B50 		ldrb	r5, [sp, #11]	@ zero_extendqisi2
 703 00fc 0135     		adds	r5, r5, #1
 704 00fe EDB2     		uxtb	r5, r5
 705              	.L50:
 278:/Users/imashio/Electronics/ARM/_Library/u8g2_selection_list.c ****         {
 279:/Users/imashio/Electronics/ARM/_Library/u8g2_selection_list.c ****           u8sl_Prev(&u8sl);
 280:/Users/imashio/Electronics/ARM/_Library/u8g2_selection_list.c ****           break;
 281:/Users/imashio/Electronics/ARM/_Library/u8g2_selection_list.c ****         }
 282:/Users/imashio/Electronics/ARM/_Library/u8g2_selection_list.c ****       }
 283:/Users/imashio/Electronics/ARM/_Library/u8g2_selection_list.c ****   }
 284:/Users/imashio/Electronics/ARM/_Library/u8g2_selection_list.c **** }
 706              		.loc 1 284 0
 707 0100 2846     		mov	r0, r5
 708              	.LVL84:
 709 0102 05B0     		add	sp, sp, #20
 710              	.LCFI16:
 711              		.cfi_remember_state
 712              		.cfi_def_cfa_offset 28
 713              		@ sp needed
 714 0104 BDE8F083 		pop	{r4, r5, r6, r7, r8, r9, pc}
 715              	.LVL85:
 716              	.L71:
 717              	.LCFI17:
 718              		.cfi_restore_state
 274:/Users/imashio/Electronics/ARM/_Library/u8g2_selection_list.c ****           break;
 719              		.loc 1 274 0
 720 0108 02A8     		add	r0, sp, #8
 721              	.LVL86:
 722 010a FFF7FEFF 		bl	u8sl_Next
 723              	.LVL87:
 275:/Users/imashio/Electronics/ARM/_Library/u8g2_selection_list.c ****         }
 724              		.loc 1 275 0
 725 010e B5E7     		b	.L46
 726              	.LVL88:
 727              	.L53:
 279:/Users/imashio/Electronics/ARM/_Library/u8g2_selection_list.c ****           break;
 728              		.loc 1 279 0
 729 0110 02A8     		add	r0, sp, #8
 730              	.LVL89:
 731 0112 FFF7FEFF 		bl	u8sl_Prev
 732              	.LVL90:
 280:/Users/imashio/Electronics/ARM/_Library/u8g2_selection_list.c ****         }
 733              		.loc 1 280 0
 734 0116 B1E7     		b	.L46
 735              	.LVL91:
 736              	.L41:
 228:/Users/imashio/Electronics/ARM/_Library/u8g2_selection_list.c **** 	u8sl.visible = display_lines;
ARM GAS  /var/folders/v3/wysfpd052nz8jkbx04pk0ym80000gn/T//cc0U0Rxz.s 			page 20


 737              		.loc 1 228 0
 738 0118 B3FBF8F3 		udiv	r3, r3, r8
 739              	.LVL92:
 229:/Users/imashio/Electronics/ARM/_Library/u8g2_selection_list.c ****   }
 740              		.loc 1 229 0
 741 011c 8DF80830 		strb	r3, [sp, #8]
 742 0120 90E7     		b	.L42
 743              		.cfi_endproc
 744              	.LFE4:
 746 0122 00BF     		.section	.rodata.u8g2_draw_selection_list_line.isra.0.str1.4,"aMS",%progbits,1
 747              		.align	2
 748              	.LC0:
 749 0000 00       		.ascii	"\000"
 750              		.text
 751              	.Letext0:
 752              		.file 2 "/usr/local/gcc-arm-none-eabi-7-2018-q2-update/arm-none-eabi/include/machine/_default_type
 753              		.file 3 "/usr/local/gcc-arm-none-eabi-7-2018-q2-update/arm-none-eabi/include/sys/_stdint.h"
 754              		.file 4 "/Users/imashio/Electronics/ARM/_Library/u8x8.h"
 755              		.file 5 "/Users/imashio/Electronics/ARM/_Library/u8g2.h"
ARM GAS  /var/folders/v3/wysfpd052nz8jkbx04pk0ym80000gn/T//cc0U0Rxz.s 			page 21


DEFINED SYMBOLS
                            *ABS*:0000000000000000 u8g2_selection_list.c
/var/folders/v3/wysfpd052nz8jkbx04pk0ym80000gn/T//cc0U0Rxz.s:18     .text.u8g2_DrawUTF8Line:0000000000000000 $t
/var/folders/v3/wysfpd052nz8jkbx04pk0ym80000gn/T//cc0U0Rxz.s:26     .text.u8g2_DrawUTF8Line:0000000000000000 u8g2_DrawUTF8Line
/var/folders/v3/wysfpd052nz8jkbx04pk0ym80000gn/T//cc0U0Rxz.s:241    .text.u8g2_draw_selection_list_line.isra.0:0000000000000000 $t
/var/folders/v3/wysfpd052nz8jkbx04pk0ym80000gn/T//cc0U0Rxz.s:248    .text.u8g2_draw_selection_list_line.isra.0:0000000000000000 u8g2_draw_selection_list_line.isra.0
/var/folders/v3/wysfpd052nz8jkbx04pk0ym80000gn/T//cc0U0Rxz.s:322    .text.u8g2_draw_selection_list_line.isra.0:000000000000004c $d
/var/folders/v3/wysfpd052nz8jkbx04pk0ym80000gn/T//cc0U0Rxz.s:327    .text.u8g2_DrawUTF8Lines:0000000000000000 $t
/var/folders/v3/wysfpd052nz8jkbx04pk0ym80000gn/T//cc0U0Rxz.s:335    .text.u8g2_DrawUTF8Lines:0000000000000000 u8g2_DrawUTF8Lines
/var/folders/v3/wysfpd052nz8jkbx04pk0ym80000gn/T//cc0U0Rxz.s:419    .text.u8g2_DrawSelectionList:0000000000000000 $t
/var/folders/v3/wysfpd052nz8jkbx04pk0ym80000gn/T//cc0U0Rxz.s:427    .text.u8g2_DrawSelectionList:0000000000000000 u8g2_DrawSelectionList
/var/folders/v3/wysfpd052nz8jkbx04pk0ym80000gn/T//cc0U0Rxz.s:496    .text.u8g2_UserInterfaceSelectionList:0000000000000000 $t
/var/folders/v3/wysfpd052nz8jkbx04pk0ym80000gn/T//cc0U0Rxz.s:504    .text.u8g2_UserInterfaceSelectionList:0000000000000000 u8g2_UserInterfaceSelectionList
/var/folders/v3/wysfpd052nz8jkbx04pk0ym80000gn/T//cc0U0Rxz.s:747    .rodata.u8g2_draw_selection_list_line.isra.0.str1.4:0000000000000000 $d

UNDEFINED SYMBOLS
u8g2_SetFontDirection
u8g2_GetUTF8Width
u8g2_SetDrawColor
u8g2_DrawFrame
u8g2_DrawUTF8
u8g2_DrawBox
u8x8_GetStringLineStart
u8x8_GetStringLineCnt
u8g2_SetFontPosBaseline
u8g2_FirstPage
u8g2_NextPage
u8g2_DrawHLine
u8x8_GetMenuEvent
u8sl_Next
u8sl_Prev
