ARM GAS  /var/folders/v3/wysfpd052nz8jkbx04pk0ym80000gn/T//ccbvpwKd.s 			page 1


   1              		.cpu cortex-m4
   2              		.eabi_attribute 27, 1
   3              		.eabi_attribute 28, 1
   4              		.eabi_attribute 20, 1
   5              		.eabi_attribute 21, 1
   6              		.eabi_attribute 23, 3
   7              		.eabi_attribute 24, 1
   8              		.eabi_attribute 25, 1
   9              		.eabi_attribute 26, 1
  10              		.eabi_attribute 30, 2
  11              		.eabi_attribute 34, 1
  12              		.eabi_attribute 18, 4
  13              		.file	"u8x8_d_sh1107.c"
  14              		.text
  15              	.Ltext0:
  16              		.cfi_sections	.debug_frame
  17              		.section	.text.u8x8_d_sh1107_generic,"ax",%progbits
  18              		.align	1
  19              		.p2align 2,,3
  20              		.syntax unified
  21              		.thumb
  22              		.thumb_func
  23              		.fpu fpv4-sp-d16
  25              	u8x8_d_sh1107_generic:
  26              	.LFB0:
  27              		.file 1 "/Users/imashio/Electronics/ARM/_Library/u8x8_d_sh1107.c"
   1:/Users/imashio/Electronics/ARM/_Library/u8x8_d_sh1107.c **** /*
   2:/Users/imashio/Electronics/ARM/_Library/u8x8_d_sh1107.c **** 
   3:/Users/imashio/Electronics/ARM/_Library/u8x8_d_sh1107.c ****   u8x8_d_sh1107.c
   4:/Users/imashio/Electronics/ARM/_Library/u8x8_d_sh1107.c **** 
   5:/Users/imashio/Electronics/ARM/_Library/u8x8_d_sh1107.c ****   Universal 8bit Graphics Library (https://github.com/olikraus/u8g2/)
   6:/Users/imashio/Electronics/ARM/_Library/u8x8_d_sh1107.c **** 
   7:/Users/imashio/Electronics/ARM/_Library/u8x8_d_sh1107.c ****   Copyright (c) 2017, olikraus@gmail.com
   8:/Users/imashio/Electronics/ARM/_Library/u8x8_d_sh1107.c ****   All rights reserved.
   9:/Users/imashio/Electronics/ARM/_Library/u8x8_d_sh1107.c **** 
  10:/Users/imashio/Electronics/ARM/_Library/u8x8_d_sh1107.c ****   Redistribution and use in source and binary forms, with or without modification, 
  11:/Users/imashio/Electronics/ARM/_Library/u8x8_d_sh1107.c ****   are permitted provided that the following conditions are met:
  12:/Users/imashio/Electronics/ARM/_Library/u8x8_d_sh1107.c **** 
  13:/Users/imashio/Electronics/ARM/_Library/u8x8_d_sh1107.c ****   * Redistributions of source code must retain the above copyright notice, this list 
  14:/Users/imashio/Electronics/ARM/_Library/u8x8_d_sh1107.c ****     of conditions and the following disclaimer.
  15:/Users/imashio/Electronics/ARM/_Library/u8x8_d_sh1107.c ****     
  16:/Users/imashio/Electronics/ARM/_Library/u8x8_d_sh1107.c ****   * Redistributions in binary form must reproduce the above copyright notice, this 
  17:/Users/imashio/Electronics/ARM/_Library/u8x8_d_sh1107.c ****     list of conditions and the following disclaimer in the documentation and/or other 
  18:/Users/imashio/Electronics/ARM/_Library/u8x8_d_sh1107.c ****     materials provided with the distribution.
  19:/Users/imashio/Electronics/ARM/_Library/u8x8_d_sh1107.c **** 
  20:/Users/imashio/Electronics/ARM/_Library/u8x8_d_sh1107.c ****   THIS SOFTWARE IS PROVIDED BY THE COPYRIGHT HOLDERS AND 
  21:/Users/imashio/Electronics/ARM/_Library/u8x8_d_sh1107.c ****   CONTRIBUTORS "AS IS" AND ANY EXPRESS OR IMPLIED WARRANTIES, 
  22:/Users/imashio/Electronics/ARM/_Library/u8x8_d_sh1107.c ****   INCLUDING, BUT NOT LIMITED TO, THE IMPLIED WARRANTIES OF 
  23:/Users/imashio/Electronics/ARM/_Library/u8x8_d_sh1107.c ****   MERCHANTABILITY AND FITNESS FOR A PARTICULAR PURPOSE ARE 
  24:/Users/imashio/Electronics/ARM/_Library/u8x8_d_sh1107.c ****   DISCLAIMED. IN NO EVENT SHALL THE COPYRIGHT HOLDER OR 
  25:/Users/imashio/Electronics/ARM/_Library/u8x8_d_sh1107.c ****   CONTRIBUTORS BE LIABLE FOR ANY DIRECT, INDIRECT, INCIDENTAL, 
  26:/Users/imashio/Electronics/ARM/_Library/u8x8_d_sh1107.c ****   SPECIAL, EXEMPLARY, OR CONSEQUENTIAL DAMAGES (INCLUDING, BUT 
  27:/Users/imashio/Electronics/ARM/_Library/u8x8_d_sh1107.c ****   NOT LIMITED TO, PROCUREMENT OF SUBSTITUTE GOODS OR SERVICES; 
  28:/Users/imashio/Electronics/ARM/_Library/u8x8_d_sh1107.c ****   LOSS OF USE, DATA, OR PROFITS; OR BUSINESS INTERRUPTION) HOWEVER 
  29:/Users/imashio/Electronics/ARM/_Library/u8x8_d_sh1107.c ****   CAUSED AND ON ANY THEORY OF LIABILITY, WHETHER IN CONTRACT, 
  30:/Users/imashio/Electronics/ARM/_Library/u8x8_d_sh1107.c ****   STRICT LIABILITY, OR TORT (INCLUDING NEGLIGENCE OR OTHERWISE) 
  31:/Users/imashio/Electronics/ARM/_Library/u8x8_d_sh1107.c ****   ARISING IN ANY WAY OUT OF THE USE OF THIS SOFTWARE, EVEN IF 
ARM GAS  /var/folders/v3/wysfpd052nz8jkbx04pk0ym80000gn/T//ccbvpwKd.s 			page 2


  32:/Users/imashio/Electronics/ARM/_Library/u8x8_d_sh1107.c ****   ADVISED OF THE POSSIBILITY OF SUCH DAMAGE.  
  33:/Users/imashio/Electronics/ARM/_Library/u8x8_d_sh1107.c ****   
  34:/Users/imashio/Electronics/ARM/_Library/u8x8_d_sh1107.c **** */
  35:/Users/imashio/Electronics/ARM/_Library/u8x8_d_sh1107.c **** 
  36:/Users/imashio/Electronics/ARM/_Library/u8x8_d_sh1107.c **** 
  37:/Users/imashio/Electronics/ARM/_Library/u8x8_d_sh1107.c **** #include "u8x8.h"
  38:/Users/imashio/Electronics/ARM/_Library/u8x8_d_sh1107.c **** 
  39:/Users/imashio/Electronics/ARM/_Library/u8x8_d_sh1107.c **** /* code copyied from SSD1306 */
  40:/Users/imashio/Electronics/ARM/_Library/u8x8_d_sh1107.c **** 
  41:/Users/imashio/Electronics/ARM/_Library/u8x8_d_sh1107.c **** 
  42:/Users/imashio/Electronics/ARM/_Library/u8x8_d_sh1107.c **** 
  43:/Users/imashio/Electronics/ARM/_Library/u8x8_d_sh1107.c **** static const uint8_t u8x8_d_sh1107_128x64_noname_powersave0_seq[] = {
  44:/Users/imashio/Electronics/ARM/_Library/u8x8_d_sh1107.c ****   U8X8_START_TRANSFER(),             	/* enable chip, delay is part of the transfer start */
  45:/Users/imashio/Electronics/ARM/_Library/u8x8_d_sh1107.c ****   U8X8_C(0x0af),		                /* display on */
  46:/Users/imashio/Electronics/ARM/_Library/u8x8_d_sh1107.c ****   U8X8_END_TRANSFER(),             	/* disable chip */
  47:/Users/imashio/Electronics/ARM/_Library/u8x8_d_sh1107.c ****   U8X8_END()             			/* end of sequence */
  48:/Users/imashio/Electronics/ARM/_Library/u8x8_d_sh1107.c **** };
  49:/Users/imashio/Electronics/ARM/_Library/u8x8_d_sh1107.c **** 
  50:/Users/imashio/Electronics/ARM/_Library/u8x8_d_sh1107.c **** static const uint8_t u8x8_d_sh1107_128x64_noname_powersave1_seq[] = {
  51:/Users/imashio/Electronics/ARM/_Library/u8x8_d_sh1107.c ****   U8X8_START_TRANSFER(),             	/* enable chip, delay is part of the transfer start */
  52:/Users/imashio/Electronics/ARM/_Library/u8x8_d_sh1107.c ****   U8X8_C(0x0ae),		                /* display off */
  53:/Users/imashio/Electronics/ARM/_Library/u8x8_d_sh1107.c ****   U8X8_END_TRANSFER(),             	/* disable chip */
  54:/Users/imashio/Electronics/ARM/_Library/u8x8_d_sh1107.c ****   U8X8_END()             			/* end of sequence */
  55:/Users/imashio/Electronics/ARM/_Library/u8x8_d_sh1107.c **** };
  56:/Users/imashio/Electronics/ARM/_Library/u8x8_d_sh1107.c **** 
  57:/Users/imashio/Electronics/ARM/_Library/u8x8_d_sh1107.c **** static const uint8_t u8x8_d_sh1107_128x64_noname_flip0_seq[] = {
  58:/Users/imashio/Electronics/ARM/_Library/u8x8_d_sh1107.c ****   U8X8_START_TRANSFER(),             	/* enable chip, delay is part of the transfer start */
  59:/Users/imashio/Electronics/ARM/_Library/u8x8_d_sh1107.c ****   U8X8_C(0x0a1),				/* segment remap a0/a1*/
  60:/Users/imashio/Electronics/ARM/_Library/u8x8_d_sh1107.c ****   U8X8_C(0x0c8),				/* c0: scan dir normal, c8: reverse */
  61:/Users/imashio/Electronics/ARM/_Library/u8x8_d_sh1107.c ****   U8X8_END_TRANSFER(),             	/* disable chip */
  62:/Users/imashio/Electronics/ARM/_Library/u8x8_d_sh1107.c ****   U8X8_END()             			/* end of sequence */
  63:/Users/imashio/Electronics/ARM/_Library/u8x8_d_sh1107.c **** };
  64:/Users/imashio/Electronics/ARM/_Library/u8x8_d_sh1107.c **** 
  65:/Users/imashio/Electronics/ARM/_Library/u8x8_d_sh1107.c **** static const uint8_t u8x8_d_sh1107_128x64_noname_flip1_seq[] = {
  66:/Users/imashio/Electronics/ARM/_Library/u8x8_d_sh1107.c ****   U8X8_START_TRANSFER(),             	/* enable chip, delay is part of the transfer start */
  67:/Users/imashio/Electronics/ARM/_Library/u8x8_d_sh1107.c ****   U8X8_C(0x0a0),				/* segment remap a0/a1*/
  68:/Users/imashio/Electronics/ARM/_Library/u8x8_d_sh1107.c ****   U8X8_C(0x0c0),				/* c0: scan dir normal, c8: reverse */
  69:/Users/imashio/Electronics/ARM/_Library/u8x8_d_sh1107.c ****   U8X8_END_TRANSFER(),             	/* disable chip */
  70:/Users/imashio/Electronics/ARM/_Library/u8x8_d_sh1107.c ****   U8X8_END()             			/* end of sequence */
  71:/Users/imashio/Electronics/ARM/_Library/u8x8_d_sh1107.c **** };
  72:/Users/imashio/Electronics/ARM/_Library/u8x8_d_sh1107.c **** 
  73:/Users/imashio/Electronics/ARM/_Library/u8x8_d_sh1107.c **** 
  74:/Users/imashio/Electronics/ARM/_Library/u8x8_d_sh1107.c **** static uint8_t u8x8_d_sh1107_generic(u8x8_t *u8x8, uint8_t msg, uint8_t arg_int, void *arg_ptr)
  75:/Users/imashio/Electronics/ARM/_Library/u8x8_d_sh1107.c **** {
  28              		.loc 1 75 0
  29              		.cfi_startproc
  30              		@ args = 0, pretend = 0, frame = 0
  31              		@ frame_needed = 0, uses_anonymous_args = 0
  32              	.LVL0:
  76:/Users/imashio/Electronics/ARM/_Library/u8x8_d_sh1107.c ****   uint8_t x, c;
  77:/Users/imashio/Electronics/ARM/_Library/u8x8_d_sh1107.c ****   uint8_t *ptr;
  78:/Users/imashio/Electronics/ARM/_Library/u8x8_d_sh1107.c ****   switch(msg)
  33              		.loc 1 78 0
  34 0000 0B39     		subs	r1, r1, #11
  35              	.LVL1:
  75:/Users/imashio/Electronics/ARM/_Library/u8x8_d_sh1107.c ****   uint8_t x, c;
  36              		.loc 1 75 0
ARM GAS  /var/folders/v3/wysfpd052nz8jkbx04pk0ym80000gn/T//ccbvpwKd.s 			page 3


  37 0002 F8B5     		push	{r3, r4, r5, r6, r7, lr}
  38              	.LCFI0:
  39              		.cfi_def_cfa_offset 24
  40              		.cfi_offset 3, -24
  41              		.cfi_offset 4, -20
  42              		.cfi_offset 5, -16
  43              		.cfi_offset 6, -12
  44              		.cfi_offset 7, -8
  45              		.cfi_offset 14, -4
  75:/Users/imashio/Electronics/ARM/_Library/u8x8_d_sh1107.c ****   uint8_t x, c;
  46              		.loc 1 75 0
  47 0004 0646     		mov	r6, r0
  48 0006 1446     		mov	r4, r2
  49 0008 1D46     		mov	r5, r3
  50              		.loc 1 78 0
  51 000a 0429     		cmp	r1, #4
  52 000c 50D8     		bhi	.L11
  53 000e DFE801F0 		tbb	[pc, r1]
  54              	.LVL2:
  55              	.L4:
  56 0012 40       		.byte	(.L3-.L4)/2
  57 0013 4F       		.byte	(.L11-.L4)/2
  58 0014 46       		.byte	(.L5-.L4)/2
  59 0015 31       		.byte	(.L6-.L4)/2
  60 0016 03       		.byte	(.L7-.L4)/2
  61 0017 00       		.p2align 1
  62              	.L7:
  79:/Users/imashio/Electronics/ARM/_Library/u8x8_d_sh1107.c ****   {
  80:/Users/imashio/Electronics/ARM/_Library/u8x8_d_sh1107.c ****     /* handled by the calling function
  81:/Users/imashio/Electronics/ARM/_Library/u8x8_d_sh1107.c ****     case U8X8_MSG_DISPLAY_SETUP_MEMORY:
  82:/Users/imashio/Electronics/ARM/_Library/u8x8_d_sh1107.c ****       u8x8_d_helper_display_setup_memory(u8x8, &u8x8_sh1107_128x64_noname_display_info);
  83:/Users/imashio/Electronics/ARM/_Library/u8x8_d_sh1107.c ****       break;
  84:/Users/imashio/Electronics/ARM/_Library/u8x8_d_sh1107.c ****     */
  85:/Users/imashio/Electronics/ARM/_Library/u8x8_d_sh1107.c ****     /* handled by the calling function
  86:/Users/imashio/Electronics/ARM/_Library/u8x8_d_sh1107.c ****     case U8X8_MSG_DISPLAY_INIT:
  87:/Users/imashio/Electronics/ARM/_Library/u8x8_d_sh1107.c ****       u8x8_d_helper_display_init(u8x8);
  88:/Users/imashio/Electronics/ARM/_Library/u8x8_d_sh1107.c ****       u8x8_cad_SendSequence(u8x8, u8x8_d_sh1107_128x64_noname_init_seq);    
  89:/Users/imashio/Electronics/ARM/_Library/u8x8_d_sh1107.c ****       break;
  90:/Users/imashio/Electronics/ARM/_Library/u8x8_d_sh1107.c ****     */
  91:/Users/imashio/Electronics/ARM/_Library/u8x8_d_sh1107.c ****     case U8X8_MSG_DISPLAY_SET_POWER_SAVE:
  92:/Users/imashio/Electronics/ARM/_Library/u8x8_d_sh1107.c ****       if ( arg_int == 0 )
  93:/Users/imashio/Electronics/ARM/_Library/u8x8_d_sh1107.c **** 	u8x8_cad_SendSequence(u8x8, u8x8_d_sh1107_128x64_noname_powersave0_seq);
  94:/Users/imashio/Electronics/ARM/_Library/u8x8_d_sh1107.c ****       else
  95:/Users/imashio/Electronics/ARM/_Library/u8x8_d_sh1107.c **** 	u8x8_cad_SendSequence(u8x8, u8x8_d_sh1107_128x64_noname_powersave1_seq);
  96:/Users/imashio/Electronics/ARM/_Library/u8x8_d_sh1107.c ****       break;
  97:/Users/imashio/Electronics/ARM/_Library/u8x8_d_sh1107.c ****     case U8X8_MSG_DISPLAY_SET_FLIP_MODE:
  98:/Users/imashio/Electronics/ARM/_Library/u8x8_d_sh1107.c ****       if ( arg_int == 0 )
  99:/Users/imashio/Electronics/ARM/_Library/u8x8_d_sh1107.c ****       {
 100:/Users/imashio/Electronics/ARM/_Library/u8x8_d_sh1107.c **** 	u8x8_cad_SendSequence(u8x8, u8x8_d_sh1107_128x64_noname_flip0_seq);
 101:/Users/imashio/Electronics/ARM/_Library/u8x8_d_sh1107.c **** 	u8x8->x_offset = u8x8->display_info->default_x_offset;
 102:/Users/imashio/Electronics/ARM/_Library/u8x8_d_sh1107.c ****       }
 103:/Users/imashio/Electronics/ARM/_Library/u8x8_d_sh1107.c ****       else
 104:/Users/imashio/Electronics/ARM/_Library/u8x8_d_sh1107.c ****       {
 105:/Users/imashio/Electronics/ARM/_Library/u8x8_d_sh1107.c **** 	u8x8_cad_SendSequence(u8x8, u8x8_d_sh1107_128x64_noname_flip1_seq);
 106:/Users/imashio/Electronics/ARM/_Library/u8x8_d_sh1107.c **** 	u8x8->x_offset = u8x8->display_info->flipmode_x_offset;
 107:/Users/imashio/Electronics/ARM/_Library/u8x8_d_sh1107.c ****       }
 108:/Users/imashio/Electronics/ARM/_Library/u8x8_d_sh1107.c ****       break;
ARM GAS  /var/folders/v3/wysfpd052nz8jkbx04pk0ym80000gn/T//ccbvpwKd.s 			page 4


 109:/Users/imashio/Electronics/ARM/_Library/u8x8_d_sh1107.c **** #ifdef U8X8_WITH_SET_CONTRAST
 110:/Users/imashio/Electronics/ARM/_Library/u8x8_d_sh1107.c ****     case U8X8_MSG_DISPLAY_SET_CONTRAST:
 111:/Users/imashio/Electronics/ARM/_Library/u8x8_d_sh1107.c ****       u8x8_cad_StartTransfer(u8x8);
 112:/Users/imashio/Electronics/ARM/_Library/u8x8_d_sh1107.c ****       u8x8_cad_SendCmd(u8x8, 0x081 );
 113:/Users/imashio/Electronics/ARM/_Library/u8x8_d_sh1107.c ****       u8x8_cad_SendArg(u8x8, arg_int );	/* sh1107 has range from 0 to 255 */
 114:/Users/imashio/Electronics/ARM/_Library/u8x8_d_sh1107.c ****       u8x8_cad_EndTransfer(u8x8);
 115:/Users/imashio/Electronics/ARM/_Library/u8x8_d_sh1107.c ****       break;
 116:/Users/imashio/Electronics/ARM/_Library/u8x8_d_sh1107.c **** #endif
 117:/Users/imashio/Electronics/ARM/_Library/u8x8_d_sh1107.c ****     case U8X8_MSG_DISPLAY_DRAW_TILE:
 118:/Users/imashio/Electronics/ARM/_Library/u8x8_d_sh1107.c ****       u8x8_cad_StartTransfer(u8x8);
  63              		.loc 1 118 0
  64 0018 FFF7FEFF 		bl	u8x8_cad_StartTransfer
  65              	.LVL3:
 119:/Users/imashio/Electronics/ARM/_Library/u8x8_d_sh1107.c ****       x = ((u8x8_tile_t *)arg_ptr)->x_pos;    
  66              		.loc 1 119 0
  67 001c 6B79     		ldrb	r3, [r5, #5]	@ zero_extendqisi2
  68              	.LVL4:
 120:/Users/imashio/Electronics/ARM/_Library/u8x8_d_sh1107.c ****       x *= 8;
 121:/Users/imashio/Electronics/ARM/_Library/u8x8_d_sh1107.c ****       x += u8x8->x_offset;
  69              		.loc 1 121 0
  70 001e B77F     		ldrb	r7, [r6, #30]	@ zero_extendqisi2
  71 0020 07EBC307 		add	r7, r7, r3, lsl #3
  72 0024 07F0FF07 		and	r7, r7, #255
  73              	.LVL5:
 122:/Users/imashio/Electronics/ARM/_Library/u8x8_d_sh1107.c ****     
 123:/Users/imashio/Electronics/ARM/_Library/u8x8_d_sh1107.c ****       u8x8_cad_SendCmd(u8x8, 0x040 );	/* set line offset to 0 */
  74              		.loc 1 123 0
  75 0028 4021     		movs	r1, #64
  76 002a 3046     		mov	r0, r6
  77 002c FFF7FEFF 		bl	u8x8_cad_SendCmd
  78              	.LVL6:
 124:/Users/imashio/Electronics/ARM/_Library/u8x8_d_sh1107.c ****     
 125:/Users/imashio/Electronics/ARM/_Library/u8x8_d_sh1107.c ****       u8x8_cad_SendCmd(u8x8, 0x010 | (x>>4) );
  79              		.loc 1 125 0
  80 0030 3909     		lsrs	r1, r7, #4
  81 0032 41F01001 		orr	r1, r1, #16
  82 0036 3046     		mov	r0, r6
  83 0038 FFF7FEFF 		bl	u8x8_cad_SendCmd
  84              	.LVL7:
 126:/Users/imashio/Electronics/ARM/_Library/u8x8_d_sh1107.c ****       u8x8_cad_SendArg(u8x8, 0x000 | ((x&15)));					/* probably wrong, should be SendCmd */
  85              		.loc 1 126 0
  86 003c 07F00F01 		and	r1, r7, #15
  87 0040 3046     		mov	r0, r6
  88 0042 FFF7FEFF 		bl	u8x8_cad_SendArg
  89              	.LVL8:
 127:/Users/imashio/Electronics/ARM/_Library/u8x8_d_sh1107.c ****       u8x8_cad_SendArg(u8x8, 0x0b0 | (((u8x8_tile_t *)arg_ptr)->y_pos));	/* probably wrong, should 
  90              		.loc 1 127 0
  91 0046 A979     		ldrb	r1, [r5, #6]	@ zero_extendqisi2
  92 0048 3046     		mov	r0, r6
  93 004a 41F0B001 		orr	r1, r1, #176
  94 004e FFF7FEFF 		bl	u8x8_cad_SendArg
  95              	.LVL9:
  96              	.L10:
 128:/Users/imashio/Electronics/ARM/_Library/u8x8_d_sh1107.c **** 
 129:/Users/imashio/Electronics/ARM/_Library/u8x8_d_sh1107.c ****     
 130:/Users/imashio/Electronics/ARM/_Library/u8x8_d_sh1107.c ****       do
 131:/Users/imashio/Electronics/ARM/_Library/u8x8_d_sh1107.c ****       {
ARM GAS  /var/folders/v3/wysfpd052nz8jkbx04pk0ym80000gn/T//ccbvpwKd.s 			page 5


 132:/Users/imashio/Electronics/ARM/_Library/u8x8_d_sh1107.c **** 	c = ((u8x8_tile_t *)arg_ptr)->cnt;
 133:/Users/imashio/Electronics/ARM/_Library/u8x8_d_sh1107.c **** 	ptr = ((u8x8_tile_t *)arg_ptr)->tile_ptr;
 134:/Users/imashio/Electronics/ARM/_Library/u8x8_d_sh1107.c **** 	u8x8_cad_SendData(u8x8, c*8, ptr); 	/* note: SendData can not handle more than 255 bytes */
  97              		.loc 1 134 0 discriminator 1
  98 0052 2979     		ldrb	r1, [r5, #4]	@ zero_extendqisi2
  99 0054 2A68     		ldr	r2, [r5]
 100 0056 C900     		lsls	r1, r1, #3
 101 0058 01F0F801 		and	r1, r1, #248
 102 005c 3046     		mov	r0, r6
 135:/Users/imashio/Electronics/ARM/_Library/u8x8_d_sh1107.c **** 	/*
 136:/Users/imashio/Electronics/ARM/_Library/u8x8_d_sh1107.c **** 	do
 137:/Users/imashio/Electronics/ARM/_Library/u8x8_d_sh1107.c **** 	{
 138:/Users/imashio/Electronics/ARM/_Library/u8x8_d_sh1107.c **** 	  u8x8_cad_SendData(u8x8, 8, ptr);
 139:/Users/imashio/Electronics/ARM/_Library/u8x8_d_sh1107.c **** 	  ptr += 8;
 140:/Users/imashio/Electronics/ARM/_Library/u8x8_d_sh1107.c **** 	  c--;
 141:/Users/imashio/Electronics/ARM/_Library/u8x8_d_sh1107.c **** 	} while( c > 0 );
 142:/Users/imashio/Electronics/ARM/_Library/u8x8_d_sh1107.c **** 	*/
 143:/Users/imashio/Electronics/ARM/_Library/u8x8_d_sh1107.c **** 	arg_int--;
 103              		.loc 1 143 0 discriminator 1
 104 005e 013C     		subs	r4, r4, #1
 105              	.LVL10:
 134:/Users/imashio/Electronics/ARM/_Library/u8x8_d_sh1107.c **** 	/*
 106              		.loc 1 134 0 discriminator 1
 107 0060 FFF7FEFF 		bl	u8x8_cad_SendData
 108              	.LVL11:
 144:/Users/imashio/Electronics/ARM/_Library/u8x8_d_sh1107.c ****       } while( arg_int > 0 );
 109              		.loc 1 144 0 discriminator 1
 110 0064 14F0FF04 		ands	r4, r4, #255
 111              	.LVL12:
 112 0068 F3D1     		bne	.L10
 145:/Users/imashio/Electronics/ARM/_Library/u8x8_d_sh1107.c ****       
 146:/Users/imashio/Electronics/ARM/_Library/u8x8_d_sh1107.c ****       u8x8_cad_EndTransfer(u8x8);
 113              		.loc 1 146 0
 114 006a 3046     		mov	r0, r6
 115 006c FFF7FEFF 		bl	u8x8_cad_EndTransfer
 116              	.LVL13:
 147:/Users/imashio/Electronics/ARM/_Library/u8x8_d_sh1107.c ****       break;
 148:/Users/imashio/Electronics/ARM/_Library/u8x8_d_sh1107.c ****     default:
 149:/Users/imashio/Electronics/ARM/_Library/u8x8_d_sh1107.c ****       return 0;
 150:/Users/imashio/Electronics/ARM/_Library/u8x8_d_sh1107.c ****   }
 151:/Users/imashio/Electronics/ARM/_Library/u8x8_d_sh1107.c ****   return 1;
 117              		.loc 1 151 0
 118 0070 0120     		movs	r0, #1
 152:/Users/imashio/Electronics/ARM/_Library/u8x8_d_sh1107.c **** }
 119              		.loc 1 152 0
 120 0072 F8BD     		pop	{r3, r4, r5, r6, r7, pc}
 121              	.LVL14:
 122              	.L6:
 111:/Users/imashio/Electronics/ARM/_Library/u8x8_d_sh1107.c ****       u8x8_cad_SendCmd(u8x8, 0x081 );
 123              		.loc 1 111 0
 124 0074 FFF7FEFF 		bl	u8x8_cad_StartTransfer
 125              	.LVL15:
 112:/Users/imashio/Electronics/ARM/_Library/u8x8_d_sh1107.c ****       u8x8_cad_SendArg(u8x8, arg_int );	/* sh1107 has range from 0 to 255 */
 126              		.loc 1 112 0
 127 0078 8121     		movs	r1, #129
 128 007a 3046     		mov	r0, r6
 129 007c FFF7FEFF 		bl	u8x8_cad_SendCmd
ARM GAS  /var/folders/v3/wysfpd052nz8jkbx04pk0ym80000gn/T//ccbvpwKd.s 			page 6


 130              	.LVL16:
 113:/Users/imashio/Electronics/ARM/_Library/u8x8_d_sh1107.c ****       u8x8_cad_EndTransfer(u8x8);
 131              		.loc 1 113 0
 132 0080 2146     		mov	r1, r4
 133 0082 3046     		mov	r0, r6
 134 0084 FFF7FEFF 		bl	u8x8_cad_SendArg
 135              	.LVL17:
 114:/Users/imashio/Electronics/ARM/_Library/u8x8_d_sh1107.c ****       break;
 136              		.loc 1 114 0
 137 0088 3046     		mov	r0, r6
 138 008a FFF7FEFF 		bl	u8x8_cad_EndTransfer
 139              	.LVL18:
 151:/Users/imashio/Electronics/ARM/_Library/u8x8_d_sh1107.c **** }
 140              		.loc 1 151 0
 141 008e 0120     		movs	r0, #1
 142              		.loc 1 152 0
 143 0090 F8BD     		pop	{r3, r4, r5, r6, r7, pc}
 144              	.LVL19:
 145              	.L3:
  92:/Users/imashio/Electronics/ARM/_Library/u8x8_d_sh1107.c **** 	u8x8_cad_SendSequence(u8x8, u8x8_d_sh1107_128x64_noname_powersave0_seq);
 146              		.loc 1 92 0
 147 0092 BAB9     		cbnz	r2, .L8
  93:/Users/imashio/Electronics/ARM/_Library/u8x8_d_sh1107.c ****       else
 148              		.loc 1 93 0
 149 0094 0E49     		ldr	r1, .L15
 150 0096 FFF7FEFF 		bl	u8x8_cad_SendSequence
 151              	.LVL20:
 151:/Users/imashio/Electronics/ARM/_Library/u8x8_d_sh1107.c **** }
 152              		.loc 1 151 0
 153 009a 0120     		movs	r0, #1
 154              		.loc 1 152 0
 155 009c F8BD     		pop	{r3, r4, r5, r6, r7, pc}
 156              	.LVL21:
 157              	.L5:
  98:/Users/imashio/Electronics/ARM/_Library/u8x8_d_sh1107.c ****       {
 158              		.loc 1 98 0
 159 009e 4AB9     		cbnz	r2, .L9
 100:/Users/imashio/Electronics/ARM/_Library/u8x8_d_sh1107.c **** 	u8x8->x_offset = u8x8->display_info->default_x_offset;
 160              		.loc 1 100 0
 161 00a0 0C49     		ldr	r1, .L15+4
 162 00a2 FFF7FEFF 		bl	u8x8_cad_SendSequence
 163              	.LVL22:
 101:/Users/imashio/Electronics/ARM/_Library/u8x8_d_sh1107.c ****       }
 164              		.loc 1 101 0
 165 00a6 3368     		ldr	r3, [r6]
 166 00a8 9B7C     		ldrb	r3, [r3, #18]	@ zero_extendqisi2
 167 00aa B377     		strb	r3, [r6, #30]
 151:/Users/imashio/Electronics/ARM/_Library/u8x8_d_sh1107.c **** }
 168              		.loc 1 151 0
 169 00ac 0120     		movs	r0, #1
 170              		.loc 1 152 0
 171 00ae F8BD     		pop	{r3, r4, r5, r6, r7, pc}
 172              	.LVL23:
 173              	.L11:
 149:/Users/imashio/Electronics/ARM/_Library/u8x8_d_sh1107.c ****   }
 174              		.loc 1 149 0
 175 00b0 0020     		movs	r0, #0
ARM GAS  /var/folders/v3/wysfpd052nz8jkbx04pk0ym80000gn/T//ccbvpwKd.s 			page 7


 176              	.LVL24:
 177              		.loc 1 152 0
 178 00b2 F8BD     		pop	{r3, r4, r5, r6, r7, pc}
 179              	.LVL25:
 180              	.L9:
 105:/Users/imashio/Electronics/ARM/_Library/u8x8_d_sh1107.c **** 	u8x8->x_offset = u8x8->display_info->flipmode_x_offset;
 181              		.loc 1 105 0
 182 00b4 0849     		ldr	r1, .L15+8
 183 00b6 FFF7FEFF 		bl	u8x8_cad_SendSequence
 184              	.LVL26:
 106:/Users/imashio/Electronics/ARM/_Library/u8x8_d_sh1107.c ****       }
 185              		.loc 1 106 0
 186 00ba 3368     		ldr	r3, [r6]
 187 00bc DB7C     		ldrb	r3, [r3, #19]	@ zero_extendqisi2
 188 00be B377     		strb	r3, [r6, #30]
 151:/Users/imashio/Electronics/ARM/_Library/u8x8_d_sh1107.c **** }
 189              		.loc 1 151 0
 190 00c0 0120     		movs	r0, #1
 191              		.loc 1 152 0
 192 00c2 F8BD     		pop	{r3, r4, r5, r6, r7, pc}
 193              	.LVL27:
 194              	.L8:
  95:/Users/imashio/Electronics/ARM/_Library/u8x8_d_sh1107.c ****       break;
 195              		.loc 1 95 0
 196 00c4 0549     		ldr	r1, .L15+12
 197 00c6 FFF7FEFF 		bl	u8x8_cad_SendSequence
 198              	.LVL28:
 151:/Users/imashio/Electronics/ARM/_Library/u8x8_d_sh1107.c **** }
 199              		.loc 1 151 0
 200 00ca 0120     		movs	r0, #1
 201              		.loc 1 152 0
 202 00cc F8BD     		pop	{r3, r4, r5, r6, r7, pc}
 203              	.LVL29:
 204              	.L16:
 205 00ce 00BF     		.align	2
 206              	.L15:
 207 00d0 00000000 		.word	.LANCHOR0
 208 00d4 00000000 		.word	.LANCHOR2
 209 00d8 00000000 		.word	.LANCHOR3
 210 00dc 00000000 		.word	.LANCHOR1
 211              		.cfi_endproc
 212              	.LFE0:
 214              		.section	.text.u8x8_d_sh1107_128x64,"ax",%progbits
 215              		.align	1
 216              		.p2align 2,,3
 217              		.global	u8x8_d_sh1107_128x64
 218              		.syntax unified
 219              		.thumb
 220              		.thumb_func
 221              		.fpu fpv4-sp-d16
 223              	u8x8_d_sh1107_128x64:
 224              	.LFB1:
 153:/Users/imashio/Electronics/ARM/_Library/u8x8_d_sh1107.c **** 
 154:/Users/imashio/Electronics/ARM/_Library/u8x8_d_sh1107.c **** /*==================================================*/
 155:/Users/imashio/Electronics/ARM/_Library/u8x8_d_sh1107.c **** 
 156:/Users/imashio/Electronics/ARM/_Library/u8x8_d_sh1107.c **** /* QG-6428TSWKG01 */
 157:/Users/imashio/Electronics/ARM/_Library/u8x8_d_sh1107.c **** static const uint8_t u8x8_d_sh1107_128x64_noname_init_seq[] = {
ARM GAS  /var/folders/v3/wysfpd052nz8jkbx04pk0ym80000gn/T//ccbvpwKd.s 			page 8


 158:/Users/imashio/Electronics/ARM/_Library/u8x8_d_sh1107.c ****     
 159:/Users/imashio/Electronics/ARM/_Library/u8x8_d_sh1107.c ****   U8X8_START_TRANSFER(),             	/* enable chip, delay is part of the transfer start */
 160:/Users/imashio/Electronics/ARM/_Library/u8x8_d_sh1107.c ****   
 161:/Users/imashio/Electronics/ARM/_Library/u8x8_d_sh1107.c ****   
 162:/Users/imashio/Electronics/ARM/_Library/u8x8_d_sh1107.c ****   U8X8_C(0x0ae),		                /* display off */
 163:/Users/imashio/Electronics/ARM/_Library/u8x8_d_sh1107.c ****   U8X8_CA(0x0dc, 0x000),		/* start line */
 164:/Users/imashio/Electronics/ARM/_Library/u8x8_d_sh1107.c ****   U8X8_CA(0x081, 0x02f), 		/* [2] set contrast control */
 165:/Users/imashio/Electronics/ARM/_Library/u8x8_d_sh1107.c ****   U8X8_C(0x020),		                /* use page addressing mode */
 166:/Users/imashio/Electronics/ARM/_Library/u8x8_d_sh1107.c **** 
 167:/Users/imashio/Electronics/ARM/_Library/u8x8_d_sh1107.c ****   U8X8_C(0x0a1),				/* segment remap a0/a1*/
 168:/Users/imashio/Electronics/ARM/_Library/u8x8_d_sh1107.c ****   U8X8_C(0x0c8),				/* c0: scan dir normal, c8: reverse */
 169:/Users/imashio/Electronics/ARM/_Library/u8x8_d_sh1107.c ****   // Flipmode
 170:/Users/imashio/Electronics/ARM/_Library/u8x8_d_sh1107.c ****   // U8X8_C(0x0a0),				/* segment remap a0/a1*/
 171:/Users/imashio/Electronics/ARM/_Library/u8x8_d_sh1107.c ****   // U8X8_C(0x0c0),				/* c0: scan dir normal, c8: reverse */
 172:/Users/imashio/Electronics/ARM/_Library/u8x8_d_sh1107.c ****   
 173:/Users/imashio/Electronics/ARM/_Library/u8x8_d_sh1107.c ****   U8X8_CA(0x0a8, 0x03f),		/* multiplex ratio */
 174:/Users/imashio/Electronics/ARM/_Library/u8x8_d_sh1107.c ****   U8X8_CA(0x0d3, 0x060),		/* display offset */
 175:/Users/imashio/Electronics/ARM/_Library/u8x8_d_sh1107.c ****   U8X8_CA(0x0d5, 0x051),		/* clock divide ratio (0x00=1) and oscillator frequency (0x8) */
 176:/Users/imashio/Electronics/ARM/_Library/u8x8_d_sh1107.c ****   U8X8_CA(0x0d9, 0x022), 		/* [2] pre-charge period 0x022/f1*/
 177:/Users/imashio/Electronics/ARM/_Library/u8x8_d_sh1107.c ****   U8X8_CA(0x0db, 0x035), 		/* vcomh deselect level */  
 178:/Users/imashio/Electronics/ARM/_Library/u8x8_d_sh1107.c ****   U8X8_CA(0x0ad, 0x08a), 		/* */  
 179:/Users/imashio/Electronics/ARM/_Library/u8x8_d_sh1107.c ****   
 180:/Users/imashio/Electronics/ARM/_Library/u8x8_d_sh1107.c ****   
 181:/Users/imashio/Electronics/ARM/_Library/u8x8_d_sh1107.c ****   U8X8_C(0x0a4),				/* output ram to display */
 182:/Users/imashio/Electronics/ARM/_Library/u8x8_d_sh1107.c ****   U8X8_C(0x0a6),				/* none inverted normal display mode */
 183:/Users/imashio/Electronics/ARM/_Library/u8x8_d_sh1107.c ****     
 184:/Users/imashio/Electronics/ARM/_Library/u8x8_d_sh1107.c ****   U8X8_END_TRANSFER(),             	/* disable chip */
 185:/Users/imashio/Electronics/ARM/_Library/u8x8_d_sh1107.c ****   U8X8_END()             			/* end of sequence */
 186:/Users/imashio/Electronics/ARM/_Library/u8x8_d_sh1107.c **** };
 187:/Users/imashio/Electronics/ARM/_Library/u8x8_d_sh1107.c **** 
 188:/Users/imashio/Electronics/ARM/_Library/u8x8_d_sh1107.c **** static const u8x8_display_info_t u8x8_sh1107_128x64_noname_display_info =
 189:/Users/imashio/Electronics/ARM/_Library/u8x8_d_sh1107.c **** {
 190:/Users/imashio/Electronics/ARM/_Library/u8x8_d_sh1107.c ****   /* chip_enable_level = */ 0,
 191:/Users/imashio/Electronics/ARM/_Library/u8x8_d_sh1107.c ****   /* chip_disable_level = */ 1,
 192:/Users/imashio/Electronics/ARM/_Library/u8x8_d_sh1107.c ****   
 193:/Users/imashio/Electronics/ARM/_Library/u8x8_d_sh1107.c ****   /* post_chip_enable_wait_ns = */ 20,
 194:/Users/imashio/Electronics/ARM/_Library/u8x8_d_sh1107.c ****   /* pre_chip_disable_wait_ns = */ 10,
 195:/Users/imashio/Electronics/ARM/_Library/u8x8_d_sh1107.c ****   /* reset_pulse_width_ms = */ 100, 	/* sh1107: 3 us */
 196:/Users/imashio/Electronics/ARM/_Library/u8x8_d_sh1107.c ****   /* post_reset_wait_ms = */ 100, /* far east OLEDs need much longer setup time */
 197:/Users/imashio/Electronics/ARM/_Library/u8x8_d_sh1107.c ****   /* sda_setup_time_ns = */ 50,		/* sh1107: 15ns, but cycle time is 100ns, so use 100/2 */
 198:/Users/imashio/Electronics/ARM/_Library/u8x8_d_sh1107.c ****   /* sck_pulse_width_ns = */ 50,	/* sh1107: 20ns, but cycle time is 100ns, so use 100/2, AVR: below
 199:/Users/imashio/Electronics/ARM/_Library/u8x8_d_sh1107.c ****   /* sck_clock_hz = */ 8000000UL,	/* since Arduino 1.6.0, the SPI bus speed in Hz. Should be  10000
 200:/Users/imashio/Electronics/ARM/_Library/u8x8_d_sh1107.c ****   /* spi_mode = */ 0,		/* active high, rising edge */
 201:/Users/imashio/Electronics/ARM/_Library/u8x8_d_sh1107.c ****   /* i2c_bus_clock_100kHz = */ 4,
 202:/Users/imashio/Electronics/ARM/_Library/u8x8_d_sh1107.c ****   /* data_setup_time_ns = */ 40,
 203:/Users/imashio/Electronics/ARM/_Library/u8x8_d_sh1107.c ****   /* write_pulse_width_ns = */ 150,	/* sh1107: cycle time is 300ns, so use 300/2 = 150 */
 204:/Users/imashio/Electronics/ARM/_Library/u8x8_d_sh1107.c ****   /* tile_width = */ 16,
 205:/Users/imashio/Electronics/ARM/_Library/u8x8_d_sh1107.c ****   /* tile_hight = */ 8,
 206:/Users/imashio/Electronics/ARM/_Library/u8x8_d_sh1107.c ****   /* default_x_offset = */ 0,
 207:/Users/imashio/Electronics/ARM/_Library/u8x8_d_sh1107.c ****   /* flipmode_x_offset = */ 0,
 208:/Users/imashio/Electronics/ARM/_Library/u8x8_d_sh1107.c ****   /* pixel_width = */ 128,
 209:/Users/imashio/Electronics/ARM/_Library/u8x8_d_sh1107.c ****   /* pixel_height = */ 64
 210:/Users/imashio/Electronics/ARM/_Library/u8x8_d_sh1107.c **** };
 211:/Users/imashio/Electronics/ARM/_Library/u8x8_d_sh1107.c **** 
 212:/Users/imashio/Electronics/ARM/_Library/u8x8_d_sh1107.c **** uint8_t u8x8_d_sh1107_128x64(u8x8_t *u8x8, uint8_t msg, uint8_t arg_int, void *arg_ptr)
 213:/Users/imashio/Electronics/ARM/_Library/u8x8_d_sh1107.c **** {
 225              		.loc 1 213 0
ARM GAS  /var/folders/v3/wysfpd052nz8jkbx04pk0ym80000gn/T//ccbvpwKd.s 			page 9


 226              		.cfi_startproc
 227              		@ args = 0, pretend = 0, frame = 0
 228              		@ frame_needed = 0, uses_anonymous_args = 0
 229              	.LVL30:
 230 0000 38B5     		push	{r3, r4, r5, lr}
 231              	.LCFI1:
 232              		.cfi_def_cfa_offset 16
 233              		.cfi_offset 3, -16
 234              		.cfi_offset 4, -12
 235              		.cfi_offset 5, -8
 236              		.cfi_offset 14, -4
 237              		.loc 1 213 0
 238 0002 0546     		mov	r5, r0
 239 0004 0C46     		mov	r4, r1
 214:/Users/imashio/Electronics/ARM/_Library/u8x8_d_sh1107.c ****     
 215:/Users/imashio/Electronics/ARM/_Library/u8x8_d_sh1107.c ****   if ( u8x8_d_sh1107_generic(u8x8, msg, arg_int, arg_ptr) != 0 )
 240              		.loc 1 215 0
 241 0006 FFF7FEFF 		bl	u8x8_d_sh1107_generic
 242              	.LVL31:
 243 000a 60B9     		cbnz	r0, .L21
 216:/Users/imashio/Electronics/ARM/_Library/u8x8_d_sh1107.c ****     return 1;
 217:/Users/imashio/Electronics/ARM/_Library/u8x8_d_sh1107.c ****   
 218:/Users/imashio/Electronics/ARM/_Library/u8x8_d_sh1107.c ****   switch(msg)
 244              		.loc 1 218 0
 245 000c 092C     		cmp	r4, #9
 246 000e 0CD0     		beq	.L19
 247 0010 0A2C     		cmp	r4, #10
 248 0012 07D1     		bne	.L18
 219:/Users/imashio/Electronics/ARM/_Library/u8x8_d_sh1107.c ****   {
 220:/Users/imashio/Electronics/ARM/_Library/u8x8_d_sh1107.c ****     case U8X8_MSG_DISPLAY_INIT:
 221:/Users/imashio/Electronics/ARM/_Library/u8x8_d_sh1107.c ****       u8x8_d_helper_display_init(u8x8);
 249              		.loc 1 221 0
 250 0014 2846     		mov	r0, r5
 251 0016 FFF7FEFF 		bl	u8x8_d_helper_display_init
 252              	.LVL32:
 222:/Users/imashio/Electronics/ARM/_Library/u8x8_d_sh1107.c ****       u8x8_cad_SendSequence(u8x8, u8x8_d_sh1107_128x64_noname_init_seq);    
 253              		.loc 1 222 0
 254 001a 2846     		mov	r0, r5
 255 001c 0649     		ldr	r1, .L23
 256 001e FFF7FEFF 		bl	u8x8_cad_SendSequence
 257              	.LVL33:
 223:/Users/imashio/Electronics/ARM/_Library/u8x8_d_sh1107.c ****       break;
 224:/Users/imashio/Electronics/ARM/_Library/u8x8_d_sh1107.c ****     case U8X8_MSG_DISPLAY_SETUP_MEMORY:
 225:/Users/imashio/Electronics/ARM/_Library/u8x8_d_sh1107.c ****       u8x8_d_helper_display_setup_memory(u8x8, &u8x8_sh1107_128x64_noname_display_info);
 226:/Users/imashio/Electronics/ARM/_Library/u8x8_d_sh1107.c ****       break;
 227:/Users/imashio/Electronics/ARM/_Library/u8x8_d_sh1107.c ****     default:
 228:/Users/imashio/Electronics/ARM/_Library/u8x8_d_sh1107.c ****       return 0;
 229:/Users/imashio/Electronics/ARM/_Library/u8x8_d_sh1107.c ****   }
 230:/Users/imashio/Electronics/ARM/_Library/u8x8_d_sh1107.c ****   return 1;
 258              		.loc 1 230 0
 259 0022 0120     		movs	r0, #1
 260              	.L18:
 231:/Users/imashio/Electronics/ARM/_Library/u8x8_d_sh1107.c **** }
 261              		.loc 1 231 0
 262 0024 38BD     		pop	{r3, r4, r5, pc}
 263              	.LVL34:
 264              	.L21:
ARM GAS  /var/folders/v3/wysfpd052nz8jkbx04pk0ym80000gn/T//ccbvpwKd.s 			page 10


 216:/Users/imashio/Electronics/ARM/_Library/u8x8_d_sh1107.c ****   
 265              		.loc 1 216 0
 266 0026 0120     		movs	r0, #1
 267              		.loc 1 231 0
 268 0028 38BD     		pop	{r3, r4, r5, pc}
 269              	.LVL35:
 270              	.L19:
 225:/Users/imashio/Electronics/ARM/_Library/u8x8_d_sh1107.c ****       break;
 271              		.loc 1 225 0
 272 002a 2846     		mov	r0, r5
 273 002c 0349     		ldr	r1, .L23+4
 274 002e FFF7FEFF 		bl	u8x8_d_helper_display_setup_memory
 275              	.LVL36:
 230:/Users/imashio/Electronics/ARM/_Library/u8x8_d_sh1107.c **** }
 276              		.loc 1 230 0
 277 0032 0120     		movs	r0, #1
 278              		.loc 1 231 0
 279 0034 38BD     		pop	{r3, r4, r5, pc}
 280              	.LVL37:
 281              	.L24:
 282 0036 00BF     		.align	2
 283              	.L23:
 284 0038 00000000 		.word	.LANCHOR4
 285 003c 00000000 		.word	.LANCHOR5
 286              		.cfi_endproc
 287              	.LFE1:
 289              		.section	.text.u8x8_d_sh1107_seeed_96x96,"ax",%progbits
 290              		.align	1
 291              		.p2align 2,,3
 292              		.global	u8x8_d_sh1107_seeed_96x96
 293              		.syntax unified
 294              		.thumb
 295              		.thumb_func
 296              		.fpu fpv4-sp-d16
 298              	u8x8_d_sh1107_seeed_96x96:
 299              	.LFB2:
 232:/Users/imashio/Electronics/ARM/_Library/u8x8_d_sh1107.c **** 
 233:/Users/imashio/Electronics/ARM/_Library/u8x8_d_sh1107.c **** /*==================================================*/
 234:/Users/imashio/Electronics/ARM/_Library/u8x8_d_sh1107.c **** 
 235:/Users/imashio/Electronics/ARM/_Library/u8x8_d_sh1107.c **** /* init sequence from Grove OLED 96x96 */
 236:/Users/imashio/Electronics/ARM/_Library/u8x8_d_sh1107.c **** static const uint8_t u8x8_d_sh1107_seeed_96x96_init_seq[] = {
 237:/Users/imashio/Electronics/ARM/_Library/u8x8_d_sh1107.c ****     
 238:/Users/imashio/Electronics/ARM/_Library/u8x8_d_sh1107.c ****   U8X8_START_TRANSFER(),             	/* enable chip, delay is part of the transfer start */
 239:/Users/imashio/Electronics/ARM/_Library/u8x8_d_sh1107.c ****   
 240:/Users/imashio/Electronics/ARM/_Library/u8x8_d_sh1107.c ****   
 241:/Users/imashio/Electronics/ARM/_Library/u8x8_d_sh1107.c ****   U8X8_C(0x0ae),		                /* display off */
 242:/Users/imashio/Electronics/ARM/_Library/u8x8_d_sh1107.c ****   U8X8_CA(0x0d5, 0x050),		/* clock divide ratio (0x00=1) and oscillator frequency (0x5) */
 243:/Users/imashio/Electronics/ARM/_Library/u8x8_d_sh1107.c ****   U8X8_C(0x020),		                /* use page addressing mode */
 244:/Users/imashio/Electronics/ARM/_Library/u8x8_d_sh1107.c ****   //U8X8_CA(0x0a8, 0x03f),		/* multiplex ratio */
 245:/Users/imashio/Electronics/ARM/_Library/u8x8_d_sh1107.c ****   U8X8_CA(0x0d3, 0x000),		/* display offset */
 246:/Users/imashio/Electronics/ARM/_Library/u8x8_d_sh1107.c ****   U8X8_CA(0x0dc, 0x000),		/* start line */
 247:/Users/imashio/Electronics/ARM/_Library/u8x8_d_sh1107.c ****   //U8X8_CA(0x020, 0x000),		/* page addressing mode */
 248:/Users/imashio/Electronics/ARM/_Library/u8x8_d_sh1107.c ****   
 249:/Users/imashio/Electronics/ARM/_Library/u8x8_d_sh1107.c ****   U8X8_C(0x0a1),				/* segment remap a0/a1*/
 250:/Users/imashio/Electronics/ARM/_Library/u8x8_d_sh1107.c ****   U8X8_C(0x0c8),				/* c0: scan dir normal, c8: reverse */
 251:/Users/imashio/Electronics/ARM/_Library/u8x8_d_sh1107.c ****   // Flipmode
 252:/Users/imashio/Electronics/ARM/_Library/u8x8_d_sh1107.c ****   // U8X8_C(0x0a0),				/* segment remap a0/a1*/
ARM GAS  /var/folders/v3/wysfpd052nz8jkbx04pk0ym80000gn/T//ccbvpwKd.s 			page 11


 253:/Users/imashio/Electronics/ARM/_Library/u8x8_d_sh1107.c ****   // U8X8_C(0x0c0),				/* c0: scan dir normal, c8: reverse */
 254:/Users/imashio/Electronics/ARM/_Library/u8x8_d_sh1107.c ****   
 255:/Users/imashio/Electronics/ARM/_Library/u8x8_d_sh1107.c ****   //U8X8_CA(0x0da, 0x012),		/* com pin HW config, sequential com pin config (bit 4), disable left/r
 256:/Users/imashio/Electronics/ARM/_Library/u8x8_d_sh1107.c **** 
 257:/Users/imashio/Electronics/ARM/_Library/u8x8_d_sh1107.c ****   U8X8_CA(0x081, 0x080), 		/* [2] set contrast control */
 258:/Users/imashio/Electronics/ARM/_Library/u8x8_d_sh1107.c ****   U8X8_CA(0x0ad, 0x080), 		/* */  
 259:/Users/imashio/Electronics/ARM/_Library/u8x8_d_sh1107.c ****   U8X8_CA(0x0d9, 0x01f), 		/* [2] pre-charge period 0x022/f1*/
 260:/Users/imashio/Electronics/ARM/_Library/u8x8_d_sh1107.c ****   U8X8_CA(0x0db, 0x027), 		/* vcomh deselect level */  
 261:/Users/imashio/Electronics/ARM/_Library/u8x8_d_sh1107.c ****   // if vcomh is 0, then this will give the biggest range for contrast control issue #98
 262:/Users/imashio/Electronics/ARM/_Library/u8x8_d_sh1107.c ****   // restored the old values for the noname constructor, because vcomh=0 will not work for all OLED
 263:/Users/imashio/Electronics/ARM/_Library/u8x8_d_sh1107.c ****   
 264:/Users/imashio/Electronics/ARM/_Library/u8x8_d_sh1107.c ****   //U8X8_C(0x02e),				/* Deactivate scroll */ 
 265:/Users/imashio/Electronics/ARM/_Library/u8x8_d_sh1107.c ****   U8X8_C(0x0a4),				/* output ram to display */
 266:/Users/imashio/Electronics/ARM/_Library/u8x8_d_sh1107.c ****   U8X8_C(0x0a6),				/* none inverted normal display mode */
 267:/Users/imashio/Electronics/ARM/_Library/u8x8_d_sh1107.c ****     
 268:/Users/imashio/Electronics/ARM/_Library/u8x8_d_sh1107.c ****   U8X8_END_TRANSFER(),             	/* disable chip */
 269:/Users/imashio/Electronics/ARM/_Library/u8x8_d_sh1107.c ****   U8X8_END()             			/* end of sequence */
 270:/Users/imashio/Electronics/ARM/_Library/u8x8_d_sh1107.c **** };
 271:/Users/imashio/Electronics/ARM/_Library/u8x8_d_sh1107.c **** 
 272:/Users/imashio/Electronics/ARM/_Library/u8x8_d_sh1107.c **** static const u8x8_display_info_t u8x8_sh1107_seeed_96x96_display_info =
 273:/Users/imashio/Electronics/ARM/_Library/u8x8_d_sh1107.c **** {
 274:/Users/imashio/Electronics/ARM/_Library/u8x8_d_sh1107.c ****   /* chip_enable_level = */ 0,
 275:/Users/imashio/Electronics/ARM/_Library/u8x8_d_sh1107.c ****   /* chip_disable_level = */ 1,
 276:/Users/imashio/Electronics/ARM/_Library/u8x8_d_sh1107.c ****   
 277:/Users/imashio/Electronics/ARM/_Library/u8x8_d_sh1107.c ****   /* post_chip_enable_wait_ns = */ 20,
 278:/Users/imashio/Electronics/ARM/_Library/u8x8_d_sh1107.c ****   /* pre_chip_disable_wait_ns = */ 10,
 279:/Users/imashio/Electronics/ARM/_Library/u8x8_d_sh1107.c ****   /* reset_pulse_width_ms = */ 100, 	/* */
 280:/Users/imashio/Electronics/ARM/_Library/u8x8_d_sh1107.c ****   /* post_reset_wait_ms = */ 100, /* far east OLEDs need much longer setup time */
 281:/Users/imashio/Electronics/ARM/_Library/u8x8_d_sh1107.c ****   /* sda_setup_time_ns = */ 50,		/* cycle time is 100ns, so use 100/2 */
 282:/Users/imashio/Electronics/ARM/_Library/u8x8_d_sh1107.c ****   /* sck_pulse_width_ns = */ 50,	/* cycle time is 100ns, so use 100/2, AVR: below 70: 8 MHz, >= 70 
 283:/Users/imashio/Electronics/ARM/_Library/u8x8_d_sh1107.c ****   /* sck_clock_hz = */ 8000000UL,	/* since Arduino 1.6.0, the SPI bus speed in Hz. Should be  10000
 284:/Users/imashio/Electronics/ARM/_Library/u8x8_d_sh1107.c ****   /* spi_mode = */ 0,		/* active high, rising edge */
 285:/Users/imashio/Electronics/ARM/_Library/u8x8_d_sh1107.c ****   /* i2c_bus_clock_100kHz = */ 4,
 286:/Users/imashio/Electronics/ARM/_Library/u8x8_d_sh1107.c ****   /* data_setup_time_ns = */ 40,
 287:/Users/imashio/Electronics/ARM/_Library/u8x8_d_sh1107.c ****   /* write_pulse_width_ns = */ 150,	/* sh1107: cycle time is 300ns, so use 300/2 = 150 */
 288:/Users/imashio/Electronics/ARM/_Library/u8x8_d_sh1107.c ****   /* tile_width = */ 12,
 289:/Users/imashio/Electronics/ARM/_Library/u8x8_d_sh1107.c ****   /* tile_hight = */ 12,
 290:/Users/imashio/Electronics/ARM/_Library/u8x8_d_sh1107.c ****   /* default_x_offset = */ 0,
 291:/Users/imashio/Electronics/ARM/_Library/u8x8_d_sh1107.c ****   /* flipmode_x_offset = */ 0,
 292:/Users/imashio/Electronics/ARM/_Library/u8x8_d_sh1107.c ****   /* pixel_width = */ 96,
 293:/Users/imashio/Electronics/ARM/_Library/u8x8_d_sh1107.c ****   /* pixel_height = */ 96
 294:/Users/imashio/Electronics/ARM/_Library/u8x8_d_sh1107.c **** };
 295:/Users/imashio/Electronics/ARM/_Library/u8x8_d_sh1107.c **** 
 296:/Users/imashio/Electronics/ARM/_Library/u8x8_d_sh1107.c **** uint8_t u8x8_d_sh1107_seeed_96x96(u8x8_t *u8x8, uint8_t msg, uint8_t arg_int, void *arg_ptr)
 297:/Users/imashio/Electronics/ARM/_Library/u8x8_d_sh1107.c **** {
 300              		.loc 1 297 0
 301              		.cfi_startproc
 302              		@ args = 0, pretend = 0, frame = 0
 303              		@ frame_needed = 0, uses_anonymous_args = 0
 304              	.LVL38:
 305 0000 38B5     		push	{r3, r4, r5, lr}
 306              	.LCFI2:
 307              		.cfi_def_cfa_offset 16
 308              		.cfi_offset 3, -16
 309              		.cfi_offset 4, -12
 310              		.cfi_offset 5, -8
 311              		.cfi_offset 14, -4
ARM GAS  /var/folders/v3/wysfpd052nz8jkbx04pk0ym80000gn/T//ccbvpwKd.s 			page 12


 312              		.loc 1 297 0
 313 0002 0546     		mov	r5, r0
 314 0004 0C46     		mov	r4, r1
 298:/Users/imashio/Electronics/ARM/_Library/u8x8_d_sh1107.c ****     
 299:/Users/imashio/Electronics/ARM/_Library/u8x8_d_sh1107.c ****   if ( u8x8_d_sh1107_generic(u8x8, msg, arg_int, arg_ptr) != 0 )
 315              		.loc 1 299 0
 316 0006 FFF7FEFF 		bl	u8x8_d_sh1107_generic
 317              	.LVL39:
 318 000a 60B9     		cbnz	r0, .L29
 300:/Users/imashio/Electronics/ARM/_Library/u8x8_d_sh1107.c ****     return 1;
 301:/Users/imashio/Electronics/ARM/_Library/u8x8_d_sh1107.c ****   
 302:/Users/imashio/Electronics/ARM/_Library/u8x8_d_sh1107.c ****   switch(msg)
 319              		.loc 1 302 0
 320 000c 092C     		cmp	r4, #9
 321 000e 0CD0     		beq	.L27
 322 0010 0A2C     		cmp	r4, #10
 323 0012 07D1     		bne	.L26
 303:/Users/imashio/Electronics/ARM/_Library/u8x8_d_sh1107.c ****   {
 304:/Users/imashio/Electronics/ARM/_Library/u8x8_d_sh1107.c ****     case U8X8_MSG_DISPLAY_INIT:
 305:/Users/imashio/Electronics/ARM/_Library/u8x8_d_sh1107.c ****       u8x8_d_helper_display_init(u8x8);
 324              		.loc 1 305 0
 325 0014 2846     		mov	r0, r5
 326 0016 FFF7FEFF 		bl	u8x8_d_helper_display_init
 327              	.LVL40:
 306:/Users/imashio/Electronics/ARM/_Library/u8x8_d_sh1107.c ****       u8x8_cad_SendSequence(u8x8, u8x8_d_sh1107_seeed_96x96_init_seq);    
 328              		.loc 1 306 0
 329 001a 2846     		mov	r0, r5
 330 001c 0649     		ldr	r1, .L31
 331 001e FFF7FEFF 		bl	u8x8_cad_SendSequence
 332              	.LVL41:
 307:/Users/imashio/Electronics/ARM/_Library/u8x8_d_sh1107.c ****       break;
 308:/Users/imashio/Electronics/ARM/_Library/u8x8_d_sh1107.c ****     case U8X8_MSG_DISPLAY_SETUP_MEMORY:
 309:/Users/imashio/Electronics/ARM/_Library/u8x8_d_sh1107.c ****       u8x8_d_helper_display_setup_memory(u8x8, &u8x8_sh1107_seeed_96x96_display_info);
 310:/Users/imashio/Electronics/ARM/_Library/u8x8_d_sh1107.c ****       break;
 311:/Users/imashio/Electronics/ARM/_Library/u8x8_d_sh1107.c ****     default:
 312:/Users/imashio/Electronics/ARM/_Library/u8x8_d_sh1107.c ****       return 0;
 313:/Users/imashio/Electronics/ARM/_Library/u8x8_d_sh1107.c ****   }
 314:/Users/imashio/Electronics/ARM/_Library/u8x8_d_sh1107.c ****   return 1;
 333              		.loc 1 314 0
 334 0022 0120     		movs	r0, #1
 335              	.L26:
 315:/Users/imashio/Electronics/ARM/_Library/u8x8_d_sh1107.c **** }
 336              		.loc 1 315 0
 337 0024 38BD     		pop	{r3, r4, r5, pc}
 338              	.LVL42:
 339              	.L29:
 300:/Users/imashio/Electronics/ARM/_Library/u8x8_d_sh1107.c ****   
 340              		.loc 1 300 0
 341 0026 0120     		movs	r0, #1
 342              		.loc 1 315 0
 343 0028 38BD     		pop	{r3, r4, r5, pc}
 344              	.LVL43:
 345              	.L27:
 309:/Users/imashio/Electronics/ARM/_Library/u8x8_d_sh1107.c ****       break;
 346              		.loc 1 309 0
 347 002a 2846     		mov	r0, r5
 348 002c 0349     		ldr	r1, .L31+4
ARM GAS  /var/folders/v3/wysfpd052nz8jkbx04pk0ym80000gn/T//ccbvpwKd.s 			page 13


 349 002e FFF7FEFF 		bl	u8x8_d_helper_display_setup_memory
 350              	.LVL44:
 314:/Users/imashio/Electronics/ARM/_Library/u8x8_d_sh1107.c **** }
 351              		.loc 1 314 0
 352 0032 0120     		movs	r0, #1
 353              		.loc 1 315 0
 354 0034 38BD     		pop	{r3, r4, r5, pc}
 355              	.LVL45:
 356              	.L32:
 357 0036 00BF     		.align	2
 358              	.L31:
 359 0038 00000000 		.word	.LANCHOR6
 360 003c 00000000 		.word	.LANCHOR7
 361              		.cfi_endproc
 362              	.LFE2:
 364              		.section	.rodata.u8x8_d_sh1107_128x64_noname_flip0_seq,"a",%progbits
 365              		.align	2
 366              		.set	.LANCHOR2,. + 0
 369              	u8x8_d_sh1107_128x64_noname_flip0_seq:
 370 0000 18       		.byte	24
 371 0001 15       		.byte	21
 372 0002 A1       		.byte	-95
 373 0003 15       		.byte	21
 374 0004 C8       		.byte	-56
 375 0005 19       		.byte	25
 376 0006 FF       		.byte	-1
 377              		.section	.rodata.u8x8_d_sh1107_128x64_noname_flip1_seq,"a",%progbits
 378              		.align	2
 379              		.set	.LANCHOR3,. + 0
 382              	u8x8_d_sh1107_128x64_noname_flip1_seq:
 383 0000 18       		.byte	24
 384 0001 15       		.byte	21
 385 0002 A0       		.byte	-96
 386 0003 15       		.byte	21
 387 0004 C0       		.byte	-64
 388 0005 19       		.byte	25
 389 0006 FF       		.byte	-1
 390              		.section	.rodata.u8x8_d_sh1107_128x64_noname_init_seq,"a",%progbits
 391              		.align	2
 392              		.set	.LANCHOR4,. + 0
 395              	u8x8_d_sh1107_128x64_noname_init_seq:
 396 0000 18       		.byte	24
 397 0001 15       		.byte	21
 398 0002 AE       		.byte	-82
 399 0003 15       		.byte	21
 400 0004 DC       		.byte	-36
 401 0005 16       		.byte	22
 402 0006 00       		.byte	0
 403 0007 15       		.byte	21
 404 0008 81       		.byte	-127
 405 0009 16       		.byte	22
 406 000a 2F       		.byte	47
 407 000b 15       		.byte	21
 408 000c 20       		.byte	32
 409 000d 15       		.byte	21
 410 000e A1       		.byte	-95
 411 000f 15       		.byte	21
ARM GAS  /var/folders/v3/wysfpd052nz8jkbx04pk0ym80000gn/T//ccbvpwKd.s 			page 14


 412 0010 C8       		.byte	-56
 413 0011 15       		.byte	21
 414 0012 A8       		.byte	-88
 415 0013 16       		.byte	22
 416 0014 3F       		.byte	63
 417 0015 15       		.byte	21
 418 0016 D3       		.byte	-45
 419 0017 16       		.byte	22
 420 0018 60       		.byte	96
 421 0019 15       		.byte	21
 422 001a D5       		.byte	-43
 423 001b 16       		.byte	22
 424 001c 51       		.byte	81
 425 001d 15       		.byte	21
 426 001e D9       		.byte	-39
 427 001f 16       		.byte	22
 428 0020 22       		.byte	34
 429 0021 15       		.byte	21
 430 0022 DB       		.byte	-37
 431 0023 16       		.byte	22
 432 0024 35       		.byte	53
 433 0025 15       		.byte	21
 434 0026 AD       		.byte	-83
 435 0027 16       		.byte	22
 436 0028 8A       		.byte	-118
 437 0029 15       		.byte	21
 438 002a A4       		.byte	-92
 439 002b 15       		.byte	21
 440 002c A6       		.byte	-90
 441 002d 19       		.byte	25
 442 002e FF       		.byte	-1
 443              		.section	.rodata.u8x8_d_sh1107_128x64_noname_powersave0_seq,"a",%progbits
 444              		.align	2
 445              		.set	.LANCHOR0,. + 0
 448              	u8x8_d_sh1107_128x64_noname_powersave0_seq:
 449 0000 18       		.byte	24
 450 0001 15       		.byte	21
 451 0002 AF       		.byte	-81
 452 0003 19       		.byte	25
 453 0004 FF       		.byte	-1
 454              		.section	.rodata.u8x8_d_sh1107_128x64_noname_powersave1_seq,"a",%progbits
 455              		.align	2
 456              		.set	.LANCHOR1,. + 0
 459              	u8x8_d_sh1107_128x64_noname_powersave1_seq:
 460 0000 18       		.byte	24
 461 0001 15       		.byte	21
 462 0002 AE       		.byte	-82
 463 0003 19       		.byte	25
 464 0004 FF       		.byte	-1
 465              		.section	.rodata.u8x8_d_sh1107_seeed_96x96_init_seq,"a",%progbits
 466              		.align	2
 467              		.set	.LANCHOR6,. + 0
 470              	u8x8_d_sh1107_seeed_96x96_init_seq:
 471 0000 18       		.byte	24
 472 0001 15       		.byte	21
 473 0002 AE       		.byte	-82
 474 0003 15       		.byte	21
ARM GAS  /var/folders/v3/wysfpd052nz8jkbx04pk0ym80000gn/T//ccbvpwKd.s 			page 15


 475 0004 D5       		.byte	-43
 476 0005 16       		.byte	22
 477 0006 50       		.byte	80
 478 0007 15       		.byte	21
 479 0008 20       		.byte	32
 480 0009 15       		.byte	21
 481 000a D3       		.byte	-45
 482 000b 16       		.byte	22
 483 000c 00       		.byte	0
 484 000d 15       		.byte	21
 485 000e DC       		.byte	-36
 486 000f 16       		.byte	22
 487 0010 00       		.byte	0
 488 0011 15       		.byte	21
 489 0012 A1       		.byte	-95
 490 0013 15       		.byte	21
 491 0014 C8       		.byte	-56
 492 0015 15       		.byte	21
 493 0016 81       		.byte	-127
 494 0017 16       		.byte	22
 495 0018 80       		.byte	-128
 496 0019 15       		.byte	21
 497 001a AD       		.byte	-83
 498 001b 16       		.byte	22
 499 001c 80       		.byte	-128
 500 001d 15       		.byte	21
 501 001e D9       		.byte	-39
 502 001f 16       		.byte	22
 503 0020 1F       		.byte	31
 504 0021 15       		.byte	21
 505 0022 DB       		.byte	-37
 506 0023 16       		.byte	22
 507 0024 27       		.byte	39
 508 0025 15       		.byte	21
 509 0026 A4       		.byte	-92
 510 0027 15       		.byte	21
 511 0028 A6       		.byte	-90
 512 0029 19       		.byte	25
 513 002a FF       		.byte	-1
 514              		.section	.rodata.u8x8_sh1107_128x64_noname_display_info,"a",%progbits
 515              		.align	2
 516              		.set	.LANCHOR5,. + 0
 519              	u8x8_sh1107_128x64_noname_display_info:
 520 0000 00       		.byte	0
 521 0001 01       		.byte	1
 522 0002 14       		.byte	20
 523 0003 0A       		.byte	10
 524 0004 64       		.byte	100
 525 0005 64       		.byte	100
 526 0006 32       		.byte	50
 527 0007 32       		.byte	50
 528 0008 00127A00 		.word	8000000
 529 000c 00       		.byte	0
 530 000d 04       		.byte	4
 531 000e 28       		.byte	40
 532 000f 96       		.byte	-106
 533 0010 10       		.byte	16
ARM GAS  /var/folders/v3/wysfpd052nz8jkbx04pk0ym80000gn/T//ccbvpwKd.s 			page 16


 534 0011 08       		.byte	8
 535 0012 00       		.byte	0
 536 0013 00       		.byte	0
 537 0014 8000     		.short	128
 538 0016 4000     		.short	64
 539              		.section	.rodata.u8x8_sh1107_seeed_96x96_display_info,"a",%progbits
 540              		.align	2
 541              		.set	.LANCHOR7,. + 0
 544              	u8x8_sh1107_seeed_96x96_display_info:
 545 0000 00       		.byte	0
 546 0001 01       		.byte	1
 547 0002 14       		.byte	20
 548 0003 0A       		.byte	10
 549 0004 64       		.byte	100
 550 0005 64       		.byte	100
 551 0006 32       		.byte	50
 552 0007 32       		.byte	50
 553 0008 00127A00 		.word	8000000
 554 000c 00       		.byte	0
 555 000d 04       		.byte	4
 556 000e 28       		.byte	40
 557 000f 96       		.byte	-106
 558 0010 0C       		.byte	12
 559 0011 0C       		.byte	12
 560 0012 00       		.byte	0
 561 0013 00       		.byte	0
 562 0014 6000     		.short	96
 563 0016 6000     		.short	96
 564              		.text
 565              	.Letext0:
 566              		.file 2 "/usr/local/gcc-arm-none-eabi-7-2018-q2-update/arm-none-eabi/include/machine/_default_type
 567              		.file 3 "/usr/local/gcc-arm-none-eabi-7-2018-q2-update/arm-none-eabi/include/sys/_stdint.h"
 568              		.file 4 "/Users/imashio/Electronics/ARM/_Library/u8x8.h"
ARM GAS  /var/folders/v3/wysfpd052nz8jkbx04pk0ym80000gn/T//ccbvpwKd.s 			page 17


DEFINED SYMBOLS
                            *ABS*:0000000000000000 u8x8_d_sh1107.c
/var/folders/v3/wysfpd052nz8jkbx04pk0ym80000gn/T//ccbvpwKd.s:18     .text.u8x8_d_sh1107_generic:0000000000000000 $t
/var/folders/v3/wysfpd052nz8jkbx04pk0ym80000gn/T//ccbvpwKd.s:25     .text.u8x8_d_sh1107_generic:0000000000000000 u8x8_d_sh1107_generic
/var/folders/v3/wysfpd052nz8jkbx04pk0ym80000gn/T//ccbvpwKd.s:56     .text.u8x8_d_sh1107_generic:0000000000000012 $d
/var/folders/v3/wysfpd052nz8jkbx04pk0ym80000gn/T//ccbvpwKd.s:207    .text.u8x8_d_sh1107_generic:00000000000000d0 $d
/var/folders/v3/wysfpd052nz8jkbx04pk0ym80000gn/T//ccbvpwKd.s:215    .text.u8x8_d_sh1107_128x64:0000000000000000 $t
/var/folders/v3/wysfpd052nz8jkbx04pk0ym80000gn/T//ccbvpwKd.s:223    .text.u8x8_d_sh1107_128x64:0000000000000000 u8x8_d_sh1107_128x64
/var/folders/v3/wysfpd052nz8jkbx04pk0ym80000gn/T//ccbvpwKd.s:284    .text.u8x8_d_sh1107_128x64:0000000000000038 $d
/var/folders/v3/wysfpd052nz8jkbx04pk0ym80000gn/T//ccbvpwKd.s:290    .text.u8x8_d_sh1107_seeed_96x96:0000000000000000 $t
/var/folders/v3/wysfpd052nz8jkbx04pk0ym80000gn/T//ccbvpwKd.s:298    .text.u8x8_d_sh1107_seeed_96x96:0000000000000000 u8x8_d_sh1107_seeed_96x96
/var/folders/v3/wysfpd052nz8jkbx04pk0ym80000gn/T//ccbvpwKd.s:359    .text.u8x8_d_sh1107_seeed_96x96:0000000000000038 $d
/var/folders/v3/wysfpd052nz8jkbx04pk0ym80000gn/T//ccbvpwKd.s:365    .rodata.u8x8_d_sh1107_128x64_noname_flip0_seq:0000000000000000 $d
/var/folders/v3/wysfpd052nz8jkbx04pk0ym80000gn/T//ccbvpwKd.s:369    .rodata.u8x8_d_sh1107_128x64_noname_flip0_seq:0000000000000000 u8x8_d_sh1107_128x64_noname_flip0_seq
/var/folders/v3/wysfpd052nz8jkbx04pk0ym80000gn/T//ccbvpwKd.s:378    .rodata.u8x8_d_sh1107_128x64_noname_flip1_seq:0000000000000000 $d
/var/folders/v3/wysfpd052nz8jkbx04pk0ym80000gn/T//ccbvpwKd.s:382    .rodata.u8x8_d_sh1107_128x64_noname_flip1_seq:0000000000000000 u8x8_d_sh1107_128x64_noname_flip1_seq
/var/folders/v3/wysfpd052nz8jkbx04pk0ym80000gn/T//ccbvpwKd.s:391    .rodata.u8x8_d_sh1107_128x64_noname_init_seq:0000000000000000 $d
/var/folders/v3/wysfpd052nz8jkbx04pk0ym80000gn/T//ccbvpwKd.s:395    .rodata.u8x8_d_sh1107_128x64_noname_init_seq:0000000000000000 u8x8_d_sh1107_128x64_noname_init_seq
/var/folders/v3/wysfpd052nz8jkbx04pk0ym80000gn/T//ccbvpwKd.s:444    .rodata.u8x8_d_sh1107_128x64_noname_powersave0_seq:0000000000000000 $d
/var/folders/v3/wysfpd052nz8jkbx04pk0ym80000gn/T//ccbvpwKd.s:448    .rodata.u8x8_d_sh1107_128x64_noname_powersave0_seq:0000000000000000 u8x8_d_sh1107_128x64_noname_powersave0_seq
/var/folders/v3/wysfpd052nz8jkbx04pk0ym80000gn/T//ccbvpwKd.s:455    .rodata.u8x8_d_sh1107_128x64_noname_powersave1_seq:0000000000000000 $d
/var/folders/v3/wysfpd052nz8jkbx04pk0ym80000gn/T//ccbvpwKd.s:459    .rodata.u8x8_d_sh1107_128x64_noname_powersave1_seq:0000000000000000 u8x8_d_sh1107_128x64_noname_powersave1_seq
/var/folders/v3/wysfpd052nz8jkbx04pk0ym80000gn/T//ccbvpwKd.s:466    .rodata.u8x8_d_sh1107_seeed_96x96_init_seq:0000000000000000 $d
/var/folders/v3/wysfpd052nz8jkbx04pk0ym80000gn/T//ccbvpwKd.s:470    .rodata.u8x8_d_sh1107_seeed_96x96_init_seq:0000000000000000 u8x8_d_sh1107_seeed_96x96_init_seq
/var/folders/v3/wysfpd052nz8jkbx04pk0ym80000gn/T//ccbvpwKd.s:515    .rodata.u8x8_sh1107_128x64_noname_display_info:0000000000000000 $d
/var/folders/v3/wysfpd052nz8jkbx04pk0ym80000gn/T//ccbvpwKd.s:519    .rodata.u8x8_sh1107_128x64_noname_display_info:0000000000000000 u8x8_sh1107_128x64_noname_display_info
/var/folders/v3/wysfpd052nz8jkbx04pk0ym80000gn/T//ccbvpwKd.s:540    .rodata.u8x8_sh1107_seeed_96x96_display_info:0000000000000000 $d
/var/folders/v3/wysfpd052nz8jkbx04pk0ym80000gn/T//ccbvpwKd.s:544    .rodata.u8x8_sh1107_seeed_96x96_display_info:0000000000000000 u8x8_sh1107_seeed_96x96_display_info
/var/folders/v3/wysfpd052nz8jkbx04pk0ym80000gn/T//ccbvpwKd.s:61     .text.u8x8_d_sh1107_generic:0000000000000017 $d
/var/folders/v3/wysfpd052nz8jkbx04pk0ym80000gn/T//ccbvpwKd.s:61     .text.u8x8_d_sh1107_generic:0000000000000018 $t

UNDEFINED SYMBOLS
u8x8_cad_StartTransfer
u8x8_cad_SendCmd
u8x8_cad_SendArg
u8x8_cad_SendData
u8x8_cad_EndTransfer
u8x8_cad_SendSequence
u8x8_d_helper_display_init
u8x8_d_helper_display_setup_memory
