ARM GAS  /var/folders/v3/wysfpd052nz8jkbx04pk0ym80000gn/T//ccLatIzl.s 			page 1


   1              		.cpu cortex-m4
   2              		.eabi_attribute 27, 1
   3              		.eabi_attribute 28, 1
   4              		.eabi_attribute 20, 1
   5              		.eabi_attribute 21, 1
   6              		.eabi_attribute 23, 3
   7              		.eabi_attribute 24, 1
   8              		.eabi_attribute 25, 1
   9              		.eabi_attribute 26, 1
  10              		.eabi_attribute 30, 2
  11              		.eabi_attribute 34, 1
  12              		.eabi_attribute 18, 4
  13              		.file	"u8x8_d_pcd8544_84x48.c"
  14              		.text
  15              	.Ltext0:
  16              		.cfi_sections	.debug_frame
  17              		.section	.text.u8x8_d_pcd8544_84x48,"ax",%progbits
  18              		.align	1
  19              		.p2align 2,,3
  20              		.global	u8x8_d_pcd8544_84x48
  21              		.syntax unified
  22              		.thumb
  23              		.thumb_func
  24              		.fpu fpv4-sp-d16
  26              	u8x8_d_pcd8544_84x48:
  27              	.LFB0:
  28              		.file 1 "/Users/imashio/Electronics/ARM/_Library/u8x8_d_pcd8544_84x48.c"
   1:/Users/imashio/Electronics/ARM/_Library/u8x8_d_pcd8544_84x48.c **** /*
   2:/Users/imashio/Electronics/ARM/_Library/u8x8_d_pcd8544_84x48.c **** 
   3:/Users/imashio/Electronics/ARM/_Library/u8x8_d_pcd8544_84x48.c ****   u8x8_d_pcd8544_84x48.c (so called "Nokia 5110" displays)
   4:/Users/imashio/Electronics/ARM/_Library/u8x8_d_pcd8544_84x48.c ****   
   5:/Users/imashio/Electronics/ARM/_Library/u8x8_d_pcd8544_84x48.c ****   Universal 8bit Graphics Library (https://github.com/olikraus/u8g2/)
   6:/Users/imashio/Electronics/ARM/_Library/u8x8_d_pcd8544_84x48.c **** 
   7:/Users/imashio/Electronics/ARM/_Library/u8x8_d_pcd8544_84x48.c ****   Copyright (c) 2016, olikraus@gmail.com
   8:/Users/imashio/Electronics/ARM/_Library/u8x8_d_pcd8544_84x48.c ****   All rights reserved.
   9:/Users/imashio/Electronics/ARM/_Library/u8x8_d_pcd8544_84x48.c **** 
  10:/Users/imashio/Electronics/ARM/_Library/u8x8_d_pcd8544_84x48.c ****   Redistribution and use in source and binary forms, with or without modification, 
  11:/Users/imashio/Electronics/ARM/_Library/u8x8_d_pcd8544_84x48.c ****   are permitted provided that the following conditions are met:
  12:/Users/imashio/Electronics/ARM/_Library/u8x8_d_pcd8544_84x48.c **** 
  13:/Users/imashio/Electronics/ARM/_Library/u8x8_d_pcd8544_84x48.c ****   * Redistributions of source code must retain the above copyright notice, this list 
  14:/Users/imashio/Electronics/ARM/_Library/u8x8_d_pcd8544_84x48.c ****     of conditions and the following disclaimer.
  15:/Users/imashio/Electronics/ARM/_Library/u8x8_d_pcd8544_84x48.c ****     
  16:/Users/imashio/Electronics/ARM/_Library/u8x8_d_pcd8544_84x48.c ****   * Redistributions in binary form must reproduce the above copyright notice, this 
  17:/Users/imashio/Electronics/ARM/_Library/u8x8_d_pcd8544_84x48.c ****     list of conditions and the following disclaimer in the documentation and/or other 
  18:/Users/imashio/Electronics/ARM/_Library/u8x8_d_pcd8544_84x48.c ****     materials provided with the distribution.
  19:/Users/imashio/Electronics/ARM/_Library/u8x8_d_pcd8544_84x48.c **** 
  20:/Users/imashio/Electronics/ARM/_Library/u8x8_d_pcd8544_84x48.c ****   THIS SOFTWARE IS PROVIDED BY THE COPYRIGHT HOLDERS AND 
  21:/Users/imashio/Electronics/ARM/_Library/u8x8_d_pcd8544_84x48.c ****   CONTRIBUTORS "AS IS" AND ANY EXPRESS OR IMPLIED WARRANTIES, 
  22:/Users/imashio/Electronics/ARM/_Library/u8x8_d_pcd8544_84x48.c ****   INCLUDING, BUT NOT LIMITED TO, THE IMPLIED WARRANTIES OF 
  23:/Users/imashio/Electronics/ARM/_Library/u8x8_d_pcd8544_84x48.c ****   MERCHANTABILITY AND FITNESS FOR A PARTICULAR PURPOSE ARE 
  24:/Users/imashio/Electronics/ARM/_Library/u8x8_d_pcd8544_84x48.c ****   DISCLAIMED. IN NO EVENT SHALL THE COPYRIGHT HOLDER OR 
  25:/Users/imashio/Electronics/ARM/_Library/u8x8_d_pcd8544_84x48.c ****   CONTRIBUTORS BE LIABLE FOR ANY DIRECT, INDIRECT, INCIDENTAL, 
  26:/Users/imashio/Electronics/ARM/_Library/u8x8_d_pcd8544_84x48.c ****   SPECIAL, EXEMPLARY, OR CONSEQUENTIAL DAMAGES (INCLUDING, BUT 
  27:/Users/imashio/Electronics/ARM/_Library/u8x8_d_pcd8544_84x48.c ****   NOT LIMITED TO, PROCUREMENT OF SUBSTITUTE GOODS OR SERVICES; 
  28:/Users/imashio/Electronics/ARM/_Library/u8x8_d_pcd8544_84x48.c ****   LOSS OF USE, DATA, OR PROFITS; OR BUSINESS INTERRUPTION) HOWEVER 
  29:/Users/imashio/Electronics/ARM/_Library/u8x8_d_pcd8544_84x48.c ****   CAUSED AND ON ANY THEORY OF LIABILITY, WHETHER IN CONTRACT, 
  30:/Users/imashio/Electronics/ARM/_Library/u8x8_d_pcd8544_84x48.c ****   STRICT LIABILITY, OR TORT (INCLUDING NEGLIGENCE OR OTHERWISE) 
ARM GAS  /var/folders/v3/wysfpd052nz8jkbx04pk0ym80000gn/T//ccLatIzl.s 			page 2


  31:/Users/imashio/Electronics/ARM/_Library/u8x8_d_pcd8544_84x48.c ****   ARISING IN ANY WAY OUT OF THE USE OF THIS SOFTWARE, EVEN IF 
  32:/Users/imashio/Electronics/ARM/_Library/u8x8_d_pcd8544_84x48.c ****   ADVISED OF THE POSSIBILITY OF SUCH DAMAGE.  
  33:/Users/imashio/Electronics/ARM/_Library/u8x8_d_pcd8544_84x48.c **** 
  34:/Users/imashio/Electronics/ARM/_Library/u8x8_d_pcd8544_84x48.c ****   
  35:/Users/imashio/Electronics/ARM/_Library/u8x8_d_pcd8544_84x48.c **** */
  36:/Users/imashio/Electronics/ARM/_Library/u8x8_d_pcd8544_84x48.c **** #include "u8x8.h"
  37:/Users/imashio/Electronics/ARM/_Library/u8x8_d_pcd8544_84x48.c **** 
  38:/Users/imashio/Electronics/ARM/_Library/u8x8_d_pcd8544_84x48.c **** 
  39:/Users/imashio/Electronics/ARM/_Library/u8x8_d_pcd8544_84x48.c **** 
  40:/Users/imashio/Electronics/ARM/_Library/u8x8_d_pcd8544_84x48.c **** 
  41:/Users/imashio/Electronics/ARM/_Library/u8x8_d_pcd8544_84x48.c **** static const uint8_t u8x8_d_pcd8544_84x48_init_seq[] = {
  42:/Users/imashio/Electronics/ARM/_Library/u8x8_d_pcd8544_84x48.c ****     
  43:/Users/imashio/Electronics/ARM/_Library/u8x8_d_pcd8544_84x48.c ****   U8X8_START_TRANSFER(),             	/* enable chip, delay is part of the transfer start */
  44:/Users/imashio/Electronics/ARM/_Library/u8x8_d_pcd8544_84x48.c ****   
  45:/Users/imashio/Electronics/ARM/_Library/u8x8_d_pcd8544_84x48.c ****   U8X8_C(0x021),            			/* activate chip (PD=0), horizontal increment (V=0), enter extended 
  46:/Users/imashio/Electronics/ARM/_Library/u8x8_d_pcd8544_84x48.c ****   U8X8_C(0x006),		                /* temp. control: b10 = 2  */
  47:/Users/imashio/Electronics/ARM/_Library/u8x8_d_pcd8544_84x48.c ****   U8X8_C(0x013),		                /* bias system 1:48 */
  48:/Users/imashio/Electronics/ARM/_Library/u8x8_d_pcd8544_84x48.c ****   U8X8_C(0x0c0),		                /* medium Vop  */
  49:/Users/imashio/Electronics/ARM/_Library/u8x8_d_pcd8544_84x48.c ****   
  50:/Users/imashio/Electronics/ARM/_Library/u8x8_d_pcd8544_84x48.c ****   U8X8_C(0x020),		                /* activate chip (PD=0), horizontal increment (V=0), enter normal
  51:/Users/imashio/Electronics/ARM/_Library/u8x8_d_pcd8544_84x48.c ****   U8X8_C(0x008),				/* blank */
  52:/Users/imashio/Electronics/ARM/_Library/u8x8_d_pcd8544_84x48.c ****   U8X8_C(0x024),		                /* power down (PD=1), horizontal increment (V=0), enter normal co
  53:/Users/imashio/Electronics/ARM/_Library/u8x8_d_pcd8544_84x48.c ****     
  54:/Users/imashio/Electronics/ARM/_Library/u8x8_d_pcd8544_84x48.c ****   U8X8_END_TRANSFER(),             	/* disable chip */
  55:/Users/imashio/Electronics/ARM/_Library/u8x8_d_pcd8544_84x48.c ****   U8X8_END()             			/* end of sequence */
  56:/Users/imashio/Electronics/ARM/_Library/u8x8_d_pcd8544_84x48.c **** };
  57:/Users/imashio/Electronics/ARM/_Library/u8x8_d_pcd8544_84x48.c **** 
  58:/Users/imashio/Electronics/ARM/_Library/u8x8_d_pcd8544_84x48.c **** static const uint8_t u8x8_d_pcd8544_84x48_powersave0_seq[] = {
  59:/Users/imashio/Electronics/ARM/_Library/u8x8_d_pcd8544_84x48.c ****   U8X8_START_TRANSFER(),             	/* enable chip, delay is part of the transfer start */
  60:/Users/imashio/Electronics/ARM/_Library/u8x8_d_pcd8544_84x48.c ****   U8X8_C(0x020),		                /* activate chip (PD=0), horizontal increment (V=0), enter normal
  61:/Users/imashio/Electronics/ARM/_Library/u8x8_d_pcd8544_84x48.c ****   U8X8_C(0x00c),				/* display on */
  62:/Users/imashio/Electronics/ARM/_Library/u8x8_d_pcd8544_84x48.c ****   U8X8_END_TRANSFER(),             	/* disable chip */
  63:/Users/imashio/Electronics/ARM/_Library/u8x8_d_pcd8544_84x48.c ****   U8X8_END()             			/* end of sequence */
  64:/Users/imashio/Electronics/ARM/_Library/u8x8_d_pcd8544_84x48.c **** };
  65:/Users/imashio/Electronics/ARM/_Library/u8x8_d_pcd8544_84x48.c **** 
  66:/Users/imashio/Electronics/ARM/_Library/u8x8_d_pcd8544_84x48.c **** static const uint8_t u8x8_d_pcd8544_84x48_powersave1_seq[] = {
  67:/Users/imashio/Electronics/ARM/_Library/u8x8_d_pcd8544_84x48.c ****   U8X8_START_TRANSFER(),             	/* enable chip, delay is part of the transfer start */
  68:/Users/imashio/Electronics/ARM/_Library/u8x8_d_pcd8544_84x48.c ****   U8X8_C(0x020),		                /* activate chip (PD=0), horizontal increment (V=0), enter normal
  69:/Users/imashio/Electronics/ARM/_Library/u8x8_d_pcd8544_84x48.c ****   U8X8_C(0x008),				/* blank */
  70:/Users/imashio/Electronics/ARM/_Library/u8x8_d_pcd8544_84x48.c ****   U8X8_C(0x024),		                /* power down (PD=1), horizontal increment (V=0), enter normal co
  71:/Users/imashio/Electronics/ARM/_Library/u8x8_d_pcd8544_84x48.c ****   U8X8_END_TRANSFER(),             	/* disable chip */
  72:/Users/imashio/Electronics/ARM/_Library/u8x8_d_pcd8544_84x48.c ****   U8X8_END()             			/* end of sequence */
  73:/Users/imashio/Electronics/ARM/_Library/u8x8_d_pcd8544_84x48.c **** };
  74:/Users/imashio/Electronics/ARM/_Library/u8x8_d_pcd8544_84x48.c **** 
  75:/Users/imashio/Electronics/ARM/_Library/u8x8_d_pcd8544_84x48.c **** 
  76:/Users/imashio/Electronics/ARM/_Library/u8x8_d_pcd8544_84x48.c **** 
  77:/Users/imashio/Electronics/ARM/_Library/u8x8_d_pcd8544_84x48.c **** static const u8x8_display_info_t u8x8_pcd8544_84x48_display_info =
  78:/Users/imashio/Electronics/ARM/_Library/u8x8_d_pcd8544_84x48.c **** {
  79:/Users/imashio/Electronics/ARM/_Library/u8x8_d_pcd8544_84x48.c ****   /* chip_enable_level = */ 0,
  80:/Users/imashio/Electronics/ARM/_Library/u8x8_d_pcd8544_84x48.c ****   /* chip_disable_level = */ 1,
  81:/Users/imashio/Electronics/ARM/_Library/u8x8_d_pcd8544_84x48.c ****   
  82:/Users/imashio/Electronics/ARM/_Library/u8x8_d_pcd8544_84x48.c ****   /* post_chip_enable_wait_ns = */ 5,
  83:/Users/imashio/Electronics/ARM/_Library/u8x8_d_pcd8544_84x48.c ****   /* pre_chip_disable_wait_ns = */ 5,
  84:/Users/imashio/Electronics/ARM/_Library/u8x8_d_pcd8544_84x48.c ****   /* reset_pulse_width_ms = */ 2, 
  85:/Users/imashio/Electronics/ARM/_Library/u8x8_d_pcd8544_84x48.c ****   /* post_reset_wait_ms = */ 2, 
  86:/Users/imashio/Electronics/ARM/_Library/u8x8_d_pcd8544_84x48.c ****   /* sda_setup_time_ns = */ 12,		
  87:/Users/imashio/Electronics/ARM/_Library/u8x8_d_pcd8544_84x48.c ****   /* sck_pulse_width_ns = */ 75,	/* half of cycle time (100ns according to datasheet), AVR: below 7
ARM GAS  /var/folders/v3/wysfpd052nz8jkbx04pk0ym80000gn/T//ccLatIzl.s 			page 3


  88:/Users/imashio/Electronics/ARM/_Library/u8x8_d_pcd8544_84x48.c ****   /* sck_clock_hz = */ 4000000UL,	/* since Arduino 1.6.0, the SPI bus speed in Hz. Should be  10000
  89:/Users/imashio/Electronics/ARM/_Library/u8x8_d_pcd8544_84x48.c ****   /* spi_mode = */ 0,		/* active high, rising edge */
  90:/Users/imashio/Electronics/ARM/_Library/u8x8_d_pcd8544_84x48.c ****   /* i2c_bus_clock_100kHz = */ 4,
  91:/Users/imashio/Electronics/ARM/_Library/u8x8_d_pcd8544_84x48.c ****   /* data_setup_time_ns = */ 30,
  92:/Users/imashio/Electronics/ARM/_Library/u8x8_d_pcd8544_84x48.c ****   /* write_pulse_width_ns = */ 40,
  93:/Users/imashio/Electronics/ARM/_Library/u8x8_d_pcd8544_84x48.c ****   /* tile_width = */ 11,		/* width of 11*8=88 pixel */
  94:/Users/imashio/Electronics/ARM/_Library/u8x8_d_pcd8544_84x48.c ****   /* tile_hight = */ 6,
  95:/Users/imashio/Electronics/ARM/_Library/u8x8_d_pcd8544_84x48.c ****   /* default_x_offset = */ 0,
  96:/Users/imashio/Electronics/ARM/_Library/u8x8_d_pcd8544_84x48.c ****   /* flipmode_x_offset = */ 0,
  97:/Users/imashio/Electronics/ARM/_Library/u8x8_d_pcd8544_84x48.c ****   /* pixel_width = */ 84,
  98:/Users/imashio/Electronics/ARM/_Library/u8x8_d_pcd8544_84x48.c ****   /* pixel_height = */ 48
  99:/Users/imashio/Electronics/ARM/_Library/u8x8_d_pcd8544_84x48.c **** };
 100:/Users/imashio/Electronics/ARM/_Library/u8x8_d_pcd8544_84x48.c **** 
 101:/Users/imashio/Electronics/ARM/_Library/u8x8_d_pcd8544_84x48.c **** uint8_t u8x8_d_pcd8544_84x48(u8x8_t *u8x8, uint8_t msg, uint8_t arg_int, void *arg_ptr)
 102:/Users/imashio/Electronics/ARM/_Library/u8x8_d_pcd8544_84x48.c **** {
  29              		.loc 1 102 0
  30              		.cfi_startproc
  31              		@ args = 0, pretend = 0, frame = 0
  32              		@ frame_needed = 0, uses_anonymous_args = 0
  33              	.LVL0:
 103:/Users/imashio/Electronics/ARM/_Library/u8x8_d_pcd8544_84x48.c ****   uint8_t x, c;
 104:/Users/imashio/Electronics/ARM/_Library/u8x8_d_pcd8544_84x48.c ****   uint8_t *ptr;
 105:/Users/imashio/Electronics/ARM/_Library/u8x8_d_pcd8544_84x48.c ****   switch(msg)
  34              		.loc 1 105 0
  35 0000 0939     		subs	r1, r1, #9
  36              	.LVL1:
 102:/Users/imashio/Electronics/ARM/_Library/u8x8_d_pcd8544_84x48.c ****   uint8_t x, c;
  37              		.loc 1 102 0
  38 0002 2DE9F041 		push	{r4, r5, r6, r7, r8, lr}
  39              	.LCFI0:
  40              		.cfi_def_cfa_offset 24
  41              		.cfi_offset 4, -24
  42              		.cfi_offset 5, -20
  43              		.cfi_offset 6, -16
  44              		.cfi_offset 7, -12
  45              		.cfi_offset 8, -8
  46              		.cfi_offset 14, -4
 102:/Users/imashio/Electronics/ARM/_Library/u8x8_d_pcd8544_84x48.c ****   uint8_t x, c;
  47              		.loc 1 102 0
  48 0006 0746     		mov	r7, r0
  49 0008 1446     		mov	r4, r2
  50 000a 9846     		mov	r8, r3
  51              		.loc 1 105 0
  52 000c 0629     		cmp	r1, #6
  53 000e 60D8     		bhi	.L14
  54 0010 DFE801F0 		tbb	[pc, r1]
  55              	.LVL2:
  56              	.L4:
  57 0014 38       		.byte	(.L3-.L4)/2
  58 0015 3E       		.byte	(.L5-.L4)/2
  59 0016 47       		.byte	(.L6-.L4)/2
  60 0017 5F       		.byte	(.L14-.L4)/2
  61 0018 5F       		.byte	(.L14-.L4)/2
  62 0019 4D       		.byte	(.L7-.L4)/2
  63 001a 04       		.byte	(.L8-.L4)/2
  64 001b 00       		.p2align 1
  65              	.L8:
ARM GAS  /var/folders/v3/wysfpd052nz8jkbx04pk0ym80000gn/T//ccLatIzl.s 			page 4


 106:/Users/imashio/Electronics/ARM/_Library/u8x8_d_pcd8544_84x48.c ****   {
 107:/Users/imashio/Electronics/ARM/_Library/u8x8_d_pcd8544_84x48.c ****     case U8X8_MSG_DISPLAY_SETUP_MEMORY:
 108:/Users/imashio/Electronics/ARM/_Library/u8x8_d_pcd8544_84x48.c ****       u8x8_d_helper_display_setup_memory(u8x8, &u8x8_pcd8544_84x48_display_info);
 109:/Users/imashio/Electronics/ARM/_Library/u8x8_d_pcd8544_84x48.c ****       break;
 110:/Users/imashio/Electronics/ARM/_Library/u8x8_d_pcd8544_84x48.c ****     case U8X8_MSG_DISPLAY_INIT:
 111:/Users/imashio/Electronics/ARM/_Library/u8x8_d_pcd8544_84x48.c ****       u8x8_d_helper_display_init(u8x8);
 112:/Users/imashio/Electronics/ARM/_Library/u8x8_d_pcd8544_84x48.c ****       u8x8_cad_SendSequence(u8x8, u8x8_d_pcd8544_84x48_init_seq);
 113:/Users/imashio/Electronics/ARM/_Library/u8x8_d_pcd8544_84x48.c ****       break;
 114:/Users/imashio/Electronics/ARM/_Library/u8x8_d_pcd8544_84x48.c ****     case U8X8_MSG_DISPLAY_SET_POWER_SAVE:
 115:/Users/imashio/Electronics/ARM/_Library/u8x8_d_pcd8544_84x48.c ****       if ( arg_int == 0 )
 116:/Users/imashio/Electronics/ARM/_Library/u8x8_d_pcd8544_84x48.c **** 	u8x8_cad_SendSequence(u8x8, u8x8_d_pcd8544_84x48_powersave0_seq);
 117:/Users/imashio/Electronics/ARM/_Library/u8x8_d_pcd8544_84x48.c ****       else
 118:/Users/imashio/Electronics/ARM/_Library/u8x8_d_pcd8544_84x48.c **** 	u8x8_cad_SendSequence(u8x8, u8x8_d_pcd8544_84x48_powersave1_seq);
 119:/Users/imashio/Electronics/ARM/_Library/u8x8_d_pcd8544_84x48.c ****       break;
 120:/Users/imashio/Electronics/ARM/_Library/u8x8_d_pcd8544_84x48.c ****     // case U8X8_MSG_DISPLAY_SET_FLIP_MODE:
 121:/Users/imashio/Electronics/ARM/_Library/u8x8_d_pcd8544_84x48.c ****     // 	  break; 	NOT SUPPORTED
 122:/Users/imashio/Electronics/ARM/_Library/u8x8_d_pcd8544_84x48.c ****       
 123:/Users/imashio/Electronics/ARM/_Library/u8x8_d_pcd8544_84x48.c **** #ifdef U8X8_WITH_SET_CONTRAST
 124:/Users/imashio/Electronics/ARM/_Library/u8x8_d_pcd8544_84x48.c ****     case U8X8_MSG_DISPLAY_SET_CONTRAST:
 125:/Users/imashio/Electronics/ARM/_Library/u8x8_d_pcd8544_84x48.c ****       u8x8_cad_StartTransfer(u8x8);
 126:/Users/imashio/Electronics/ARM/_Library/u8x8_d_pcd8544_84x48.c ****       u8x8_cad_SendCmd(u8x8, 0x021 ); /* command mode, extended function set */
 127:/Users/imashio/Electronics/ARM/_Library/u8x8_d_pcd8544_84x48.c ****       u8x8_cad_SendCmd(u8x8, 0x080 | (arg_int >> 1) );
 128:/Users/imashio/Electronics/ARM/_Library/u8x8_d_pcd8544_84x48.c ****       u8x8_cad_EndTransfer(u8x8);
 129:/Users/imashio/Electronics/ARM/_Library/u8x8_d_pcd8544_84x48.c ****       break;
 130:/Users/imashio/Electronics/ARM/_Library/u8x8_d_pcd8544_84x48.c **** #endif
 131:/Users/imashio/Electronics/ARM/_Library/u8x8_d_pcd8544_84x48.c ****     case U8X8_MSG_DISPLAY_DRAW_TILE:
 132:/Users/imashio/Electronics/ARM/_Library/u8x8_d_pcd8544_84x48.c ****       u8x8_cad_StartTransfer(u8x8);
  66              		.loc 1 132 0
  67 001c FFF7FEFF 		bl	u8x8_cad_StartTransfer
  68              	.LVL3:
 133:/Users/imashio/Electronics/ARM/_Library/u8x8_d_pcd8544_84x48.c ****     
 134:/Users/imashio/Electronics/ARM/_Library/u8x8_d_pcd8544_84x48.c ****       x = ((u8x8_tile_t *)arg_ptr)->x_pos;
  69              		.loc 1 134 0
  70 0020 98F80560 		ldrb	r6, [r8, #5]	@ zero_extendqisi2
  71              	.LVL4:
 135:/Users/imashio/Electronics/ARM/_Library/u8x8_d_pcd8544_84x48.c ****       x *= 8;
 136:/Users/imashio/Electronics/ARM/_Library/u8x8_d_pcd8544_84x48.c ****       x += u8x8->x_offset;
  72              		.loc 1 136 0
  73 0024 BD7F     		ldrb	r5, [r7, #30]	@ zero_extendqisi2
  74 0026 05EBC605 		add	r5, r5, r6, lsl #3
  75 002a 05F0FF06 		and	r6, r5, #255
  76              	.LVL5:
 137:/Users/imashio/Electronics/ARM/_Library/u8x8_d_pcd8544_84x48.c ****       u8x8_cad_SendCmd(u8x8, 0x020 ); /* activate chip (PD=0), horizontal increment (V=0), enter no
  77              		.loc 1 137 0
  78 002e 2021     		movs	r1, #32
  79 0030 3846     		mov	r0, r7
  80 0032 FFF7FEFF 		bl	u8x8_cad_SendCmd
  81              	.LVL6:
 138:/Users/imashio/Electronics/ARM/_Library/u8x8_d_pcd8544_84x48.c ****       u8x8_cad_SendCmd(u8x8, 0x080 | (x) );	/* set X address */
  82              		.loc 1 138 0
  83 0036 46F08001 		orr	r1, r6, #128
  84 003a 3846     		mov	r0, r7
  85 003c FFF7FEFF 		bl	u8x8_cad_SendCmd
  86              	.LVL7:
 139:/Users/imashio/Electronics/ARM/_Library/u8x8_d_pcd8544_84x48.c ****       u8x8_cad_SendCmd(u8x8, 0x040 | (((u8x8_tile_t *)arg_ptr)->y_pos) );	/* set Y address */
  87              		.loc 1 139 0
  88 0040 98F80610 		ldrb	r1, [r8, #6]	@ zero_extendqisi2
ARM GAS  /var/folders/v3/wysfpd052nz8jkbx04pk0ym80000gn/T//ccLatIzl.s 			page 5


  89 0044 3846     		mov	r0, r7
  90 0046 41F04001 		orr	r1, r1, #64
  91 004a FFF7FEFF 		bl	u8x8_cad_SendCmd
  92              	.LVL8:
 140:/Users/imashio/Electronics/ARM/_Library/u8x8_d_pcd8544_84x48.c ****     
 141:/Users/imashio/Electronics/ARM/_Library/u8x8_d_pcd8544_84x48.c ****       ptr = ((u8x8_tile_t *)arg_ptr)->tile_ptr;
 142:/Users/imashio/Electronics/ARM/_Library/u8x8_d_pcd8544_84x48.c ****       c = ((u8x8_tile_t *)arg_ptr)->cnt;
  93              		.loc 1 142 0
  94 004e 98F80420 		ldrb	r2, [r8, #4]	@ zero_extendqisi2
 141:/Users/imashio/Electronics/ARM/_Library/u8x8_d_pcd8544_84x48.c ****       c = ((u8x8_tile_t *)arg_ptr)->cnt;
  95              		.loc 1 141 0
  96 0052 D8F80080 		ldr	r8, [r8]
  97              	.LVL9:
 143:/Users/imashio/Electronics/ARM/_Library/u8x8_d_pcd8544_84x48.c ****       c *= 8;	
  98              		.loc 1 143 0
  99 0056 D300     		lsls	r3, r2, #3
 100 0058 DDB2     		uxtb	r5, r3
 101              	.LVL10:
 102 005a 0EE0     		b	.L13
 103              	.LVL11:
 104              	.L10:
 144:/Users/imashio/Electronics/ARM/_Library/u8x8_d_pcd8544_84x48.c ****       do
 145:/Users/imashio/Electronics/ARM/_Library/u8x8_d_pcd8544_84x48.c ****       {
 146:/Users/imashio/Electronics/ARM/_Library/u8x8_d_pcd8544_84x48.c **** 	if ( c + x > 84u )
 147:/Users/imashio/Electronics/ARM/_Library/u8x8_d_pcd8544_84x48.c **** 	{
 148:/Users/imashio/Electronics/ARM/_Library/u8x8_d_pcd8544_84x48.c **** 	  if ( x >= 84u )
 105              		.loc 1 148 0
 106 005c 532E     		cmp	r6, #83
 107 005e 3AD8     		bhi	.L12
 149:/Users/imashio/Electronics/ARM/_Library/u8x8_d_pcd8544_84x48.c **** 	    break;
 150:/Users/imashio/Electronics/ARM/_Library/u8x8_d_pcd8544_84x48.c **** 	  c = 84u;
 151:/Users/imashio/Electronics/ARM/_Library/u8x8_d_pcd8544_84x48.c **** 	  c -= x;
 108              		.loc 1 151 0
 109 0060 C6F15405 		rsb	r5, r6, #84
 110 0064 EDB2     		uxtb	r5, r5
 111              	.LVL12:
 112 0066 5426     		movs	r6, #84
 113              	.LVL13:
 114              	.L11:
 152:/Users/imashio/Electronics/ARM/_Library/u8x8_d_pcd8544_84x48.c **** 	}
 153:/Users/imashio/Electronics/ARM/_Library/u8x8_d_pcd8544_84x48.c **** 	u8x8_cad_SendData(u8x8, c, ptr);	/* note: SendData can not handle more than 255 bytes */
 115              		.loc 1 153 0
 116 0068 4246     		mov	r2, r8
 117 006a 2946     		mov	r1, r5
 118 006c 3846     		mov	r0, r7
 154:/Users/imashio/Electronics/ARM/_Library/u8x8_d_pcd8544_84x48.c **** 	x += c;
 155:/Users/imashio/Electronics/ARM/_Library/u8x8_d_pcd8544_84x48.c **** 	arg_int--;
 119              		.loc 1 155 0
 120 006e 013C     		subs	r4, r4, #1
 121              	.LVL14:
 153:/Users/imashio/Electronics/ARM/_Library/u8x8_d_pcd8544_84x48.c **** 	x += c;
 122              		.loc 1 153 0
 123 0070 FFF7FEFF 		bl	u8x8_cad_SendData
 124              	.LVL15:
 156:/Users/imashio/Electronics/ARM/_Library/u8x8_d_pcd8544_84x48.c ****       } while( arg_int > 0 );
 125              		.loc 1 156 0
 126 0074 14F0FF04 		ands	r4, r4, #255
ARM GAS  /var/folders/v3/wysfpd052nz8jkbx04pk0ym80000gn/T//ccLatIzl.s 			page 6


 127              	.LVL16:
 128 0078 2DD0     		beq	.L12
 129              	.LVL17:
 130              	.L13:
 146:/Users/imashio/Electronics/ARM/_Library/u8x8_d_pcd8544_84x48.c **** 	{
 131              		.loc 1 146 0
 132 007a AB19     		adds	r3, r5, r6
 133 007c 542B     		cmp	r3, #84
 134 007e EDDC     		bgt	.L10
 135 0080 DEB2     		uxtb	r6, r3
 136              	.LVL18:
 137 0082 F1E7     		b	.L11
 138              	.LVL19:
 139              	.L3:
 108:/Users/imashio/Electronics/ARM/_Library/u8x8_d_pcd8544_84x48.c ****       break;
 140              		.loc 1 108 0
 141 0084 1949     		ldr	r1, .L18
 142 0086 FFF7FEFF 		bl	u8x8_d_helper_display_setup_memory
 143              	.LVL20:
 157:/Users/imashio/Electronics/ARM/_Library/u8x8_d_pcd8544_84x48.c ****       
 158:/Users/imashio/Electronics/ARM/_Library/u8x8_d_pcd8544_84x48.c ****       u8x8_cad_EndTransfer(u8x8);
 159:/Users/imashio/Electronics/ARM/_Library/u8x8_d_pcd8544_84x48.c ****       break;
 160:/Users/imashio/Electronics/ARM/_Library/u8x8_d_pcd8544_84x48.c ****     default:
 161:/Users/imashio/Electronics/ARM/_Library/u8x8_d_pcd8544_84x48.c ****       return 0;
 162:/Users/imashio/Electronics/ARM/_Library/u8x8_d_pcd8544_84x48.c ****   }
 163:/Users/imashio/Electronics/ARM/_Library/u8x8_d_pcd8544_84x48.c ****   return 1;
 144              		.loc 1 163 0
 145 008a 0120     		movs	r0, #1
 146              	.L2:
 164:/Users/imashio/Electronics/ARM/_Library/u8x8_d_pcd8544_84x48.c **** }
 147              		.loc 1 164 0
 148 008c BDE8F081 		pop	{r4, r5, r6, r7, r8, pc}
 149              	.LVL21:
 150              	.L5:
 111:/Users/imashio/Electronics/ARM/_Library/u8x8_d_pcd8544_84x48.c ****       u8x8_cad_SendSequence(u8x8, u8x8_d_pcd8544_84x48_init_seq);
 151              		.loc 1 111 0
 152 0090 FFF7FEFF 		bl	u8x8_d_helper_display_init
 153              	.LVL22:
 112:/Users/imashio/Electronics/ARM/_Library/u8x8_d_pcd8544_84x48.c ****       break;
 154              		.loc 1 112 0
 155 0094 3846     		mov	r0, r7
 156 0096 1649     		ldr	r1, .L18+4
 157 0098 FFF7FEFF 		bl	u8x8_cad_SendSequence
 158              	.LVL23:
 163:/Users/imashio/Electronics/ARM/_Library/u8x8_d_pcd8544_84x48.c **** }
 159              		.loc 1 163 0
 160 009c 0120     		movs	r0, #1
 161              		.loc 1 164 0
 162 009e BDE8F081 		pop	{r4, r5, r6, r7, r8, pc}
 163              	.LVL24:
 164              	.L6:
 115:/Users/imashio/Electronics/ARM/_Library/u8x8_d_pcd8544_84x48.c **** 	u8x8_cad_SendSequence(u8x8, u8x8_d_pcd8544_84x48_powersave0_seq);
 165              		.loc 1 115 0
 166 00a2 F2B9     		cbnz	r2, .L9
 116:/Users/imashio/Electronics/ARM/_Library/u8x8_d_pcd8544_84x48.c ****       else
 167              		.loc 1 116 0
 168 00a4 1349     		ldr	r1, .L18+8
ARM GAS  /var/folders/v3/wysfpd052nz8jkbx04pk0ym80000gn/T//ccLatIzl.s 			page 7


 169 00a6 FFF7FEFF 		bl	u8x8_cad_SendSequence
 170              	.LVL25:
 163:/Users/imashio/Electronics/ARM/_Library/u8x8_d_pcd8544_84x48.c **** }
 171              		.loc 1 163 0
 172 00aa 0120     		movs	r0, #1
 173 00ac EEE7     		b	.L2
 174              	.LVL26:
 175              	.L7:
 125:/Users/imashio/Electronics/ARM/_Library/u8x8_d_pcd8544_84x48.c ****       u8x8_cad_SendCmd(u8x8, 0x021 ); /* command mode, extended function set */
 176              		.loc 1 125 0
 177 00ae FFF7FEFF 		bl	u8x8_cad_StartTransfer
 178              	.LVL27:
 126:/Users/imashio/Electronics/ARM/_Library/u8x8_d_pcd8544_84x48.c ****       u8x8_cad_SendCmd(u8x8, 0x080 | (arg_int >> 1) );
 179              		.loc 1 126 0
 180 00b2 2121     		movs	r1, #33
 181 00b4 3846     		mov	r0, r7
 182 00b6 FFF7FEFF 		bl	u8x8_cad_SendCmd
 183              	.LVL28:
 127:/Users/imashio/Electronics/ARM/_Library/u8x8_d_pcd8544_84x48.c ****       u8x8_cad_EndTransfer(u8x8);
 184              		.loc 1 127 0
 185 00ba 6108     		lsrs	r1, r4, #1
 186 00bc 41F08001 		orr	r1, r1, #128
 187 00c0 3846     		mov	r0, r7
 188 00c2 FFF7FEFF 		bl	u8x8_cad_SendCmd
 189              	.LVL29:
 128:/Users/imashio/Electronics/ARM/_Library/u8x8_d_pcd8544_84x48.c ****       break;
 190              		.loc 1 128 0
 191 00c6 3846     		mov	r0, r7
 192 00c8 FFF7FEFF 		bl	u8x8_cad_EndTransfer
 193              	.LVL30:
 163:/Users/imashio/Electronics/ARM/_Library/u8x8_d_pcd8544_84x48.c **** }
 194              		.loc 1 163 0
 195 00cc 0120     		movs	r0, #1
 196              		.loc 1 164 0
 197 00ce BDE8F081 		pop	{r4, r5, r6, r7, r8, pc}
 198              	.LVL31:
 199              	.L14:
 161:/Users/imashio/Electronics/ARM/_Library/u8x8_d_pcd8544_84x48.c ****   }
 200              		.loc 1 161 0
 201 00d2 0020     		movs	r0, #0
 202              	.LVL32:
 203 00d4 DAE7     		b	.L2
 204              	.LVL33:
 205              	.L12:
 158:/Users/imashio/Electronics/ARM/_Library/u8x8_d_pcd8544_84x48.c ****       break;
 206              		.loc 1 158 0
 207 00d6 3846     		mov	r0, r7
 208 00d8 FFF7FEFF 		bl	u8x8_cad_EndTransfer
 209              	.LVL34:
 163:/Users/imashio/Electronics/ARM/_Library/u8x8_d_pcd8544_84x48.c **** }
 210              		.loc 1 163 0
 211 00dc 0120     		movs	r0, #1
 212              		.loc 1 164 0
 213 00de BDE8F081 		pop	{r4, r5, r6, r7, r8, pc}
 214              	.LVL35:
 215              	.L9:
 118:/Users/imashio/Electronics/ARM/_Library/u8x8_d_pcd8544_84x48.c ****       break;
ARM GAS  /var/folders/v3/wysfpd052nz8jkbx04pk0ym80000gn/T//ccLatIzl.s 			page 8


 216              		.loc 1 118 0
 217 00e2 0549     		ldr	r1, .L18+12
 218 00e4 FFF7FEFF 		bl	u8x8_cad_SendSequence
 219              	.LVL36:
 163:/Users/imashio/Electronics/ARM/_Library/u8x8_d_pcd8544_84x48.c **** }
 220              		.loc 1 163 0
 221 00e8 0120     		movs	r0, #1
 222 00ea CFE7     		b	.L2
 223              	.L19:
 224              		.align	2
 225              	.L18:
 226 00ec 00000000 		.word	.LANCHOR0
 227 00f0 00000000 		.word	.LANCHOR1
 228 00f4 00000000 		.word	.LANCHOR2
 229 00f8 00000000 		.word	.LANCHOR3
 230              		.cfi_endproc
 231              	.LFE0:
 233              		.section	.rodata.u8x8_d_pcd8544_84x48_init_seq,"a",%progbits
 234              		.align	2
 235              		.set	.LANCHOR1,. + 0
 238              	u8x8_d_pcd8544_84x48_init_seq:
 239 0000 18       		.byte	24
 240 0001 15       		.byte	21
 241 0002 21       		.byte	33
 242 0003 15       		.byte	21
 243 0004 06       		.byte	6
 244 0005 15       		.byte	21
 245 0006 13       		.byte	19
 246 0007 15       		.byte	21
 247 0008 C0       		.byte	-64
 248 0009 15       		.byte	21
 249 000a 20       		.byte	32
 250 000b 15       		.byte	21
 251 000c 08       		.byte	8
 252 000d 15       		.byte	21
 253 000e 24       		.byte	36
 254 000f 19       		.byte	25
 255 0010 FF       		.byte	-1
 256              		.section	.rodata.u8x8_d_pcd8544_84x48_powersave0_seq,"a",%progbits
 257              		.align	2
 258              		.set	.LANCHOR2,. + 0
 261              	u8x8_d_pcd8544_84x48_powersave0_seq:
 262 0000 18       		.byte	24
 263 0001 15       		.byte	21
 264 0002 20       		.byte	32
 265 0003 15       		.byte	21
 266 0004 0C       		.byte	12
 267 0005 19       		.byte	25
 268 0006 FF       		.byte	-1
 269              		.section	.rodata.u8x8_d_pcd8544_84x48_powersave1_seq,"a",%progbits
 270              		.align	2
 271              		.set	.LANCHOR3,. + 0
 274              	u8x8_d_pcd8544_84x48_powersave1_seq:
 275 0000 18       		.byte	24
 276 0001 15       		.byte	21
 277 0002 20       		.byte	32
 278 0003 15       		.byte	21
ARM GAS  /var/folders/v3/wysfpd052nz8jkbx04pk0ym80000gn/T//ccLatIzl.s 			page 9


 279 0004 08       		.byte	8
 280 0005 15       		.byte	21
 281 0006 24       		.byte	36
 282 0007 19       		.byte	25
 283 0008 FF       		.byte	-1
 284              		.section	.rodata.u8x8_pcd8544_84x48_display_info,"a",%progbits
 285              		.align	2
 286              		.set	.LANCHOR0,. + 0
 289              	u8x8_pcd8544_84x48_display_info:
 290 0000 00       		.byte	0
 291 0001 01       		.byte	1
 292 0002 05       		.byte	5
 293 0003 05       		.byte	5
 294 0004 02       		.byte	2
 295 0005 02       		.byte	2
 296 0006 0C       		.byte	12
 297 0007 4B       		.byte	75
 298 0008 00093D00 		.word	4000000
 299 000c 00       		.byte	0
 300 000d 04       		.byte	4
 301 000e 1E       		.byte	30
 302 000f 28       		.byte	40
 303 0010 0B       		.byte	11
 304 0011 06       		.byte	6
 305 0012 00       		.byte	0
 306 0013 00       		.byte	0
 307 0014 5400     		.short	84
 308 0016 3000     		.short	48
 309              		.text
 310              	.Letext0:
 311              		.file 2 "/usr/local/gcc-arm-none-eabi-7-2018-q2-update/arm-none-eabi/include/machine/_default_type
 312              		.file 3 "/usr/local/gcc-arm-none-eabi-7-2018-q2-update/arm-none-eabi/include/sys/_stdint.h"
 313              		.file 4 "/Users/imashio/Electronics/ARM/_Library/u8x8.h"
ARM GAS  /var/folders/v3/wysfpd052nz8jkbx04pk0ym80000gn/T//ccLatIzl.s 			page 10


DEFINED SYMBOLS
                            *ABS*:0000000000000000 u8x8_d_pcd8544_84x48.c
/var/folders/v3/wysfpd052nz8jkbx04pk0ym80000gn/T//ccLatIzl.s:18     .text.u8x8_d_pcd8544_84x48:0000000000000000 $t
/var/folders/v3/wysfpd052nz8jkbx04pk0ym80000gn/T//ccLatIzl.s:26     .text.u8x8_d_pcd8544_84x48:0000000000000000 u8x8_d_pcd8544_84x48
/var/folders/v3/wysfpd052nz8jkbx04pk0ym80000gn/T//ccLatIzl.s:57     .text.u8x8_d_pcd8544_84x48:0000000000000014 $d
/var/folders/v3/wysfpd052nz8jkbx04pk0ym80000gn/T//ccLatIzl.s:226    .text.u8x8_d_pcd8544_84x48:00000000000000ec $d
/var/folders/v3/wysfpd052nz8jkbx04pk0ym80000gn/T//ccLatIzl.s:234    .rodata.u8x8_d_pcd8544_84x48_init_seq:0000000000000000 $d
/var/folders/v3/wysfpd052nz8jkbx04pk0ym80000gn/T//ccLatIzl.s:238    .rodata.u8x8_d_pcd8544_84x48_init_seq:0000000000000000 u8x8_d_pcd8544_84x48_init_seq
/var/folders/v3/wysfpd052nz8jkbx04pk0ym80000gn/T//ccLatIzl.s:257    .rodata.u8x8_d_pcd8544_84x48_powersave0_seq:0000000000000000 $d
/var/folders/v3/wysfpd052nz8jkbx04pk0ym80000gn/T//ccLatIzl.s:261    .rodata.u8x8_d_pcd8544_84x48_powersave0_seq:0000000000000000 u8x8_d_pcd8544_84x48_powersave0_seq
/var/folders/v3/wysfpd052nz8jkbx04pk0ym80000gn/T//ccLatIzl.s:270    .rodata.u8x8_d_pcd8544_84x48_powersave1_seq:0000000000000000 $d
/var/folders/v3/wysfpd052nz8jkbx04pk0ym80000gn/T//ccLatIzl.s:274    .rodata.u8x8_d_pcd8544_84x48_powersave1_seq:0000000000000000 u8x8_d_pcd8544_84x48_powersave1_seq
/var/folders/v3/wysfpd052nz8jkbx04pk0ym80000gn/T//ccLatIzl.s:285    .rodata.u8x8_pcd8544_84x48_display_info:0000000000000000 $d
/var/folders/v3/wysfpd052nz8jkbx04pk0ym80000gn/T//ccLatIzl.s:289    .rodata.u8x8_pcd8544_84x48_display_info:0000000000000000 u8x8_pcd8544_84x48_display_info
/var/folders/v3/wysfpd052nz8jkbx04pk0ym80000gn/T//ccLatIzl.s:64     .text.u8x8_d_pcd8544_84x48:000000000000001b $d
/var/folders/v3/wysfpd052nz8jkbx04pk0ym80000gn/T//ccLatIzl.s:64     .text.u8x8_d_pcd8544_84x48:000000000000001c $t

UNDEFINED SYMBOLS
u8x8_cad_StartTransfer
u8x8_cad_SendCmd
u8x8_cad_SendData
u8x8_d_helper_display_setup_memory
u8x8_d_helper_display_init
u8x8_cad_SendSequence
u8x8_cad_EndTransfer
