ARM GAS  /var/folders/v3/wysfpd052nz8jkbx04pk0ym80000gn/T//ccGDC35C.s 			page 1


   1              		.cpu cortex-m4
   2              		.eabi_attribute 27, 1
   3              		.eabi_attribute 28, 1
   4              		.eabi_attribute 20, 1
   5              		.eabi_attribute 21, 1
   6              		.eabi_attribute 23, 3
   7              		.eabi_attribute 24, 1
   8              		.eabi_attribute 25, 1
   9              		.eabi_attribute 26, 1
  10              		.eabi_attribute 30, 1
  11              		.eabi_attribute 34, 1
  12              		.eabi_attribute 18, 4
  13              		.file	"u8x8_d_uc1701_mini12864.c"
  14              		.text
  15              	.Ltext0:
  16              		.cfi_sections	.debug_frame
  17              		.section	.text.u8x8_d_uc1701_mini12864,"ax",%progbits
  18              		.align	1
  19              		.global	u8x8_d_uc1701_mini12864
  20              		.syntax unified
  21              		.thumb
  22              		.thumb_func
  23              		.fpu fpv4-sp-d16
  25              	u8x8_d_uc1701_mini12864:
  26              	.LFB0:
  27              		.file 1 "/Users/imashio/Electronics/ARM/_Library/u8x8_d_uc1701_mini12864.c"
   1:/Users/imashio/Electronics/ARM/_Library/u8x8_d_uc1701_mini12864.c **** /*
   2:/Users/imashio/Electronics/ARM/_Library/u8x8_d_uc1701_mini12864.c **** 
   3:/Users/imashio/Electronics/ARM/_Library/u8x8_d_uc1701_mini12864.c ****   u8x8_d_uc1701_mini12864.c (dealextreme, displays from ebay MP3 players)
   4:/Users/imashio/Electronics/ARM/_Library/u8x8_d_uc1701_mini12864.c ****   
   5:/Users/imashio/Electronics/ARM/_Library/u8x8_d_uc1701_mini12864.c ****   Universal 8bit Graphics Library (https://github.com/olikraus/u8g2/)
   6:/Users/imashio/Electronics/ARM/_Library/u8x8_d_uc1701_mini12864.c **** 
   7:/Users/imashio/Electronics/ARM/_Library/u8x8_d_uc1701_mini12864.c ****   Copyright (c) 2016, olikraus@gmail.com
   8:/Users/imashio/Electronics/ARM/_Library/u8x8_d_uc1701_mini12864.c ****   All rights reserved.
   9:/Users/imashio/Electronics/ARM/_Library/u8x8_d_uc1701_mini12864.c **** 
  10:/Users/imashio/Electronics/ARM/_Library/u8x8_d_uc1701_mini12864.c ****   Redistribution and use in source and binary forms, with or without modification, 
  11:/Users/imashio/Electronics/ARM/_Library/u8x8_d_uc1701_mini12864.c ****   are permitted provided that the following conditions are met:
  12:/Users/imashio/Electronics/ARM/_Library/u8x8_d_uc1701_mini12864.c **** 
  13:/Users/imashio/Electronics/ARM/_Library/u8x8_d_uc1701_mini12864.c ****   * Redistributions of source code must retain the above copyright notice, this list 
  14:/Users/imashio/Electronics/ARM/_Library/u8x8_d_uc1701_mini12864.c ****     of conditions and the following disclaimer.
  15:/Users/imashio/Electronics/ARM/_Library/u8x8_d_uc1701_mini12864.c ****     
  16:/Users/imashio/Electronics/ARM/_Library/u8x8_d_uc1701_mini12864.c ****   * Redistributions in binary form must reproduce the above copyright notice, this 
  17:/Users/imashio/Electronics/ARM/_Library/u8x8_d_uc1701_mini12864.c ****     list of conditions and the following disclaimer in the documentation and/or other 
  18:/Users/imashio/Electronics/ARM/_Library/u8x8_d_uc1701_mini12864.c ****     materials provided with the distribution.
  19:/Users/imashio/Electronics/ARM/_Library/u8x8_d_uc1701_mini12864.c **** 
  20:/Users/imashio/Electronics/ARM/_Library/u8x8_d_uc1701_mini12864.c ****   THIS SOFTWARE IS PROVIDED BY THE COPYRIGHT HOLDERS AND 
  21:/Users/imashio/Electronics/ARM/_Library/u8x8_d_uc1701_mini12864.c ****   CONTRIBUTORS "AS IS" AND ANY EXPRESS OR IMPLIED WARRANTIES, 
  22:/Users/imashio/Electronics/ARM/_Library/u8x8_d_uc1701_mini12864.c ****   INCLUDING, BUT NOT LIMITED TO, THE IMPLIED WARRANTIES OF 
  23:/Users/imashio/Electronics/ARM/_Library/u8x8_d_uc1701_mini12864.c ****   MERCHANTABILITY AND FITNESS FOR A PARTICULAR PURPOSE ARE 
  24:/Users/imashio/Electronics/ARM/_Library/u8x8_d_uc1701_mini12864.c ****   DISCLAIMED. IN NO EVENT SHALL THE COPYRIGHT HOLDER OR 
  25:/Users/imashio/Electronics/ARM/_Library/u8x8_d_uc1701_mini12864.c ****   CONTRIBUTORS BE LIABLE FOR ANY DIRECT, INDIRECT, INCIDENTAL, 
  26:/Users/imashio/Electronics/ARM/_Library/u8x8_d_uc1701_mini12864.c ****   SPECIAL, EXEMPLARY, OR CONSEQUENTIAL DAMAGES (INCLUDING, BUT 
  27:/Users/imashio/Electronics/ARM/_Library/u8x8_d_uc1701_mini12864.c ****   NOT LIMITED TO, PROCUREMENT OF SUBSTITUTE GOODS OR SERVICES; 
  28:/Users/imashio/Electronics/ARM/_Library/u8x8_d_uc1701_mini12864.c ****   LOSS OF USE, DATA, OR PROFITS; OR BUSINESS INTERRUPTION) HOWEVER 
  29:/Users/imashio/Electronics/ARM/_Library/u8x8_d_uc1701_mini12864.c ****   CAUSED AND ON ANY THEORY OF LIABILITY, WHETHER IN CONTRACT, 
  30:/Users/imashio/Electronics/ARM/_Library/u8x8_d_uc1701_mini12864.c ****   STRICT LIABILITY, OR TORT (INCLUDING NEGLIGENCE OR OTHERWISE) 
  31:/Users/imashio/Electronics/ARM/_Library/u8x8_d_uc1701_mini12864.c ****   ARISING IN ANY WAY OUT OF THE USE OF THIS SOFTWARE, EVEN IF 
ARM GAS  /var/folders/v3/wysfpd052nz8jkbx04pk0ym80000gn/T//ccGDC35C.s 			page 2


  32:/Users/imashio/Electronics/ARM/_Library/u8x8_d_uc1701_mini12864.c ****   ADVISED OF THE POSSIBILITY OF SUCH DAMAGE.  
  33:/Users/imashio/Electronics/ARM/_Library/u8x8_d_uc1701_mini12864.c **** 
  34:/Users/imashio/Electronics/ARM/_Library/u8x8_d_uc1701_mini12864.c ****   
  35:/Users/imashio/Electronics/ARM/_Library/u8x8_d_uc1701_mini12864.c **** */
  36:/Users/imashio/Electronics/ARM/_Library/u8x8_d_uc1701_mini12864.c **** #include "u8x8.h"
  37:/Users/imashio/Electronics/ARM/_Library/u8x8_d_uc1701_mini12864.c **** 
  38:/Users/imashio/Electronics/ARM/_Library/u8x8_d_uc1701_mini12864.c **** 
  39:/Users/imashio/Electronics/ARM/_Library/u8x8_d_uc1701_mini12864.c **** 
  40:/Users/imashio/Electronics/ARM/_Library/u8x8_d_uc1701_mini12864.c **** 
  41:/Users/imashio/Electronics/ARM/_Library/u8x8_d_uc1701_mini12864.c **** static const uint8_t u8x8_d_uc1701_mini12864_init_seq[] = {
  42:/Users/imashio/Electronics/ARM/_Library/u8x8_d_uc1701_mini12864.c ****     
  43:/Users/imashio/Electronics/ARM/_Library/u8x8_d_uc1701_mini12864.c ****   U8X8_START_TRANSFER(),             	/* enable chip, delay is part of the transfer start */
  44:/Users/imashio/Electronics/ARM/_Library/u8x8_d_uc1701_mini12864.c ****   
  45:/Users/imashio/Electronics/ARM/_Library/u8x8_d_uc1701_mini12864.c ****   U8X8_C(0x0e2),            			/* soft reset */
  46:/Users/imashio/Electronics/ARM/_Library/u8x8_d_uc1701_mini12864.c ****   U8X8_C(0x0ae),		                /* display off */
  47:/Users/imashio/Electronics/ARM/_Library/u8x8_d_uc1701_mini12864.c ****   U8X8_C(0x040),		                /* set display start line to 0 */
  48:/Users/imashio/Electronics/ARM/_Library/u8x8_d_uc1701_mini12864.c ****   
  49:/Users/imashio/Electronics/ARM/_Library/u8x8_d_uc1701_mini12864.c ****   U8X8_C(0x0a0),		                /* ADC set to reverse */
  50:/Users/imashio/Electronics/ARM/_Library/u8x8_d_uc1701_mini12864.c ****   U8X8_C(0x0c8),		                /* common output mode */
  51:/Users/imashio/Electronics/ARM/_Library/u8x8_d_uc1701_mini12864.c ****   
  52:/Users/imashio/Electronics/ARM/_Library/u8x8_d_uc1701_mini12864.c ****   U8X8_C(0x0a6),		                /* display normal, bit val 0: LCD pixel off. */
  53:/Users/imashio/Electronics/ARM/_Library/u8x8_d_uc1701_mini12864.c ****   U8X8_C(0x0a2),		                /* LCD bias 1/9 */
  54:/Users/imashio/Electronics/ARM/_Library/u8x8_d_uc1701_mini12864.c ****   U8X8_C(0x02f),		                /* all power  control circuits on */
  55:/Users/imashio/Electronics/ARM/_Library/u8x8_d_uc1701_mini12864.c ****   U8X8_C(0x0f8),		/* set booster ratio to */
  56:/Users/imashio/Electronics/ARM/_Library/u8x8_d_uc1701_mini12864.c ****   U8X8_C(0x000),		/* 4x */
  57:/Users/imashio/Electronics/ARM/_Library/u8x8_d_uc1701_mini12864.c ****   U8X8_C(0x023),		/* set V0 voltage resistor ratio to large */
  58:/Users/imashio/Electronics/ARM/_Library/u8x8_d_uc1701_mini12864.c ****   U8X8_C(0x081),		/* set contrast */
  59:/Users/imashio/Electronics/ARM/_Library/u8x8_d_uc1701_mini12864.c ****   U8X8_C(0x027),		/* contrast value */
  60:/Users/imashio/Electronics/ARM/_Library/u8x8_d_uc1701_mini12864.c ****   U8X8_C(0x0ac),		/* indicator */
  61:/Users/imashio/Electronics/ARM/_Library/u8x8_d_uc1701_mini12864.c ****   //  0x000,		/* disable */
  62:/Users/imashio/Electronics/ARM/_Library/u8x8_d_uc1701_mini12864.c ****   
  63:/Users/imashio/Electronics/ARM/_Library/u8x8_d_uc1701_mini12864.c ****   U8X8_C(0x0ae),		                /* display off */
  64:/Users/imashio/Electronics/ARM/_Library/u8x8_d_uc1701_mini12864.c ****   U8X8_C(0x0a5),		                /* enter powersafe: all pixel on, issue 142 */
  65:/Users/imashio/Electronics/ARM/_Library/u8x8_d_uc1701_mini12864.c ****   
  66:/Users/imashio/Electronics/ARM/_Library/u8x8_d_uc1701_mini12864.c ****   U8X8_END_TRANSFER(),             	/* disable chip */
  67:/Users/imashio/Electronics/ARM/_Library/u8x8_d_uc1701_mini12864.c ****   U8X8_END()             			/* end of sequence */
  68:/Users/imashio/Electronics/ARM/_Library/u8x8_d_uc1701_mini12864.c **** };
  69:/Users/imashio/Electronics/ARM/_Library/u8x8_d_uc1701_mini12864.c **** 
  70:/Users/imashio/Electronics/ARM/_Library/u8x8_d_uc1701_mini12864.c **** static const uint8_t u8x8_d_uc1701_mini12864_powersave0_seq[] = {
  71:/Users/imashio/Electronics/ARM/_Library/u8x8_d_uc1701_mini12864.c ****   U8X8_START_TRANSFER(),             	/* enable chip, delay is part of the transfer start */
  72:/Users/imashio/Electronics/ARM/_Library/u8x8_d_uc1701_mini12864.c ****   U8X8_C(0x0a4),		                /* all pixel off, issue 142 */
  73:/Users/imashio/Electronics/ARM/_Library/u8x8_d_uc1701_mini12864.c ****   U8X8_C(0x0af),		                /* display on */
  74:/Users/imashio/Electronics/ARM/_Library/u8x8_d_uc1701_mini12864.c ****   U8X8_END_TRANSFER(),             	/* disable chip */
  75:/Users/imashio/Electronics/ARM/_Library/u8x8_d_uc1701_mini12864.c ****   U8X8_END()             			/* end of sequence */
  76:/Users/imashio/Electronics/ARM/_Library/u8x8_d_uc1701_mini12864.c **** };
  77:/Users/imashio/Electronics/ARM/_Library/u8x8_d_uc1701_mini12864.c **** 
  78:/Users/imashio/Electronics/ARM/_Library/u8x8_d_uc1701_mini12864.c **** static const uint8_t u8x8_d_uc1701_mini12864_powersave1_seq[] = {
  79:/Users/imashio/Electronics/ARM/_Library/u8x8_d_uc1701_mini12864.c ****   U8X8_START_TRANSFER(),             	/* enable chip, delay is part of the transfer start */
  80:/Users/imashio/Electronics/ARM/_Library/u8x8_d_uc1701_mini12864.c ****   U8X8_C(0x0ae),		                /* display off */
  81:/Users/imashio/Electronics/ARM/_Library/u8x8_d_uc1701_mini12864.c ****   U8X8_C(0x0a5),		                /* enter powersafe: all pixel on, issue 142 */
  82:/Users/imashio/Electronics/ARM/_Library/u8x8_d_uc1701_mini12864.c ****   U8X8_END_TRANSFER(),             	/* disable chip */
  83:/Users/imashio/Electronics/ARM/_Library/u8x8_d_uc1701_mini12864.c ****   U8X8_END()             			/* end of sequence */
  84:/Users/imashio/Electronics/ARM/_Library/u8x8_d_uc1701_mini12864.c **** };
  85:/Users/imashio/Electronics/ARM/_Library/u8x8_d_uc1701_mini12864.c **** 
  86:/Users/imashio/Electronics/ARM/_Library/u8x8_d_uc1701_mini12864.c **** static const uint8_t u8x8_d_uc1701_mini12864_flip0_seq[] = {
  87:/Users/imashio/Electronics/ARM/_Library/u8x8_d_uc1701_mini12864.c ****   U8X8_START_TRANSFER(),             	/* enable chip, delay is part of the transfer start */
  88:/Users/imashio/Electronics/ARM/_Library/u8x8_d_uc1701_mini12864.c ****   U8X8_C(0x0a0),				/* segment remap a0/a1*/
ARM GAS  /var/folders/v3/wysfpd052nz8jkbx04pk0ym80000gn/T//ccGDC35C.s 			page 3


  89:/Users/imashio/Electronics/ARM/_Library/u8x8_d_uc1701_mini12864.c ****   U8X8_C(0x0c8),				/* c0: scan dir normal, c8: reverse */
  90:/Users/imashio/Electronics/ARM/_Library/u8x8_d_uc1701_mini12864.c ****   U8X8_END_TRANSFER(),             	/* disable chip */
  91:/Users/imashio/Electronics/ARM/_Library/u8x8_d_uc1701_mini12864.c ****   U8X8_END()             			/* end of sequence */
  92:/Users/imashio/Electronics/ARM/_Library/u8x8_d_uc1701_mini12864.c **** };
  93:/Users/imashio/Electronics/ARM/_Library/u8x8_d_uc1701_mini12864.c **** 
  94:/Users/imashio/Electronics/ARM/_Library/u8x8_d_uc1701_mini12864.c **** static const uint8_t u8x8_d_uc1701_mini12864_flip1_seq[] = {
  95:/Users/imashio/Electronics/ARM/_Library/u8x8_d_uc1701_mini12864.c ****   U8X8_START_TRANSFER(),             	/* enable chip, delay is part of the transfer start */
  96:/Users/imashio/Electronics/ARM/_Library/u8x8_d_uc1701_mini12864.c ****   U8X8_C(0x0a1),				/* segment remap a0/a1*/
  97:/Users/imashio/Electronics/ARM/_Library/u8x8_d_uc1701_mini12864.c ****   U8X8_C(0x0c0),				/* c0: scan dir normal, c8: reverse */
  98:/Users/imashio/Electronics/ARM/_Library/u8x8_d_uc1701_mini12864.c ****   U8X8_END_TRANSFER(),             	/* disable chip */
  99:/Users/imashio/Electronics/ARM/_Library/u8x8_d_uc1701_mini12864.c ****   U8X8_END()             			/* end of sequence */
 100:/Users/imashio/Electronics/ARM/_Library/u8x8_d_uc1701_mini12864.c **** };
 101:/Users/imashio/Electronics/ARM/_Library/u8x8_d_uc1701_mini12864.c **** 
 102:/Users/imashio/Electronics/ARM/_Library/u8x8_d_uc1701_mini12864.c **** 
 103:/Users/imashio/Electronics/ARM/_Library/u8x8_d_uc1701_mini12864.c **** static const u8x8_display_info_t u8x8_uc1701_display_info =
 104:/Users/imashio/Electronics/ARM/_Library/u8x8_d_uc1701_mini12864.c **** {
 105:/Users/imashio/Electronics/ARM/_Library/u8x8_d_uc1701_mini12864.c ****   /* chip_enable_level = */ 0,
 106:/Users/imashio/Electronics/ARM/_Library/u8x8_d_uc1701_mini12864.c ****   /* chip_disable_level = */ 1,
 107:/Users/imashio/Electronics/ARM/_Library/u8x8_d_uc1701_mini12864.c ****   
 108:/Users/imashio/Electronics/ARM/_Library/u8x8_d_uc1701_mini12864.c ****   /* post_chip_enable_wait_ns = */ 5,
 109:/Users/imashio/Electronics/ARM/_Library/u8x8_d_uc1701_mini12864.c ****   /* pre_chip_disable_wait_ns = */ 5,
 110:/Users/imashio/Electronics/ARM/_Library/u8x8_d_uc1701_mini12864.c ****   /* reset_pulse_width_ms = */ 1, 
 111:/Users/imashio/Electronics/ARM/_Library/u8x8_d_uc1701_mini12864.c ****   /* post_reset_wait_ms = */ 6, 
 112:/Users/imashio/Electronics/ARM/_Library/u8x8_d_uc1701_mini12864.c ****   /* sda_setup_time_ns = */ 12,		
 113:/Users/imashio/Electronics/ARM/_Library/u8x8_d_uc1701_mini12864.c ****   /* sck_pulse_width_ns = */ 75,	/* half of cycle time (100ns according to datasheet), AVR: below 7
 114:/Users/imashio/Electronics/ARM/_Library/u8x8_d_uc1701_mini12864.c ****   /* sck_clock_hz = */ 4000000UL,	/* since Arduino 1.6.0, the SPI bus speed in Hz. Should be  10000
 115:/Users/imashio/Electronics/ARM/_Library/u8x8_d_uc1701_mini12864.c ****   /* spi_mode = */ 0,		/* active high, rising edge */
 116:/Users/imashio/Electronics/ARM/_Library/u8x8_d_uc1701_mini12864.c ****   /* i2c_bus_clock_100kHz = */ 4,
 117:/Users/imashio/Electronics/ARM/_Library/u8x8_d_uc1701_mini12864.c ****   /* data_setup_time_ns = */ 30,
 118:/Users/imashio/Electronics/ARM/_Library/u8x8_d_uc1701_mini12864.c ****   /* write_pulse_width_ns = */ 40,
 119:/Users/imashio/Electronics/ARM/_Library/u8x8_d_uc1701_mini12864.c ****   /* tile_width = */ 16,		/* width of 16*8=128 pixel */
 120:/Users/imashio/Electronics/ARM/_Library/u8x8_d_uc1701_mini12864.c ****   /* tile_hight = */ 8,
 121:/Users/imashio/Electronics/ARM/_Library/u8x8_d_uc1701_mini12864.c ****   /* default_x_offset = */ 0,
 122:/Users/imashio/Electronics/ARM/_Library/u8x8_d_uc1701_mini12864.c ****   /* flipmode_x_offset = */ 4,
 123:/Users/imashio/Electronics/ARM/_Library/u8x8_d_uc1701_mini12864.c ****   /* pixel_width = */ 128,
 124:/Users/imashio/Electronics/ARM/_Library/u8x8_d_uc1701_mini12864.c ****   /* pixel_height = */ 64
 125:/Users/imashio/Electronics/ARM/_Library/u8x8_d_uc1701_mini12864.c **** };
 126:/Users/imashio/Electronics/ARM/_Library/u8x8_d_uc1701_mini12864.c **** 
 127:/Users/imashio/Electronics/ARM/_Library/u8x8_d_uc1701_mini12864.c **** uint8_t u8x8_d_uc1701_mini12864(u8x8_t *u8x8, uint8_t msg, uint8_t arg_int, void *arg_ptr)
 128:/Users/imashio/Electronics/ARM/_Library/u8x8_d_uc1701_mini12864.c **** {
  28              		.loc 1 128 0
  29              		.cfi_startproc
  30              		@ args = 0, pretend = 0, frame = 0
  31              		@ frame_needed = 0, uses_anonymous_args = 0
  32              	.LVL0:
  33 0000 2DE9F041 		push	{r4, r5, r6, r7, r8, lr}
  34              	.LCFI0:
  35              		.cfi_def_cfa_offset 24
  36              		.cfi_offset 4, -24
  37              		.cfi_offset 5, -20
  38              		.cfi_offset 6, -16
  39              		.cfi_offset 7, -12
  40              		.cfi_offset 8, -8
  41              		.cfi_offset 14, -4
  42 0004 0546     		mov	r5, r0
  43 0006 1446     		mov	r4, r2
  44 0008 1F46     		mov	r7, r3
ARM GAS  /var/folders/v3/wysfpd052nz8jkbx04pk0ym80000gn/T//ccGDC35C.s 			page 4


 129:/Users/imashio/Electronics/ARM/_Library/u8x8_d_uc1701_mini12864.c ****   uint8_t x, c;
 130:/Users/imashio/Electronics/ARM/_Library/u8x8_d_uc1701_mini12864.c ****   uint8_t *ptr;
 131:/Users/imashio/Electronics/ARM/_Library/u8x8_d_uc1701_mini12864.c ****   switch(msg)
  45              		.loc 1 131 0
  46 000a 0939     		subs	r1, r1, #9
  47              	.LVL1:
  48 000c 0629     		cmp	r1, #6
  49 000e 73D8     		bhi	.L14
  50 0010 DFE801F0 		tbb	[pc, r1]
  51              	.LVL2:
  52              	.L4:
  53 0014 04       		.byte	(.L3-.L4)/2
  54 0015 0A       		.byte	(.L5-.L4)/2
  55 0016 12       		.byte	(.L6-.L4)/2
  56 0017 72       		.byte	(.L14-.L4)/2
  57 0018 1D       		.byte	(.L7-.L4)/2
  58 0019 2E       		.byte	(.L8-.L4)/2
  59 001a 3D       		.byte	(.L9-.L4)/2
  60 001b 00       		.p2align 1
  61              	.L3:
 132:/Users/imashio/Electronics/ARM/_Library/u8x8_d_uc1701_mini12864.c ****   {
 133:/Users/imashio/Electronics/ARM/_Library/u8x8_d_uc1701_mini12864.c ****     case U8X8_MSG_DISPLAY_SETUP_MEMORY:
 134:/Users/imashio/Electronics/ARM/_Library/u8x8_d_uc1701_mini12864.c ****       u8x8_d_helper_display_setup_memory(u8x8, &u8x8_uc1701_display_info);
  62              		.loc 1 134 0
  63 001c 3749     		ldr	r1, .L16
  64 001e FFF7FEFF 		bl	u8x8_d_helper_display_setup_memory
  65              	.LVL3:
 135:/Users/imashio/Electronics/ARM/_Library/u8x8_d_uc1701_mini12864.c ****       break;
 136:/Users/imashio/Electronics/ARM/_Library/u8x8_d_uc1701_mini12864.c ****     case U8X8_MSG_DISPLAY_INIT:
 137:/Users/imashio/Electronics/ARM/_Library/u8x8_d_uc1701_mini12864.c ****       u8x8_d_helper_display_init(u8x8);
 138:/Users/imashio/Electronics/ARM/_Library/u8x8_d_uc1701_mini12864.c ****       u8x8_cad_SendSequence(u8x8, u8x8_d_uc1701_mini12864_init_seq);
 139:/Users/imashio/Electronics/ARM/_Library/u8x8_d_uc1701_mini12864.c ****       break;
 140:/Users/imashio/Electronics/ARM/_Library/u8x8_d_uc1701_mini12864.c ****     case U8X8_MSG_DISPLAY_SET_POWER_SAVE:
 141:/Users/imashio/Electronics/ARM/_Library/u8x8_d_uc1701_mini12864.c ****       if ( arg_int == 0 )
 142:/Users/imashio/Electronics/ARM/_Library/u8x8_d_uc1701_mini12864.c **** 	u8x8_cad_SendSequence(u8x8, u8x8_d_uc1701_mini12864_powersave0_seq);
 143:/Users/imashio/Electronics/ARM/_Library/u8x8_d_uc1701_mini12864.c ****       else
 144:/Users/imashio/Electronics/ARM/_Library/u8x8_d_uc1701_mini12864.c **** 	u8x8_cad_SendSequence(u8x8, u8x8_d_uc1701_mini12864_powersave1_seq);
 145:/Users/imashio/Electronics/ARM/_Library/u8x8_d_uc1701_mini12864.c ****       break;
 146:/Users/imashio/Electronics/ARM/_Library/u8x8_d_uc1701_mini12864.c ****     case U8X8_MSG_DISPLAY_SET_FLIP_MODE:
 147:/Users/imashio/Electronics/ARM/_Library/u8x8_d_uc1701_mini12864.c ****       if ( arg_int == 0 )
 148:/Users/imashio/Electronics/ARM/_Library/u8x8_d_uc1701_mini12864.c ****       {
 149:/Users/imashio/Electronics/ARM/_Library/u8x8_d_uc1701_mini12864.c **** 	u8x8_cad_SendSequence(u8x8, u8x8_d_uc1701_mini12864_flip0_seq);
 150:/Users/imashio/Electronics/ARM/_Library/u8x8_d_uc1701_mini12864.c **** 	u8x8->x_offset = u8x8->display_info->default_x_offset;
 151:/Users/imashio/Electronics/ARM/_Library/u8x8_d_uc1701_mini12864.c ****       }
 152:/Users/imashio/Electronics/ARM/_Library/u8x8_d_uc1701_mini12864.c ****       else
 153:/Users/imashio/Electronics/ARM/_Library/u8x8_d_uc1701_mini12864.c ****       {
 154:/Users/imashio/Electronics/ARM/_Library/u8x8_d_uc1701_mini12864.c **** 	u8x8_cad_SendSequence(u8x8, u8x8_d_uc1701_mini12864_flip1_seq);
 155:/Users/imashio/Electronics/ARM/_Library/u8x8_d_uc1701_mini12864.c **** 	u8x8->x_offset = u8x8->display_info->flipmode_x_offset;
 156:/Users/imashio/Electronics/ARM/_Library/u8x8_d_uc1701_mini12864.c ****       }	
 157:/Users/imashio/Electronics/ARM/_Library/u8x8_d_uc1701_mini12864.c ****       break;
 158:/Users/imashio/Electronics/ARM/_Library/u8x8_d_uc1701_mini12864.c **** #ifdef U8X8_WITH_SET_CONTRAST
 159:/Users/imashio/Electronics/ARM/_Library/u8x8_d_uc1701_mini12864.c ****     case U8X8_MSG_DISPLAY_SET_CONTRAST:
 160:/Users/imashio/Electronics/ARM/_Library/u8x8_d_uc1701_mini12864.c ****       u8x8_cad_StartTransfer(u8x8);
 161:/Users/imashio/Electronics/ARM/_Library/u8x8_d_uc1701_mini12864.c ****       u8x8_cad_SendCmd(u8x8, 0x081 );
 162:/Users/imashio/Electronics/ARM/_Library/u8x8_d_uc1701_mini12864.c ****       u8x8_cad_SendArg(u8x8, arg_int >> 2 );	/* uc1701 has range from 0 to 63 */
 163:/Users/imashio/Electronics/ARM/_Library/u8x8_d_uc1701_mini12864.c ****       u8x8_cad_EndTransfer(u8x8);
 164:/Users/imashio/Electronics/ARM/_Library/u8x8_d_uc1701_mini12864.c ****       break;
ARM GAS  /var/folders/v3/wysfpd052nz8jkbx04pk0ym80000gn/T//ccGDC35C.s 			page 5


 165:/Users/imashio/Electronics/ARM/_Library/u8x8_d_uc1701_mini12864.c **** #endif
 166:/Users/imashio/Electronics/ARM/_Library/u8x8_d_uc1701_mini12864.c ****     case U8X8_MSG_DISPLAY_DRAW_TILE:
 167:/Users/imashio/Electronics/ARM/_Library/u8x8_d_uc1701_mini12864.c ****       u8x8_cad_StartTransfer(u8x8);
 168:/Users/imashio/Electronics/ARM/_Library/u8x8_d_uc1701_mini12864.c ****     
 169:/Users/imashio/Electronics/ARM/_Library/u8x8_d_uc1701_mini12864.c ****       x = ((u8x8_tile_t *)arg_ptr)->x_pos;
 170:/Users/imashio/Electronics/ARM/_Library/u8x8_d_uc1701_mini12864.c ****       x *= 8;
 171:/Users/imashio/Electronics/ARM/_Library/u8x8_d_uc1701_mini12864.c ****       x += u8x8->x_offset;
 172:/Users/imashio/Electronics/ARM/_Library/u8x8_d_uc1701_mini12864.c ****       u8x8_cad_SendCmd(u8x8, 0x010 | (x>>4) );
 173:/Users/imashio/Electronics/ARM/_Library/u8x8_d_uc1701_mini12864.c ****       u8x8_cad_SendCmd(u8x8, 0x000 | ((x&15)));
 174:/Users/imashio/Electronics/ARM/_Library/u8x8_d_uc1701_mini12864.c ****       u8x8_cad_SendCmd(u8x8, 0x0b0 | (((u8x8_tile_t *)arg_ptr)->y_pos));
 175:/Users/imashio/Electronics/ARM/_Library/u8x8_d_uc1701_mini12864.c ****     
 176:/Users/imashio/Electronics/ARM/_Library/u8x8_d_uc1701_mini12864.c ****       c = ((u8x8_tile_t *)arg_ptr)->cnt;
 177:/Users/imashio/Electronics/ARM/_Library/u8x8_d_uc1701_mini12864.c ****       c *= 8;
 178:/Users/imashio/Electronics/ARM/_Library/u8x8_d_uc1701_mini12864.c ****       ptr = ((u8x8_tile_t *)arg_ptr)->tile_ptr;
 179:/Users/imashio/Electronics/ARM/_Library/u8x8_d_uc1701_mini12864.c ****       /* 
 180:/Users/imashio/Electronics/ARM/_Library/u8x8_d_uc1701_mini12864.c **** 	The following if condition checks the hardware limits of the uc1701 
 181:/Users/imashio/Electronics/ARM/_Library/u8x8_d_uc1701_mini12864.c **** 	controller: It is not allowed to write beyond the display limits.
 182:/Users/imashio/Electronics/ARM/_Library/u8x8_d_uc1701_mini12864.c **** 	This is in fact an issue within flip mode.
 183:/Users/imashio/Electronics/ARM/_Library/u8x8_d_uc1701_mini12864.c ****     
 184:/Users/imashio/Electronics/ARM/_Library/u8x8_d_uc1701_mini12864.c **** 	bug: this check should be inside the while loop, see u8x8_d_pcd8544_84x48.c 
 185:/Users/imashio/Electronics/ARM/_Library/u8x8_d_uc1701_mini12864.c ****       */
 186:/Users/imashio/Electronics/ARM/_Library/u8x8_d_uc1701_mini12864.c ****       if ( c + x > 132u )
 187:/Users/imashio/Electronics/ARM/_Library/u8x8_d_uc1701_mini12864.c ****       {
 188:/Users/imashio/Electronics/ARM/_Library/u8x8_d_uc1701_mini12864.c **** 	c = 132u;
 189:/Users/imashio/Electronics/ARM/_Library/u8x8_d_uc1701_mini12864.c **** 	c -= x;
 190:/Users/imashio/Electronics/ARM/_Library/u8x8_d_uc1701_mini12864.c ****       }
 191:/Users/imashio/Electronics/ARM/_Library/u8x8_d_uc1701_mini12864.c ****       do
 192:/Users/imashio/Electronics/ARM/_Library/u8x8_d_uc1701_mini12864.c ****       {
 193:/Users/imashio/Electronics/ARM/_Library/u8x8_d_uc1701_mini12864.c **** 	u8x8_cad_SendData(u8x8, c, ptr);	/* note: SendData can not handle more than 255 bytes */
 194:/Users/imashio/Electronics/ARM/_Library/u8x8_d_uc1701_mini12864.c **** 	arg_int--;
 195:/Users/imashio/Electronics/ARM/_Library/u8x8_d_uc1701_mini12864.c ****       } while( arg_int > 0 );
 196:/Users/imashio/Electronics/ARM/_Library/u8x8_d_uc1701_mini12864.c ****       
 197:/Users/imashio/Electronics/ARM/_Library/u8x8_d_uc1701_mini12864.c ****       u8x8_cad_EndTransfer(u8x8);
 198:/Users/imashio/Electronics/ARM/_Library/u8x8_d_uc1701_mini12864.c ****       break;
 199:/Users/imashio/Electronics/ARM/_Library/u8x8_d_uc1701_mini12864.c ****     default:
 200:/Users/imashio/Electronics/ARM/_Library/u8x8_d_uc1701_mini12864.c ****       return 0;
 201:/Users/imashio/Electronics/ARM/_Library/u8x8_d_uc1701_mini12864.c ****   }
 202:/Users/imashio/Electronics/ARM/_Library/u8x8_d_uc1701_mini12864.c ****   return 1;
  66              		.loc 1 202 0
  67 0022 0120     		movs	r0, #1
  68              	.LVL4:
  69              	.L2:
 203:/Users/imashio/Electronics/ARM/_Library/u8x8_d_uc1701_mini12864.c **** }
  70              		.loc 1 203 0
  71 0024 BDE8F081 		pop	{r4, r5, r6, r7, r8, pc}
  72              	.LVL5:
  73              	.L5:
 137:/Users/imashio/Electronics/ARM/_Library/u8x8_d_uc1701_mini12864.c ****       u8x8_cad_SendSequence(u8x8, u8x8_d_uc1701_mini12864_init_seq);
  74              		.loc 1 137 0
  75 0028 FFF7FEFF 		bl	u8x8_d_helper_display_init
  76              	.LVL6:
 138:/Users/imashio/Electronics/ARM/_Library/u8x8_d_uc1701_mini12864.c ****       break;
  77              		.loc 1 138 0
  78 002c 3449     		ldr	r1, .L16+4
  79 002e 2846     		mov	r0, r5
  80 0030 FFF7FEFF 		bl	u8x8_cad_SendSequence
  81              	.LVL7:
ARM GAS  /var/folders/v3/wysfpd052nz8jkbx04pk0ym80000gn/T//ccGDC35C.s 			page 6


 202:/Users/imashio/Electronics/ARM/_Library/u8x8_d_uc1701_mini12864.c **** }
  82              		.loc 1 202 0
  83 0034 0120     		movs	r0, #1
 139:/Users/imashio/Electronics/ARM/_Library/u8x8_d_uc1701_mini12864.c ****     case U8X8_MSG_DISPLAY_SET_POWER_SAVE:
  84              		.loc 1 139 0
  85 0036 F5E7     		b	.L2
  86              	.LVL8:
  87              	.L6:
 141:/Users/imashio/Electronics/ARM/_Library/u8x8_d_uc1701_mini12864.c **** 	u8x8_cad_SendSequence(u8x8, u8x8_d_uc1701_mini12864_powersave0_seq);
  88              		.loc 1 141 0
  89 0038 22B9     		cbnz	r2, .L10
 142:/Users/imashio/Electronics/ARM/_Library/u8x8_d_uc1701_mini12864.c ****       else
  90              		.loc 1 142 0
  91 003a 3249     		ldr	r1, .L16+8
  92 003c FFF7FEFF 		bl	u8x8_cad_SendSequence
  93              	.LVL9:
 202:/Users/imashio/Electronics/ARM/_Library/u8x8_d_uc1701_mini12864.c **** }
  94              		.loc 1 202 0
  95 0040 0120     		movs	r0, #1
  96 0042 EFE7     		b	.L2
  97              	.LVL10:
  98              	.L10:
 144:/Users/imashio/Electronics/ARM/_Library/u8x8_d_uc1701_mini12864.c ****       break;
  99              		.loc 1 144 0
 100 0044 3049     		ldr	r1, .L16+12
 101 0046 FFF7FEFF 		bl	u8x8_cad_SendSequence
 102              	.LVL11:
 202:/Users/imashio/Electronics/ARM/_Library/u8x8_d_uc1701_mini12864.c **** }
 103              		.loc 1 202 0
 104 004a 0120     		movs	r0, #1
 105 004c EAE7     		b	.L2
 106              	.LVL12:
 107              	.L7:
 147:/Users/imashio/Electronics/ARM/_Library/u8x8_d_uc1701_mini12864.c ****       {
 108              		.loc 1 147 0
 109 004e 3AB9     		cbnz	r2, .L11
 149:/Users/imashio/Electronics/ARM/_Library/u8x8_d_uc1701_mini12864.c **** 	u8x8->x_offset = u8x8->display_info->default_x_offset;
 110              		.loc 1 149 0
 111 0050 2E49     		ldr	r1, .L16+16
 112 0052 FFF7FEFF 		bl	u8x8_cad_SendSequence
 113              	.LVL13:
 150:/Users/imashio/Electronics/ARM/_Library/u8x8_d_uc1701_mini12864.c ****       }
 114              		.loc 1 150 0
 115 0056 2B68     		ldr	r3, [r5]
 116 0058 9B7C     		ldrb	r3, [r3, #18]	@ zero_extendqisi2
 117 005a AB77     		strb	r3, [r5, #30]
 202:/Users/imashio/Electronics/ARM/_Library/u8x8_d_uc1701_mini12864.c **** }
 118              		.loc 1 202 0
 119 005c 0120     		movs	r0, #1
 120 005e E1E7     		b	.L2
 121              	.LVL14:
 122              	.L11:
 154:/Users/imashio/Electronics/ARM/_Library/u8x8_d_uc1701_mini12864.c **** 	u8x8->x_offset = u8x8->display_info->flipmode_x_offset;
 123              		.loc 1 154 0
 124 0060 2B49     		ldr	r1, .L16+20
 125 0062 FFF7FEFF 		bl	u8x8_cad_SendSequence
 126              	.LVL15:
ARM GAS  /var/folders/v3/wysfpd052nz8jkbx04pk0ym80000gn/T//ccGDC35C.s 			page 7


 155:/Users/imashio/Electronics/ARM/_Library/u8x8_d_uc1701_mini12864.c ****       }	
 127              		.loc 1 155 0
 128 0066 2B68     		ldr	r3, [r5]
 129 0068 DB7C     		ldrb	r3, [r3, #19]	@ zero_extendqisi2
 130 006a AB77     		strb	r3, [r5, #30]
 202:/Users/imashio/Electronics/ARM/_Library/u8x8_d_uc1701_mini12864.c **** }
 131              		.loc 1 202 0
 132 006c 0120     		movs	r0, #1
 133 006e D9E7     		b	.L2
 134              	.LVL16:
 135              	.L8:
 160:/Users/imashio/Electronics/ARM/_Library/u8x8_d_uc1701_mini12864.c ****       u8x8_cad_SendCmd(u8x8, 0x081 );
 136              		.loc 1 160 0
 137 0070 FFF7FEFF 		bl	u8x8_cad_StartTransfer
 138              	.LVL17:
 161:/Users/imashio/Electronics/ARM/_Library/u8x8_d_uc1701_mini12864.c ****       u8x8_cad_SendArg(u8x8, arg_int >> 2 );	/* uc1701 has range from 0 to 63 */
 139              		.loc 1 161 0
 140 0074 8121     		movs	r1, #129
 141 0076 2846     		mov	r0, r5
 142 0078 FFF7FEFF 		bl	u8x8_cad_SendCmd
 143              	.LVL18:
 162:/Users/imashio/Electronics/ARM/_Library/u8x8_d_uc1701_mini12864.c ****       u8x8_cad_EndTransfer(u8x8);
 144              		.loc 1 162 0
 145 007c A108     		lsrs	r1, r4, #2
 146 007e 2846     		mov	r0, r5
 147 0080 FFF7FEFF 		bl	u8x8_cad_SendArg
 148              	.LVL19:
 163:/Users/imashio/Electronics/ARM/_Library/u8x8_d_uc1701_mini12864.c ****       break;
 149              		.loc 1 163 0
 150 0084 2846     		mov	r0, r5
 151 0086 FFF7FEFF 		bl	u8x8_cad_EndTransfer
 152              	.LVL20:
 202:/Users/imashio/Electronics/ARM/_Library/u8x8_d_uc1701_mini12864.c **** }
 153              		.loc 1 202 0
 154 008a 0120     		movs	r0, #1
 164:/Users/imashio/Electronics/ARM/_Library/u8x8_d_uc1701_mini12864.c **** #endif
 155              		.loc 1 164 0
 156 008c CAE7     		b	.L2
 157              	.LVL21:
 158              	.L9:
 167:/Users/imashio/Electronics/ARM/_Library/u8x8_d_uc1701_mini12864.c ****     
 159              		.loc 1 167 0
 160 008e FFF7FEFF 		bl	u8x8_cad_StartTransfer
 161              	.LVL22:
 169:/Users/imashio/Electronics/ARM/_Library/u8x8_d_uc1701_mini12864.c ****       x *= 8;
 162              		.loc 1 169 0
 163 0092 7B79     		ldrb	r3, [r7, #5]	@ zero_extendqisi2
 164              	.LVL23:
 170:/Users/imashio/Electronics/ARM/_Library/u8x8_d_uc1701_mini12864.c ****       x += u8x8->x_offset;
 165              		.loc 1 170 0
 166 0094 DB00     		lsls	r3, r3, #3
 167              	.LVL24:
 168 0096 DBB2     		uxtb	r3, r3
 169              	.LVL25:
 171:/Users/imashio/Electronics/ARM/_Library/u8x8_d_uc1701_mini12864.c ****       u8x8_cad_SendCmd(u8x8, 0x010 | (x>>4) );
 170              		.loc 1 171 0
 171 0098 95F81E80 		ldrb	r8, [r5, #30]	@ zero_extendqisi2
ARM GAS  /var/folders/v3/wysfpd052nz8jkbx04pk0ym80000gn/T//ccGDC35C.s 			page 8


 172 009c 9844     		add	r8, r8, r3
 173 009e 5FFA88F8 		uxtb	r8, r8
 174              	.LVL26:
 172:/Users/imashio/Electronics/ARM/_Library/u8x8_d_uc1701_mini12864.c ****       u8x8_cad_SendCmd(u8x8, 0x000 | ((x&15)));
 175              		.loc 1 172 0
 176 00a2 4FEA1811 		lsr	r1, r8, #4
 177 00a6 41F01001 		orr	r1, r1, #16
 178 00aa 2846     		mov	r0, r5
 179 00ac FFF7FEFF 		bl	u8x8_cad_SendCmd
 180              	.LVL27:
 173:/Users/imashio/Electronics/ARM/_Library/u8x8_d_uc1701_mini12864.c ****       u8x8_cad_SendCmd(u8x8, 0x0b0 | (((u8x8_tile_t *)arg_ptr)->y_pos));
 181              		.loc 1 173 0
 182 00b0 08F00F01 		and	r1, r8, #15
 183 00b4 2846     		mov	r0, r5
 184 00b6 FFF7FEFF 		bl	u8x8_cad_SendCmd
 185              	.LVL28:
 174:/Users/imashio/Electronics/ARM/_Library/u8x8_d_uc1701_mini12864.c ****     
 186              		.loc 1 174 0
 187 00ba B979     		ldrb	r1, [r7, #6]	@ zero_extendqisi2
 188 00bc 41F0B001 		orr	r1, r1, #176
 189 00c0 2846     		mov	r0, r5
 190 00c2 FFF7FEFF 		bl	u8x8_cad_SendCmd
 191              	.LVL29:
 176:/Users/imashio/Electronics/ARM/_Library/u8x8_d_uc1701_mini12864.c ****       c *= 8;
 192              		.loc 1 176 0
 193 00c6 3E79     		ldrb	r6, [r7, #4]	@ zero_extendqisi2
 194              	.LVL30:
 177:/Users/imashio/Electronics/ARM/_Library/u8x8_d_uc1701_mini12864.c ****       ptr = ((u8x8_tile_t *)arg_ptr)->tile_ptr;
 195              		.loc 1 177 0
 196 00c8 F600     		lsls	r6, r6, #3
 197              	.LVL31:
 198 00ca F6B2     		uxtb	r6, r6
 199              	.LVL32:
 178:/Users/imashio/Electronics/ARM/_Library/u8x8_d_uc1701_mini12864.c ****       /* 
 200              		.loc 1 178 0
 201 00cc 3F68     		ldr	r7, [r7]
 202              	.LVL33:
 186:/Users/imashio/Electronics/ARM/_Library/u8x8_d_uc1701_mini12864.c ****       {
 203              		.loc 1 186 0
 204 00ce 06EB0803 		add	r3, r6, r8
 205 00d2 842B     		cmp	r3, #132
 206 00d4 02D9     		bls	.L13
 207              	.LVL34:
 189:/Users/imashio/Electronics/ARM/_Library/u8x8_d_uc1701_mini12864.c ****       }
 208              		.loc 1 189 0
 209 00d6 C8F18406 		rsb	r6, r8, #132
 210 00da F6B2     		uxtb	r6, r6
 211              	.LVL35:
 212              	.L13:
 193:/Users/imashio/Electronics/ARM/_Library/u8x8_d_uc1701_mini12864.c **** 	arg_int--;
 213              		.loc 1 193 0 discriminator 1
 214 00dc 3A46     		mov	r2, r7
 215 00de 3146     		mov	r1, r6
 216 00e0 2846     		mov	r0, r5
 217 00e2 FFF7FEFF 		bl	u8x8_cad_SendData
 218              	.LVL36:
 194:/Users/imashio/Electronics/ARM/_Library/u8x8_d_uc1701_mini12864.c ****       } while( arg_int > 0 );
ARM GAS  /var/folders/v3/wysfpd052nz8jkbx04pk0ym80000gn/T//ccGDC35C.s 			page 9


 219              		.loc 1 194 0 discriminator 1
 220 00e6 013C     		subs	r4, r4, #1
 221              	.LVL37:
 195:/Users/imashio/Electronics/ARM/_Library/u8x8_d_uc1701_mini12864.c ****       
 222              		.loc 1 195 0 discriminator 1
 223 00e8 14F0FF04 		ands	r4, r4, #255
 224              	.LVL38:
 225 00ec F6D1     		bne	.L13
 197:/Users/imashio/Electronics/ARM/_Library/u8x8_d_uc1701_mini12864.c ****       break;
 226              		.loc 1 197 0
 227 00ee 2846     		mov	r0, r5
 228 00f0 FFF7FEFF 		bl	u8x8_cad_EndTransfer
 229              	.LVL39:
 202:/Users/imashio/Electronics/ARM/_Library/u8x8_d_uc1701_mini12864.c **** }
 230              		.loc 1 202 0
 231 00f4 0120     		movs	r0, #1
 198:/Users/imashio/Electronics/ARM/_Library/u8x8_d_uc1701_mini12864.c ****     default:
 232              		.loc 1 198 0
 233 00f6 95E7     		b	.L2
 234              	.LVL40:
 235              	.L14:
 200:/Users/imashio/Electronics/ARM/_Library/u8x8_d_uc1701_mini12864.c ****   }
 236              		.loc 1 200 0
 237 00f8 0020     		movs	r0, #0
 238              	.LVL41:
 239 00fa 93E7     		b	.L2
 240              	.L17:
 241              		.align	2
 242              	.L16:
 243 00fc 00000000 		.word	.LANCHOR0
 244 0100 00000000 		.word	.LANCHOR1
 245 0104 00000000 		.word	.LANCHOR2
 246 0108 00000000 		.word	.LANCHOR3
 247 010c 00000000 		.word	.LANCHOR4
 248 0110 00000000 		.word	.LANCHOR5
 249              		.cfi_endproc
 250              	.LFE0:
 252              		.section	.rodata.u8x8_d_uc1701_mini12864_flip0_seq,"a",%progbits
 253              		.align	2
 254              		.set	.LANCHOR4,. + 0
 257              	u8x8_d_uc1701_mini12864_flip0_seq:
 258 0000 18       		.byte	24
 259 0001 15       		.byte	21
 260 0002 A0       		.byte	-96
 261 0003 15       		.byte	21
 262 0004 C8       		.byte	-56
 263 0005 19       		.byte	25
 264 0006 FF       		.byte	-1
 265              		.section	.rodata.u8x8_d_uc1701_mini12864_flip1_seq,"a",%progbits
 266              		.align	2
 267              		.set	.LANCHOR5,. + 0
 270              	u8x8_d_uc1701_mini12864_flip1_seq:
 271 0000 18       		.byte	24
 272 0001 15       		.byte	21
 273 0002 A1       		.byte	-95
 274 0003 15       		.byte	21
 275 0004 C0       		.byte	-64
ARM GAS  /var/folders/v3/wysfpd052nz8jkbx04pk0ym80000gn/T//ccGDC35C.s 			page 10


 276 0005 19       		.byte	25
 277 0006 FF       		.byte	-1
 278              		.section	.rodata.u8x8_d_uc1701_mini12864_init_seq,"a",%progbits
 279              		.align	2
 280              		.set	.LANCHOR1,. + 0
 283              	u8x8_d_uc1701_mini12864_init_seq:
 284 0000 18       		.byte	24
 285 0001 15       		.byte	21
 286 0002 E2       		.byte	-30
 287 0003 15       		.byte	21
 288 0004 AE       		.byte	-82
 289 0005 15       		.byte	21
 290 0006 40       		.byte	64
 291 0007 15       		.byte	21
 292 0008 A0       		.byte	-96
 293 0009 15       		.byte	21
 294 000a C8       		.byte	-56
 295 000b 15       		.byte	21
 296 000c A6       		.byte	-90
 297 000d 15       		.byte	21
 298 000e A2       		.byte	-94
 299 000f 15       		.byte	21
 300 0010 2F       		.byte	47
 301 0011 15       		.byte	21
 302 0012 F8       		.byte	-8
 303 0013 15       		.byte	21
 304 0014 00       		.byte	0
 305 0015 15       		.byte	21
 306 0016 23       		.byte	35
 307 0017 15       		.byte	21
 308 0018 81       		.byte	-127
 309 0019 15       		.byte	21
 310 001a 27       		.byte	39
 311 001b 15       		.byte	21
 312 001c AC       		.byte	-84
 313 001d 15       		.byte	21
 314 001e AE       		.byte	-82
 315 001f 15       		.byte	21
 316 0020 A5       		.byte	-91
 317 0021 19       		.byte	25
 318 0022 FF       		.byte	-1
 319              		.section	.rodata.u8x8_d_uc1701_mini12864_powersave0_seq,"a",%progbits
 320              		.align	2
 321              		.set	.LANCHOR2,. + 0
 324              	u8x8_d_uc1701_mini12864_powersave0_seq:
 325 0000 18       		.byte	24
 326 0001 15       		.byte	21
 327 0002 A4       		.byte	-92
 328 0003 15       		.byte	21
 329 0004 AF       		.byte	-81
 330 0005 19       		.byte	25
 331 0006 FF       		.byte	-1
 332              		.section	.rodata.u8x8_d_uc1701_mini12864_powersave1_seq,"a",%progbits
 333              		.align	2
 334              		.set	.LANCHOR3,. + 0
 337              	u8x8_d_uc1701_mini12864_powersave1_seq:
 338 0000 18       		.byte	24
ARM GAS  /var/folders/v3/wysfpd052nz8jkbx04pk0ym80000gn/T//ccGDC35C.s 			page 11


 339 0001 15       		.byte	21
 340 0002 AE       		.byte	-82
 341 0003 15       		.byte	21
 342 0004 A5       		.byte	-91
 343 0005 19       		.byte	25
 344 0006 FF       		.byte	-1
 345              		.section	.rodata.u8x8_uc1701_display_info,"a",%progbits
 346              		.align	2
 347              		.set	.LANCHOR0,. + 0
 350              	u8x8_uc1701_display_info:
 351 0000 00       		.byte	0
 352 0001 01       		.byte	1
 353 0002 05       		.byte	5
 354 0003 05       		.byte	5
 355 0004 01       		.byte	1
 356 0005 06       		.byte	6
 357 0006 0C       		.byte	12
 358 0007 4B       		.byte	75
 359 0008 00093D00 		.word	4000000
 360 000c 00       		.byte	0
 361 000d 04       		.byte	4
 362 000e 1E       		.byte	30
 363 000f 28       		.byte	40
 364 0010 10       		.byte	16
 365 0011 08       		.byte	8
 366 0012 00       		.byte	0
 367 0013 04       		.byte	4
 368 0014 8000     		.short	128
 369 0016 4000     		.short	64
 370              		.text
 371              	.Letext0:
 372              		.file 2 "/usr/local/gcc-arm-none-eabi-7-2018-q2-update/arm-none-eabi/include/machine/_default_type
 373              		.file 3 "/usr/local/gcc-arm-none-eabi-7-2018-q2-update/arm-none-eabi/include/sys/_stdint.h"
 374              		.file 4 "/Users/imashio/Electronics/ARM/_Library/u8x8.h"
ARM GAS  /var/folders/v3/wysfpd052nz8jkbx04pk0ym80000gn/T//ccGDC35C.s 			page 12


DEFINED SYMBOLS
                            *ABS*:0000000000000000 u8x8_d_uc1701_mini12864.c
/var/folders/v3/wysfpd052nz8jkbx04pk0ym80000gn/T//ccGDC35C.s:18     .text.u8x8_d_uc1701_mini12864:0000000000000000 $t
/var/folders/v3/wysfpd052nz8jkbx04pk0ym80000gn/T//ccGDC35C.s:25     .text.u8x8_d_uc1701_mini12864:0000000000000000 u8x8_d_uc1701_mini12864
/var/folders/v3/wysfpd052nz8jkbx04pk0ym80000gn/T//ccGDC35C.s:53     .text.u8x8_d_uc1701_mini12864:0000000000000014 $d
/var/folders/v3/wysfpd052nz8jkbx04pk0ym80000gn/T//ccGDC35C.s:243    .text.u8x8_d_uc1701_mini12864:00000000000000fc $d
/var/folders/v3/wysfpd052nz8jkbx04pk0ym80000gn/T//ccGDC35C.s:253    .rodata.u8x8_d_uc1701_mini12864_flip0_seq:0000000000000000 $d
/var/folders/v3/wysfpd052nz8jkbx04pk0ym80000gn/T//ccGDC35C.s:257    .rodata.u8x8_d_uc1701_mini12864_flip0_seq:0000000000000000 u8x8_d_uc1701_mini12864_flip0_seq
/var/folders/v3/wysfpd052nz8jkbx04pk0ym80000gn/T//ccGDC35C.s:266    .rodata.u8x8_d_uc1701_mini12864_flip1_seq:0000000000000000 $d
/var/folders/v3/wysfpd052nz8jkbx04pk0ym80000gn/T//ccGDC35C.s:270    .rodata.u8x8_d_uc1701_mini12864_flip1_seq:0000000000000000 u8x8_d_uc1701_mini12864_flip1_seq
/var/folders/v3/wysfpd052nz8jkbx04pk0ym80000gn/T//ccGDC35C.s:279    .rodata.u8x8_d_uc1701_mini12864_init_seq:0000000000000000 $d
/var/folders/v3/wysfpd052nz8jkbx04pk0ym80000gn/T//ccGDC35C.s:283    .rodata.u8x8_d_uc1701_mini12864_init_seq:0000000000000000 u8x8_d_uc1701_mini12864_init_seq
/var/folders/v3/wysfpd052nz8jkbx04pk0ym80000gn/T//ccGDC35C.s:320    .rodata.u8x8_d_uc1701_mini12864_powersave0_seq:0000000000000000 $d
/var/folders/v3/wysfpd052nz8jkbx04pk0ym80000gn/T//ccGDC35C.s:324    .rodata.u8x8_d_uc1701_mini12864_powersave0_seq:0000000000000000 u8x8_d_uc1701_mini12864_powersave0_seq
/var/folders/v3/wysfpd052nz8jkbx04pk0ym80000gn/T//ccGDC35C.s:333    .rodata.u8x8_d_uc1701_mini12864_powersave1_seq:0000000000000000 $d
/var/folders/v3/wysfpd052nz8jkbx04pk0ym80000gn/T//ccGDC35C.s:337    .rodata.u8x8_d_uc1701_mini12864_powersave1_seq:0000000000000000 u8x8_d_uc1701_mini12864_powersave1_seq
/var/folders/v3/wysfpd052nz8jkbx04pk0ym80000gn/T//ccGDC35C.s:346    .rodata.u8x8_uc1701_display_info:0000000000000000 $d
/var/folders/v3/wysfpd052nz8jkbx04pk0ym80000gn/T//ccGDC35C.s:350    .rodata.u8x8_uc1701_display_info:0000000000000000 u8x8_uc1701_display_info
/var/folders/v3/wysfpd052nz8jkbx04pk0ym80000gn/T//ccGDC35C.s:60     .text.u8x8_d_uc1701_mini12864:000000000000001b $d
/var/folders/v3/wysfpd052nz8jkbx04pk0ym80000gn/T//ccGDC35C.s:60     .text.u8x8_d_uc1701_mini12864:000000000000001c $t

UNDEFINED SYMBOLS
u8x8_d_helper_display_setup_memory
u8x8_d_helper_display_init
u8x8_cad_SendSequence
u8x8_cad_StartTransfer
u8x8_cad_SendCmd
u8x8_cad_SendArg
u8x8_cad_EndTransfer
u8x8_cad_SendData
