ARM GAS  /var/folders/v3/wysfpd052nz8jkbx04pk0ym80000gn/T//ccGMrapt.s 			page 1


   1              		.cpu cortex-m4
   2              		.eabi_attribute 27, 1
   3              		.eabi_attribute 28, 1
   4              		.eabi_attribute 20, 1
   5              		.eabi_attribute 21, 1
   6              		.eabi_attribute 23, 3
   7              		.eabi_attribute 24, 1
   8              		.eabi_attribute 25, 1
   9              		.eabi_attribute 26, 1
  10              		.eabi_attribute 30, 1
  11              		.eabi_attribute 34, 1
  12              		.eabi_attribute 18, 4
  13              		.file	"u8x8_d_uc1601.c"
  14              		.text
  15              	.Ltext0:
  16              		.cfi_sections	.debug_frame
  17              		.section	.text.u8x8_d_uc1601_128x32,"ax",%progbits
  18              		.align	1
  19              		.global	u8x8_d_uc1601_128x32
  20              		.syntax unified
  21              		.thumb
  22              		.thumb_func
  23              		.fpu fpv4-sp-d16
  25              	u8x8_d_uc1601_128x32:
  26              	.LFB0:
  27              		.file 1 "/Users/imashio/Electronics/ARM/_Library/u8x8_d_uc1601.c"
   1:/Users/imashio/Electronics/ARM/_Library/u8x8_d_uc1601.c **** /*
   2:/Users/imashio/Electronics/ARM/_Library/u8x8_d_uc1601.c **** 
   3:/Users/imashio/Electronics/ARM/_Library/u8x8_d_uc1601.c ****   u8x8_d_uc1601.c
   4:/Users/imashio/Electronics/ARM/_Library/u8x8_d_uc1601.c ****   
   5:/Users/imashio/Electronics/ARM/_Library/u8x8_d_uc1601.c ****   Universal 8bit Graphics Library (https://github.com/olikraus/u8g2/)
   6:/Users/imashio/Electronics/ARM/_Library/u8x8_d_uc1601.c **** 
   7:/Users/imashio/Electronics/ARM/_Library/u8x8_d_uc1601.c ****   Copyright (c) 2017, olikraus@gmail.com
   8:/Users/imashio/Electronics/ARM/_Library/u8x8_d_uc1601.c ****   All rights reserved.
   9:/Users/imashio/Electronics/ARM/_Library/u8x8_d_uc1601.c **** 
  10:/Users/imashio/Electronics/ARM/_Library/u8x8_d_uc1601.c ****   Redistribution and use in source and binary forms, with or without modification, 
  11:/Users/imashio/Electronics/ARM/_Library/u8x8_d_uc1601.c ****   are permitted provided that the following conditions are met:
  12:/Users/imashio/Electronics/ARM/_Library/u8x8_d_uc1601.c **** 
  13:/Users/imashio/Electronics/ARM/_Library/u8x8_d_uc1601.c ****   * Redistributions of source code must retain the above copyright notice, this list 
  14:/Users/imashio/Electronics/ARM/_Library/u8x8_d_uc1601.c ****     of conditions and the following disclaimer.
  15:/Users/imashio/Electronics/ARM/_Library/u8x8_d_uc1601.c ****     
  16:/Users/imashio/Electronics/ARM/_Library/u8x8_d_uc1601.c ****   * Redistributions in binary form must reproduce the above copyright notice, this 
  17:/Users/imashio/Electronics/ARM/_Library/u8x8_d_uc1601.c ****     list of conditions and the following disclaimer in the documentation and/or other 
  18:/Users/imashio/Electronics/ARM/_Library/u8x8_d_uc1601.c ****     materials provided with the distribution.
  19:/Users/imashio/Electronics/ARM/_Library/u8x8_d_uc1601.c **** 
  20:/Users/imashio/Electronics/ARM/_Library/u8x8_d_uc1601.c ****   THIS SOFTWARE IS PROVIDED BY THE COPYRIGHT HOLDERS AND 
  21:/Users/imashio/Electronics/ARM/_Library/u8x8_d_uc1601.c ****   CONTRIBUTORS "AS IS" AND ANY EXPRESS OR IMPLIED WARRANTIES, 
  22:/Users/imashio/Electronics/ARM/_Library/u8x8_d_uc1601.c ****   INCLUDING, BUT NOT LIMITED TO, THE IMPLIED WARRANTIES OF 
  23:/Users/imashio/Electronics/ARM/_Library/u8x8_d_uc1601.c ****   MERCHANTABILITY AND FITNESS FOR A PARTICULAR PURPOSE ARE 
  24:/Users/imashio/Electronics/ARM/_Library/u8x8_d_uc1601.c ****   DISCLAIMED. IN NO EVENT SHALL THE COPYRIGHT HOLDER OR 
  25:/Users/imashio/Electronics/ARM/_Library/u8x8_d_uc1601.c ****   CONTRIBUTORS BE LIABLE FOR ANY DIRECT, INDIRECT, INCIDENTAL, 
  26:/Users/imashio/Electronics/ARM/_Library/u8x8_d_uc1601.c ****   SPECIAL, EXEMPLARY, OR CONSEQUENTIAL DAMAGES (INCLUDING, BUT 
  27:/Users/imashio/Electronics/ARM/_Library/u8x8_d_uc1601.c ****   NOT LIMITED TO, PROCUREMENT OF SUBSTITUTE GOODS OR SERVICES; 
  28:/Users/imashio/Electronics/ARM/_Library/u8x8_d_uc1601.c ****   LOSS OF USE, DATA, OR PROFITS; OR BUSINESS INTERRUPTION) HOWEVER 
  29:/Users/imashio/Electronics/ARM/_Library/u8x8_d_uc1601.c ****   CAUSED AND ON ANY THEORY OF LIABILITY, WHETHER IN CONTRACT, 
  30:/Users/imashio/Electronics/ARM/_Library/u8x8_d_uc1601.c ****   STRICT LIABILITY, OR TORT (INCLUDING NEGLIGENCE OR OTHERWISE) 
  31:/Users/imashio/Electronics/ARM/_Library/u8x8_d_uc1601.c ****   ARISING IN ANY WAY OUT OF THE USE OF THIS SOFTWARE, EVEN IF 
ARM GAS  /var/folders/v3/wysfpd052nz8jkbx04pk0ym80000gn/T//ccGMrapt.s 			page 2


  32:/Users/imashio/Electronics/ARM/_Library/u8x8_d_uc1601.c ****   ADVISED OF THE POSSIBILITY OF SUCH DAMAGE.  
  33:/Users/imashio/Electronics/ARM/_Library/u8x8_d_uc1601.c **** 
  34:/Users/imashio/Electronics/ARM/_Library/u8x8_d_uc1601.c ****   This is for the uc1601s controller
  35:/Users/imashio/Electronics/ARM/_Library/u8x8_d_uc1601.c ****   
  36:/Users/imashio/Electronics/ARM/_Library/u8x8_d_uc1601.c ****   
  37:/Users/imashio/Electronics/ARM/_Library/u8x8_d_uc1601.c **** */
  38:/Users/imashio/Electronics/ARM/_Library/u8x8_d_uc1601.c **** #include "u8x8.h"
  39:/Users/imashio/Electronics/ARM/_Library/u8x8_d_uc1601.c **** 
  40:/Users/imashio/Electronics/ARM/_Library/u8x8_d_uc1601.c **** 
  41:/Users/imashio/Electronics/ARM/_Library/u8x8_d_uc1601.c **** 
  42:/Users/imashio/Electronics/ARM/_Library/u8x8_d_uc1601.c **** 
  43:/Users/imashio/Electronics/ARM/_Library/u8x8_d_uc1601.c **** static const uint8_t u8x8_d_uc1601_128x32_powersave0_seq[] = {
  44:/Users/imashio/Electronics/ARM/_Library/u8x8_d_uc1601.c ****   U8X8_START_TRANSFER(),             	/* enable chip, delay is part of the transfer start */
  45:/Users/imashio/Electronics/ARM/_Library/u8x8_d_uc1601.c ****   U8X8_C(0x0af),		                /* display on */
  46:/Users/imashio/Electronics/ARM/_Library/u8x8_d_uc1601.c ****   U8X8_END_TRANSFER(),             	/* disable chip */
  47:/Users/imashio/Electronics/ARM/_Library/u8x8_d_uc1601.c ****   U8X8_END()             			/* end of sequence */
  48:/Users/imashio/Electronics/ARM/_Library/u8x8_d_uc1601.c **** };
  49:/Users/imashio/Electronics/ARM/_Library/u8x8_d_uc1601.c **** 
  50:/Users/imashio/Electronics/ARM/_Library/u8x8_d_uc1601.c **** static const uint8_t u8x8_d_uc1601_128x32_powersave1_seq[] = {
  51:/Users/imashio/Electronics/ARM/_Library/u8x8_d_uc1601.c ****   U8X8_START_TRANSFER(),             	/* enable chip, delay is part of the transfer start */
  52:/Users/imashio/Electronics/ARM/_Library/u8x8_d_uc1601.c ****   U8X8_C(0x0ae),		                /* display off */
  53:/Users/imashio/Electronics/ARM/_Library/u8x8_d_uc1601.c ****   U8X8_END_TRANSFER(),             	/* disable chip */
  54:/Users/imashio/Electronics/ARM/_Library/u8x8_d_uc1601.c ****   U8X8_END()             			/* end of sequence */
  55:/Users/imashio/Electronics/ARM/_Library/u8x8_d_uc1601.c **** };
  56:/Users/imashio/Electronics/ARM/_Library/u8x8_d_uc1601.c **** 
  57:/Users/imashio/Electronics/ARM/_Library/u8x8_d_uc1601.c **** static const uint8_t u8x8_d_uc1601_128x32_flip0_seq[] = {
  58:/Users/imashio/Electronics/ARM/_Library/u8x8_d_uc1601.c ****   U8X8_START_TRANSFER(),             	/* enable chip, delay is part of the transfer start */
  59:/Users/imashio/Electronics/ARM/_Library/u8x8_d_uc1601.c ****   U8X8_C(0x0c4),				/* bit 1: MX, bit 2: MY */
  60:/Users/imashio/Electronics/ARM/_Library/u8x8_d_uc1601.c ****   U8X8_C(0x060),		                /* set display start line to 32 */
  61:/Users/imashio/Electronics/ARM/_Library/u8x8_d_uc1601.c ****   U8X8_END_TRANSFER(),             	/* disable chip */
  62:/Users/imashio/Electronics/ARM/_Library/u8x8_d_uc1601.c ****   U8X8_END()             			/* end of sequence */
  63:/Users/imashio/Electronics/ARM/_Library/u8x8_d_uc1601.c **** };
  64:/Users/imashio/Electronics/ARM/_Library/u8x8_d_uc1601.c **** 
  65:/Users/imashio/Electronics/ARM/_Library/u8x8_d_uc1601.c **** static const uint8_t u8x8_d_uc1601_128x32_flip1_seq[] = {
  66:/Users/imashio/Electronics/ARM/_Library/u8x8_d_uc1601.c ****   U8X8_START_TRANSFER(),             	/* enable chip, delay is part of the transfer start */
  67:/Users/imashio/Electronics/ARM/_Library/u8x8_d_uc1601.c ****   U8X8_C(0x0c2),				/* bit 1: MX, bit 2: MY */
  68:/Users/imashio/Electronics/ARM/_Library/u8x8_d_uc1601.c ****   U8X8_C(0x040),		                /* set display start line to 0 */
  69:/Users/imashio/Electronics/ARM/_Library/u8x8_d_uc1601.c ****   U8X8_END_TRANSFER(),             	/* disable chip */
  70:/Users/imashio/Electronics/ARM/_Library/u8x8_d_uc1601.c ****   U8X8_END()             			/* end of sequence */
  71:/Users/imashio/Electronics/ARM/_Library/u8x8_d_uc1601.c **** };
  72:/Users/imashio/Electronics/ARM/_Library/u8x8_d_uc1601.c **** 
  73:/Users/imashio/Electronics/ARM/_Library/u8x8_d_uc1601.c **** 
  74:/Users/imashio/Electronics/ARM/_Library/u8x8_d_uc1601.c **** static const u8x8_display_info_t u8x8_uc1601_128x32_display_info =
  75:/Users/imashio/Electronics/ARM/_Library/u8x8_d_uc1601.c **** {
  76:/Users/imashio/Electronics/ARM/_Library/u8x8_d_uc1601.c ****   /* chip_enable_level = */ 0,
  77:/Users/imashio/Electronics/ARM/_Library/u8x8_d_uc1601.c ****   /* chip_disable_level = */ 1,
  78:/Users/imashio/Electronics/ARM/_Library/u8x8_d_uc1601.c ****   
  79:/Users/imashio/Electronics/ARM/_Library/u8x8_d_uc1601.c ****   /* post_chip_enable_wait_ns = */ 1,	/* uc1601 datasheet, page 46 */
  80:/Users/imashio/Electronics/ARM/_Library/u8x8_d_uc1601.c ****   /* pre_chip_disable_wait_ns = */ 5,	/* uc1601 datasheet, page 46 */
  81:/Users/imashio/Electronics/ARM/_Library/u8x8_d_uc1601.c ****   /* reset_pulse_width_ms = */ 1, 
  82:/Users/imashio/Electronics/ARM/_Library/u8x8_d_uc1601.c ****   /* post_reset_wait_ms = */ 6, 
  83:/Users/imashio/Electronics/ARM/_Library/u8x8_d_uc1601.c ****   /* sda_setup_time_ns = */ 12,		/* uc1601 datasheet, page 44 */
  84:/Users/imashio/Electronics/ARM/_Library/u8x8_d_uc1601.c ****   /* sck_pulse_width_ns = */ 15,	/* uc1601 datasheet, page 44 */
  85:/Users/imashio/Electronics/ARM/_Library/u8x8_d_uc1601.c ****   /* sck_clock_hz = */ 2000000UL,	/* */
  86:/Users/imashio/Electronics/ARM/_Library/u8x8_d_uc1601.c ****   /* spi_mode = */ 0,		/* active high, rising edge */
  87:/Users/imashio/Electronics/ARM/_Library/u8x8_d_uc1601.c ****   /* i2c_bus_clock_100kHz = */ 1,
  88:/Users/imashio/Electronics/ARM/_Library/u8x8_d_uc1601.c ****   /* data_setup_time_ns = */ 60,	/* uc1601 datasheet, page 43 */
ARM GAS  /var/folders/v3/wysfpd052nz8jkbx04pk0ym80000gn/T//ccGMrapt.s 			page 3


  89:/Users/imashio/Electronics/ARM/_Library/u8x8_d_uc1601.c ****   /* write_pulse_width_ns = */ 80,	/* uc1601 datasheet, page 43 */
  90:/Users/imashio/Electronics/ARM/_Library/u8x8_d_uc1601.c ****   /* tile_width = */ 16,		
  91:/Users/imashio/Electronics/ARM/_Library/u8x8_d_uc1601.c ****   /* tile_hight = */ 4,
  92:/Users/imashio/Electronics/ARM/_Library/u8x8_d_uc1601.c ****   /* default_x_offset = */ 0,
  93:/Users/imashio/Electronics/ARM/_Library/u8x8_d_uc1601.c ****   /* flipmode_x_offset = */ 4,
  94:/Users/imashio/Electronics/ARM/_Library/u8x8_d_uc1601.c ****   /* pixel_width = */ 128,
  95:/Users/imashio/Electronics/ARM/_Library/u8x8_d_uc1601.c ****   /* pixel_height = */ 32
  96:/Users/imashio/Electronics/ARM/_Library/u8x8_d_uc1601.c **** };
  97:/Users/imashio/Electronics/ARM/_Library/u8x8_d_uc1601.c **** 
  98:/Users/imashio/Electronics/ARM/_Library/u8x8_d_uc1601.c **** static const uint8_t u8x8_d_uc1601_128x32_init_seq[] = {
  99:/Users/imashio/Electronics/ARM/_Library/u8x8_d_uc1601.c ****     
 100:/Users/imashio/Electronics/ARM/_Library/u8x8_d_uc1601.c ****   U8X8_START_TRANSFER(),             	/* enable chip, delay is part of the transfer start */
 101:/Users/imashio/Electronics/ARM/_Library/u8x8_d_uc1601.c ****   
 102:/Users/imashio/Electronics/ARM/_Library/u8x8_d_uc1601.c ****   U8X8_C(0x0e2),            			/* soft reset */
 103:/Users/imashio/Electronics/ARM/_Library/u8x8_d_uc1601.c ****   U8X8_C(0x0eb),            			/* LCD Bias: 0xe8: 6, 0xe9: 7, 0xea: 8, 0xeb: 9 */
 104:/Users/imashio/Electronics/ARM/_Library/u8x8_d_uc1601.c ****   //U8X8_C(0x023),            			/* 0x020...0x023 only for UC1601, not for UC1601s */
 105:/Users/imashio/Electronics/ARM/_Library/u8x8_d_uc1601.c **** 	
 106:/Users/imashio/Electronics/ARM/_Library/u8x8_d_uc1601.c **** 
 107:/Users/imashio/Electronics/ARM/_Library/u8x8_d_uc1601.c ****   //U8X8_C(0x02e),            			/* LCD Load + Internal Charge Pump (default: 0x2e) */
 108:/Users/imashio/Electronics/ARM/_Library/u8x8_d_uc1601.c ****   U8X8_C(0x024),		                /* Temperature Compenstation, default: 0x24 */
 109:/Users/imashio/Electronics/ARM/_Library/u8x8_d_uc1601.c ****   U8X8_C(0x089),		                /* RAM address ctrl, default: 0x89 */
 110:/Users/imashio/Electronics/ARM/_Library/u8x8_d_uc1601.c ****   U8X8_C(0x0c4),		                /* RAM mapping ctrl */
 111:/Users/imashio/Electronics/ARM/_Library/u8x8_d_uc1601.c ****   U8X8_C(0x0a0),		                /* Frame Rate, 0x0a0 or 0x0a1 */
 112:/Users/imashio/Electronics/ARM/_Library/u8x8_d_uc1601.c ****   U8X8_CA(0x081, 0x0df),		/* set contrast */
 113:/Users/imashio/Electronics/ARM/_Library/u8x8_d_uc1601.c ****   U8X8_C(0x02e),            			/* LCD Load + Internal Charge Pump (default: 0x2e) */	
 114:/Users/imashio/Electronics/ARM/_Library/u8x8_d_uc1601.c ****   U8X8_C(0x060),		                /* set display start line to 32 */
 115:/Users/imashio/Electronics/ARM/_Library/u8x8_d_uc1601.c ****   
 116:/Users/imashio/Electronics/ARM/_Library/u8x8_d_uc1601.c ****   U8X8_C(0x0a6),		                /* normal display */
 117:/Users/imashio/Electronics/ARM/_Library/u8x8_d_uc1601.c ****    
 118:/Users/imashio/Electronics/ARM/_Library/u8x8_d_uc1601.c ****   U8X8_END_TRANSFER(),             	/* disable chip */
 119:/Users/imashio/Electronics/ARM/_Library/u8x8_d_uc1601.c ****   U8X8_END()             			/* end of sequence */
 120:/Users/imashio/Electronics/ARM/_Library/u8x8_d_uc1601.c **** };
 121:/Users/imashio/Electronics/ARM/_Library/u8x8_d_uc1601.c **** 
 122:/Users/imashio/Electronics/ARM/_Library/u8x8_d_uc1601.c **** uint8_t u8x8_d_uc1601_128x32(u8x8_t *u8x8, uint8_t msg, uint8_t arg_int, void *arg_ptr)
 123:/Users/imashio/Electronics/ARM/_Library/u8x8_d_uc1601.c **** {
  28              		.loc 1 123 0
  29              		.cfi_startproc
  30              		@ args = 0, pretend = 0, frame = 0
  31              		@ frame_needed = 0, uses_anonymous_args = 0
  32              	.LVL0:
  33 0000 F8B5     		push	{r3, r4, r5, r6, r7, lr}
  34              	.LCFI0:
  35              		.cfi_def_cfa_offset 24
  36              		.cfi_offset 3, -24
  37              		.cfi_offset 4, -20
  38              		.cfi_offset 5, -16
  39              		.cfi_offset 6, -12
  40              		.cfi_offset 7, -8
  41              		.cfi_offset 14, -4
  42 0002 0546     		mov	r5, r0
  43 0004 1446     		mov	r4, r2
  44 0006 1F46     		mov	r7, r3
 124:/Users/imashio/Electronics/ARM/_Library/u8x8_d_uc1601.c ****   uint8_t x, c;
 125:/Users/imashio/Electronics/ARM/_Library/u8x8_d_uc1601.c ****   uint8_t *ptr;
 126:/Users/imashio/Electronics/ARM/_Library/u8x8_d_uc1601.c ****   switch(msg)
  45              		.loc 1 126 0
  46 0008 0939     		subs	r1, r1, #9
ARM GAS  /var/folders/v3/wysfpd052nz8jkbx04pk0ym80000gn/T//ccGMrapt.s 			page 4


  47              	.LVL1:
  48 000a 0629     		cmp	r1, #6
  49 000c 68D8     		bhi	.L13
  50 000e DFE801F0 		tbb	[pc, r1]
  51              	.LVL2:
  52              	.L4:
  53 0012 04       		.byte	(.L3-.L4)/2
  54 0013 09       		.byte	(.L5-.L4)/2
  55 0014 11       		.byte	(.L6-.L4)/2
  56 0015 67       		.byte	(.L13-.L4)/2
  57 0016 1C       		.byte	(.L7-.L4)/2
  58 0017 2D       		.byte	(.L8-.L4)/2
  59 0018 3C       		.byte	(.L9-.L4)/2
  60 0019 00       		.p2align 1
  61              	.L3:
 127:/Users/imashio/Electronics/ARM/_Library/u8x8_d_uc1601.c ****   {
 128:/Users/imashio/Electronics/ARM/_Library/u8x8_d_uc1601.c ****     case U8X8_MSG_DISPLAY_SETUP_MEMORY:
 129:/Users/imashio/Electronics/ARM/_Library/u8x8_d_uc1601.c ****       u8x8_d_helper_display_setup_memory(u8x8, &u8x8_uc1601_128x32_display_info);
  62              		.loc 1 129 0
  63 001a 3249     		ldr	r1, .L15
  64 001c FFF7FEFF 		bl	u8x8_d_helper_display_setup_memory
  65              	.LVL3:
 130:/Users/imashio/Electronics/ARM/_Library/u8x8_d_uc1601.c ****       break;
 131:/Users/imashio/Electronics/ARM/_Library/u8x8_d_uc1601.c ****     case U8X8_MSG_DISPLAY_INIT:
 132:/Users/imashio/Electronics/ARM/_Library/u8x8_d_uc1601.c ****       u8x8_d_helper_display_init(u8x8);
 133:/Users/imashio/Electronics/ARM/_Library/u8x8_d_uc1601.c ****       u8x8_cad_SendSequence(u8x8, u8x8_d_uc1601_128x32_init_seq);
 134:/Users/imashio/Electronics/ARM/_Library/u8x8_d_uc1601.c ****       break;
 135:/Users/imashio/Electronics/ARM/_Library/u8x8_d_uc1601.c ****     case U8X8_MSG_DISPLAY_SET_POWER_SAVE:
 136:/Users/imashio/Electronics/ARM/_Library/u8x8_d_uc1601.c ****       if ( arg_int == 0 )
 137:/Users/imashio/Electronics/ARM/_Library/u8x8_d_uc1601.c **** 	u8x8_cad_SendSequence(u8x8, u8x8_d_uc1601_128x32_powersave0_seq);
 138:/Users/imashio/Electronics/ARM/_Library/u8x8_d_uc1601.c ****       else
 139:/Users/imashio/Electronics/ARM/_Library/u8x8_d_uc1601.c **** 	u8x8_cad_SendSequence(u8x8, u8x8_d_uc1601_128x32_powersave1_seq);
 140:/Users/imashio/Electronics/ARM/_Library/u8x8_d_uc1601.c ****       break;
 141:/Users/imashio/Electronics/ARM/_Library/u8x8_d_uc1601.c ****     case U8X8_MSG_DISPLAY_SET_FLIP_MODE:
 142:/Users/imashio/Electronics/ARM/_Library/u8x8_d_uc1601.c ****       if ( arg_int == 0 )
 143:/Users/imashio/Electronics/ARM/_Library/u8x8_d_uc1601.c ****       {
 144:/Users/imashio/Electronics/ARM/_Library/u8x8_d_uc1601.c **** 	u8x8_cad_SendSequence(u8x8, u8x8_d_uc1601_128x32_flip0_seq);
 145:/Users/imashio/Electronics/ARM/_Library/u8x8_d_uc1601.c **** 	u8x8->x_offset = u8x8->display_info->default_x_offset;
 146:/Users/imashio/Electronics/ARM/_Library/u8x8_d_uc1601.c ****       }
 147:/Users/imashio/Electronics/ARM/_Library/u8x8_d_uc1601.c ****       else
 148:/Users/imashio/Electronics/ARM/_Library/u8x8_d_uc1601.c ****       {
 149:/Users/imashio/Electronics/ARM/_Library/u8x8_d_uc1601.c **** 	u8x8_cad_SendSequence(u8x8, u8x8_d_uc1601_128x32_flip1_seq);
 150:/Users/imashio/Electronics/ARM/_Library/u8x8_d_uc1601.c **** 	u8x8->x_offset = u8x8->display_info->flipmode_x_offset;
 151:/Users/imashio/Electronics/ARM/_Library/u8x8_d_uc1601.c ****       }	
 152:/Users/imashio/Electronics/ARM/_Library/u8x8_d_uc1601.c ****       break;
 153:/Users/imashio/Electronics/ARM/_Library/u8x8_d_uc1601.c **** #ifdef U8X8_WITH_SET_CONTRAST
 154:/Users/imashio/Electronics/ARM/_Library/u8x8_d_uc1601.c ****     case U8X8_MSG_DISPLAY_SET_CONTRAST:
 155:/Users/imashio/Electronics/ARM/_Library/u8x8_d_uc1601.c ****       u8x8_cad_StartTransfer(u8x8);
 156:/Users/imashio/Electronics/ARM/_Library/u8x8_d_uc1601.c ****       u8x8_cad_SendCmd(u8x8, 0x081 );
 157:/Users/imashio/Electronics/ARM/_Library/u8x8_d_uc1601.c ****       u8x8_cad_SendArg(u8x8, arg_int );	/* uc1601 has range from 0 to 255 */
 158:/Users/imashio/Electronics/ARM/_Library/u8x8_d_uc1601.c ****       u8x8_cad_EndTransfer(u8x8);
 159:/Users/imashio/Electronics/ARM/_Library/u8x8_d_uc1601.c ****       break;
 160:/Users/imashio/Electronics/ARM/_Library/u8x8_d_uc1601.c **** #endif
 161:/Users/imashio/Electronics/ARM/_Library/u8x8_d_uc1601.c ****     case U8X8_MSG_DISPLAY_DRAW_TILE:
 162:/Users/imashio/Electronics/ARM/_Library/u8x8_d_uc1601.c ****       u8x8_cad_StartTransfer(u8x8);
 163:/Users/imashio/Electronics/ARM/_Library/u8x8_d_uc1601.c ****     
 164:/Users/imashio/Electronics/ARM/_Library/u8x8_d_uc1601.c ****       x = ((u8x8_tile_t *)arg_ptr)->x_pos;
ARM GAS  /var/folders/v3/wysfpd052nz8jkbx04pk0ym80000gn/T//ccGMrapt.s 			page 5


 165:/Users/imashio/Electronics/ARM/_Library/u8x8_d_uc1601.c ****       x *= 8;
 166:/Users/imashio/Electronics/ARM/_Library/u8x8_d_uc1601.c ****       x += u8x8->x_offset;
 167:/Users/imashio/Electronics/ARM/_Library/u8x8_d_uc1601.c ****       u8x8_cad_SendCmd(u8x8, 0x010 | (x>>4) );
 168:/Users/imashio/Electronics/ARM/_Library/u8x8_d_uc1601.c ****       u8x8_cad_SendCmd(u8x8, 0x000 | ((x&15)));
 169:/Users/imashio/Electronics/ARM/_Library/u8x8_d_uc1601.c ****       u8x8_cad_SendCmd(u8x8, 0x0b0 | (((u8x8_tile_t *)arg_ptr)->y_pos));
 170:/Users/imashio/Electronics/ARM/_Library/u8x8_d_uc1601.c ****     
 171:/Users/imashio/Electronics/ARM/_Library/u8x8_d_uc1601.c ****       c = ((u8x8_tile_t *)arg_ptr)->cnt;
 172:/Users/imashio/Electronics/ARM/_Library/u8x8_d_uc1601.c ****       c *= 8;
 173:/Users/imashio/Electronics/ARM/_Library/u8x8_d_uc1601.c ****       ptr = ((u8x8_tile_t *)arg_ptr)->tile_ptr;
 174:/Users/imashio/Electronics/ARM/_Library/u8x8_d_uc1601.c ****       do
 175:/Users/imashio/Electronics/ARM/_Library/u8x8_d_uc1601.c ****       {
 176:/Users/imashio/Electronics/ARM/_Library/u8x8_d_uc1601.c **** 	u8x8_cad_SendData(u8x8, c, ptr);	/* note: SendData can not handle more than 255 bytes */
 177:/Users/imashio/Electronics/ARM/_Library/u8x8_d_uc1601.c **** 	arg_int--;
 178:/Users/imashio/Electronics/ARM/_Library/u8x8_d_uc1601.c ****       } while( arg_int > 0 );
 179:/Users/imashio/Electronics/ARM/_Library/u8x8_d_uc1601.c ****       
 180:/Users/imashio/Electronics/ARM/_Library/u8x8_d_uc1601.c ****       u8x8_cad_EndTransfer(u8x8);
 181:/Users/imashio/Electronics/ARM/_Library/u8x8_d_uc1601.c ****       break;
 182:/Users/imashio/Electronics/ARM/_Library/u8x8_d_uc1601.c ****     default:
 183:/Users/imashio/Electronics/ARM/_Library/u8x8_d_uc1601.c ****       return 0;
 184:/Users/imashio/Electronics/ARM/_Library/u8x8_d_uc1601.c ****   }
 185:/Users/imashio/Electronics/ARM/_Library/u8x8_d_uc1601.c ****   return 1;
  66              		.loc 1 185 0
  67 0020 0120     		movs	r0, #1
  68              	.LVL4:
  69              	.L2:
 186:/Users/imashio/Electronics/ARM/_Library/u8x8_d_uc1601.c **** }
  70              		.loc 1 186 0
  71 0022 F8BD     		pop	{r3, r4, r5, r6, r7, pc}
  72              	.LVL5:
  73              	.L5:
 132:/Users/imashio/Electronics/ARM/_Library/u8x8_d_uc1601.c ****       u8x8_cad_SendSequence(u8x8, u8x8_d_uc1601_128x32_init_seq);
  74              		.loc 1 132 0
  75 0024 FFF7FEFF 		bl	u8x8_d_helper_display_init
  76              	.LVL6:
 133:/Users/imashio/Electronics/ARM/_Library/u8x8_d_uc1601.c ****       break;
  77              		.loc 1 133 0
  78 0028 2F49     		ldr	r1, .L15+4
  79 002a 2846     		mov	r0, r5
  80 002c FFF7FEFF 		bl	u8x8_cad_SendSequence
  81              	.LVL7:
 185:/Users/imashio/Electronics/ARM/_Library/u8x8_d_uc1601.c **** }
  82              		.loc 1 185 0
  83 0030 0120     		movs	r0, #1
 134:/Users/imashio/Electronics/ARM/_Library/u8x8_d_uc1601.c ****     case U8X8_MSG_DISPLAY_SET_POWER_SAVE:
  84              		.loc 1 134 0
  85 0032 F6E7     		b	.L2
  86              	.LVL8:
  87              	.L6:
 136:/Users/imashio/Electronics/ARM/_Library/u8x8_d_uc1601.c **** 	u8x8_cad_SendSequence(u8x8, u8x8_d_uc1601_128x32_powersave0_seq);
  88              		.loc 1 136 0
  89 0034 22B9     		cbnz	r2, .L10
 137:/Users/imashio/Electronics/ARM/_Library/u8x8_d_uc1601.c ****       else
  90              		.loc 1 137 0
  91 0036 2D49     		ldr	r1, .L15+8
  92 0038 FFF7FEFF 		bl	u8x8_cad_SendSequence
  93              	.LVL9:
 185:/Users/imashio/Electronics/ARM/_Library/u8x8_d_uc1601.c **** }
ARM GAS  /var/folders/v3/wysfpd052nz8jkbx04pk0ym80000gn/T//ccGMrapt.s 			page 6


  94              		.loc 1 185 0
  95 003c 0120     		movs	r0, #1
  96 003e F0E7     		b	.L2
  97              	.LVL10:
  98              	.L10:
 139:/Users/imashio/Electronics/ARM/_Library/u8x8_d_uc1601.c ****       break;
  99              		.loc 1 139 0
 100 0040 2B49     		ldr	r1, .L15+12
 101 0042 FFF7FEFF 		bl	u8x8_cad_SendSequence
 102              	.LVL11:
 185:/Users/imashio/Electronics/ARM/_Library/u8x8_d_uc1601.c **** }
 103              		.loc 1 185 0
 104 0046 0120     		movs	r0, #1
 105 0048 EBE7     		b	.L2
 106              	.LVL12:
 107              	.L7:
 142:/Users/imashio/Electronics/ARM/_Library/u8x8_d_uc1601.c ****       {
 108              		.loc 1 142 0
 109 004a 3AB9     		cbnz	r2, .L11
 144:/Users/imashio/Electronics/ARM/_Library/u8x8_d_uc1601.c **** 	u8x8->x_offset = u8x8->display_info->default_x_offset;
 110              		.loc 1 144 0
 111 004c 2949     		ldr	r1, .L15+16
 112 004e FFF7FEFF 		bl	u8x8_cad_SendSequence
 113              	.LVL13:
 145:/Users/imashio/Electronics/ARM/_Library/u8x8_d_uc1601.c ****       }
 114              		.loc 1 145 0
 115 0052 2B68     		ldr	r3, [r5]
 116 0054 9B7C     		ldrb	r3, [r3, #18]	@ zero_extendqisi2
 117 0056 AB77     		strb	r3, [r5, #30]
 185:/Users/imashio/Electronics/ARM/_Library/u8x8_d_uc1601.c **** }
 118              		.loc 1 185 0
 119 0058 0120     		movs	r0, #1
 120 005a E2E7     		b	.L2
 121              	.LVL14:
 122              	.L11:
 149:/Users/imashio/Electronics/ARM/_Library/u8x8_d_uc1601.c **** 	u8x8->x_offset = u8x8->display_info->flipmode_x_offset;
 123              		.loc 1 149 0
 124 005c 2649     		ldr	r1, .L15+20
 125 005e FFF7FEFF 		bl	u8x8_cad_SendSequence
 126              	.LVL15:
 150:/Users/imashio/Electronics/ARM/_Library/u8x8_d_uc1601.c ****       }	
 127              		.loc 1 150 0
 128 0062 2B68     		ldr	r3, [r5]
 129 0064 DB7C     		ldrb	r3, [r3, #19]	@ zero_extendqisi2
 130 0066 AB77     		strb	r3, [r5, #30]
 185:/Users/imashio/Electronics/ARM/_Library/u8x8_d_uc1601.c **** }
 131              		.loc 1 185 0
 132 0068 0120     		movs	r0, #1
 133 006a DAE7     		b	.L2
 134              	.LVL16:
 135              	.L8:
 155:/Users/imashio/Electronics/ARM/_Library/u8x8_d_uc1601.c ****       u8x8_cad_SendCmd(u8x8, 0x081 );
 136              		.loc 1 155 0
 137 006c FFF7FEFF 		bl	u8x8_cad_StartTransfer
 138              	.LVL17:
 156:/Users/imashio/Electronics/ARM/_Library/u8x8_d_uc1601.c ****       u8x8_cad_SendArg(u8x8, arg_int );	/* uc1601 has range from 0 to 255 */
 139              		.loc 1 156 0
ARM GAS  /var/folders/v3/wysfpd052nz8jkbx04pk0ym80000gn/T//ccGMrapt.s 			page 7


 140 0070 8121     		movs	r1, #129
 141 0072 2846     		mov	r0, r5
 142 0074 FFF7FEFF 		bl	u8x8_cad_SendCmd
 143              	.LVL18:
 157:/Users/imashio/Electronics/ARM/_Library/u8x8_d_uc1601.c ****       u8x8_cad_EndTransfer(u8x8);
 144              		.loc 1 157 0
 145 0078 2146     		mov	r1, r4
 146 007a 2846     		mov	r0, r5
 147 007c FFF7FEFF 		bl	u8x8_cad_SendArg
 148              	.LVL19:
 158:/Users/imashio/Electronics/ARM/_Library/u8x8_d_uc1601.c ****       break;
 149              		.loc 1 158 0
 150 0080 2846     		mov	r0, r5
 151 0082 FFF7FEFF 		bl	u8x8_cad_EndTransfer
 152              	.LVL20:
 185:/Users/imashio/Electronics/ARM/_Library/u8x8_d_uc1601.c **** }
 153              		.loc 1 185 0
 154 0086 0120     		movs	r0, #1
 159:/Users/imashio/Electronics/ARM/_Library/u8x8_d_uc1601.c **** #endif
 155              		.loc 1 159 0
 156 0088 CBE7     		b	.L2
 157              	.LVL21:
 158              	.L9:
 162:/Users/imashio/Electronics/ARM/_Library/u8x8_d_uc1601.c ****     
 159              		.loc 1 162 0
 160 008a FFF7FEFF 		bl	u8x8_cad_StartTransfer
 161              	.LVL22:
 164:/Users/imashio/Electronics/ARM/_Library/u8x8_d_uc1601.c ****       x *= 8;
 162              		.loc 1 164 0
 163 008e 7E79     		ldrb	r6, [r7, #5]	@ zero_extendqisi2
 164              	.LVL23:
 165:/Users/imashio/Electronics/ARM/_Library/u8x8_d_uc1601.c ****       x += u8x8->x_offset;
 165              		.loc 1 165 0
 166 0090 F600     		lsls	r6, r6, #3
 167              	.LVL24:
 168 0092 F3B2     		uxtb	r3, r6
 169              	.LVL25:
 166:/Users/imashio/Electronics/ARM/_Library/u8x8_d_uc1601.c ****       u8x8_cad_SendCmd(u8x8, 0x010 | (x>>4) );
 170              		.loc 1 166 0
 171 0094 AE7F     		ldrb	r6, [r5, #30]	@ zero_extendqisi2
 172 0096 1E44     		add	r6, r6, r3
 173 0098 F6B2     		uxtb	r6, r6
 174              	.LVL26:
 167:/Users/imashio/Electronics/ARM/_Library/u8x8_d_uc1601.c ****       u8x8_cad_SendCmd(u8x8, 0x000 | ((x&15)));
 175              		.loc 1 167 0
 176 009a 3109     		lsrs	r1, r6, #4
 177 009c 41F01001 		orr	r1, r1, #16
 178 00a0 2846     		mov	r0, r5
 179 00a2 FFF7FEFF 		bl	u8x8_cad_SendCmd
 180              	.LVL27:
 168:/Users/imashio/Electronics/ARM/_Library/u8x8_d_uc1601.c ****       u8x8_cad_SendCmd(u8x8, 0x0b0 | (((u8x8_tile_t *)arg_ptr)->y_pos));
 181              		.loc 1 168 0
 182 00a6 06F00F01 		and	r1, r6, #15
 183 00aa 2846     		mov	r0, r5
 184 00ac FFF7FEFF 		bl	u8x8_cad_SendCmd
 185              	.LVL28:
 169:/Users/imashio/Electronics/ARM/_Library/u8x8_d_uc1601.c ****     
ARM GAS  /var/folders/v3/wysfpd052nz8jkbx04pk0ym80000gn/T//ccGMrapt.s 			page 8


 186              		.loc 1 169 0
 187 00b0 B979     		ldrb	r1, [r7, #6]	@ zero_extendqisi2
 188 00b2 41F0B001 		orr	r1, r1, #176
 189 00b6 2846     		mov	r0, r5
 190 00b8 FFF7FEFF 		bl	u8x8_cad_SendCmd
 191              	.LVL29:
 171:/Users/imashio/Electronics/ARM/_Library/u8x8_d_uc1601.c ****       c *= 8;
 192              		.loc 1 171 0
 193 00bc 3E79     		ldrb	r6, [r7, #4]	@ zero_extendqisi2
 194              	.LVL30:
 172:/Users/imashio/Electronics/ARM/_Library/u8x8_d_uc1601.c ****       ptr = ((u8x8_tile_t *)arg_ptr)->tile_ptr;
 195              		.loc 1 172 0
 196 00be F600     		lsls	r6, r6, #3
 197              	.LVL31:
 198 00c0 F6B2     		uxtb	r6, r6
 199              	.LVL32:
 173:/Users/imashio/Electronics/ARM/_Library/u8x8_d_uc1601.c ****       do
 200              		.loc 1 173 0
 201 00c2 3F68     		ldr	r7, [r7]
 202              	.LVL33:
 203              	.L12:
 176:/Users/imashio/Electronics/ARM/_Library/u8x8_d_uc1601.c **** 	arg_int--;
 204              		.loc 1 176 0 discriminator 1
 205 00c4 3A46     		mov	r2, r7
 206 00c6 3146     		mov	r1, r6
 207 00c8 2846     		mov	r0, r5
 208 00ca FFF7FEFF 		bl	u8x8_cad_SendData
 209              	.LVL34:
 177:/Users/imashio/Electronics/ARM/_Library/u8x8_d_uc1601.c ****       } while( arg_int > 0 );
 210              		.loc 1 177 0 discriminator 1
 211 00ce 013C     		subs	r4, r4, #1
 212              	.LVL35:
 178:/Users/imashio/Electronics/ARM/_Library/u8x8_d_uc1601.c ****       
 213              		.loc 1 178 0 discriminator 1
 214 00d0 14F0FF04 		ands	r4, r4, #255
 215              	.LVL36:
 216 00d4 F6D1     		bne	.L12
 180:/Users/imashio/Electronics/ARM/_Library/u8x8_d_uc1601.c ****       break;
 217              		.loc 1 180 0
 218 00d6 2846     		mov	r0, r5
 219 00d8 FFF7FEFF 		bl	u8x8_cad_EndTransfer
 220              	.LVL37:
 185:/Users/imashio/Electronics/ARM/_Library/u8x8_d_uc1601.c **** }
 221              		.loc 1 185 0
 222 00dc 0120     		movs	r0, #1
 181:/Users/imashio/Electronics/ARM/_Library/u8x8_d_uc1601.c ****     default:
 223              		.loc 1 181 0
 224 00de A0E7     		b	.L2
 225              	.LVL38:
 226              	.L13:
 183:/Users/imashio/Electronics/ARM/_Library/u8x8_d_uc1601.c ****   }
 227              		.loc 1 183 0
 228 00e0 0020     		movs	r0, #0
 229              	.LVL39:
 230 00e2 9EE7     		b	.L2
 231              	.L16:
 232              		.align	2
ARM GAS  /var/folders/v3/wysfpd052nz8jkbx04pk0ym80000gn/T//ccGMrapt.s 			page 9


 233              	.L15:
 234 00e4 00000000 		.word	.LANCHOR0
 235 00e8 00000000 		.word	.LANCHOR1
 236 00ec 00000000 		.word	.LANCHOR2
 237 00f0 00000000 		.word	.LANCHOR3
 238 00f4 00000000 		.word	.LANCHOR4
 239 00f8 00000000 		.word	.LANCHOR5
 240              		.cfi_endproc
 241              	.LFE0:
 243              		.section	.rodata.u8x8_d_uc1601_128x32_flip0_seq,"a",%progbits
 244              		.align	2
 245              		.set	.LANCHOR4,. + 0
 248              	u8x8_d_uc1601_128x32_flip0_seq:
 249 0000 18       		.byte	24
 250 0001 15       		.byte	21
 251 0002 C4       		.byte	-60
 252 0003 15       		.byte	21
 253 0004 60       		.byte	96
 254 0005 19       		.byte	25
 255 0006 FF       		.byte	-1
 256              		.section	.rodata.u8x8_d_uc1601_128x32_flip1_seq,"a",%progbits
 257              		.align	2
 258              		.set	.LANCHOR5,. + 0
 261              	u8x8_d_uc1601_128x32_flip1_seq:
 262 0000 18       		.byte	24
 263 0001 15       		.byte	21
 264 0002 C2       		.byte	-62
 265 0003 15       		.byte	21
 266 0004 40       		.byte	64
 267 0005 19       		.byte	25
 268 0006 FF       		.byte	-1
 269              		.section	.rodata.u8x8_d_uc1601_128x32_init_seq,"a",%progbits
 270              		.align	2
 271              		.set	.LANCHOR1,. + 0
 274              	u8x8_d_uc1601_128x32_init_seq:
 275 0000 18       		.byte	24
 276 0001 15       		.byte	21
 277 0002 E2       		.byte	-30
 278 0003 15       		.byte	21
 279 0004 EB       		.byte	-21
 280 0005 15       		.byte	21
 281 0006 24       		.byte	36
 282 0007 15       		.byte	21
 283 0008 89       		.byte	-119
 284 0009 15       		.byte	21
 285 000a C4       		.byte	-60
 286 000b 15       		.byte	21
 287 000c A0       		.byte	-96
 288 000d 15       		.byte	21
 289 000e 81       		.byte	-127
 290 000f 16       		.byte	22
 291 0010 DF       		.byte	-33
 292 0011 15       		.byte	21
 293 0012 2E       		.byte	46
 294 0013 15       		.byte	21
 295 0014 60       		.byte	96
 296 0015 15       		.byte	21
ARM GAS  /var/folders/v3/wysfpd052nz8jkbx04pk0ym80000gn/T//ccGMrapt.s 			page 10


 297 0016 A6       		.byte	-90
 298 0017 19       		.byte	25
 299 0018 FF       		.byte	-1
 300              		.section	.rodata.u8x8_d_uc1601_128x32_powersave0_seq,"a",%progbits
 301              		.align	2
 302              		.set	.LANCHOR2,. + 0
 305              	u8x8_d_uc1601_128x32_powersave0_seq:
 306 0000 18       		.byte	24
 307 0001 15       		.byte	21
 308 0002 AF       		.byte	-81
 309 0003 19       		.byte	25
 310 0004 FF       		.byte	-1
 311              		.section	.rodata.u8x8_d_uc1601_128x32_powersave1_seq,"a",%progbits
 312              		.align	2
 313              		.set	.LANCHOR3,. + 0
 316              	u8x8_d_uc1601_128x32_powersave1_seq:
 317 0000 18       		.byte	24
 318 0001 15       		.byte	21
 319 0002 AE       		.byte	-82
 320 0003 19       		.byte	25
 321 0004 FF       		.byte	-1
 322              		.section	.rodata.u8x8_uc1601_128x32_display_info,"a",%progbits
 323              		.align	2
 324              		.set	.LANCHOR0,. + 0
 327              	u8x8_uc1601_128x32_display_info:
 328 0000 00       		.byte	0
 329 0001 01       		.byte	1
 330 0002 01       		.byte	1
 331 0003 05       		.byte	5
 332 0004 01       		.byte	1
 333 0005 06       		.byte	6
 334 0006 0C       		.byte	12
 335 0007 0F       		.byte	15
 336 0008 80841E00 		.word	2000000
 337 000c 00       		.byte	0
 338 000d 01       		.byte	1
 339 000e 3C       		.byte	60
 340 000f 50       		.byte	80
 341 0010 10       		.byte	16
 342 0011 04       		.byte	4
 343 0012 00       		.byte	0
 344 0013 04       		.byte	4
 345 0014 8000     		.short	128
 346 0016 2000     		.short	32
 347              		.text
 348              	.Letext0:
 349              		.file 2 "/usr/local/gcc-arm-none-eabi-7-2018-q2-update/arm-none-eabi/include/machine/_default_type
 350              		.file 3 "/usr/local/gcc-arm-none-eabi-7-2018-q2-update/arm-none-eabi/include/sys/_stdint.h"
 351              		.file 4 "/Users/imashio/Electronics/ARM/_Library/u8x8.h"
ARM GAS  /var/folders/v3/wysfpd052nz8jkbx04pk0ym80000gn/T//ccGMrapt.s 			page 11


DEFINED SYMBOLS
                            *ABS*:0000000000000000 u8x8_d_uc1601.c
/var/folders/v3/wysfpd052nz8jkbx04pk0ym80000gn/T//ccGMrapt.s:18     .text.u8x8_d_uc1601_128x32:0000000000000000 $t
/var/folders/v3/wysfpd052nz8jkbx04pk0ym80000gn/T//ccGMrapt.s:25     .text.u8x8_d_uc1601_128x32:0000000000000000 u8x8_d_uc1601_128x32
/var/folders/v3/wysfpd052nz8jkbx04pk0ym80000gn/T//ccGMrapt.s:53     .text.u8x8_d_uc1601_128x32:0000000000000012 $d
/var/folders/v3/wysfpd052nz8jkbx04pk0ym80000gn/T//ccGMrapt.s:234    .text.u8x8_d_uc1601_128x32:00000000000000e4 $d
/var/folders/v3/wysfpd052nz8jkbx04pk0ym80000gn/T//ccGMrapt.s:244    .rodata.u8x8_d_uc1601_128x32_flip0_seq:0000000000000000 $d
/var/folders/v3/wysfpd052nz8jkbx04pk0ym80000gn/T//ccGMrapt.s:248    .rodata.u8x8_d_uc1601_128x32_flip0_seq:0000000000000000 u8x8_d_uc1601_128x32_flip0_seq
/var/folders/v3/wysfpd052nz8jkbx04pk0ym80000gn/T//ccGMrapt.s:257    .rodata.u8x8_d_uc1601_128x32_flip1_seq:0000000000000000 $d
/var/folders/v3/wysfpd052nz8jkbx04pk0ym80000gn/T//ccGMrapt.s:261    .rodata.u8x8_d_uc1601_128x32_flip1_seq:0000000000000000 u8x8_d_uc1601_128x32_flip1_seq
/var/folders/v3/wysfpd052nz8jkbx04pk0ym80000gn/T//ccGMrapt.s:270    .rodata.u8x8_d_uc1601_128x32_init_seq:0000000000000000 $d
/var/folders/v3/wysfpd052nz8jkbx04pk0ym80000gn/T//ccGMrapt.s:274    .rodata.u8x8_d_uc1601_128x32_init_seq:0000000000000000 u8x8_d_uc1601_128x32_init_seq
/var/folders/v3/wysfpd052nz8jkbx04pk0ym80000gn/T//ccGMrapt.s:301    .rodata.u8x8_d_uc1601_128x32_powersave0_seq:0000000000000000 $d
/var/folders/v3/wysfpd052nz8jkbx04pk0ym80000gn/T//ccGMrapt.s:305    .rodata.u8x8_d_uc1601_128x32_powersave0_seq:0000000000000000 u8x8_d_uc1601_128x32_powersave0_seq
/var/folders/v3/wysfpd052nz8jkbx04pk0ym80000gn/T//ccGMrapt.s:312    .rodata.u8x8_d_uc1601_128x32_powersave1_seq:0000000000000000 $d
/var/folders/v3/wysfpd052nz8jkbx04pk0ym80000gn/T//ccGMrapt.s:316    .rodata.u8x8_d_uc1601_128x32_powersave1_seq:0000000000000000 u8x8_d_uc1601_128x32_powersave1_seq
/var/folders/v3/wysfpd052nz8jkbx04pk0ym80000gn/T//ccGMrapt.s:323    .rodata.u8x8_uc1601_128x32_display_info:0000000000000000 $d
/var/folders/v3/wysfpd052nz8jkbx04pk0ym80000gn/T//ccGMrapt.s:327    .rodata.u8x8_uc1601_128x32_display_info:0000000000000000 u8x8_uc1601_128x32_display_info
/var/folders/v3/wysfpd052nz8jkbx04pk0ym80000gn/T//ccGMrapt.s:60     .text.u8x8_d_uc1601_128x32:0000000000000019 $d
/var/folders/v3/wysfpd052nz8jkbx04pk0ym80000gn/T//ccGMrapt.s:60     .text.u8x8_d_uc1601_128x32:000000000000001a $t

UNDEFINED SYMBOLS
u8x8_d_helper_display_setup_memory
u8x8_d_helper_display_init
u8x8_cad_SendSequence
u8x8_cad_StartTransfer
u8x8_cad_SendCmd
u8x8_cad_SendArg
u8x8_cad_EndTransfer
u8x8_cad_SendData
