ARM GAS  /var/folders/v3/wysfpd052nz8jkbx04pk0ym80000gn/T//cc5CQzpx.s 			page 1


   1              		.cpu cortex-m4
   2              		.eabi_attribute 27, 1
   3              		.eabi_attribute 28, 1
   4              		.eabi_attribute 20, 1
   5              		.eabi_attribute 21, 1
   6              		.eabi_attribute 23, 3
   7              		.eabi_attribute 24, 1
   8              		.eabi_attribute 25, 1
   9              		.eabi_attribute 26, 1
  10              		.eabi_attribute 30, 1
  11              		.eabi_attribute 34, 1
  12              		.eabi_attribute 18, 4
  13              		.file	"u8x8_gpio.c"
  14              		.text
  15              	.Ltext0:
  16              		.cfi_sections	.debug_frame
  17              		.section	.text.u8x8_gpio_call,"ax",%progbits
  18              		.align	1
  19              		.global	u8x8_gpio_call
  20              		.syntax unified
  21              		.thumb
  22              		.thumb_func
  23              		.fpu fpv4-sp-d16
  25              	u8x8_gpio_call:
  26              	.LFB0:
  27              		.file 1 "/Users/imashio/Electronics/ARM/_Library/u8x8_gpio.c"
   1:/Users/imashio/Electronics/ARM/_Library/u8x8_gpio.c **** /*
   2:/Users/imashio/Electronics/ARM/_Library/u8x8_gpio.c **** 
   3:/Users/imashio/Electronics/ARM/_Library/u8x8_gpio.c ****   u8x8_gpio.c
   4:/Users/imashio/Electronics/ARM/_Library/u8x8_gpio.c ****   
   5:/Users/imashio/Electronics/ARM/_Library/u8x8_gpio.c ****   Universal 8bit Graphics Library (https://github.com/olikraus/u8g2/)
   6:/Users/imashio/Electronics/ARM/_Library/u8x8_gpio.c **** 
   7:/Users/imashio/Electronics/ARM/_Library/u8x8_gpio.c ****   Copyright (c) 2016, olikraus@gmail.com
   8:/Users/imashio/Electronics/ARM/_Library/u8x8_gpio.c ****   All rights reserved.
   9:/Users/imashio/Electronics/ARM/_Library/u8x8_gpio.c **** 
  10:/Users/imashio/Electronics/ARM/_Library/u8x8_gpio.c ****   Redistribution and use in source and binary forms, with or without modification, 
  11:/Users/imashio/Electronics/ARM/_Library/u8x8_gpio.c ****   are permitted provided that the following conditions are met:
  12:/Users/imashio/Electronics/ARM/_Library/u8x8_gpio.c **** 
  13:/Users/imashio/Electronics/ARM/_Library/u8x8_gpio.c ****   * Redistributions of source code must retain the above copyright notice, this list 
  14:/Users/imashio/Electronics/ARM/_Library/u8x8_gpio.c ****     of conditions and the following disclaimer.
  15:/Users/imashio/Electronics/ARM/_Library/u8x8_gpio.c ****     
  16:/Users/imashio/Electronics/ARM/_Library/u8x8_gpio.c ****   * Redistributions in binary form must reproduce the above copyright notice, this 
  17:/Users/imashio/Electronics/ARM/_Library/u8x8_gpio.c ****     list of conditions and the following disclaimer in the documentation and/or other 
  18:/Users/imashio/Electronics/ARM/_Library/u8x8_gpio.c ****     materials provided with the distribution.
  19:/Users/imashio/Electronics/ARM/_Library/u8x8_gpio.c **** 
  20:/Users/imashio/Electronics/ARM/_Library/u8x8_gpio.c ****   THIS SOFTWARE IS PROVIDED BY THE COPYRIGHT HOLDERS AND 
  21:/Users/imashio/Electronics/ARM/_Library/u8x8_gpio.c ****   CONTRIBUTORS "AS IS" AND ANY EXPRESS OR IMPLIED WARRANTIES, 
  22:/Users/imashio/Electronics/ARM/_Library/u8x8_gpio.c ****   INCLUDING, BUT NOT LIMITED TO, THE IMPLIED WARRANTIES OF 
  23:/Users/imashio/Electronics/ARM/_Library/u8x8_gpio.c ****   MERCHANTABILITY AND FITNESS FOR A PARTICULAR PURPOSE ARE 
  24:/Users/imashio/Electronics/ARM/_Library/u8x8_gpio.c ****   DISCLAIMED. IN NO EVENT SHALL THE COPYRIGHT HOLDER OR 
  25:/Users/imashio/Electronics/ARM/_Library/u8x8_gpio.c ****   CONTRIBUTORS BE LIABLE FOR ANY DIRECT, INDIRECT, INCIDENTAL, 
  26:/Users/imashio/Electronics/ARM/_Library/u8x8_gpio.c ****   SPECIAL, EXEMPLARY, OR CONSEQUENTIAL DAMAGES (INCLUDING, BUT 
  27:/Users/imashio/Electronics/ARM/_Library/u8x8_gpio.c ****   NOT LIMITED TO, PROCUREMENT OF SUBSTITUTE GOODS OR SERVICES; 
  28:/Users/imashio/Electronics/ARM/_Library/u8x8_gpio.c ****   LOSS OF USE, DATA, OR PROFITS; OR BUSINESS INTERRUPTION) HOWEVER 
  29:/Users/imashio/Electronics/ARM/_Library/u8x8_gpio.c ****   CAUSED AND ON ANY THEORY OF LIABILITY, WHETHER IN CONTRACT, 
  30:/Users/imashio/Electronics/ARM/_Library/u8x8_gpio.c ****   STRICT LIABILITY, OR TORT (INCLUDING NEGLIGENCE OR OTHERWISE) 
  31:/Users/imashio/Electronics/ARM/_Library/u8x8_gpio.c ****   ARISING IN ANY WAY OUT OF THE USE OF THIS SOFTWARE, EVEN IF 
ARM GAS  /var/folders/v3/wysfpd052nz8jkbx04pk0ym80000gn/T//cc5CQzpx.s 			page 2


  32:/Users/imashio/Electronics/ARM/_Library/u8x8_gpio.c ****   ADVISED OF THE POSSIBILITY OF SUCH DAMAGE.  
  33:/Users/imashio/Electronics/ARM/_Library/u8x8_gpio.c **** 
  34:/Users/imashio/Electronics/ARM/_Library/u8x8_gpio.c **** */
  35:/Users/imashio/Electronics/ARM/_Library/u8x8_gpio.c **** 
  36:/Users/imashio/Electronics/ARM/_Library/u8x8_gpio.c **** 
  37:/Users/imashio/Electronics/ARM/_Library/u8x8_gpio.c **** #include "u8x8.h"
  38:/Users/imashio/Electronics/ARM/_Library/u8x8_gpio.c **** 
  39:/Users/imashio/Electronics/ARM/_Library/u8x8_gpio.c **** 
  40:/Users/imashio/Electronics/ARM/_Library/u8x8_gpio.c **** void u8x8_gpio_call(u8x8_t *u8x8, uint8_t msg, uint8_t arg)
  41:/Users/imashio/Electronics/ARM/_Library/u8x8_gpio.c **** {
  28              		.loc 1 41 0
  29              		.cfi_startproc
  30              		@ args = 0, pretend = 0, frame = 0
  31              		@ frame_needed = 0, uses_anonymous_args = 0
  32              	.LVL0:
  33 0000 10B5     		push	{r4, lr}
  34              	.LCFI0:
  35              		.cfi_def_cfa_offset 8
  36              		.cfi_offset 4, -8
  37              		.cfi_offset 14, -4
  42:/Users/imashio/Electronics/ARM/_Library/u8x8_gpio.c ****   u8x8->gpio_and_delay_cb(u8x8, msg, arg, NULL);
  38              		.loc 1 42 0
  39 0002 4469     		ldr	r4, [r0, #20]
  40 0004 0023     		movs	r3, #0
  41 0006 A047     		blx	r4
  42              	.LVL1:
  43:/Users/imashio/Electronics/ARM/_Library/u8x8_gpio.c **** }
  43              		.loc 1 43 0
  44 0008 10BD     		pop	{r4, pc}
  45              		.cfi_endproc
  46              	.LFE0:
  48              		.text
  49              	.Letext0:
  50              		.file 2 "/usr/local/gcc-arm-none-eabi-7-2018-q2-update/arm-none-eabi/include/machine/_default_type
  51              		.file 3 "/usr/local/gcc-arm-none-eabi-7-2018-q2-update/arm-none-eabi/include/sys/_stdint.h"
  52              		.file 4 "/Users/imashio/Electronics/ARM/_Library/u8x8.h"
ARM GAS  /var/folders/v3/wysfpd052nz8jkbx04pk0ym80000gn/T//cc5CQzpx.s 			page 3


DEFINED SYMBOLS
                            *ABS*:0000000000000000 u8x8_gpio.c
/var/folders/v3/wysfpd052nz8jkbx04pk0ym80000gn/T//cc5CQzpx.s:18     .text.u8x8_gpio_call:0000000000000000 $t
/var/folders/v3/wysfpd052nz8jkbx04pk0ym80000gn/T//cc5CQzpx.s:25     .text.u8x8_gpio_call:0000000000000000 u8x8_gpio_call

NO UNDEFINED SYMBOLS
