ARM GAS  /var/folders/v3/wysfpd052nz8jkbx04pk0ym80000gn/T//cc9EiJ3k.s 			page 1


   1              		.cpu cortex-m4
   2              		.eabi_attribute 27, 1
   3              		.eabi_attribute 28, 1
   4              		.eabi_attribute 20, 1
   5              		.eabi_attribute 21, 1
   6              		.eabi_attribute 23, 3
   7              		.eabi_attribute 24, 1
   8              		.eabi_attribute 25, 1
   9              		.eabi_attribute 26, 1
  10              		.eabi_attribute 30, 2
  11              		.eabi_attribute 34, 1
  12              		.eabi_attribute 18, 4
  13              		.file	"u8x8_d_max7219.c"
  14              		.text
  15              	.Ltext0:
  16              		.cfi_sections	.debug_frame
  17              		.section	.text.u8x8_d_max7219_32x8,"ax",%progbits
  18              		.align	1
  19              		.p2align 2,,3
  20              		.global	u8x8_d_max7219_32x8
  21              		.syntax unified
  22              		.thumb
  23              		.thumb_func
  24              		.fpu fpv4-sp-d16
  26              	u8x8_d_max7219_32x8:
  27              	.LFB1:
  28              		.file 1 "/Users/imashio/Electronics/ARM/_Library/u8x8_d_max7219.c"
   1:/Users/imashio/Electronics/ARM/_Library/u8x8_d_max7219.c **** /*
   2:/Users/imashio/Electronics/ARM/_Library/u8x8_d_max7219.c **** 
   3:/Users/imashio/Electronics/ARM/_Library/u8x8_d_max7219.c ****   u8x8_d_max7219.c
   4:/Users/imashio/Electronics/ARM/_Library/u8x8_d_max7219.c ****   
   5:/Users/imashio/Electronics/ARM/_Library/u8x8_d_max7219.c ****   Universal 8bit Graphics Library (https://github.com/olikraus/u8g2/)
   6:/Users/imashio/Electronics/ARM/_Library/u8x8_d_max7219.c **** 
   7:/Users/imashio/Electronics/ARM/_Library/u8x8_d_max7219.c ****   Copyright (c) 2017, olikraus@gmail.com
   8:/Users/imashio/Electronics/ARM/_Library/u8x8_d_max7219.c ****   All rights reserved.
   9:/Users/imashio/Electronics/ARM/_Library/u8x8_d_max7219.c **** 
  10:/Users/imashio/Electronics/ARM/_Library/u8x8_d_max7219.c ****   Redistribution and use in source and binary forms, with or without modification, 
  11:/Users/imashio/Electronics/ARM/_Library/u8x8_d_max7219.c ****   are permitted provided that the following conditions are met:
  12:/Users/imashio/Electronics/ARM/_Library/u8x8_d_max7219.c **** 
  13:/Users/imashio/Electronics/ARM/_Library/u8x8_d_max7219.c ****   * Redistributions of source code must retain the above copyright notice, this list 
  14:/Users/imashio/Electronics/ARM/_Library/u8x8_d_max7219.c ****     of conditions and the following disclaimer.
  15:/Users/imashio/Electronics/ARM/_Library/u8x8_d_max7219.c ****     
  16:/Users/imashio/Electronics/ARM/_Library/u8x8_d_max7219.c ****   * Redistributions in binary form must reproduce the above copyright notice, this 
  17:/Users/imashio/Electronics/ARM/_Library/u8x8_d_max7219.c ****     list of conditions and the following disclaimer in the documentation and/or other 
  18:/Users/imashio/Electronics/ARM/_Library/u8x8_d_max7219.c ****     materials provided with the distribution.
  19:/Users/imashio/Electronics/ARM/_Library/u8x8_d_max7219.c **** 
  20:/Users/imashio/Electronics/ARM/_Library/u8x8_d_max7219.c ****   THIS SOFTWARE IS PROVIDED BY THE COPYRIGHT HOLDERS AND 
  21:/Users/imashio/Electronics/ARM/_Library/u8x8_d_max7219.c ****   CONTRIBUTORS "AS IS" AND ANY EXPRESS OR IMPLIED WARRANTIES, 
  22:/Users/imashio/Electronics/ARM/_Library/u8x8_d_max7219.c ****   INCLUDING, BUT NOT LIMITED TO, THE IMPLIED WARRANTIES OF 
  23:/Users/imashio/Electronics/ARM/_Library/u8x8_d_max7219.c ****   MERCHANTABILITY AND FITNESS FOR A PARTICULAR PURPOSE ARE 
  24:/Users/imashio/Electronics/ARM/_Library/u8x8_d_max7219.c ****   DISCLAIMED. IN NO EVENT SHALL THE COPYRIGHT HOLDER OR 
  25:/Users/imashio/Electronics/ARM/_Library/u8x8_d_max7219.c ****   CONTRIBUTORS BE LIABLE FOR ANY DIRECT, INDIRECT, INCIDENTAL, 
  26:/Users/imashio/Electronics/ARM/_Library/u8x8_d_max7219.c ****   SPECIAL, EXEMPLARY, OR CONSEQUENTIAL DAMAGES (INCLUDING, BUT 
  27:/Users/imashio/Electronics/ARM/_Library/u8x8_d_max7219.c ****   NOT LIMITED TO, PROCUREMENT OF SUBSTITUTE GOODS OR SERVICES; 
  28:/Users/imashio/Electronics/ARM/_Library/u8x8_d_max7219.c ****   LOSS OF USE, DATA, OR PROFITS; OR BUSINESS INTERRUPTION) HOWEVER 
  29:/Users/imashio/Electronics/ARM/_Library/u8x8_d_max7219.c ****   CAUSED AND ON ANY THEORY OF LIABILITY, WHETHER IN CONTRACT, 
  30:/Users/imashio/Electronics/ARM/_Library/u8x8_d_max7219.c ****   STRICT LIABILITY, OR TORT (INCLUDING NEGLIGENCE OR OTHERWISE) 
ARM GAS  /var/folders/v3/wysfpd052nz8jkbx04pk0ym80000gn/T//cc9EiJ3k.s 			page 2


  31:/Users/imashio/Electronics/ARM/_Library/u8x8_d_max7219.c ****   ARISING IN ANY WAY OUT OF THE USE OF THIS SOFTWARE, EVEN IF 
  32:/Users/imashio/Electronics/ARM/_Library/u8x8_d_max7219.c ****   ADVISED OF THE POSSIBILITY OF SUCH DAMAGE.  
  33:/Users/imashio/Electronics/ARM/_Library/u8x8_d_max7219.c ****   
  34:/Users/imashio/Electronics/ARM/_Library/u8x8_d_max7219.c **** */
  35:/Users/imashio/Electronics/ARM/_Library/u8x8_d_max7219.c **** 
  36:/Users/imashio/Electronics/ARM/_Library/u8x8_d_max7219.c **** 
  37:/Users/imashio/Electronics/ARM/_Library/u8x8_d_max7219.c **** #include "u8x8.h"
  38:/Users/imashio/Electronics/ARM/_Library/u8x8_d_max7219.c **** 
  39:/Users/imashio/Electronics/ARM/_Library/u8x8_d_max7219.c **** 
  40:/Users/imashio/Electronics/ARM/_Library/u8x8_d_max7219.c **** 
  41:/Users/imashio/Electronics/ARM/_Library/u8x8_d_max7219.c **** static const uint8_t u8x8_d_max7219_init_seq[] = {
  42:/Users/imashio/Electronics/ARM/_Library/u8x8_d_max7219.c **** 
  43:/Users/imashio/Electronics/ARM/_Library/u8x8_d_max7219.c ****   U8X8_START_TRANSFER(),             	/* enable chip, delay is part of the transfer start */  
  44:/Users/imashio/Electronics/ARM/_Library/u8x8_d_max7219.c ****   U8X8_CA(15, 0),				/* test mode off */
  45:/Users/imashio/Electronics/ARM/_Library/u8x8_d_max7219.c ****   U8X8_CA(15, 0),				/* test mode off */
  46:/Users/imashio/Electronics/ARM/_Library/u8x8_d_max7219.c ****   U8X8_CA(15, 0),				/* test mode off */
  47:/Users/imashio/Electronics/ARM/_Library/u8x8_d_max7219.c ****   U8X8_CA(15, 0),				/* test mode off */
  48:/Users/imashio/Electronics/ARM/_Library/u8x8_d_max7219.c ****   U8X8_END_TRANSFER(),             	/* disable chip */
  49:/Users/imashio/Electronics/ARM/_Library/u8x8_d_max7219.c **** 
  50:/Users/imashio/Electronics/ARM/_Library/u8x8_d_max7219.c ****   U8X8_START_TRANSFER(),             	/* enable chip, delay is part of the transfer start */  
  51:/Users/imashio/Electronics/ARM/_Library/u8x8_d_max7219.c ****   U8X8_CA(12, 0),				/*  */
  52:/Users/imashio/Electronics/ARM/_Library/u8x8_d_max7219.c ****   U8X8_CA(12, 0),				/*  */
  53:/Users/imashio/Electronics/ARM/_Library/u8x8_d_max7219.c ****   U8X8_CA(12, 0),				/*  */
  54:/Users/imashio/Electronics/ARM/_Library/u8x8_d_max7219.c ****   U8X8_CA(12, 0),				/*  */
  55:/Users/imashio/Electronics/ARM/_Library/u8x8_d_max7219.c ****   U8X8_END_TRANSFER(),             	/* disable chip */
  56:/Users/imashio/Electronics/ARM/_Library/u8x8_d_max7219.c ****   
  57:/Users/imashio/Electronics/ARM/_Library/u8x8_d_max7219.c ****   U8X8_START_TRANSFER(),             	/* enable chip, delay is part of the transfer start */  
  58:/Users/imashio/Electronics/ARM/_Library/u8x8_d_max7219.c ****   U8X8_CA(9, 0),				/* decode mode: graphics */
  59:/Users/imashio/Electronics/ARM/_Library/u8x8_d_max7219.c ****   U8X8_CA(9, 0),				/* decode mode: graphics */
  60:/Users/imashio/Electronics/ARM/_Library/u8x8_d_max7219.c ****   U8X8_CA(9, 0),				/* decode mode: graphics */
  61:/Users/imashio/Electronics/ARM/_Library/u8x8_d_max7219.c ****   U8X8_CA(9, 0),				/* decode mode: graphics */
  62:/Users/imashio/Electronics/ARM/_Library/u8x8_d_max7219.c ****   U8X8_END_TRANSFER(),             	/* disable chip */
  63:/Users/imashio/Electronics/ARM/_Library/u8x8_d_max7219.c ****   
  64:/Users/imashio/Electronics/ARM/_Library/u8x8_d_max7219.c ****   U8X8_START_TRANSFER(),             	/* enable chip, delay is part of the transfer start */  
  65:/Users/imashio/Electronics/ARM/_Library/u8x8_d_max7219.c ****   U8X8_CA(10, 10),				/* medium high intensity */
  66:/Users/imashio/Electronics/ARM/_Library/u8x8_d_max7219.c ****   U8X8_CA(10, 10),				/* medium high intensity */
  67:/Users/imashio/Electronics/ARM/_Library/u8x8_d_max7219.c ****   U8X8_CA(10, 10),				/* medium high intensity */
  68:/Users/imashio/Electronics/ARM/_Library/u8x8_d_max7219.c ****   U8X8_CA(10, 10),				/* medium high intensity */
  69:/Users/imashio/Electronics/ARM/_Library/u8x8_d_max7219.c ****   U8X8_END_TRANSFER(),             	/* disable chip */
  70:/Users/imashio/Electronics/ARM/_Library/u8x8_d_max7219.c ****   
  71:/Users/imashio/Electronics/ARM/_Library/u8x8_d_max7219.c ****   U8X8_START_TRANSFER(),             	/* enable chip, delay is part of the transfer start */  
  72:/Users/imashio/Electronics/ARM/_Library/u8x8_d_max7219.c ****   U8X8_CA(11, 7),				/* scan limit: display all digits (assuming a 8x8 matrix) */
  73:/Users/imashio/Electronics/ARM/_Library/u8x8_d_max7219.c ****   U8X8_CA(11, 7),				/* scan limit: display all digits (assuming a 8x8 matrix) */
  74:/Users/imashio/Electronics/ARM/_Library/u8x8_d_max7219.c ****   U8X8_CA(11, 7),				/* scan limit: display all digits (assuming a 8x8 matrix) */
  75:/Users/imashio/Electronics/ARM/_Library/u8x8_d_max7219.c ****   U8X8_CA(11, 7),				/* scan limit: display all digits (assuming a 8x8 matrix) */
  76:/Users/imashio/Electronics/ARM/_Library/u8x8_d_max7219.c ****   U8X8_END_TRANSFER(),             	/* disable chip */
  77:/Users/imashio/Electronics/ARM/_Library/u8x8_d_max7219.c **** 
  78:/Users/imashio/Electronics/ARM/_Library/u8x8_d_max7219.c **** 
  79:/Users/imashio/Electronics/ARM/_Library/u8x8_d_max7219.c ****   //U8X8_CA(12, 0),				/* shutdown */
  80:/Users/imashio/Electronics/ARM/_Library/u8x8_d_max7219.c ****     
  81:/Users/imashio/Electronics/ARM/_Library/u8x8_d_max7219.c ****   //U8X8_END_TRANSFER(),             	/* disable chip */
  82:/Users/imashio/Electronics/ARM/_Library/u8x8_d_max7219.c ****   U8X8_END()             			/* end of sequence */
  83:/Users/imashio/Electronics/ARM/_Library/u8x8_d_max7219.c **** };
  84:/Users/imashio/Electronics/ARM/_Library/u8x8_d_max7219.c **** 
  85:/Users/imashio/Electronics/ARM/_Library/u8x8_d_max7219.c **** static const uint8_t u8x8_d_max7219_powersave0_seq[] = {
  86:/Users/imashio/Electronics/ARM/_Library/u8x8_d_max7219.c ****   U8X8_START_TRANSFER(),             	/* enable chip, delay is part of the transfer start */
  87:/Users/imashio/Electronics/ARM/_Library/u8x8_d_max7219.c ****   U8X8_CA(12, 1),				/* display on */
ARM GAS  /var/folders/v3/wysfpd052nz8jkbx04pk0ym80000gn/T//cc9EiJ3k.s 			page 3


  88:/Users/imashio/Electronics/ARM/_Library/u8x8_d_max7219.c ****   U8X8_CA(12, 1),				/* display on */
  89:/Users/imashio/Electronics/ARM/_Library/u8x8_d_max7219.c ****   U8X8_CA(12, 1),				/* display on */
  90:/Users/imashio/Electronics/ARM/_Library/u8x8_d_max7219.c ****   U8X8_CA(12, 1),				/* display on */
  91:/Users/imashio/Electronics/ARM/_Library/u8x8_d_max7219.c ****   U8X8_END_TRANSFER(),             	/* disable chip */
  92:/Users/imashio/Electronics/ARM/_Library/u8x8_d_max7219.c ****   U8X8_END()             			/* end of sequence */
  93:/Users/imashio/Electronics/ARM/_Library/u8x8_d_max7219.c **** };
  94:/Users/imashio/Electronics/ARM/_Library/u8x8_d_max7219.c **** 
  95:/Users/imashio/Electronics/ARM/_Library/u8x8_d_max7219.c **** static const uint8_t u8x8_d_max7219_powersave1_seq[] = {
  96:/Users/imashio/Electronics/ARM/_Library/u8x8_d_max7219.c ****   U8X8_START_TRANSFER(),             	/* enable chip, delay is part of the transfer start */
  97:/Users/imashio/Electronics/ARM/_Library/u8x8_d_max7219.c ****   U8X8_CA(12, 0),				/* shutdown */
  98:/Users/imashio/Electronics/ARM/_Library/u8x8_d_max7219.c ****   U8X8_CA(12, 0),				/* shutdown */
  99:/Users/imashio/Electronics/ARM/_Library/u8x8_d_max7219.c ****   U8X8_CA(12, 0),				/* shutdown */
 100:/Users/imashio/Electronics/ARM/_Library/u8x8_d_max7219.c ****   U8X8_CA(12, 0),				/* shutdown */
 101:/Users/imashio/Electronics/ARM/_Library/u8x8_d_max7219.c ****   U8X8_END_TRANSFER(),             	/* disable chip */
 102:/Users/imashio/Electronics/ARM/_Library/u8x8_d_max7219.c ****   U8X8_END()             			/* end of sequence */
 103:/Users/imashio/Electronics/ARM/_Library/u8x8_d_max7219.c **** };
 104:/Users/imashio/Electronics/ARM/_Library/u8x8_d_max7219.c **** 
 105:/Users/imashio/Electronics/ARM/_Library/u8x8_d_max7219.c **** 
 106:/Users/imashio/Electronics/ARM/_Library/u8x8_d_max7219.c **** static uint8_t u8x8_d_max7219_generic(u8x8_t *u8x8, uint8_t msg, uint8_t arg_int, void *arg_ptr)
 107:/Users/imashio/Electronics/ARM/_Library/u8x8_d_max7219.c **** {
 108:/Users/imashio/Electronics/ARM/_Library/u8x8_d_max7219.c ****   uint8_t c, j, i;
 109:/Users/imashio/Electronics/ARM/_Library/u8x8_d_max7219.c ****   uint8_t *ptr;
 110:/Users/imashio/Electronics/ARM/_Library/u8x8_d_max7219.c ****   switch(msg)
 111:/Users/imashio/Electronics/ARM/_Library/u8x8_d_max7219.c ****   {
 112:/Users/imashio/Electronics/ARM/_Library/u8x8_d_max7219.c ****     /* handled by the calling function
 113:/Users/imashio/Electronics/ARM/_Library/u8x8_d_max7219.c ****     case U8X8_MSG_DISPLAY_SETUP_MEMORY:
 114:/Users/imashio/Electronics/ARM/_Library/u8x8_d_max7219.c ****       u8x8_d_helper_display_setup_memory(u8x8, &u8x8_pcf8812_96x65_display_info);
 115:/Users/imashio/Electronics/ARM/_Library/u8x8_d_max7219.c ****       break;
 116:/Users/imashio/Electronics/ARM/_Library/u8x8_d_max7219.c ****     */
 117:/Users/imashio/Electronics/ARM/_Library/u8x8_d_max7219.c ****     case U8X8_MSG_DISPLAY_INIT:
 118:/Users/imashio/Electronics/ARM/_Library/u8x8_d_max7219.c ****       u8x8_d_helper_display_init(u8x8);
 119:/Users/imashio/Electronics/ARM/_Library/u8x8_d_max7219.c ****       u8x8_cad_SendSequence(u8x8, u8x8_d_max7219_init_seq);    
 120:/Users/imashio/Electronics/ARM/_Library/u8x8_d_max7219.c ****       break;
 121:/Users/imashio/Electronics/ARM/_Library/u8x8_d_max7219.c ****     case U8X8_MSG_DISPLAY_SET_POWER_SAVE:
 122:/Users/imashio/Electronics/ARM/_Library/u8x8_d_max7219.c ****       if ( arg_int == 0 )
 123:/Users/imashio/Electronics/ARM/_Library/u8x8_d_max7219.c **** 	u8x8_cad_SendSequence(u8x8, u8x8_d_max7219_powersave0_seq);
 124:/Users/imashio/Electronics/ARM/_Library/u8x8_d_max7219.c ****       else
 125:/Users/imashio/Electronics/ARM/_Library/u8x8_d_max7219.c **** 	u8x8_cad_SendSequence(u8x8, u8x8_d_max7219_powersave1_seq);
 126:/Users/imashio/Electronics/ARM/_Library/u8x8_d_max7219.c ****       break;
 127:/Users/imashio/Electronics/ARM/_Library/u8x8_d_max7219.c **** /*  not supported by MAX7219
 128:/Users/imashio/Electronics/ARM/_Library/u8x8_d_max7219.c ****     case U8X8_MSG_DISPLAY_SET_FLIP_MODE:
 129:/Users/imashio/Electronics/ARM/_Library/u8x8_d_max7219.c ****       break;
 130:/Users/imashio/Electronics/ARM/_Library/u8x8_d_max7219.c **** */
 131:/Users/imashio/Electronics/ARM/_Library/u8x8_d_max7219.c **** #ifdef U8X8_WITH_SET_CONTRAST
 132:/Users/imashio/Electronics/ARM/_Library/u8x8_d_max7219.c ****     case U8X8_MSG_DISPLAY_SET_CONTRAST:
 133:/Users/imashio/Electronics/ARM/_Library/u8x8_d_max7219.c ****       u8x8_cad_StartTransfer(u8x8);
 134:/Users/imashio/Electronics/ARM/_Library/u8x8_d_max7219.c ****       u8x8_cad_SendCmd(u8x8, 10 );    /* brightness */
 135:/Users/imashio/Electronics/ARM/_Library/u8x8_d_max7219.c ****       u8x8_cad_SendArg(u8x8, (arg_int>>4) );	/* 0..15 for contrast */
 136:/Users/imashio/Electronics/ARM/_Library/u8x8_d_max7219.c ****       u8x8_cad_SendCmd(u8x8, 10 );    /* brightness */
 137:/Users/imashio/Electronics/ARM/_Library/u8x8_d_max7219.c ****       u8x8_cad_SendArg(u8x8, (arg_int>>4) );	/* 0..15 for contrast */
 138:/Users/imashio/Electronics/ARM/_Library/u8x8_d_max7219.c ****       u8x8_cad_SendCmd(u8x8, 10 );    /* brightness */
 139:/Users/imashio/Electronics/ARM/_Library/u8x8_d_max7219.c ****       u8x8_cad_SendArg(u8x8, (arg_int>>4) );	/* 0..15 for contrast */
 140:/Users/imashio/Electronics/ARM/_Library/u8x8_d_max7219.c ****       u8x8_cad_SendCmd(u8x8, 10 );    /* brightness */
 141:/Users/imashio/Electronics/ARM/_Library/u8x8_d_max7219.c ****       u8x8_cad_SendArg(u8x8, (arg_int>>4) );	/* 0..15 for contrast */
 142:/Users/imashio/Electronics/ARM/_Library/u8x8_d_max7219.c ****       u8x8_cad_EndTransfer(u8x8);
 143:/Users/imashio/Electronics/ARM/_Library/u8x8_d_max7219.c ****       break;
 144:/Users/imashio/Electronics/ARM/_Library/u8x8_d_max7219.c **** #endif
ARM GAS  /var/folders/v3/wysfpd052nz8jkbx04pk0ym80000gn/T//cc9EiJ3k.s 			page 4


 145:/Users/imashio/Electronics/ARM/_Library/u8x8_d_max7219.c ****     case U8X8_MSG_DISPLAY_DRAW_TILE:
 146:/Users/imashio/Electronics/ARM/_Library/u8x8_d_max7219.c ****       /* transfer always has to start at x pos 0 (u8x8 is not supported) */
 147:/Users/imashio/Electronics/ARM/_Library/u8x8_d_max7219.c ****       /* also y pos has to be 0 */
 148:/Users/imashio/Electronics/ARM/_Library/u8x8_d_max7219.c ****       /* arg_int is ignored */
 149:/Users/imashio/Electronics/ARM/_Library/u8x8_d_max7219.c ****       //x = ((u8x8_tile_t *)arg_ptr)->x_pos;    
 150:/Users/imashio/Electronics/ARM/_Library/u8x8_d_max7219.c **** 
 151:/Users/imashio/Electronics/ARM/_Library/u8x8_d_max7219.c ****       c = ((u8x8_tile_t *)arg_ptr)->cnt;	/* number of tiles */
 152:/Users/imashio/Electronics/ARM/_Library/u8x8_d_max7219.c ****       ptr = ((u8x8_tile_t *)arg_ptr)->tile_ptr;	/* data ptr to the tiles */
 153:/Users/imashio/Electronics/ARM/_Library/u8x8_d_max7219.c ****       for( i = 0; i < 8; i++ )
 154:/Users/imashio/Electronics/ARM/_Library/u8x8_d_max7219.c ****       {
 155:/Users/imashio/Electronics/ARM/_Library/u8x8_d_max7219.c **** 	u8x8_cad_StartTransfer(u8x8);
 156:/Users/imashio/Electronics/ARM/_Library/u8x8_d_max7219.c **** 	for( j = 0; j < c; j++ )
 157:/Users/imashio/Electronics/ARM/_Library/u8x8_d_max7219.c **** 	{
 158:/Users/imashio/Electronics/ARM/_Library/u8x8_d_max7219.c **** 	  u8x8_cad_SendCmd(u8x8, i+1);
 159:/Users/imashio/Electronics/ARM/_Library/u8x8_d_max7219.c **** 	  u8x8_cad_SendArg(u8x8, *ptr );
 160:/Users/imashio/Electronics/ARM/_Library/u8x8_d_max7219.c **** 	  ptr++;
 161:/Users/imashio/Electronics/ARM/_Library/u8x8_d_max7219.c **** 	}
 162:/Users/imashio/Electronics/ARM/_Library/u8x8_d_max7219.c **** 	u8x8_cad_EndTransfer(u8x8);
 163:/Users/imashio/Electronics/ARM/_Library/u8x8_d_max7219.c ****       }
 164:/Users/imashio/Electronics/ARM/_Library/u8x8_d_max7219.c ****       
 165:/Users/imashio/Electronics/ARM/_Library/u8x8_d_max7219.c ****       break;
 166:/Users/imashio/Electronics/ARM/_Library/u8x8_d_max7219.c ****     default:
 167:/Users/imashio/Electronics/ARM/_Library/u8x8_d_max7219.c ****       return 0;
 168:/Users/imashio/Electronics/ARM/_Library/u8x8_d_max7219.c ****   }
 169:/Users/imashio/Electronics/ARM/_Library/u8x8_d_max7219.c ****   return 1;
 170:/Users/imashio/Electronics/ARM/_Library/u8x8_d_max7219.c **** }
 171:/Users/imashio/Electronics/ARM/_Library/u8x8_d_max7219.c **** 
 172:/Users/imashio/Electronics/ARM/_Library/u8x8_d_max7219.c **** 
 173:/Users/imashio/Electronics/ARM/_Library/u8x8_d_max7219.c **** static const u8x8_display_info_t u8x8_max7219_32x8_display_info =
 174:/Users/imashio/Electronics/ARM/_Library/u8x8_d_max7219.c **** {
 175:/Users/imashio/Electronics/ARM/_Library/u8x8_d_max7219.c ****   /* chip_enable_level = */ 0,
 176:/Users/imashio/Electronics/ARM/_Library/u8x8_d_max7219.c ****   /* chip_disable_level = */ 1,
 177:/Users/imashio/Electronics/ARM/_Library/u8x8_d_max7219.c ****   
 178:/Users/imashio/Electronics/ARM/_Library/u8x8_d_max7219.c ****   /* post_chip_enable_wait_ns = */ 100,
 179:/Users/imashio/Electronics/ARM/_Library/u8x8_d_max7219.c ****   /* pre_chip_disable_wait_ns = */ 100,
 180:/Users/imashio/Electronics/ARM/_Library/u8x8_d_max7219.c ****   /* reset_pulse_width_ms = */ 100, 
 181:/Users/imashio/Electronics/ARM/_Library/u8x8_d_max7219.c ****   /* post_reset_wait_ms = */ 100, 
 182:/Users/imashio/Electronics/ARM/_Library/u8x8_d_max7219.c ****   /* sda_setup_time_ns = */ 100,	
 183:/Users/imashio/Electronics/ARM/_Library/u8x8_d_max7219.c ****   /* sck_pulse_width_ns = */ 100,	
 184:/Users/imashio/Electronics/ARM/_Library/u8x8_d_max7219.c ****   /* sck_clock_hz = */ 4000000UL,	/* since Arduino 1.6.0, the SPI bus speed in Hz. Should be  10000
 185:/Users/imashio/Electronics/ARM/_Library/u8x8_d_max7219.c ****   /* spi_mode = */ 0,		/* active high, rising edge */
 186:/Users/imashio/Electronics/ARM/_Library/u8x8_d_max7219.c ****   /* i2c_bus_clock_100kHz = */ 4,
 187:/Users/imashio/Electronics/ARM/_Library/u8x8_d_max7219.c ****   /* data_setup_time_ns = */ 40,
 188:/Users/imashio/Electronics/ARM/_Library/u8x8_d_max7219.c ****   /* write_pulse_width_ns = */ 150,	
 189:/Users/imashio/Electronics/ARM/_Library/u8x8_d_max7219.c ****   /* tile_width = */ 4,
 190:/Users/imashio/Electronics/ARM/_Library/u8x8_d_max7219.c ****   /* tile_hight = */ 1,
 191:/Users/imashio/Electronics/ARM/_Library/u8x8_d_max7219.c ****   /* default_x_offset = */ 0,
 192:/Users/imashio/Electronics/ARM/_Library/u8x8_d_max7219.c ****   /* flipmode_x_offset = */ 0,
 193:/Users/imashio/Electronics/ARM/_Library/u8x8_d_max7219.c ****   /* pixel_width = */ 32,
 194:/Users/imashio/Electronics/ARM/_Library/u8x8_d_max7219.c ****   /* pixel_height = */ 16
 195:/Users/imashio/Electronics/ARM/_Library/u8x8_d_max7219.c **** };
 196:/Users/imashio/Electronics/ARM/_Library/u8x8_d_max7219.c **** 
 197:/Users/imashio/Electronics/ARM/_Library/u8x8_d_max7219.c **** uint8_t u8x8_d_max7219_32x8(u8x8_t *u8x8, uint8_t msg, uint8_t arg_int, void *arg_ptr)
 198:/Users/imashio/Electronics/ARM/_Library/u8x8_d_max7219.c **** {
  29              		.loc 1 198 0
  30              		.cfi_startproc
  31              		@ args = 0, pretend = 0, frame = 0
ARM GAS  /var/folders/v3/wysfpd052nz8jkbx04pk0ym80000gn/T//cc9EiJ3k.s 			page 5


  32              		@ frame_needed = 0, uses_anonymous_args = 0
  33              	.LVL0:
 199:/Users/imashio/Electronics/ARM/_Library/u8x8_d_max7219.c ****     if ( msg == U8X8_MSG_DISPLAY_SETUP_MEMORY )
  34              		.loc 1 199 0
  35 0000 0929     		cmp	r1, #9
 198:/Users/imashio/Electronics/ARM/_Library/u8x8_d_max7219.c ****     if ( msg == U8X8_MSG_DISPLAY_SETUP_MEMORY )
  36              		.loc 1 198 0
  37 0002 2DE9F843 		push	{r3, r4, r5, r6, r7, r8, r9, lr}
  38              	.LCFI0:
  39              		.cfi_def_cfa_offset 32
  40              		.cfi_offset 3, -32
  41              		.cfi_offset 4, -28
  42              		.cfi_offset 5, -24
  43              		.cfi_offset 6, -20
  44              		.cfi_offset 7, -16
  45              		.cfi_offset 8, -12
  46              		.cfi_offset 9, -8
  47              		.cfi_offset 14, -4
  48              		.loc 1 199 0
  49 0006 08D0     		beq	.L21
  50              	.LBB4:
  51              	.LBB5:
 110:/Users/imashio/Electronics/ARM/_Library/u8x8_d_max7219.c ****   {
  52              		.loc 1 110 0
  53 0008 0A39     		subs	r1, r1, #10
  54              	.LVL1:
  55 000a 0546     		mov	r5, r0
  56              	.LVL2:
  57 000c 0529     		cmp	r1, #5
  58 000e 6CD8     		bhi	.L13
  59 0010 DFE801F0 		tbb	[pc, r1]
  60              	.LVL3:
  61              	.L5:
  62 0014 30       		.byte	(.L4-.L5)/2
  63 0015 3A       		.byte	(.L6-.L5)/2
  64 0016 6B       		.byte	(.L13-.L5)/2
  65 0017 6B       		.byte	(.L13-.L5)/2
  66 0018 41       		.byte	(.L7-.L5)/2
  67 0019 09       		.byte	(.L8-.L5)/2
  68              		.p2align 1
  69              	.L21:
  70              	.LBE5:
  71              	.LBE4:
 200:/Users/imashio/Electronics/ARM/_Library/u8x8_d_max7219.c ****     {
 201:/Users/imashio/Electronics/ARM/_Library/u8x8_d_max7219.c ****       u8x8_d_helper_display_setup_memory(u8x8, &u8x8_max7219_32x8_display_info);
  72              		.loc 1 201 0
  73 001a 3749     		ldr	r1, .L22
  74              	.LVL4:
  75 001c FFF7FEFF 		bl	u8x8_d_helper_display_setup_memory
  76              	.LVL5:
 202:/Users/imashio/Electronics/ARM/_Library/u8x8_d_max7219.c ****       return 1;
  77              		.loc 1 202 0
  78 0020 0120     		movs	r0, #1
  79              	.L3:
 203:/Users/imashio/Electronics/ARM/_Library/u8x8_d_max7219.c ****     }
 204:/Users/imashio/Electronics/ARM/_Library/u8x8_d_max7219.c ****     return u8x8_d_max7219_generic(u8x8, msg, arg_int, arg_ptr);
 205:/Users/imashio/Electronics/ARM/_Library/u8x8_d_max7219.c **** }
ARM GAS  /var/folders/v3/wysfpd052nz8jkbx04pk0ym80000gn/T//cc9EiJ3k.s 			page 6


  80              		.loc 1 205 0
  81 0022 BDE8F883 		pop	{r3, r4, r5, r6, r7, r8, r9, pc}
  82              	.LVL6:
  83              	.L8:
  84              	.LBB10:
  85              	.LBB6:
 151:/Users/imashio/Electronics/ARM/_Library/u8x8_d_max7219.c ****       ptr = ((u8x8_tile_t *)arg_ptr)->tile_ptr;	/* data ptr to the tiles */
  86              		.loc 1 151 0
  87 0026 93F80490 		ldrb	r9, [r3, #4]	@ zero_extendqisi2
  88              	.LVL7:
 152:/Users/imashio/Electronics/ARM/_Library/u8x8_d_max7219.c ****       for( i = 0; i < 8; i++ )
  89              		.loc 1 152 0
  90 002a 1C68     		ldr	r4, [r3]
  91              	.LVL8:
  92 002c 09F1FF38 		add	r8, r9, #-1
  93 0030 5FFA88F8 		uxtb	r8, r8
  94 0034 08F10108 		add	r8, r8, #1
 153:/Users/imashio/Electronics/ARM/_Library/u8x8_d_max7219.c ****       {
  95              		.loc 1 153 0
  96 0038 0026     		movs	r6, #0
  97              	.LVL9:
  98              	.L12:
 155:/Users/imashio/Electronics/ARM/_Library/u8x8_d_max7219.c **** 	for( j = 0; j < c; j++ )
  99              		.loc 1 155 0
 100 003a 2846     		mov	r0, r5
 101 003c 0136     		adds	r6, r6, #1
 102              	.LVL10:
 103 003e FFF7FEFF 		bl	u8x8_cad_StartTransfer
 104              	.LVL11:
 105 0042 F6B2     		uxtb	r6, r6
 156:/Users/imashio/Electronics/ARM/_Library/u8x8_d_max7219.c **** 	{
 106              		.loc 1 156 0
 107 0044 B9F1000F 		cmp	r9, #0
 108 0048 0CD0     		beq	.L10
 109 004a 04EB0807 		add	r7, r4, r8
 110              	.LVL12:
 111              	.L11:
 158:/Users/imashio/Electronics/ARM/_Library/u8x8_d_max7219.c **** 	  u8x8_cad_SendArg(u8x8, *ptr );
 112              		.loc 1 158 0
 113 004e 3146     		mov	r1, r6
 114 0050 2846     		mov	r0, r5
 115 0052 FFF7FEFF 		bl	u8x8_cad_SendCmd
 116              	.LVL13:
 159:/Users/imashio/Electronics/ARM/_Library/u8x8_d_max7219.c **** 	  ptr++;
 117              		.loc 1 159 0
 118 0056 14F8011B 		ldrb	r1, [r4], #1	@ zero_extendqisi2
 119              	.LVL14:
 120 005a 2846     		mov	r0, r5
 121 005c FFF7FEFF 		bl	u8x8_cad_SendArg
 122              	.LVL15:
 156:/Users/imashio/Electronics/ARM/_Library/u8x8_d_max7219.c **** 	{
 123              		.loc 1 156 0
 124 0060 BC42     		cmp	r4, r7
 125 0062 F4D1     		bne	.L11
 126              	.LVL16:
 127              	.L10:
 162:/Users/imashio/Electronics/ARM/_Library/u8x8_d_max7219.c ****       }
ARM GAS  /var/folders/v3/wysfpd052nz8jkbx04pk0ym80000gn/T//cc9EiJ3k.s 			page 7


 128              		.loc 1 162 0
 129 0064 2846     		mov	r0, r5
 130 0066 FFF7FEFF 		bl	u8x8_cad_EndTransfer
 131              	.LVL17:
 153:/Users/imashio/Electronics/ARM/_Library/u8x8_d_max7219.c ****       {
 132              		.loc 1 153 0
 133 006a 082E     		cmp	r6, #8
 134 006c E5D1     		bne	.L12
 169:/Users/imashio/Electronics/ARM/_Library/u8x8_d_max7219.c **** }
 135              		.loc 1 169 0
 136 006e 0120     		movs	r0, #1
 137              	.LBE6:
 138              	.LBE10:
 139              		.loc 1 205 0
 140 0070 BDE8F883 		pop	{r3, r4, r5, r6, r7, r8, r9, pc}
 141              	.LVL18:
 142              	.L4:
 143              	.LBB11:
 144              	.LBB7:
 118:/Users/imashio/Electronics/ARM/_Library/u8x8_d_max7219.c ****       u8x8_cad_SendSequence(u8x8, u8x8_d_max7219_init_seq);    
 145              		.loc 1 118 0
 146 0074 2846     		mov	r0, r5
 147 0076 FFF7FEFF 		bl	u8x8_d_helper_display_init
 148              	.LVL19:
 119:/Users/imashio/Electronics/ARM/_Library/u8x8_d_max7219.c ****       break;
 149              		.loc 1 119 0
 150 007a 2846     		mov	r0, r5
 151 007c 1F49     		ldr	r1, .L22+4
 152 007e FFF7FEFF 		bl	u8x8_cad_SendSequence
 153              	.LVL20:
 169:/Users/imashio/Electronics/ARM/_Library/u8x8_d_max7219.c **** }
 154              		.loc 1 169 0
 155 0082 0120     		movs	r0, #1
 156              	.LBE7:
 157              	.LBE11:
 158              		.loc 1 205 0
 159 0084 BDE8F883 		pop	{r3, r4, r5, r6, r7, r8, r9, pc}
 160              	.LVL21:
 161              	.L6:
 162              	.LBB12:
 163              	.LBB8:
 123:/Users/imashio/Electronics/ARM/_Library/u8x8_d_max7219.c ****       else
 164              		.loc 1 123 0
 165 0088 2846     		mov	r0, r5
 122:/Users/imashio/Electronics/ARM/_Library/u8x8_d_max7219.c **** 	u8x8_cad_SendSequence(u8x8, u8x8_d_max7219_powersave0_seq);
 166              		.loc 1 122 0
 167 008a 82BB     		cbnz	r2, .L9
 168              	.LVL22:
 123:/Users/imashio/Electronics/ARM/_Library/u8x8_d_max7219.c ****       else
 169              		.loc 1 123 0
 170 008c 1C49     		ldr	r1, .L22+8
 171 008e FFF7FEFF 		bl	u8x8_cad_SendSequence
 172              	.LVL23:
 169:/Users/imashio/Electronics/ARM/_Library/u8x8_d_max7219.c **** }
 173              		.loc 1 169 0
 174 0092 0120     		movs	r0, #1
 175 0094 C5E7     		b	.L3
ARM GAS  /var/folders/v3/wysfpd052nz8jkbx04pk0ym80000gn/T//cc9EiJ3k.s 			page 8


 176              	.LVL24:
 177              	.L7:
 133:/Users/imashio/Electronics/ARM/_Library/u8x8_d_max7219.c ****       u8x8_cad_SendCmd(u8x8, 10 );    /* brightness */
 178              		.loc 1 133 0
 179 0096 2846     		mov	r0, r5
 135:/Users/imashio/Electronics/ARM/_Library/u8x8_d_max7219.c ****       u8x8_cad_SendCmd(u8x8, 10 );    /* brightness */
 180              		.loc 1 135 0
 181 0098 1409     		lsrs	r4, r2, #4
 133:/Users/imashio/Electronics/ARM/_Library/u8x8_d_max7219.c ****       u8x8_cad_SendCmd(u8x8, 10 );    /* brightness */
 182              		.loc 1 133 0
 183 009a FFF7FEFF 		bl	u8x8_cad_StartTransfer
 184              	.LVL25:
 134:/Users/imashio/Electronics/ARM/_Library/u8x8_d_max7219.c ****       u8x8_cad_SendArg(u8x8, (arg_int>>4) );	/* 0..15 for contrast */
 185              		.loc 1 134 0
 186 009e 0A21     		movs	r1, #10
 187 00a0 2846     		mov	r0, r5
 188 00a2 FFF7FEFF 		bl	u8x8_cad_SendCmd
 189              	.LVL26:
 135:/Users/imashio/Electronics/ARM/_Library/u8x8_d_max7219.c ****       u8x8_cad_SendCmd(u8x8, 10 );    /* brightness */
 190              		.loc 1 135 0
 191 00a6 2146     		mov	r1, r4
 192 00a8 2846     		mov	r0, r5
 193 00aa FFF7FEFF 		bl	u8x8_cad_SendArg
 194              	.LVL27:
 136:/Users/imashio/Electronics/ARM/_Library/u8x8_d_max7219.c ****       u8x8_cad_SendArg(u8x8, (arg_int>>4) );	/* 0..15 for contrast */
 195              		.loc 1 136 0
 196 00ae 0A21     		movs	r1, #10
 197 00b0 2846     		mov	r0, r5
 198 00b2 FFF7FEFF 		bl	u8x8_cad_SendCmd
 199              	.LVL28:
 137:/Users/imashio/Electronics/ARM/_Library/u8x8_d_max7219.c ****       u8x8_cad_SendCmd(u8x8, 10 );    /* brightness */
 200              		.loc 1 137 0
 201 00b6 2146     		mov	r1, r4
 202 00b8 2846     		mov	r0, r5
 203 00ba FFF7FEFF 		bl	u8x8_cad_SendArg
 204              	.LVL29:
 138:/Users/imashio/Electronics/ARM/_Library/u8x8_d_max7219.c ****       u8x8_cad_SendArg(u8x8, (arg_int>>4) );	/* 0..15 for contrast */
 205              		.loc 1 138 0
 206 00be 0A21     		movs	r1, #10
 207 00c0 2846     		mov	r0, r5
 208 00c2 FFF7FEFF 		bl	u8x8_cad_SendCmd
 209              	.LVL30:
 139:/Users/imashio/Electronics/ARM/_Library/u8x8_d_max7219.c ****       u8x8_cad_SendCmd(u8x8, 10 );    /* brightness */
 210              		.loc 1 139 0
 211 00c6 2146     		mov	r1, r4
 212 00c8 2846     		mov	r0, r5
 213 00ca FFF7FEFF 		bl	u8x8_cad_SendArg
 214              	.LVL31:
 140:/Users/imashio/Electronics/ARM/_Library/u8x8_d_max7219.c ****       u8x8_cad_SendArg(u8x8, (arg_int>>4) );	/* 0..15 for contrast */
 215              		.loc 1 140 0
 216 00ce 0A21     		movs	r1, #10
 217 00d0 2846     		mov	r0, r5
 218 00d2 FFF7FEFF 		bl	u8x8_cad_SendCmd
 219              	.LVL32:
 141:/Users/imashio/Electronics/ARM/_Library/u8x8_d_max7219.c ****       u8x8_cad_EndTransfer(u8x8);
 220              		.loc 1 141 0
 221 00d6 2146     		mov	r1, r4
ARM GAS  /var/folders/v3/wysfpd052nz8jkbx04pk0ym80000gn/T//cc9EiJ3k.s 			page 9


 222 00d8 2846     		mov	r0, r5
 223 00da FFF7FEFF 		bl	u8x8_cad_SendArg
 224              	.LVL33:
 142:/Users/imashio/Electronics/ARM/_Library/u8x8_d_max7219.c ****       break;
 225              		.loc 1 142 0
 226 00de 2846     		mov	r0, r5
 227 00e0 FFF7FEFF 		bl	u8x8_cad_EndTransfer
 228              	.LVL34:
 169:/Users/imashio/Electronics/ARM/_Library/u8x8_d_max7219.c **** }
 229              		.loc 1 169 0
 230 00e4 0120     		movs	r0, #1
 231              	.LBE8:
 232              	.LBE12:
 233              		.loc 1 205 0
 234 00e6 BDE8F883 		pop	{r3, r4, r5, r6, r7, r8, r9, pc}
 235              	.LVL35:
 236              	.L13:
 237              	.LBB13:
 238              	.LBB9:
 167:/Users/imashio/Electronics/ARM/_Library/u8x8_d_max7219.c ****   }
 239              		.loc 1 167 0
 240 00ea 0020     		movs	r0, #0
 241 00ec 99E7     		b	.L3
 242              	.LVL36:
 243              	.L9:
 125:/Users/imashio/Electronics/ARM/_Library/u8x8_d_max7219.c ****       break;
 244              		.loc 1 125 0
 245 00ee 0549     		ldr	r1, .L22+12
 246 00f0 FFF7FEFF 		bl	u8x8_cad_SendSequence
 247              	.LVL37:
 169:/Users/imashio/Electronics/ARM/_Library/u8x8_d_max7219.c **** }
 248              		.loc 1 169 0
 249 00f4 0120     		movs	r0, #1
 250 00f6 94E7     		b	.L3
 251              	.L23:
 252              		.align	2
 253              	.L22:
 254 00f8 00000000 		.word	.LANCHOR0
 255 00fc 00000000 		.word	.LANCHOR1
 256 0100 00000000 		.word	.LANCHOR2
 257 0104 00000000 		.word	.LANCHOR3
 258              	.LBE9:
 259              	.LBE13:
 260              		.cfi_endproc
 261              	.LFE1:
 263              		.section	.rodata.u8x8_d_max7219_init_seq,"a",%progbits
 264              		.align	2
 265              		.set	.LANCHOR1,. + 0
 268              	u8x8_d_max7219_init_seq:
 269 0000 18       		.byte	24
 270 0001 15       		.byte	21
 271 0002 0F       		.byte	15
 272 0003 16       		.byte	22
 273 0004 00       		.byte	0
 274 0005 15       		.byte	21
 275 0006 0F       		.byte	15
 276 0007 16       		.byte	22
ARM GAS  /var/folders/v3/wysfpd052nz8jkbx04pk0ym80000gn/T//cc9EiJ3k.s 			page 10


 277 0008 00       		.byte	0
 278 0009 15       		.byte	21
 279 000a 0F       		.byte	15
 280 000b 16       		.byte	22
 281 000c 00       		.byte	0
 282 000d 15       		.byte	21
 283 000e 0F       		.byte	15
 284 000f 16       		.byte	22
 285 0010 00       		.byte	0
 286 0011 19       		.byte	25
 287 0012 18       		.byte	24
 288 0013 15       		.byte	21
 289 0014 0C       		.byte	12
 290 0015 16       		.byte	22
 291 0016 00       		.byte	0
 292 0017 15       		.byte	21
 293 0018 0C       		.byte	12
 294 0019 16       		.byte	22
 295 001a 00       		.byte	0
 296 001b 15       		.byte	21
 297 001c 0C       		.byte	12
 298 001d 16       		.byte	22
 299 001e 00       		.byte	0
 300 001f 15       		.byte	21
 301 0020 0C       		.byte	12
 302 0021 16       		.byte	22
 303 0022 00       		.byte	0
 304 0023 19       		.byte	25
 305 0024 18       		.byte	24
 306 0025 15       		.byte	21
 307 0026 09       		.byte	9
 308 0027 16       		.byte	22
 309 0028 00       		.byte	0
 310 0029 15       		.byte	21
 311 002a 09       		.byte	9
 312 002b 16       		.byte	22
 313 002c 00       		.byte	0
 314 002d 15       		.byte	21
 315 002e 09       		.byte	9
 316 002f 16       		.byte	22
 317 0030 00       		.byte	0
 318 0031 15       		.byte	21
 319 0032 09       		.byte	9
 320 0033 16       		.byte	22
 321 0034 00       		.byte	0
 322 0035 19       		.byte	25
 323 0036 18       		.byte	24
 324 0037 15       		.byte	21
 325 0038 0A       		.byte	10
 326 0039 16       		.byte	22
 327 003a 0A       		.byte	10
 328 003b 15       		.byte	21
 329 003c 0A       		.byte	10
 330 003d 16       		.byte	22
 331 003e 0A       		.byte	10
 332 003f 15       		.byte	21
 333 0040 0A       		.byte	10
ARM GAS  /var/folders/v3/wysfpd052nz8jkbx04pk0ym80000gn/T//cc9EiJ3k.s 			page 11


 334 0041 16       		.byte	22
 335 0042 0A       		.byte	10
 336 0043 15       		.byte	21
 337 0044 0A       		.byte	10
 338 0045 16       		.byte	22
 339 0046 0A       		.byte	10
 340 0047 19       		.byte	25
 341 0048 18       		.byte	24
 342 0049 15       		.byte	21
 343 004a 0B       		.byte	11
 344 004b 16       		.byte	22
 345 004c 07       		.byte	7
 346 004d 15       		.byte	21
 347 004e 0B       		.byte	11
 348 004f 16       		.byte	22
 349 0050 07       		.byte	7
 350 0051 15       		.byte	21
 351 0052 0B       		.byte	11
 352 0053 16       		.byte	22
 353 0054 07       		.byte	7
 354 0055 15       		.byte	21
 355 0056 0B       		.byte	11
 356 0057 16       		.byte	22
 357 0058 07       		.byte	7
 358 0059 19       		.byte	25
 359 005a FF       		.byte	-1
 360              		.section	.rodata.u8x8_d_max7219_powersave0_seq,"a",%progbits
 361              		.align	2
 362              		.set	.LANCHOR2,. + 0
 365              	u8x8_d_max7219_powersave0_seq:
 366 0000 18       		.byte	24
 367 0001 15       		.byte	21
 368 0002 0C       		.byte	12
 369 0003 16       		.byte	22
 370 0004 01       		.byte	1
 371 0005 15       		.byte	21
 372 0006 0C       		.byte	12
 373 0007 16       		.byte	22
 374 0008 01       		.byte	1
 375 0009 15       		.byte	21
 376 000a 0C       		.byte	12
 377 000b 16       		.byte	22
 378 000c 01       		.byte	1
 379 000d 15       		.byte	21
 380 000e 0C       		.byte	12
 381 000f 16       		.byte	22
 382 0010 01       		.byte	1
 383 0011 19       		.byte	25
 384 0012 FF       		.byte	-1
 385              		.section	.rodata.u8x8_d_max7219_powersave1_seq,"a",%progbits
 386              		.align	2
 387              		.set	.LANCHOR3,. + 0
 390              	u8x8_d_max7219_powersave1_seq:
 391 0000 18       		.byte	24
 392 0001 15       		.byte	21
 393 0002 0C       		.byte	12
 394 0003 16       		.byte	22
ARM GAS  /var/folders/v3/wysfpd052nz8jkbx04pk0ym80000gn/T//cc9EiJ3k.s 			page 12


 395 0004 00       		.byte	0
 396 0005 15       		.byte	21
 397 0006 0C       		.byte	12
 398 0007 16       		.byte	22
 399 0008 00       		.byte	0
 400 0009 15       		.byte	21
 401 000a 0C       		.byte	12
 402 000b 16       		.byte	22
 403 000c 00       		.byte	0
 404 000d 15       		.byte	21
 405 000e 0C       		.byte	12
 406 000f 16       		.byte	22
 407 0010 00       		.byte	0
 408 0011 19       		.byte	25
 409 0012 FF       		.byte	-1
 410              		.section	.rodata.u8x8_max7219_32x8_display_info,"a",%progbits
 411              		.align	2
 412              		.set	.LANCHOR0,. + 0
 415              	u8x8_max7219_32x8_display_info:
 416 0000 00       		.byte	0
 417 0001 01       		.byte	1
 418 0002 64       		.byte	100
 419 0003 64       		.byte	100
 420 0004 64       		.byte	100
 421 0005 64       		.byte	100
 422 0006 64       		.byte	100
 423 0007 64       		.byte	100
 424 0008 00093D00 		.word	4000000
 425 000c 00       		.byte	0
 426 000d 04       		.byte	4
 427 000e 28       		.byte	40
 428 000f 96       		.byte	-106
 429 0010 04       		.byte	4
 430 0011 01       		.byte	1
 431 0012 00       		.byte	0
 432 0013 00       		.byte	0
 433 0014 2000     		.short	32
 434 0016 1000     		.short	16
 435              		.text
 436              	.Letext0:
 437              		.file 2 "/usr/local/gcc-arm-none-eabi-7-2018-q2-update/arm-none-eabi/include/machine/_default_type
 438              		.file 3 "/usr/local/gcc-arm-none-eabi-7-2018-q2-update/arm-none-eabi/include/sys/_stdint.h"
 439              		.file 4 "/Users/imashio/Electronics/ARM/_Library/u8x8.h"
ARM GAS  /var/folders/v3/wysfpd052nz8jkbx04pk0ym80000gn/T//cc9EiJ3k.s 			page 13


DEFINED SYMBOLS
                            *ABS*:0000000000000000 u8x8_d_max7219.c
/var/folders/v3/wysfpd052nz8jkbx04pk0ym80000gn/T//cc9EiJ3k.s:18     .text.u8x8_d_max7219_32x8:0000000000000000 $t
/var/folders/v3/wysfpd052nz8jkbx04pk0ym80000gn/T//cc9EiJ3k.s:26     .text.u8x8_d_max7219_32x8:0000000000000000 u8x8_d_max7219_32x8
/var/folders/v3/wysfpd052nz8jkbx04pk0ym80000gn/T//cc9EiJ3k.s:62     .text.u8x8_d_max7219_32x8:0000000000000014 $d
/var/folders/v3/wysfpd052nz8jkbx04pk0ym80000gn/T//cc9EiJ3k.s:68     .text.u8x8_d_max7219_32x8:000000000000001a $t
/var/folders/v3/wysfpd052nz8jkbx04pk0ym80000gn/T//cc9EiJ3k.s:254    .text.u8x8_d_max7219_32x8:00000000000000f8 $d
/var/folders/v3/wysfpd052nz8jkbx04pk0ym80000gn/T//cc9EiJ3k.s:264    .rodata.u8x8_d_max7219_init_seq:0000000000000000 $d
/var/folders/v3/wysfpd052nz8jkbx04pk0ym80000gn/T//cc9EiJ3k.s:268    .rodata.u8x8_d_max7219_init_seq:0000000000000000 u8x8_d_max7219_init_seq
/var/folders/v3/wysfpd052nz8jkbx04pk0ym80000gn/T//cc9EiJ3k.s:361    .rodata.u8x8_d_max7219_powersave0_seq:0000000000000000 $d
/var/folders/v3/wysfpd052nz8jkbx04pk0ym80000gn/T//cc9EiJ3k.s:365    .rodata.u8x8_d_max7219_powersave0_seq:0000000000000000 u8x8_d_max7219_powersave0_seq
/var/folders/v3/wysfpd052nz8jkbx04pk0ym80000gn/T//cc9EiJ3k.s:386    .rodata.u8x8_d_max7219_powersave1_seq:0000000000000000 $d
/var/folders/v3/wysfpd052nz8jkbx04pk0ym80000gn/T//cc9EiJ3k.s:390    .rodata.u8x8_d_max7219_powersave1_seq:0000000000000000 u8x8_d_max7219_powersave1_seq
/var/folders/v3/wysfpd052nz8jkbx04pk0ym80000gn/T//cc9EiJ3k.s:411    .rodata.u8x8_max7219_32x8_display_info:0000000000000000 $d
/var/folders/v3/wysfpd052nz8jkbx04pk0ym80000gn/T//cc9EiJ3k.s:415    .rodata.u8x8_max7219_32x8_display_info:0000000000000000 u8x8_max7219_32x8_display_info

UNDEFINED SYMBOLS
u8x8_d_helper_display_setup_memory
u8x8_cad_StartTransfer
u8x8_cad_SendCmd
u8x8_cad_SendArg
u8x8_cad_EndTransfer
u8x8_d_helper_display_init
u8x8_cad_SendSequence
