ARM GAS  /var/folders/v3/wysfpd052nz8jkbx04pk0ym80000gn/T//ccsVsLZL.s 			page 1


   1              		.cpu cortex-m4
   2              		.eabi_attribute 27, 1
   3              		.eabi_attribute 28, 1
   4              		.eabi_attribute 20, 1
   5              		.eabi_attribute 21, 1
   6              		.eabi_attribute 23, 3
   7              		.eabi_attribute 24, 1
   8              		.eabi_attribute 25, 1
   9              		.eabi_attribute 26, 1
  10              		.eabi_attribute 30, 1
  11              		.eabi_attribute 34, 1
  12              		.eabi_attribute 18, 4
  13              		.file	"u8x8_d_ssd1327.c"
  14              		.text
  15              	.Ltext0:
  16              		.cfi_sections	.debug_frame
  17              		.section	.text.u8x8_ssd1327_8to32,"ax",%progbits
  18              		.align	1
  19              		.syntax unified
  20              		.thumb
  21              		.thumb_func
  22              		.fpu fpv4-sp-d16
  24              	u8x8_ssd1327_8to32:
  25              	.LFB0:
  26              		.file 1 "/Users/imashio/Electronics/ARM/_Library/u8x8_d_ssd1327.c"
   1:/Users/imashio/Electronics/ARM/_Library/u8x8_d_ssd1327.c **** /*
   2:/Users/imashio/Electronics/ARM/_Library/u8x8_d_ssd1327.c **** 
   3:/Users/imashio/Electronics/ARM/_Library/u8x8_d_ssd1327.c ****   u8x8_d_ssd1327.c
   4:/Users/imashio/Electronics/ARM/_Library/u8x8_d_ssd1327.c **** 
   5:/Users/imashio/Electronics/ARM/_Library/u8x8_d_ssd1327.c ****   Universal 8bit Graphics Library (https://github.com/olikraus/u8g2/)
   6:/Users/imashio/Electronics/ARM/_Library/u8x8_d_ssd1327.c **** 
   7:/Users/imashio/Electronics/ARM/_Library/u8x8_d_ssd1327.c ****   Copyright (c) 2016, olikraus@gmail.com
   8:/Users/imashio/Electronics/ARM/_Library/u8x8_d_ssd1327.c ****   All rights reserved.
   9:/Users/imashio/Electronics/ARM/_Library/u8x8_d_ssd1327.c **** 
  10:/Users/imashio/Electronics/ARM/_Library/u8x8_d_ssd1327.c ****   Redistribution and use in source and binary forms, with or without modification, 
  11:/Users/imashio/Electronics/ARM/_Library/u8x8_d_ssd1327.c ****   are permitted provided that the following conditions are met:
  12:/Users/imashio/Electronics/ARM/_Library/u8x8_d_ssd1327.c **** 
  13:/Users/imashio/Electronics/ARM/_Library/u8x8_d_ssd1327.c ****   * Redistributions of source code must retain the above copyright notice, this list 
  14:/Users/imashio/Electronics/ARM/_Library/u8x8_d_ssd1327.c ****     of conditions and the following disclaimer.
  15:/Users/imashio/Electronics/ARM/_Library/u8x8_d_ssd1327.c ****     
  16:/Users/imashio/Electronics/ARM/_Library/u8x8_d_ssd1327.c ****   * Redistributions in binary form must reproduce the above copyright notice, this 
  17:/Users/imashio/Electronics/ARM/_Library/u8x8_d_ssd1327.c ****     list of conditions and the following disclaimer in the documentation and/or other 
  18:/Users/imashio/Electronics/ARM/_Library/u8x8_d_ssd1327.c ****     materials provided with the distribution.
  19:/Users/imashio/Electronics/ARM/_Library/u8x8_d_ssd1327.c **** 
  20:/Users/imashio/Electronics/ARM/_Library/u8x8_d_ssd1327.c ****   THIS SOFTWARE IS PROVIDED BY THE COPYRIGHT HOLDERS AND 
  21:/Users/imashio/Electronics/ARM/_Library/u8x8_d_ssd1327.c ****   CONTRIBUTORS "AS IS" AND ANY EXPRESS OR IMPLIED WARRANTIES, 
  22:/Users/imashio/Electronics/ARM/_Library/u8x8_d_ssd1327.c ****   INCLUDING, BUT NOT LIMITED TO, THE IMPLIED WARRANTIES OF 
  23:/Users/imashio/Electronics/ARM/_Library/u8x8_d_ssd1327.c ****   MERCHANTABILITY AND FITNESS FOR A PARTICULAR PURPOSE ARE 
  24:/Users/imashio/Electronics/ARM/_Library/u8x8_d_ssd1327.c ****   DISCLAIMED. IN NO EVENT SHALL THE COPYRIGHT HOLDER OR 
  25:/Users/imashio/Electronics/ARM/_Library/u8x8_d_ssd1327.c ****   CONTRIBUTORS BE LIABLE FOR ANY DIRECT, INDIRECT, INCIDENTAL, 
  26:/Users/imashio/Electronics/ARM/_Library/u8x8_d_ssd1327.c ****   SPECIAL, EXEMPLARY, OR CONSEQUENTIAL DAMAGES (INCLUDING, BUT 
  27:/Users/imashio/Electronics/ARM/_Library/u8x8_d_ssd1327.c ****   NOT LIMITED TO, PROCUREMENT OF SUBSTITUTE GOODS OR SERVICES; 
  28:/Users/imashio/Electronics/ARM/_Library/u8x8_d_ssd1327.c ****   LOSS OF USE, DATA, OR PROFITS; OR BUSINESS INTERRUPTION) HOWEVER 
  29:/Users/imashio/Electronics/ARM/_Library/u8x8_d_ssd1327.c ****   CAUSED AND ON ANY THEORY OF LIABILITY, WHETHER IN CONTRACT, 
  30:/Users/imashio/Electronics/ARM/_Library/u8x8_d_ssd1327.c ****   STRICT LIABILITY, OR TORT (INCLUDING NEGLIGENCE OR OTHERWISE) 
  31:/Users/imashio/Electronics/ARM/_Library/u8x8_d_ssd1327.c ****   ARISING IN ANY WAY OUT OF THE USE OF THIS SOFTWARE, EVEN IF 
  32:/Users/imashio/Electronics/ARM/_Library/u8x8_d_ssd1327.c ****   ADVISED OF THE POSSIBILITY OF SUCH DAMAGE.  
ARM GAS  /var/folders/v3/wysfpd052nz8jkbx04pk0ym80000gn/T//ccsVsLZL.s 			page 2


  33:/Users/imashio/Electronics/ARM/_Library/u8x8_d_ssd1327.c ****   
  34:/Users/imashio/Electronics/ARM/_Library/u8x8_d_ssd1327.c **** */
  35:/Users/imashio/Electronics/ARM/_Library/u8x8_d_ssd1327.c **** 
  36:/Users/imashio/Electronics/ARM/_Library/u8x8_d_ssd1327.c **** 
  37:/Users/imashio/Electronics/ARM/_Library/u8x8_d_ssd1327.c **** #include "u8x8.h"
  38:/Users/imashio/Electronics/ARM/_Library/u8x8_d_ssd1327.c **** 
  39:/Users/imashio/Electronics/ARM/_Library/u8x8_d_ssd1327.c **** 
  40:/Users/imashio/Electronics/ARM/_Library/u8x8_d_ssd1327.c **** static const uint8_t u8x8_d_ssd1327_96x96_powersave0_seq[] = {
  41:/Users/imashio/Electronics/ARM/_Library/u8x8_d_ssd1327.c ****   U8X8_START_TRANSFER(),             	/* enable chip, delay is part of the transfer start */
  42:/Users/imashio/Electronics/ARM/_Library/u8x8_d_ssd1327.c ****   U8X8_C(0x0af),		                /* display on */
  43:/Users/imashio/Electronics/ARM/_Library/u8x8_d_ssd1327.c ****   U8X8_END_TRANSFER(),             	/* disable chip */
  44:/Users/imashio/Electronics/ARM/_Library/u8x8_d_ssd1327.c ****   U8X8_END()             			/* end of sequence */
  45:/Users/imashio/Electronics/ARM/_Library/u8x8_d_ssd1327.c **** };
  46:/Users/imashio/Electronics/ARM/_Library/u8x8_d_ssd1327.c **** 
  47:/Users/imashio/Electronics/ARM/_Library/u8x8_d_ssd1327.c **** static const uint8_t u8x8_d_ssd1327_96x96_powersave1_seq[] = {
  48:/Users/imashio/Electronics/ARM/_Library/u8x8_d_ssd1327.c ****   U8X8_START_TRANSFER(),             	/* enable chip, delay is part of the transfer start */
  49:/Users/imashio/Electronics/ARM/_Library/u8x8_d_ssd1327.c ****   U8X8_C(0x0ae),		                /* display off */
  50:/Users/imashio/Electronics/ARM/_Library/u8x8_d_ssd1327.c ****   U8X8_END_TRANSFER(),             	/* disable chip */
  51:/Users/imashio/Electronics/ARM/_Library/u8x8_d_ssd1327.c ****   U8X8_END()             			/* end of sequence */
  52:/Users/imashio/Electronics/ARM/_Library/u8x8_d_ssd1327.c **** };
  53:/Users/imashio/Electronics/ARM/_Library/u8x8_d_ssd1327.c **** 
  54:/Users/imashio/Electronics/ARM/_Library/u8x8_d_ssd1327.c **** 
  55:/Users/imashio/Electronics/ARM/_Library/u8x8_d_ssd1327.c **** 
  56:/Users/imashio/Electronics/ARM/_Library/u8x8_d_ssd1327.c **** 
  57:/Users/imashio/Electronics/ARM/_Library/u8x8_d_ssd1327.c **** /*
  58:/Users/imashio/Electronics/ARM/_Library/u8x8_d_ssd1327.c ****   input:
  59:/Users/imashio/Electronics/ARM/_Library/u8x8_d_ssd1327.c ****     one tile (8 Bytes)
  60:/Users/imashio/Electronics/ARM/_Library/u8x8_d_ssd1327.c ****   output:
  61:/Users/imashio/Electronics/ARM/_Library/u8x8_d_ssd1327.c ****     Tile for ssd1327 (32 Bytes)
  62:/Users/imashio/Electronics/ARM/_Library/u8x8_d_ssd1327.c **** */
  63:/Users/imashio/Electronics/ARM/_Library/u8x8_d_ssd1327.c **** 
  64:/Users/imashio/Electronics/ARM/_Library/u8x8_d_ssd1327.c **** static uint8_t u8x8_ssd1327_8to32_dest_buf[32];
  65:/Users/imashio/Electronics/ARM/_Library/u8x8_d_ssd1327.c **** 
  66:/Users/imashio/Electronics/ARM/_Library/u8x8_d_ssd1327.c **** static uint8_t *u8x8_ssd1327_8to32(U8X8_UNUSED u8x8_t *u8x8, uint8_t *ptr)
  67:/Users/imashio/Electronics/ARM/_Library/u8x8_d_ssd1327.c **** {
  27              		.loc 1 67 0
  28              		.cfi_startproc
  29              		@ args = 0, pretend = 0, frame = 0
  30              		@ frame_needed = 0, uses_anonymous_args = 0
  31              		@ link register save eliminated.
  32              	.LVL0:
  33 0000 70B4     		push	{r4, r5, r6}
  34              	.LCFI0:
  35              		.cfi_def_cfa_offset 12
  36              		.cfi_offset 4, -12
  37              		.cfi_offset 5, -8
  38              		.cfi_offset 6, -4
  39              	.LVL1:
  68:/Users/imashio/Electronics/ARM/_Library/u8x8_d_ssd1327.c ****   uint8_t v;
  69:/Users/imashio/Electronics/ARM/_Library/u8x8_d_ssd1327.c ****   uint8_t a,b;
  70:/Users/imashio/Electronics/ARM/_Library/u8x8_d_ssd1327.c ****   uint8_t i, j;
  71:/Users/imashio/Electronics/ARM/_Library/u8x8_d_ssd1327.c ****   uint8_t *dest;
  72:/Users/imashio/Electronics/ARM/_Library/u8x8_d_ssd1327.c ****   
  73:/Users/imashio/Electronics/ARM/_Library/u8x8_d_ssd1327.c ****   for( j = 0; j < 4; j++ )
  40              		.loc 1 73 0
  41 0002 0026     		movs	r6, #0
  42 0004 15E0     		b	.L2
ARM GAS  /var/folders/v3/wysfpd052nz8jkbx04pk0ym80000gn/T//ccsVsLZL.s 			page 3


  43              	.LVL2:
  44              	.L8:
  74:/Users/imashio/Electronics/ARM/_Library/u8x8_d_ssd1327.c ****   {
  75:/Users/imashio/Electronics/ARM/_Library/u8x8_d_ssd1327.c ****     dest = u8x8_ssd1327_8to32_dest_buf;
  76:/Users/imashio/Electronics/ARM/_Library/u8x8_d_ssd1327.c ****     dest += j;
  77:/Users/imashio/Electronics/ARM/_Library/u8x8_d_ssd1327.c ****     a =*ptr;
  78:/Users/imashio/Electronics/ARM/_Library/u8x8_d_ssd1327.c ****     ptr++;
  79:/Users/imashio/Electronics/ARM/_Library/u8x8_d_ssd1327.c ****     b = *ptr;
  80:/Users/imashio/Electronics/ARM/_Library/u8x8_d_ssd1327.c ****     ptr++;
  81:/Users/imashio/Electronics/ARM/_Library/u8x8_d_ssd1327.c ****     for( i = 0; i < 8; i++ )
  82:/Users/imashio/Electronics/ARM/_Library/u8x8_d_ssd1327.c ****     {
  83:/Users/imashio/Electronics/ARM/_Library/u8x8_d_ssd1327.c ****       v = 0;
  84:/Users/imashio/Electronics/ARM/_Library/u8x8_d_ssd1327.c ****       if ( a&1 ) v |= 0xf0;
  45              		.loc 1 84 0
  46 0006 F024     		movs	r4, #240
  47 0008 0BE0     		b	.L4
  48              	.LVL3:
  49              	.L5:
  85:/Users/imashio/Electronics/ARM/_Library/u8x8_d_ssd1327.c ****       if ( b&1 ) v |= 0x0f;
  86:/Users/imashio/Electronics/ARM/_Library/u8x8_d_ssd1327.c ****       *dest = v;
  50              		.loc 1 86 0 discriminator 2
  51 000a 05F8044B 		strb	r4, [r5], #4
  52              	.LVL4:
  87:/Users/imashio/Electronics/ARM/_Library/u8x8_d_ssd1327.c ****       dest+=4;
  88:/Users/imashio/Electronics/ARM/_Library/u8x8_d_ssd1327.c ****       a >>= 1;
  53              		.loc 1 88 0 discriminator 2
  54 000e 4008     		lsrs	r0, r0, #1
  55              	.LVL5:
  89:/Users/imashio/Electronics/ARM/_Library/u8x8_d_ssd1327.c ****       b >>= 1;
  56              		.loc 1 89 0 discriminator 2
  57 0010 5208     		lsrs	r2, r2, #1
  58              	.LVL6:
  81:/Users/imashio/Electronics/ARM/_Library/u8x8_d_ssd1327.c ****     {
  59              		.loc 1 81 0 discriminator 2
  60 0012 0133     		adds	r3, r3, #1
  61              	.LVL7:
  62 0014 DBB2     		uxtb	r3, r3
  63              	.LVL8:
  64              	.L3:
  81:/Users/imashio/Electronics/ARM/_Library/u8x8_d_ssd1327.c ****     {
  65              		.loc 1 81 0 is_stmt 0 discriminator 1
  66 0016 072B     		cmp	r3, #7
  67 0018 09D8     		bhi	.L10
  68              	.LVL9:
  84:/Users/imashio/Electronics/ARM/_Library/u8x8_d_ssd1327.c ****       if ( b&1 ) v |= 0x0f;
  69              		.loc 1 84 0 is_stmt 1
  70 001a 10F0010F 		tst	r0, #1
  71 001e F2D1     		bne	.L8
  83:/Users/imashio/Electronics/ARM/_Library/u8x8_d_ssd1327.c ****       if ( a&1 ) v |= 0xf0;
  72              		.loc 1 83 0
  73 0020 0024     		movs	r4, #0
  74              	.L4:
  75              	.LVL10:
  85:/Users/imashio/Electronics/ARM/_Library/u8x8_d_ssd1327.c ****       *dest = v;
  76              		.loc 1 85 0
  77 0022 12F0010F 		tst	r2, #1
  78 0026 F0D0     		beq	.L5
ARM GAS  /var/folders/v3/wysfpd052nz8jkbx04pk0ym80000gn/T//ccsVsLZL.s 			page 4


  85:/Users/imashio/Electronics/ARM/_Library/u8x8_d_ssd1327.c ****       *dest = v;
  79              		.loc 1 85 0 is_stmt 0 discriminator 1
  80 0028 44F00F04 		orr	r4, r4, #15
  81              	.LVL11:
  82 002c EDE7     		b	.L5
  83              	.LVL12:
  84              	.L10:
  73:/Users/imashio/Electronics/ARM/_Library/u8x8_d_ssd1327.c ****   {
  85              		.loc 1 73 0 is_stmt 1 discriminator 2
  86 002e 0136     		adds	r6, r6, #1
  87              	.LVL13:
  88 0030 F6B2     		uxtb	r6, r6
  89              	.LVL14:
  90              	.L2:
  73:/Users/imashio/Electronics/ARM/_Library/u8x8_d_ssd1327.c ****   {
  91              		.loc 1 73 0 is_stmt 0 discriminator 1
  92 0032 032E     		cmp	r6, #3
  93 0034 06D8     		bhi	.L11
  94              	.LVL15:
  76:/Users/imashio/Electronics/ARM/_Library/u8x8_d_ssd1327.c ****     a =*ptr;
  95              		.loc 1 76 0 is_stmt 1
  96 0036 054D     		ldr	r5, .L12
  97 0038 3544     		add	r5, r5, r6
  98              	.LVL16:
  77:/Users/imashio/Electronics/ARM/_Library/u8x8_d_ssd1327.c ****     ptr++;
  99              		.loc 1 77 0
 100 003a 0878     		ldrb	r0, [r1]	@ zero_extendqisi2
 101              	.LVL17:
  79:/Users/imashio/Electronics/ARM/_Library/u8x8_d_ssd1327.c ****     ptr++;
 102              		.loc 1 79 0
 103 003c 4A78     		ldrb	r2, [r1, #1]	@ zero_extendqisi2
 104              	.LVL18:
  80:/Users/imashio/Electronics/ARM/_Library/u8x8_d_ssd1327.c ****     for( i = 0; i < 8; i++ )
 105              		.loc 1 80 0
 106 003e 0231     		adds	r1, r1, #2
 107              	.LVL19:
  81:/Users/imashio/Electronics/ARM/_Library/u8x8_d_ssd1327.c ****     {
 108              		.loc 1 81 0
 109 0040 0023     		movs	r3, #0
 110 0042 E8E7     		b	.L3
 111              	.LVL20:
 112              	.L11:
  90:/Users/imashio/Electronics/ARM/_Library/u8x8_d_ssd1327.c ****     }
  91:/Users/imashio/Electronics/ARM/_Library/u8x8_d_ssd1327.c ****   }
  92:/Users/imashio/Electronics/ARM/_Library/u8x8_d_ssd1327.c ****   
  93:/Users/imashio/Electronics/ARM/_Library/u8x8_d_ssd1327.c ****   return u8x8_ssd1327_8to32_dest_buf;
  94:/Users/imashio/Electronics/ARM/_Library/u8x8_d_ssd1327.c **** }
 113              		.loc 1 94 0
 114 0044 0148     		ldr	r0, .L12
 115 0046 70BC     		pop	{r4, r5, r6}
 116              	.LCFI1:
 117              		.cfi_restore 6
 118              		.cfi_restore 5
 119              		.cfi_restore 4
 120              		.cfi_def_cfa_offset 0
 121              	.LVL21:
 122 0048 7047     		bx	lr
ARM GAS  /var/folders/v3/wysfpd052nz8jkbx04pk0ym80000gn/T//ccsVsLZL.s 			page 5


 123              	.L13:
 124 004a 00BF     		.align	2
 125              	.L12:
 126 004c 00000000 		.word	.LANCHOR0
 127              		.cfi_endproc
 128              	.LFE0:
 130              		.section	.text.u8x8_d_ssd1327_96x96_generic,"ax",%progbits
 131              		.align	1
 132              		.syntax unified
 133              		.thumb
 134              		.thumb_func
 135              		.fpu fpv4-sp-d16
 137              	u8x8_d_ssd1327_96x96_generic:
 138              	.LFB1:
  95:/Users/imashio/Electronics/ARM/_Library/u8x8_d_ssd1327.c **** 
  96:/Users/imashio/Electronics/ARM/_Library/u8x8_d_ssd1327.c **** 
  97:/Users/imashio/Electronics/ARM/_Library/u8x8_d_ssd1327.c **** 
  98:/Users/imashio/Electronics/ARM/_Library/u8x8_d_ssd1327.c **** 
  99:/Users/imashio/Electronics/ARM/_Library/u8x8_d_ssd1327.c **** static uint8_t u8x8_d_ssd1327_96x96_generic(u8x8_t *u8x8, uint8_t msg, uint8_t arg_int, void *arg_p
 100:/Users/imashio/Electronics/ARM/_Library/u8x8_d_ssd1327.c **** {
 139              		.loc 1 100 0
 140              		.cfi_startproc
 141              		@ args = 0, pretend = 0, frame = 0
 142              		@ frame_needed = 0, uses_anonymous_args = 0
 143              	.LVL22:
 144 0000 2DE9F843 		push	{r3, r4, r5, r6, r7, r8, r9, lr}
 145              	.LCFI2:
 146              		.cfi_def_cfa_offset 32
 147              		.cfi_offset 3, -32
 148              		.cfi_offset 4, -28
 149              		.cfi_offset 5, -24
 150              		.cfi_offset 6, -20
 151              		.cfi_offset 7, -16
 152              		.cfi_offset 8, -12
 153              		.cfi_offset 9, -8
 154              		.cfi_offset 14, -4
 155 0004 0646     		mov	r6, r0
 156 0006 9046     		mov	r8, r2
 101:/Users/imashio/Electronics/ARM/_Library/u8x8_d_ssd1327.c ****   uint8_t x, y, c;
 102:/Users/imashio/Electronics/ARM/_Library/u8x8_d_ssd1327.c ****   uint8_t *ptr;
 103:/Users/imashio/Electronics/ARM/_Library/u8x8_d_ssd1327.c ****   switch(msg)
 157              		.loc 1 103 0
 158 0008 0E29     		cmp	r1, #14
 159 000a 11D0     		beq	.L16
 160 000c 9946     		mov	r9, r3
 161 000e 0F29     		cmp	r1, #15
 162 0010 1ED0     		beq	.L17
 163 0012 0B29     		cmp	r1, #11
 164 0014 01D0     		beq	.L25
 104:/Users/imashio/Electronics/ARM/_Library/u8x8_d_ssd1327.c ****   {
 105:/Users/imashio/Electronics/ARM/_Library/u8x8_d_ssd1327.c ****     /* handled by the calling function
 106:/Users/imashio/Electronics/ARM/_Library/u8x8_d_ssd1327.c ****     case U8X8_MSG_DISPLAY_SETUP_MEMORY:
 107:/Users/imashio/Electronics/ARM/_Library/u8x8_d_ssd1327.c ****       u8x8_d_helper_display_setup_memory(u8x8, &u8x8_ssd1327_96x96_display_info);
 108:/Users/imashio/Electronics/ARM/_Library/u8x8_d_ssd1327.c ****       break;
 109:/Users/imashio/Electronics/ARM/_Library/u8x8_d_ssd1327.c ****     */
 110:/Users/imashio/Electronics/ARM/_Library/u8x8_d_ssd1327.c ****     /* handled by the calling function
 111:/Users/imashio/Electronics/ARM/_Library/u8x8_d_ssd1327.c ****     case U8X8_MSG_DISPLAY_INIT:
ARM GAS  /var/folders/v3/wysfpd052nz8jkbx04pk0ym80000gn/T//ccsVsLZL.s 			page 6


 112:/Users/imashio/Electronics/ARM/_Library/u8x8_d_ssd1327.c ****       u8x8_d_helper_display_init(u8x8);
 113:/Users/imashio/Electronics/ARM/_Library/u8x8_d_ssd1327.c ****       u8x8_cad_SendSequence(u8x8, u8x8_d_ssd1327_96x96_init_seq);    
 114:/Users/imashio/Electronics/ARM/_Library/u8x8_d_ssd1327.c ****       break;
 115:/Users/imashio/Electronics/ARM/_Library/u8x8_d_ssd1327.c ****     */
 116:/Users/imashio/Electronics/ARM/_Library/u8x8_d_ssd1327.c ****     case U8X8_MSG_DISPLAY_SET_POWER_SAVE:
 117:/Users/imashio/Electronics/ARM/_Library/u8x8_d_ssd1327.c ****       if ( arg_int == 0 )
 118:/Users/imashio/Electronics/ARM/_Library/u8x8_d_ssd1327.c **** 	u8x8_cad_SendSequence(u8x8, u8x8_d_ssd1327_96x96_powersave0_seq);
 119:/Users/imashio/Electronics/ARM/_Library/u8x8_d_ssd1327.c ****       else
 120:/Users/imashio/Electronics/ARM/_Library/u8x8_d_ssd1327.c **** 	u8x8_cad_SendSequence(u8x8, u8x8_d_ssd1327_96x96_powersave1_seq);
 121:/Users/imashio/Electronics/ARM/_Library/u8x8_d_ssd1327.c ****       break;
 122:/Users/imashio/Electronics/ARM/_Library/u8x8_d_ssd1327.c **** #ifdef U8X8_WITH_SET_CONTRAST
 123:/Users/imashio/Electronics/ARM/_Library/u8x8_d_ssd1327.c ****     case U8X8_MSG_DISPLAY_SET_CONTRAST:
 124:/Users/imashio/Electronics/ARM/_Library/u8x8_d_ssd1327.c ****       u8x8_cad_StartTransfer(u8x8);
 125:/Users/imashio/Electronics/ARM/_Library/u8x8_d_ssd1327.c ****       u8x8_cad_SendCmd(u8x8, 0x081 );
 126:/Users/imashio/Electronics/ARM/_Library/u8x8_d_ssd1327.c ****       u8x8_cad_SendArg(u8x8, arg_int );	/* ssd1327 has range from 0 to 255 */
 127:/Users/imashio/Electronics/ARM/_Library/u8x8_d_ssd1327.c ****       u8x8_cad_EndTransfer(u8x8);
 128:/Users/imashio/Electronics/ARM/_Library/u8x8_d_ssd1327.c ****       break;
 129:/Users/imashio/Electronics/ARM/_Library/u8x8_d_ssd1327.c **** #endif
 130:/Users/imashio/Electronics/ARM/_Library/u8x8_d_ssd1327.c ****     case U8X8_MSG_DISPLAY_DRAW_TILE:
 131:/Users/imashio/Electronics/ARM/_Library/u8x8_d_ssd1327.c ****       u8x8_cad_StartTransfer(u8x8);
 132:/Users/imashio/Electronics/ARM/_Library/u8x8_d_ssd1327.c ****       x = ((u8x8_tile_t *)arg_ptr)->x_pos;    
 133:/Users/imashio/Electronics/ARM/_Library/u8x8_d_ssd1327.c ****       x *= 4;
 134:/Users/imashio/Electronics/ARM/_Library/u8x8_d_ssd1327.c ****       x+=u8x8->x_offset/2;
 135:/Users/imashio/Electronics/ARM/_Library/u8x8_d_ssd1327.c ****     
 136:/Users/imashio/Electronics/ARM/_Library/u8x8_d_ssd1327.c ****       y = (((u8x8_tile_t *)arg_ptr)->y_pos);
 137:/Users/imashio/Electronics/ARM/_Library/u8x8_d_ssd1327.c ****       y *= 8;
 138:/Users/imashio/Electronics/ARM/_Library/u8x8_d_ssd1327.c ****     
 139:/Users/imashio/Electronics/ARM/_Library/u8x8_d_ssd1327.c ****       u8x8_cad_SendCmd(u8x8, 0x075 );	/* set row address, moved out of the loop (issue 302) */
 140:/Users/imashio/Electronics/ARM/_Library/u8x8_d_ssd1327.c ****       u8x8_cad_SendArg(u8x8, y);
 141:/Users/imashio/Electronics/ARM/_Library/u8x8_d_ssd1327.c ****       u8x8_cad_SendArg(u8x8, y+7);
 142:/Users/imashio/Electronics/ARM/_Library/u8x8_d_ssd1327.c **** 	  
 143:/Users/imashio/Electronics/ARM/_Library/u8x8_d_ssd1327.c ****       
 144:/Users/imashio/Electronics/ARM/_Library/u8x8_d_ssd1327.c ****       do
 145:/Users/imashio/Electronics/ARM/_Library/u8x8_d_ssd1327.c ****       {
 146:/Users/imashio/Electronics/ARM/_Library/u8x8_d_ssd1327.c **** 	c = ((u8x8_tile_t *)arg_ptr)->cnt;
 147:/Users/imashio/Electronics/ARM/_Library/u8x8_d_ssd1327.c **** 	ptr = ((u8x8_tile_t *)arg_ptr)->tile_ptr;
 148:/Users/imashio/Electronics/ARM/_Library/u8x8_d_ssd1327.c **** 
 149:/Users/imashio/Electronics/ARM/_Library/u8x8_d_ssd1327.c **** 	do
 150:/Users/imashio/Electronics/ARM/_Library/u8x8_d_ssd1327.c **** 	{
 151:/Users/imashio/Electronics/ARM/_Library/u8x8_d_ssd1327.c **** 	  u8x8_cad_SendCmd(u8x8, 0x015 );	/* set column address */
 152:/Users/imashio/Electronics/ARM/_Library/u8x8_d_ssd1327.c **** 	  u8x8_cad_SendArg(u8x8, x );	/* start */
 153:/Users/imashio/Electronics/ARM/_Library/u8x8_d_ssd1327.c **** 	  u8x8_cad_SendArg(u8x8, x+3 );	/* end */
 154:/Users/imashio/Electronics/ARM/_Library/u8x8_d_ssd1327.c **** 
 155:/Users/imashio/Electronics/ARM/_Library/u8x8_d_ssd1327.c **** 	  
 156:/Users/imashio/Electronics/ARM/_Library/u8x8_d_ssd1327.c **** 	  u8x8_cad_SendData(u8x8, 32, u8x8_ssd1327_8to32(u8x8, ptr));
 157:/Users/imashio/Electronics/ARM/_Library/u8x8_d_ssd1327.c **** 	  ptr += 8;
 158:/Users/imashio/Electronics/ARM/_Library/u8x8_d_ssd1327.c **** 	  x += 4;
 159:/Users/imashio/Electronics/ARM/_Library/u8x8_d_ssd1327.c **** 	  c--;
 160:/Users/imashio/Electronics/ARM/_Library/u8x8_d_ssd1327.c **** 	} while( c > 0 );
 161:/Users/imashio/Electronics/ARM/_Library/u8x8_d_ssd1327.c **** 	
 162:/Users/imashio/Electronics/ARM/_Library/u8x8_d_ssd1327.c **** 	//x += 4;
 163:/Users/imashio/Electronics/ARM/_Library/u8x8_d_ssd1327.c **** 	arg_int--;
 164:/Users/imashio/Electronics/ARM/_Library/u8x8_d_ssd1327.c ****       } while( arg_int > 0 );
 165:/Users/imashio/Electronics/ARM/_Library/u8x8_d_ssd1327.c ****       
 166:/Users/imashio/Electronics/ARM/_Library/u8x8_d_ssd1327.c ****       u8x8_cad_EndTransfer(u8x8);
 167:/Users/imashio/Electronics/ARM/_Library/u8x8_d_ssd1327.c ****       break;
 168:/Users/imashio/Electronics/ARM/_Library/u8x8_d_ssd1327.c ****     default:
ARM GAS  /var/folders/v3/wysfpd052nz8jkbx04pk0ym80000gn/T//ccsVsLZL.s 			page 7


 169:/Users/imashio/Electronics/ARM/_Library/u8x8_d_ssd1327.c ****       return 0;
 165              		.loc 1 169 0
 166 0016 0020     		movs	r0, #0
 167              	.LVL23:
 168 0018 18E0     		b	.L15
 169              	.LVL24:
 170              	.L25:
 117:/Users/imashio/Electronics/ARM/_Library/u8x8_d_ssd1327.c **** 	u8x8_cad_SendSequence(u8x8, u8x8_d_ssd1327_96x96_powersave0_seq);
 171              		.loc 1 117 0
 172 001a 22B9     		cbnz	r2, .L19
 118:/Users/imashio/Electronics/ARM/_Library/u8x8_d_ssd1327.c ****       else
 173              		.loc 1 118 0
 174 001c 2F49     		ldr	r1, .L26
 175              	.LVL25:
 176 001e FFF7FEFF 		bl	u8x8_cad_SendSequence
 177              	.LVL26:
 170:/Users/imashio/Electronics/ARM/_Library/u8x8_d_ssd1327.c ****   }
 171:/Users/imashio/Electronics/ARM/_Library/u8x8_d_ssd1327.c ****   return 1;
 178              		.loc 1 171 0
 179 0022 0120     		movs	r0, #1
 180 0024 12E0     		b	.L15
 181              	.LVL27:
 182              	.L19:
 120:/Users/imashio/Electronics/ARM/_Library/u8x8_d_ssd1327.c ****       break;
 183              		.loc 1 120 0
 184 0026 2E49     		ldr	r1, .L26+4
 185              	.LVL28:
 186 0028 FFF7FEFF 		bl	u8x8_cad_SendSequence
 187              	.LVL29:
 188              		.loc 1 171 0
 189 002c 0120     		movs	r0, #1
 190 002e 0DE0     		b	.L15
 191              	.LVL30:
 192              	.L16:
 124:/Users/imashio/Electronics/ARM/_Library/u8x8_d_ssd1327.c ****       u8x8_cad_SendCmd(u8x8, 0x081 );
 193              		.loc 1 124 0
 194 0030 FFF7FEFF 		bl	u8x8_cad_StartTransfer
 195              	.LVL31:
 125:/Users/imashio/Electronics/ARM/_Library/u8x8_d_ssd1327.c ****       u8x8_cad_SendArg(u8x8, arg_int );	/* ssd1327 has range from 0 to 255 */
 196              		.loc 1 125 0
 197 0034 8121     		movs	r1, #129
 198 0036 3046     		mov	r0, r6
 199 0038 FFF7FEFF 		bl	u8x8_cad_SendCmd
 200              	.LVL32:
 126:/Users/imashio/Electronics/ARM/_Library/u8x8_d_ssd1327.c ****       u8x8_cad_EndTransfer(u8x8);
 201              		.loc 1 126 0
 202 003c 4146     		mov	r1, r8
 203 003e 3046     		mov	r0, r6
 204 0040 FFF7FEFF 		bl	u8x8_cad_SendArg
 205              	.LVL33:
 127:/Users/imashio/Electronics/ARM/_Library/u8x8_d_ssd1327.c ****       break;
 206              		.loc 1 127 0
 207 0044 3046     		mov	r0, r6
 208 0046 FFF7FEFF 		bl	u8x8_cad_EndTransfer
 209              	.LVL34:
 210              		.loc 1 171 0
 211 004a 0120     		movs	r0, #1
ARM GAS  /var/folders/v3/wysfpd052nz8jkbx04pk0ym80000gn/T//ccsVsLZL.s 			page 8


 212              	.LVL35:
 213              	.L15:
 172:/Users/imashio/Electronics/ARM/_Library/u8x8_d_ssd1327.c **** }
 214              		.loc 1 172 0
 215 004c BDE8F883 		pop	{r3, r4, r5, r6, r7, r8, r9, pc}
 216              	.LVL36:
 217              	.L17:
 131:/Users/imashio/Electronics/ARM/_Library/u8x8_d_ssd1327.c ****       x = ((u8x8_tile_t *)arg_ptr)->x_pos;    
 218              		.loc 1 131 0
 219 0050 FFF7FEFF 		bl	u8x8_cad_StartTransfer
 220              	.LVL37:
 132:/Users/imashio/Electronics/ARM/_Library/u8x8_d_ssd1327.c ****       x *= 4;
 221              		.loc 1 132 0
 222 0054 99F80540 		ldrb	r4, [r9, #5]	@ zero_extendqisi2
 223              	.LVL38:
 133:/Users/imashio/Electronics/ARM/_Library/u8x8_d_ssd1327.c ****       x+=u8x8->x_offset/2;
 224              		.loc 1 133 0
 225 0058 A400     		lsls	r4, r4, #2
 226              	.LVL39:
 227 005a E4B2     		uxtb	r4, r4
 228              	.LVL40:
 134:/Users/imashio/Electronics/ARM/_Library/u8x8_d_ssd1327.c ****     
 229              		.loc 1 134 0
 230 005c B37F     		ldrb	r3, [r6, #30]	@ zero_extendqisi2
 231 005e 04EB5304 		add	r4, r4, r3, lsr #1
 232              	.LVL41:
 233 0062 E4B2     		uxtb	r4, r4
 234              	.LVL42:
 136:/Users/imashio/Electronics/ARM/_Library/u8x8_d_ssd1327.c ****       y *= 8;
 235              		.loc 1 136 0
 236 0064 99F80650 		ldrb	r5, [r9, #6]	@ zero_extendqisi2
 237              	.LVL43:
 137:/Users/imashio/Electronics/ARM/_Library/u8x8_d_ssd1327.c ****     
 238              		.loc 1 137 0
 239 0068 ED00     		lsls	r5, r5, #3
 240              	.LVL44:
 241 006a EDB2     		uxtb	r5, r5
 242              	.LVL45:
 139:/Users/imashio/Electronics/ARM/_Library/u8x8_d_ssd1327.c ****       u8x8_cad_SendArg(u8x8, y);
 243              		.loc 1 139 0
 244 006c 7521     		movs	r1, #117
 245 006e 3046     		mov	r0, r6
 246 0070 FFF7FEFF 		bl	u8x8_cad_SendCmd
 247              	.LVL46:
 140:/Users/imashio/Electronics/ARM/_Library/u8x8_d_ssd1327.c ****       u8x8_cad_SendArg(u8x8, y+7);
 248              		.loc 1 140 0
 249 0074 2946     		mov	r1, r5
 250 0076 3046     		mov	r0, r6
 251 0078 FFF7FEFF 		bl	u8x8_cad_SendArg
 252              	.LVL47:
 141:/Users/imashio/Electronics/ARM/_Library/u8x8_d_ssd1327.c **** 	  
 253              		.loc 1 141 0
 254 007c E91D     		adds	r1, r5, #7
 255 007e C9B2     		uxtb	r1, r1
 256 0080 3046     		mov	r0, r6
 257 0082 FFF7FEFF 		bl	u8x8_cad_SendArg
 258              	.LVL48:
ARM GAS  /var/folders/v3/wysfpd052nz8jkbx04pk0ym80000gn/T//ccsVsLZL.s 			page 9


 259              	.L21:
 146:/Users/imashio/Electronics/ARM/_Library/u8x8_d_ssd1327.c **** 	ptr = ((u8x8_tile_t *)arg_ptr)->tile_ptr;
 260              		.loc 1 146 0
 261 0086 99F80450 		ldrb	r5, [r9, #4]	@ zero_extendqisi2
 262              	.LVL49:
 147:/Users/imashio/Electronics/ARM/_Library/u8x8_d_ssd1327.c **** 
 263              		.loc 1 147 0
 264 008a D9F80070 		ldr	r7, [r9]
 265              	.LVL50:
 266              	.L20:
 151:/Users/imashio/Electronics/ARM/_Library/u8x8_d_ssd1327.c **** 	  u8x8_cad_SendArg(u8x8, x );	/* start */
 267              		.loc 1 151 0 discriminator 1
 268 008e 1521     		movs	r1, #21
 269 0090 3046     		mov	r0, r6
 270 0092 FFF7FEFF 		bl	u8x8_cad_SendCmd
 271              	.LVL51:
 152:/Users/imashio/Electronics/ARM/_Library/u8x8_d_ssd1327.c **** 	  u8x8_cad_SendArg(u8x8, x+3 );	/* end */
 272              		.loc 1 152 0 discriminator 1
 273 0096 2146     		mov	r1, r4
 274 0098 3046     		mov	r0, r6
 275 009a FFF7FEFF 		bl	u8x8_cad_SendArg
 276              	.LVL52:
 153:/Users/imashio/Electronics/ARM/_Library/u8x8_d_ssd1327.c **** 
 277              		.loc 1 153 0 discriminator 1
 278 009e E11C     		adds	r1, r4, #3
 279 00a0 C9B2     		uxtb	r1, r1
 280 00a2 3046     		mov	r0, r6
 281 00a4 FFF7FEFF 		bl	u8x8_cad_SendArg
 282              	.LVL53:
 156:/Users/imashio/Electronics/ARM/_Library/u8x8_d_ssd1327.c **** 	  ptr += 8;
 283              		.loc 1 156 0 discriminator 1
 284 00a8 3946     		mov	r1, r7
 285 00aa 3046     		mov	r0, r6
 286 00ac FFF7FEFF 		bl	u8x8_ssd1327_8to32
 287              	.LVL54:
 288 00b0 0246     		mov	r2, r0
 289 00b2 2021     		movs	r1, #32
 290 00b4 3046     		mov	r0, r6
 291 00b6 FFF7FEFF 		bl	u8x8_cad_SendData
 292              	.LVL55:
 157:/Users/imashio/Electronics/ARM/_Library/u8x8_d_ssd1327.c **** 	  x += 4;
 293              		.loc 1 157 0 discriminator 1
 294 00ba 0837     		adds	r7, r7, #8
 295              	.LVL56:
 158:/Users/imashio/Electronics/ARM/_Library/u8x8_d_ssd1327.c **** 	  c--;
 296              		.loc 1 158 0 discriminator 1
 297 00bc 0434     		adds	r4, r4, #4
 298              	.LVL57:
 299 00be E4B2     		uxtb	r4, r4
 300              	.LVL58:
 159:/Users/imashio/Electronics/ARM/_Library/u8x8_d_ssd1327.c **** 	} while( c > 0 );
 301              		.loc 1 159 0 discriminator 1
 302 00c0 6B1E     		subs	r3, r5, #1
 303              	.LVL59:
 160:/Users/imashio/Electronics/ARM/_Library/u8x8_d_ssd1327.c **** 	
 304              		.loc 1 160 0 discriminator 1
 305 00c2 13F0FF05 		ands	r5, r3, #255
ARM GAS  /var/folders/v3/wysfpd052nz8jkbx04pk0ym80000gn/T//ccsVsLZL.s 			page 10


 306 00c6 E2D1     		bne	.L20
 163:/Users/imashio/Electronics/ARM/_Library/u8x8_d_ssd1327.c ****       } while( arg_int > 0 );
 307              		.loc 1 163 0
 308 00c8 08F1FF38 		add	r8, r8, #-1
 309              	.LVL60:
 164:/Users/imashio/Electronics/ARM/_Library/u8x8_d_ssd1327.c ****       
 310              		.loc 1 164 0
 311 00cc 18F0FF08 		ands	r8, r8, #255
 312              	.LVL61:
 313 00d0 D9D1     		bne	.L21
 166:/Users/imashio/Electronics/ARM/_Library/u8x8_d_ssd1327.c ****       break;
 314              		.loc 1 166 0
 315 00d2 3046     		mov	r0, r6
 316 00d4 FFF7FEFF 		bl	u8x8_cad_EndTransfer
 317              	.LVL62:
 171:/Users/imashio/Electronics/ARM/_Library/u8x8_d_ssd1327.c **** }
 318              		.loc 1 171 0
 319 00d8 0120     		movs	r0, #1
 167:/Users/imashio/Electronics/ARM/_Library/u8x8_d_ssd1327.c ****     default:
 320              		.loc 1 167 0
 321 00da B7E7     		b	.L15
 322              	.L27:
 323              		.align	2
 324              	.L26:
 325 00dc 00000000 		.word	.LANCHOR1
 326 00e0 00000000 		.word	.LANCHOR2
 327              		.cfi_endproc
 328              	.LFE1:
 330              		.section	.text.u8x8_d_ssd1327_seeed_96x96,"ax",%progbits
 331              		.align	1
 332              		.global	u8x8_d_ssd1327_seeed_96x96
 333              		.syntax unified
 334              		.thumb
 335              		.thumb_func
 336              		.fpu fpv4-sp-d16
 338              	u8x8_d_ssd1327_seeed_96x96:
 339              	.LFB2:
 173:/Users/imashio/Electronics/ARM/_Library/u8x8_d_ssd1327.c **** 
 174:/Users/imashio/Electronics/ARM/_Library/u8x8_d_ssd1327.c **** /*=============================================*/
 175:/Users/imashio/Electronics/ARM/_Library/u8x8_d_ssd1327.c **** /*  Seeedstudio Grove OLED 96x96 */
 176:/Users/imashio/Electronics/ARM/_Library/u8x8_d_ssd1327.c **** 
 177:/Users/imashio/Electronics/ARM/_Library/u8x8_d_ssd1327.c **** static const u8x8_display_info_t u8x8_ssd1327_96x96_display_info =
 178:/Users/imashio/Electronics/ARM/_Library/u8x8_d_ssd1327.c **** {
 179:/Users/imashio/Electronics/ARM/_Library/u8x8_d_ssd1327.c ****   /* chip_enable_level = */ 0,
 180:/Users/imashio/Electronics/ARM/_Library/u8x8_d_ssd1327.c ****   /* chip_disable_level = */ 1,
 181:/Users/imashio/Electronics/ARM/_Library/u8x8_d_ssd1327.c ****   
 182:/Users/imashio/Electronics/ARM/_Library/u8x8_d_ssd1327.c ****   /* post_chip_enable_wait_ns = */ 20,
 183:/Users/imashio/Electronics/ARM/_Library/u8x8_d_ssd1327.c ****   /* pre_chip_disable_wait_ns = */ 10,
 184:/Users/imashio/Electronics/ARM/_Library/u8x8_d_ssd1327.c ****   /* reset_pulse_width_ms = */ 100, 	
 185:/Users/imashio/Electronics/ARM/_Library/u8x8_d_ssd1327.c ****   /* post_reset_wait_ms = */ 100, 		/**/
 186:/Users/imashio/Electronics/ARM/_Library/u8x8_d_ssd1327.c ****   /* sda_setup_time_ns = */ 100,		/* */
 187:/Users/imashio/Electronics/ARM/_Library/u8x8_d_ssd1327.c ****   /* sck_pulse_width_ns = */ 100,	/*  */
 188:/Users/imashio/Electronics/ARM/_Library/u8x8_d_ssd1327.c ****   /* sck_clock_hz = */ 4000000UL,	/* since Arduino 1.6.0, the SPI bus speed in Hz. Should be  10000
 189:/Users/imashio/Electronics/ARM/_Library/u8x8_d_ssd1327.c ****   /* spi_mode = */ 0,		/* active high, rising edge */
 190:/Users/imashio/Electronics/ARM/_Library/u8x8_d_ssd1327.c ****   /* i2c_bus_clock_100kHz = */ 1,	/* use 1 instead of 4, because the SSD1327 seems to be very slow 
 191:/Users/imashio/Electronics/ARM/_Library/u8x8_d_ssd1327.c ****   /* data_setup_time_ns = */ 40,
 192:/Users/imashio/Electronics/ARM/_Library/u8x8_d_ssd1327.c ****   /* write_pulse_width_ns = */ 60,	
ARM GAS  /var/folders/v3/wysfpd052nz8jkbx04pk0ym80000gn/T//ccsVsLZL.s 			page 11


 193:/Users/imashio/Electronics/ARM/_Library/u8x8_d_ssd1327.c ****   /* tile_width = */ 12,
 194:/Users/imashio/Electronics/ARM/_Library/u8x8_d_ssd1327.c ****   /* tile_hight = */ 12,
 195:/Users/imashio/Electronics/ARM/_Library/u8x8_d_ssd1327.c ****   /* default_x_offset = */ 16,
 196:/Users/imashio/Electronics/ARM/_Library/u8x8_d_ssd1327.c ****   /* flipmode_x_offset = */ 16,		
 197:/Users/imashio/Electronics/ARM/_Library/u8x8_d_ssd1327.c ****   /* pixel_width = */ 96,
 198:/Users/imashio/Electronics/ARM/_Library/u8x8_d_ssd1327.c ****   /* pixel_height = */ 96
 199:/Users/imashio/Electronics/ARM/_Library/u8x8_d_ssd1327.c **** };
 200:/Users/imashio/Electronics/ARM/_Library/u8x8_d_ssd1327.c **** 
 201:/Users/imashio/Electronics/ARM/_Library/u8x8_d_ssd1327.c **** /*  https://github.com/SeeedDocument/Grove_OLED_1.12/raw/master/resources/LY120-096096.pdf */
 202:/Users/imashio/Electronics/ARM/_Library/u8x8_d_ssd1327.c **** /*  http://www.seeedstudio.com/wiki/index.php?title=Twig_-_OLED_96x96 */
 203:/Users/imashio/Electronics/ARM/_Library/u8x8_d_ssd1327.c **** /* values from u8glib */
 204:/Users/imashio/Electronics/ARM/_Library/u8x8_d_ssd1327.c **** /*
 205:/Users/imashio/Electronics/ARM/_Library/u8x8_d_ssd1327.c ****   Re-map setting in Graphic Display Data RAM, command 0x0a0
 206:/Users/imashio/Electronics/ARM/_Library/u8x8_d_ssd1327.c ****     Bit 0: Column Address Re-map
 207:/Users/imashio/Electronics/ARM/_Library/u8x8_d_ssd1327.c ****     Bit 1: Nibble Re-map
 208:/Users/imashio/Electronics/ARM/_Library/u8x8_d_ssd1327.c ****     Bit 2: Horizontal/Vertical Address Increment
 209:/Users/imashio/Electronics/ARM/_Library/u8x8_d_ssd1327.c ****     Bit 3: Not used, must be 0
 210:/Users/imashio/Electronics/ARM/_Library/u8x8_d_ssd1327.c ****     
 211:/Users/imashio/Electronics/ARM/_Library/u8x8_d_ssd1327.c ****     Bit 4: COM Re-map
 212:/Users/imashio/Electronics/ARM/_Library/u8x8_d_ssd1327.c ****     Bit 5: Not used, must be 0
 213:/Users/imashio/Electronics/ARM/_Library/u8x8_d_ssd1327.c ****     Bit 6: COM Split Odd Even
 214:/Users/imashio/Electronics/ARM/_Library/u8x8_d_ssd1327.c ****     Bit 7: Not used, must be 0
 215:/Users/imashio/Electronics/ARM/_Library/u8x8_d_ssd1327.c **** */
 216:/Users/imashio/Electronics/ARM/_Library/u8x8_d_ssd1327.c **** 
 217:/Users/imashio/Electronics/ARM/_Library/u8x8_d_ssd1327.c **** 
 218:/Users/imashio/Electronics/ARM/_Library/u8x8_d_ssd1327.c **** static const uint8_t u8x8_d_ssd1327_96x96_init_seq[] = {
 219:/Users/imashio/Electronics/ARM/_Library/u8x8_d_ssd1327.c ****     
 220:/Users/imashio/Electronics/ARM/_Library/u8x8_d_ssd1327.c ****   U8X8_START_TRANSFER(),             	/* enable chip, delay is part of the transfer start */
 221:/Users/imashio/Electronics/ARM/_Library/u8x8_d_ssd1327.c ****   
 222:/Users/imashio/Electronics/ARM/_Library/u8x8_d_ssd1327.c ****   U8X8_CA(0x0fd, 0x012),		/* unlock display, usually not required because the display is unlocked a
 223:/Users/imashio/Electronics/ARM/_Library/u8x8_d_ssd1327.c ****   U8X8_C(0x0ae),		                /* display off */
 224:/Users/imashio/Electronics/ARM/_Library/u8x8_d_ssd1327.c ****   //U8X8_CA(0x0a8, 0x03f),		/* multiplex ratio: 0x03f * 1/64 duty */
 225:/Users/imashio/Electronics/ARM/_Library/u8x8_d_ssd1327.c ****   U8X8_CA(0x0a8, 0x05f),		/* multiplex ratio: 0x05f * 1/64 duty */
 226:/Users/imashio/Electronics/ARM/_Library/u8x8_d_ssd1327.c ****   U8X8_CA(0x0a1, 0x000),		/* display start line */
 227:/Users/imashio/Electronics/ARM/_Library/u8x8_d_ssd1327.c ****   //U8X8_CA(0x0a2, 0x04c),		/* display offset, shift mapping ram counter */
 228:/Users/imashio/Electronics/ARM/_Library/u8x8_d_ssd1327.c ****   
 229:/Users/imashio/Electronics/ARM/_Library/u8x8_d_ssd1327.c ****   U8X8_CA(0x0a2, 0x020),		/* display offset, shift mapping ram counter */
 230:/Users/imashio/Electronics/ARM/_Library/u8x8_d_ssd1327.c ****   U8X8_CA(0x0a0, 0x051),		/* remap configuration */
 231:/Users/imashio/Electronics/ARM/_Library/u8x8_d_ssd1327.c ****   
 232:/Users/imashio/Electronics/ARM/_Library/u8x8_d_ssd1327.c ****   
 233:/Users/imashio/Electronics/ARM/_Library/u8x8_d_ssd1327.c ****   U8X8_CA(0x0ab, 0x001),		/* Enable internal VDD regulator (RESET) */
 234:/Users/imashio/Electronics/ARM/_Library/u8x8_d_ssd1327.c ****   //U8X8_CA(0x081, 0x070),		/* contrast, brightness, 0..128 */
 235:/Users/imashio/Electronics/ARM/_Library/u8x8_d_ssd1327.c ****   U8X8_CA(0x081, 0x053),		/* contrast, brightness, 0..128 */
 236:/Users/imashio/Electronics/ARM/_Library/u8x8_d_ssd1327.c ****   //U8X8_CA(0x0b1, 0x055),                    /* phase length */
 237:/Users/imashio/Electronics/ARM/_Library/u8x8_d_ssd1327.c ****   U8X8_CA(0x0b1, 0x051),                    /* phase length */  
 238:/Users/imashio/Electronics/ARM/_Library/u8x8_d_ssd1327.c ****   //U8X8_CA(0x0b3, 0x091),		/* set display clock divide ratio/oscillator frequency (set clock as 13
 239:/Users/imashio/Electronics/ARM/_Library/u8x8_d_ssd1327.c ****   U8X8_CA(0x0b3, 0x001),		/* set display clock divide ratio/oscillator frequency  */			
 240:/Users/imashio/Electronics/ARM/_Library/u8x8_d_ssd1327.c ****   
 241:/Users/imashio/Electronics/ARM/_Library/u8x8_d_ssd1327.c ****   //? U8X8_CA(0x0ad, 0x002),		/* master configuration: disable embedded DC-DC, enable internal VCOM
 242:/Users/imashio/Electronics/ARM/_Library/u8x8_d_ssd1327.c ****   //? U8X8_C(0x086),				/* full current range (0x084, 0x085, 0x086) */
 243:/Users/imashio/Electronics/ARM/_Library/u8x8_d_ssd1327.c ****   
 244:/Users/imashio/Electronics/ARM/_Library/u8x8_d_ssd1327.c ****   U8X8_C(0x0b9),				/* use linear lookup table */
 245:/Users/imashio/Electronics/ARM/_Library/u8x8_d_ssd1327.c **** 
 246:/Users/imashio/Electronics/ARM/_Library/u8x8_d_ssd1327.c ****   //U8X8_CA(0x0bc, 0x010),                    /* pre-charge voltage level */
 247:/Users/imashio/Electronics/ARM/_Library/u8x8_d_ssd1327.c ****   U8X8_CA(0x0bc, 0x008),                    /* pre-charge voltage level */
 248:/Users/imashio/Electronics/ARM/_Library/u8x8_d_ssd1327.c ****   //U8X8_CA(0x0be, 0x01c),                     /* VCOMH voltage */
 249:/Users/imashio/Electronics/ARM/_Library/u8x8_d_ssd1327.c ****   U8X8_CA(0x0be, 0x007),                     /* VCOMH voltage */
ARM GAS  /var/folders/v3/wysfpd052nz8jkbx04pk0ym80000gn/T//ccsVsLZL.s 			page 12


 250:/Users/imashio/Electronics/ARM/_Library/u8x8_d_ssd1327.c ****   U8X8_CA(0x0b6, 0x001),		/* second precharge */
 251:/Users/imashio/Electronics/ARM/_Library/u8x8_d_ssd1327.c ****   U8X8_CA(0x0d5, 0x062),		/* enable second precharge, internal vsl (bit0 = 0) */
 252:/Users/imashio/Electronics/ARM/_Library/u8x8_d_ssd1327.c **** 
 253:/Users/imashio/Electronics/ARM/_Library/u8x8_d_ssd1327.c **** 
 254:/Users/imashio/Electronics/ARM/_Library/u8x8_d_ssd1327.c ****   
 255:/Users/imashio/Electronics/ARM/_Library/u8x8_d_ssd1327.c ****   U8X8_C(0x0a4),				/* normal display mode */
 256:/Users/imashio/Electronics/ARM/_Library/u8x8_d_ssd1327.c ****     
 257:/Users/imashio/Electronics/ARM/_Library/u8x8_d_ssd1327.c ****   U8X8_END_TRANSFER(),             	/* disable chip */
 258:/Users/imashio/Electronics/ARM/_Library/u8x8_d_ssd1327.c ****   U8X8_END()             			/* end of sequence */
 259:/Users/imashio/Electronics/ARM/_Library/u8x8_d_ssd1327.c **** };
 260:/Users/imashio/Electronics/ARM/_Library/u8x8_d_ssd1327.c **** 
 261:/Users/imashio/Electronics/ARM/_Library/u8x8_d_ssd1327.c **** 
 262:/Users/imashio/Electronics/ARM/_Library/u8x8_d_ssd1327.c **** static const uint8_t u8x8_d_ssd1327_seeed_96x96_flip0_seq[] = {
 263:/Users/imashio/Electronics/ARM/_Library/u8x8_d_ssd1327.c ****   U8X8_START_TRANSFER(),             	/* enable chip, delay is part of the transfer start */
 264:/Users/imashio/Electronics/ARM/_Library/u8x8_d_ssd1327.c ****   U8X8_CA(0x0a2, 0x020),		/* display offset, shift mapping ram counter */
 265:/Users/imashio/Electronics/ARM/_Library/u8x8_d_ssd1327.c ****   U8X8_CA(0x0a0, 0x051),		/* remap configuration */
 266:/Users/imashio/Electronics/ARM/_Library/u8x8_d_ssd1327.c ****   U8X8_END_TRANSFER(),             	/* disable chip */
 267:/Users/imashio/Electronics/ARM/_Library/u8x8_d_ssd1327.c ****   U8X8_END()             			/* end of sequence */
 268:/Users/imashio/Electronics/ARM/_Library/u8x8_d_ssd1327.c **** };
 269:/Users/imashio/Electronics/ARM/_Library/u8x8_d_ssd1327.c **** 
 270:/Users/imashio/Electronics/ARM/_Library/u8x8_d_ssd1327.c **** static const uint8_t u8x8_d_ssd1327_seeed_96x96_flip1_seq[] = {
 271:/Users/imashio/Electronics/ARM/_Library/u8x8_d_ssd1327.c ****   U8X8_START_TRANSFER(),             	/* enable chip, delay is part of the transfer start */
 272:/Users/imashio/Electronics/ARM/_Library/u8x8_d_ssd1327.c ****   U8X8_CA(0x0a2, 0x060),		/* display offset, shift mapping ram counter */
 273:/Users/imashio/Electronics/ARM/_Library/u8x8_d_ssd1327.c ****   U8X8_CA(0x0a0, 0x042),		/* remap configuration */
 274:/Users/imashio/Electronics/ARM/_Library/u8x8_d_ssd1327.c ****   U8X8_END_TRANSFER(),             	/* disable chip */
 275:/Users/imashio/Electronics/ARM/_Library/u8x8_d_ssd1327.c ****   U8X8_END()             			/* end of sequence */
 276:/Users/imashio/Electronics/ARM/_Library/u8x8_d_ssd1327.c **** };
 277:/Users/imashio/Electronics/ARM/_Library/u8x8_d_ssd1327.c **** 
 278:/Users/imashio/Electronics/ARM/_Library/u8x8_d_ssd1327.c **** 
 279:/Users/imashio/Electronics/ARM/_Library/u8x8_d_ssd1327.c **** uint8_t u8x8_d_ssd1327_seeed_96x96(u8x8_t *u8x8, uint8_t msg, uint8_t arg_int, void *arg_ptr)
 280:/Users/imashio/Electronics/ARM/_Library/u8x8_d_ssd1327.c **** {
 340              		.loc 1 280 0
 341              		.cfi_startproc
 342              		@ args = 0, pretend = 0, frame = 0
 343              		@ frame_needed = 0, uses_anonymous_args = 0
 344              	.LVL63:
 345 0000 70B5     		push	{r4, r5, r6, lr}
 346              	.LCFI3:
 347              		.cfi_def_cfa_offset 16
 348              		.cfi_offset 4, -16
 349              		.cfi_offset 5, -12
 350              		.cfi_offset 6, -8
 351              		.cfi_offset 14, -4
 352 0002 0546     		mov	r5, r0
 353 0004 0C46     		mov	r4, r1
 354 0006 1646     		mov	r6, r2
 281:/Users/imashio/Electronics/ARM/_Library/u8x8_d_ssd1327.c ****   if ( u8x8_d_ssd1327_96x96_generic(u8x8, msg, arg_int, arg_ptr) != 0 )
 355              		.loc 1 281 0
 356 0008 FFF7FEFF 		bl	u8x8_d_ssd1327_96x96_generic
 357              	.LVL64:
 358 000c 40BB     		cbnz	r0, .L33
 359 000e 0346     		mov	r3, r0
 282:/Users/imashio/Electronics/ARM/_Library/u8x8_d_ssd1327.c ****     return 1;
 283:/Users/imashio/Electronics/ARM/_Library/u8x8_d_ssd1327.c ****   if ( msg == U8X8_MSG_DISPLAY_SETUP_MEMORY )
 360              		.loc 1 283 0
 361 0010 092C     		cmp	r4, #9
 362 0012 0DD0     		beq	.L35
ARM GAS  /var/folders/v3/wysfpd052nz8jkbx04pk0ym80000gn/T//ccsVsLZL.s 			page 13


 284:/Users/imashio/Electronics/ARM/_Library/u8x8_d_ssd1327.c ****   {
 285:/Users/imashio/Electronics/ARM/_Library/u8x8_d_ssd1327.c ****     u8x8_d_helper_display_setup_memory(u8x8, &u8x8_ssd1327_96x96_display_info);
 286:/Users/imashio/Electronics/ARM/_Library/u8x8_d_ssd1327.c ****     return 1;
 287:/Users/imashio/Electronics/ARM/_Library/u8x8_d_ssd1327.c ****   }
 288:/Users/imashio/Electronics/ARM/_Library/u8x8_d_ssd1327.c ****   else if ( msg == U8X8_MSG_DISPLAY_INIT )
 363              		.loc 1 288 0
 364 0014 0A2C     		cmp	r4, #10
 365 0016 11D0     		beq	.L36
 289:/Users/imashio/Electronics/ARM/_Library/u8x8_d_ssd1327.c ****   {
 290:/Users/imashio/Electronics/ARM/_Library/u8x8_d_ssd1327.c ****     u8x8_d_helper_display_init(u8x8);
 291:/Users/imashio/Electronics/ARM/_Library/u8x8_d_ssd1327.c ****     u8x8_cad_SendSequence(u8x8, u8x8_d_ssd1327_96x96_init_seq);    
 292:/Users/imashio/Electronics/ARM/_Library/u8x8_d_ssd1327.c ****     return 1;
 293:/Users/imashio/Electronics/ARM/_Library/u8x8_d_ssd1327.c ****   }
 294:/Users/imashio/Electronics/ARM/_Library/u8x8_d_ssd1327.c ****   else if  ( msg == U8X8_MSG_DISPLAY_SET_FLIP_MODE )
 366              		.loc 1 294 0
 367 0018 0D2C     		cmp	r4, #13
 368 001a 22D1     		bne	.L29
 295:/Users/imashio/Electronics/ARM/_Library/u8x8_d_ssd1327.c ****   {
 296:/Users/imashio/Electronics/ARM/_Library/u8x8_d_ssd1327.c ****     if ( arg_int == 0 )
 369              		.loc 1 296 0
 370 001c BEB1     		cbz	r6, .L37
 297:/Users/imashio/Electronics/ARM/_Library/u8x8_d_ssd1327.c ****     {
 298:/Users/imashio/Electronics/ARM/_Library/u8x8_d_ssd1327.c ****       u8x8_cad_SendSequence(u8x8, u8x8_d_ssd1327_seeed_96x96_flip0_seq);
 299:/Users/imashio/Electronics/ARM/_Library/u8x8_d_ssd1327.c ****       u8x8->x_offset = u8x8->display_info->default_x_offset;
 300:/Users/imashio/Electronics/ARM/_Library/u8x8_d_ssd1327.c ****     }
 301:/Users/imashio/Electronics/ARM/_Library/u8x8_d_ssd1327.c ****     else
 302:/Users/imashio/Electronics/ARM/_Library/u8x8_d_ssd1327.c ****     {
 303:/Users/imashio/Electronics/ARM/_Library/u8x8_d_ssd1327.c ****       u8x8_cad_SendSequence(u8x8, u8x8_d_ssd1327_seeed_96x96_flip1_seq);
 371              		.loc 1 303 0
 372 001e 1249     		ldr	r1, .L38
 373 0020 2846     		mov	r0, r5
 374 0022 FFF7FEFF 		bl	u8x8_cad_SendSequence
 375              	.LVL65:
 304:/Users/imashio/Electronics/ARM/_Library/u8x8_d_ssd1327.c ****       u8x8->x_offset = u8x8->display_info->flipmode_x_offset;
 376              		.loc 1 304 0
 377 0026 2B68     		ldr	r3, [r5]
 378 0028 DB7C     		ldrb	r3, [r3, #19]	@ zero_extendqisi2
 379 002a AB77     		strb	r3, [r5, #30]
 305:/Users/imashio/Electronics/ARM/_Library/u8x8_d_ssd1327.c ****     }
 306:/Users/imashio/Electronics/ARM/_Library/u8x8_d_ssd1327.c ****     return 1;
 380              		.loc 1 306 0
 381 002c 0123     		movs	r3, #1
 382 002e 18E0     		b	.L29
 383              	.L35:
 285:/Users/imashio/Electronics/ARM/_Library/u8x8_d_ssd1327.c ****     return 1;
 384              		.loc 1 285 0
 385 0030 0E49     		ldr	r1, .L38+4
 386 0032 2846     		mov	r0, r5
 387 0034 FFF7FEFF 		bl	u8x8_d_helper_display_setup_memory
 388              	.LVL66:
 286:/Users/imashio/Electronics/ARM/_Library/u8x8_d_ssd1327.c ****   }
 389              		.loc 1 286 0
 390 0038 0123     		movs	r3, #1
 391 003a 12E0     		b	.L29
 392              	.L36:
 290:/Users/imashio/Electronics/ARM/_Library/u8x8_d_ssd1327.c ****     u8x8_cad_SendSequence(u8x8, u8x8_d_ssd1327_96x96_init_seq);    
 393              		.loc 1 290 0
ARM GAS  /var/folders/v3/wysfpd052nz8jkbx04pk0ym80000gn/T//ccsVsLZL.s 			page 14


 394 003c 2846     		mov	r0, r5
 395 003e FFF7FEFF 		bl	u8x8_d_helper_display_init
 396              	.LVL67:
 291:/Users/imashio/Electronics/ARM/_Library/u8x8_d_ssd1327.c ****     return 1;
 397              		.loc 1 291 0
 398 0042 0B49     		ldr	r1, .L38+8
 399 0044 2846     		mov	r0, r5
 400 0046 FFF7FEFF 		bl	u8x8_cad_SendSequence
 401              	.LVL68:
 292:/Users/imashio/Electronics/ARM/_Library/u8x8_d_ssd1327.c ****   }
 402              		.loc 1 292 0
 403 004a 0123     		movs	r3, #1
 404 004c 09E0     		b	.L29
 405              	.L37:
 298:/Users/imashio/Electronics/ARM/_Library/u8x8_d_ssd1327.c ****       u8x8->x_offset = u8x8->display_info->default_x_offset;
 406              		.loc 1 298 0
 407 004e 0949     		ldr	r1, .L38+12
 408 0050 2846     		mov	r0, r5
 409 0052 FFF7FEFF 		bl	u8x8_cad_SendSequence
 410              	.LVL69:
 299:/Users/imashio/Electronics/ARM/_Library/u8x8_d_ssd1327.c ****     }
 411              		.loc 1 299 0
 412 0056 2B68     		ldr	r3, [r5]
 413 0058 9B7C     		ldrb	r3, [r3, #18]	@ zero_extendqisi2
 414 005a AB77     		strb	r3, [r5, #30]
 415              		.loc 1 306 0
 416 005c 0123     		movs	r3, #1
 417 005e 00E0     		b	.L29
 418              	.L33:
 282:/Users/imashio/Electronics/ARM/_Library/u8x8_d_ssd1327.c ****   if ( msg == U8X8_MSG_DISPLAY_SETUP_MEMORY )
 419              		.loc 1 282 0
 420 0060 0123     		movs	r3, #1
 421              	.L29:
 307:/Users/imashio/Electronics/ARM/_Library/u8x8_d_ssd1327.c ****   }
 308:/Users/imashio/Electronics/ARM/_Library/u8x8_d_ssd1327.c ****   return 0;
 309:/Users/imashio/Electronics/ARM/_Library/u8x8_d_ssd1327.c **** }
 422              		.loc 1 309 0
 423 0062 1846     		mov	r0, r3
 424 0064 70BD     		pop	{r4, r5, r6, pc}
 425              	.LVL70:
 426              	.L39:
 427 0066 00BF     		.align	2
 428              	.L38:
 429 0068 00000000 		.word	.LANCHOR6
 430 006c 00000000 		.word	.LANCHOR3
 431 0070 00000000 		.word	.LANCHOR4
 432 0074 00000000 		.word	.LANCHOR5
 433              		.cfi_endproc
 434              	.LFE2:
 436              		.section	.text.u8x8_d_ssd1327_midas_128x128,"ax",%progbits
 437              		.align	1
 438              		.global	u8x8_d_ssd1327_midas_128x128
 439              		.syntax unified
 440              		.thumb
 441              		.thumb_func
 442              		.fpu fpv4-sp-d16
 444              	u8x8_d_ssd1327_midas_128x128:
ARM GAS  /var/folders/v3/wysfpd052nz8jkbx04pk0ym80000gn/T//ccsVsLZL.s 			page 15


 445              	.LFB3:
 310:/Users/imashio/Electronics/ARM/_Library/u8x8_d_ssd1327.c **** 
 311:/Users/imashio/Electronics/ARM/_Library/u8x8_d_ssd1327.c **** 
 312:/Users/imashio/Electronics/ARM/_Library/u8x8_d_ssd1327.c **** /*=============================================*/
 313:/Users/imashio/Electronics/ARM/_Library/u8x8_d_ssd1327.c **** /*  MIDAS MCOT128128C1V-YM 128x128 Module */
 314:/Users/imashio/Electronics/ARM/_Library/u8x8_d_ssd1327.c **** 
 315:/Users/imashio/Electronics/ARM/_Library/u8x8_d_ssd1327.c **** 
 316:/Users/imashio/Electronics/ARM/_Library/u8x8_d_ssd1327.c **** static const u8x8_display_info_t u8x8_ssd1327_128x128_display_info =
 317:/Users/imashio/Electronics/ARM/_Library/u8x8_d_ssd1327.c **** {
 318:/Users/imashio/Electronics/ARM/_Library/u8x8_d_ssd1327.c ****   /* chip_enable_level = */ 0,
 319:/Users/imashio/Electronics/ARM/_Library/u8x8_d_ssd1327.c ****   /* chip_disable_level = */ 1,
 320:/Users/imashio/Electronics/ARM/_Library/u8x8_d_ssd1327.c ****   
 321:/Users/imashio/Electronics/ARM/_Library/u8x8_d_ssd1327.c ****   /* post_chip_enable_wait_ns = */ 20,
 322:/Users/imashio/Electronics/ARM/_Library/u8x8_d_ssd1327.c ****   /* pre_chip_disable_wait_ns = */ 10,
 323:/Users/imashio/Electronics/ARM/_Library/u8x8_d_ssd1327.c ****   /* reset_pulse_width_ms = */ 100, 	
 324:/Users/imashio/Electronics/ARM/_Library/u8x8_d_ssd1327.c ****   /* post_reset_wait_ms = */ 100, 		/**/
 325:/Users/imashio/Electronics/ARM/_Library/u8x8_d_ssd1327.c ****   /* sda_setup_time_ns = */ 100,		/* */
 326:/Users/imashio/Electronics/ARM/_Library/u8x8_d_ssd1327.c ****   /* sck_pulse_width_ns = */ 100,	/*  */
 327:/Users/imashio/Electronics/ARM/_Library/u8x8_d_ssd1327.c ****   /* sck_clock_hz = */ 4000000UL,	/* since Arduino 1.6.0, the SPI bus speed in Hz. Should be  10000
 328:/Users/imashio/Electronics/ARM/_Library/u8x8_d_ssd1327.c ****   /* spi_mode = */ 0,		/* active high, rising edge */
 329:/Users/imashio/Electronics/ARM/_Library/u8x8_d_ssd1327.c ****   /* i2c_bus_clock_100kHz = */ 1,	/* use 1 instead of 4, because the SSD1327 seems to be very slow 
 330:/Users/imashio/Electronics/ARM/_Library/u8x8_d_ssd1327.c ****   /* data_setup_time_ns = */ 40,
 331:/Users/imashio/Electronics/ARM/_Library/u8x8_d_ssd1327.c ****   /* write_pulse_width_ns = */ 60,	
 332:/Users/imashio/Electronics/ARM/_Library/u8x8_d_ssd1327.c ****   /* tile_width = */ 16,
 333:/Users/imashio/Electronics/ARM/_Library/u8x8_d_ssd1327.c ****   /* tile_hight = */ 16,
 334:/Users/imashio/Electronics/ARM/_Library/u8x8_d_ssd1327.c ****   /* default_x_offset = */ 0,
 335:/Users/imashio/Electronics/ARM/_Library/u8x8_d_ssd1327.c ****   /* flipmode_x_offset = */ 0,		
 336:/Users/imashio/Electronics/ARM/_Library/u8x8_d_ssd1327.c ****   /* pixel_width = */ 128,
 337:/Users/imashio/Electronics/ARM/_Library/u8x8_d_ssd1327.c ****   /* pixel_height = */ 128
 338:/Users/imashio/Electronics/ARM/_Library/u8x8_d_ssd1327.c **** };
 339:/Users/imashio/Electronics/ARM/_Library/u8x8_d_ssd1327.c **** 
 340:/Users/imashio/Electronics/ARM/_Library/u8x8_d_ssd1327.c **** /*  https://github.com/SeeedDocument/Grove_OLED_1.12/raw/master/resources/LY120-096096.pdf */
 341:/Users/imashio/Electronics/ARM/_Library/u8x8_d_ssd1327.c **** /*  http://www.seeedstudio.com/wiki/index.php?title=Twig_-_OLED_96x96 */
 342:/Users/imashio/Electronics/ARM/_Library/u8x8_d_ssd1327.c **** /* values from u8glib */
 343:/Users/imashio/Electronics/ARM/_Library/u8x8_d_ssd1327.c **** /*
 344:/Users/imashio/Electronics/ARM/_Library/u8x8_d_ssd1327.c ****   Re-map setting in Graphic Display Data RAM, command 0x0a0
 345:/Users/imashio/Electronics/ARM/_Library/u8x8_d_ssd1327.c ****     Bit 0: Column Address Re-map
 346:/Users/imashio/Electronics/ARM/_Library/u8x8_d_ssd1327.c ****     Bit 1: Nibble Re-map
 347:/Users/imashio/Electronics/ARM/_Library/u8x8_d_ssd1327.c ****     Bit 2: Horizontal/Vertical Address Increment
 348:/Users/imashio/Electronics/ARM/_Library/u8x8_d_ssd1327.c ****     Bit 3: Not used, must be 0
 349:/Users/imashio/Electronics/ARM/_Library/u8x8_d_ssd1327.c ****     
 350:/Users/imashio/Electronics/ARM/_Library/u8x8_d_ssd1327.c ****     Bit 4: COM Re-map
 351:/Users/imashio/Electronics/ARM/_Library/u8x8_d_ssd1327.c ****     Bit 5: Not used, must be 0
 352:/Users/imashio/Electronics/ARM/_Library/u8x8_d_ssd1327.c ****     Bit 6: COM Split Odd Even
 353:/Users/imashio/Electronics/ARM/_Library/u8x8_d_ssd1327.c ****     Bit 7: Not used, must be 0
 354:/Users/imashio/Electronics/ARM/_Library/u8x8_d_ssd1327.c **** */
 355:/Users/imashio/Electronics/ARM/_Library/u8x8_d_ssd1327.c **** 
 356:/Users/imashio/Electronics/ARM/_Library/u8x8_d_ssd1327.c **** 
 357:/Users/imashio/Electronics/ARM/_Library/u8x8_d_ssd1327.c **** static const uint8_t u8x8_d_ssd1327_128x128_init_seq[] = {
 358:/Users/imashio/Electronics/ARM/_Library/u8x8_d_ssd1327.c ****     
 359:/Users/imashio/Electronics/ARM/_Library/u8x8_d_ssd1327.c ****   U8X8_START_TRANSFER(),             	/* enable chip, delay is part of the transfer start */
 360:/Users/imashio/Electronics/ARM/_Library/u8x8_d_ssd1327.c **** 
 361:/Users/imashio/Electronics/ARM/_Library/u8x8_d_ssd1327.c **** 	
 362:/Users/imashio/Electronics/ARM/_Library/u8x8_d_ssd1327.c ****   U8X8_CA(0x0fd, 0x012),		/* unlock display, usually not required because the display is unlocked a
 363:/Users/imashio/Electronics/ARM/_Library/u8x8_d_ssd1327.c ****   U8X8_C(0x0ae),		                /* display off */
 364:/Users/imashio/Electronics/ARM/_Library/u8x8_d_ssd1327.c ****   //U8X8_CA(0x0a8, 0x03f),		/* multiplex ratio: 0x03f * 1/64 duty */
 365:/Users/imashio/Electronics/ARM/_Library/u8x8_d_ssd1327.c ****   //U8X8_CA(0x0a8, 0x05f),		/* multiplex ratio: 0x05f * 1/64 duty */
ARM GAS  /var/folders/v3/wysfpd052nz8jkbx04pk0ym80000gn/T//ccsVsLZL.s 			page 16


 366:/Users/imashio/Electronics/ARM/_Library/u8x8_d_ssd1327.c ****   U8X8_CA(0x0a8, 0x07f),       		 /* multiplex ratio: 0x05f * 1/128duty */
 367:/Users/imashio/Electronics/ARM/_Library/u8x8_d_ssd1327.c ****   U8X8_CA(0x0a1, 0x000),		/* display start line */
 368:/Users/imashio/Electronics/ARM/_Library/u8x8_d_ssd1327.c ****   //U8X8_CA(0x0a2, 0x04c),		/* display offset, shift mapping ram counter */
 369:/Users/imashio/Electronics/ARM/_Library/u8x8_d_ssd1327.c ****   
 370:/Users/imashio/Electronics/ARM/_Library/u8x8_d_ssd1327.c ****   U8X8_CA(0x0a2, 0x000),		/* display offset, shift mapping ram counter */
 371:/Users/imashio/Electronics/ARM/_Library/u8x8_d_ssd1327.c ****   U8X8_CA(0x0a0, 0x051),		/* remap configuration */
 372:/Users/imashio/Electronics/ARM/_Library/u8x8_d_ssd1327.c ****   
 373:/Users/imashio/Electronics/ARM/_Library/u8x8_d_ssd1327.c ****   
 374:/Users/imashio/Electronics/ARM/_Library/u8x8_d_ssd1327.c ****   U8X8_CA(0x0ab, 0x001),		/* Enable internal VDD regulator (RESET) */
 375:/Users/imashio/Electronics/ARM/_Library/u8x8_d_ssd1327.c ****   //U8X8_CA(0x081, 0x070),		/* contrast, brightness, 0..128 */
 376:/Users/imashio/Electronics/ARM/_Library/u8x8_d_ssd1327.c ****   U8X8_CA(0x081, 0x053),		/* contrast, brightness, 0..128 */
 377:/Users/imashio/Electronics/ARM/_Library/u8x8_d_ssd1327.c ****   //U8X8_CA(0x0b1, 0x055),                    /* phase length */
 378:/Users/imashio/Electronics/ARM/_Library/u8x8_d_ssd1327.c ****   U8X8_CA(0x0b1, 0x051),                    /* phase length */  
 379:/Users/imashio/Electronics/ARM/_Library/u8x8_d_ssd1327.c ****   //U8X8_CA(0x0b3, 0x091),		/* set display clock divide ratio/oscillator frequency (set clock as 13
 380:/Users/imashio/Electronics/ARM/_Library/u8x8_d_ssd1327.c ****   U8X8_CA(0x0b3, 0x001),		/* set display clock divide ratio/oscillator frequency  */			
 381:/Users/imashio/Electronics/ARM/_Library/u8x8_d_ssd1327.c ****   
 382:/Users/imashio/Electronics/ARM/_Library/u8x8_d_ssd1327.c ****   //? U8X8_CA(0x0ad, 0x002),		/* master configuration: disable embedded DC-DC, enable internal VCOM
 383:/Users/imashio/Electronics/ARM/_Library/u8x8_d_ssd1327.c ****   //? U8X8_C(0x086),				/* full current range (0x084, 0x085, 0x086) */
 384:/Users/imashio/Electronics/ARM/_Library/u8x8_d_ssd1327.c ****   
 385:/Users/imashio/Electronics/ARM/_Library/u8x8_d_ssd1327.c ****   U8X8_C(0x0b9),				/* use linear lookup table */
 386:/Users/imashio/Electronics/ARM/_Library/u8x8_d_ssd1327.c **** 
 387:/Users/imashio/Electronics/ARM/_Library/u8x8_d_ssd1327.c ****   //U8X8_CA(0x0bc, 0x010),                    /* pre-charge voltage level */
 388:/Users/imashio/Electronics/ARM/_Library/u8x8_d_ssd1327.c ****   U8X8_CA(0x0bc, 0x008),                    /* pre-charge voltage level */
 389:/Users/imashio/Electronics/ARM/_Library/u8x8_d_ssd1327.c ****   //U8X8_CA(0x0be, 0x01c),                     /* VCOMH voltage */
 390:/Users/imashio/Electronics/ARM/_Library/u8x8_d_ssd1327.c ****   U8X8_CA(0x0be, 0x007),                     /* VCOMH voltage */
 391:/Users/imashio/Electronics/ARM/_Library/u8x8_d_ssd1327.c ****   U8X8_CA(0x0b6, 0x001),		/* second precharge */
 392:/Users/imashio/Electronics/ARM/_Library/u8x8_d_ssd1327.c ****   U8X8_CA(0x0d5, 0x062),		/* enable second precharge, internal vsl (bit0 = 0) */
 393:/Users/imashio/Electronics/ARM/_Library/u8x8_d_ssd1327.c **** 
 394:/Users/imashio/Electronics/ARM/_Library/u8x8_d_ssd1327.c **** 
 395:/Users/imashio/Electronics/ARM/_Library/u8x8_d_ssd1327.c ****   
 396:/Users/imashio/Electronics/ARM/_Library/u8x8_d_ssd1327.c ****   U8X8_C(0x0a4),				/* normal display mode */
 397:/Users/imashio/Electronics/ARM/_Library/u8x8_d_ssd1327.c ****     
 398:/Users/imashio/Electronics/ARM/_Library/u8x8_d_ssd1327.c ****   U8X8_END_TRANSFER(),             	/* disable chip */
 399:/Users/imashio/Electronics/ARM/_Library/u8x8_d_ssd1327.c ****   U8X8_END()             			/* end of sequence */
 400:/Users/imashio/Electronics/ARM/_Library/u8x8_d_ssd1327.c **** };
 401:/Users/imashio/Electronics/ARM/_Library/u8x8_d_ssd1327.c **** 
 402:/Users/imashio/Electronics/ARM/_Library/u8x8_d_ssd1327.c **** 
 403:/Users/imashio/Electronics/ARM/_Library/u8x8_d_ssd1327.c **** static const uint8_t u8x8_d_ssd1327_128x128_flip0_seq[] = {
 404:/Users/imashio/Electronics/ARM/_Library/u8x8_d_ssd1327.c ****   U8X8_START_TRANSFER(),             	/* enable chip, delay is part of the transfer start */
 405:/Users/imashio/Electronics/ARM/_Library/u8x8_d_ssd1327.c ****   U8X8_CA(0x0a2, 0x000),		/* display offset, shift mapping ram counter */
 406:/Users/imashio/Electronics/ARM/_Library/u8x8_d_ssd1327.c ****   U8X8_CA(0x0a0, 0x051),		/* remap configuration */
 407:/Users/imashio/Electronics/ARM/_Library/u8x8_d_ssd1327.c ****   U8X8_END_TRANSFER(),             	/* disable chip */
 408:/Users/imashio/Electronics/ARM/_Library/u8x8_d_ssd1327.c ****   U8X8_END()             			/* end of sequence */
 409:/Users/imashio/Electronics/ARM/_Library/u8x8_d_ssd1327.c **** };
 410:/Users/imashio/Electronics/ARM/_Library/u8x8_d_ssd1327.c **** 
 411:/Users/imashio/Electronics/ARM/_Library/u8x8_d_ssd1327.c **** static const uint8_t u8x8_d_ssd1327_128x128_flip1_seq[] = {
 412:/Users/imashio/Electronics/ARM/_Library/u8x8_d_ssd1327.c ****   U8X8_START_TRANSFER(),             	/* enable chip, delay is part of the transfer start */
 413:/Users/imashio/Electronics/ARM/_Library/u8x8_d_ssd1327.c ****   U8X8_CA(0x0a2, 0x000),		/* display offset, shift mapping ram counter */
 414:/Users/imashio/Electronics/ARM/_Library/u8x8_d_ssd1327.c ****   U8X8_CA(0x0a0, 0x042),		/* remap configuration */
 415:/Users/imashio/Electronics/ARM/_Library/u8x8_d_ssd1327.c ****   U8X8_END_TRANSFER(),             	/* disable chip */
 416:/Users/imashio/Electronics/ARM/_Library/u8x8_d_ssd1327.c ****   U8X8_END()             			/* end of sequence */
 417:/Users/imashio/Electronics/ARM/_Library/u8x8_d_ssd1327.c **** };
 418:/Users/imashio/Electronics/ARM/_Library/u8x8_d_ssd1327.c **** 
 419:/Users/imashio/Electronics/ARM/_Library/u8x8_d_ssd1327.c **** 
 420:/Users/imashio/Electronics/ARM/_Library/u8x8_d_ssd1327.c **** uint8_t u8x8_d_ssd1327_midas_128x128(u8x8_t *u8x8, uint8_t msg, uint8_t arg_int, void *arg_ptr)
 421:/Users/imashio/Electronics/ARM/_Library/u8x8_d_ssd1327.c **** {
 446              		.loc 1 421 0
ARM GAS  /var/folders/v3/wysfpd052nz8jkbx04pk0ym80000gn/T//ccsVsLZL.s 			page 17


 447              		.cfi_startproc
 448              		@ args = 0, pretend = 0, frame = 0
 449              		@ frame_needed = 0, uses_anonymous_args = 0
 450              	.LVL71:
 451 0000 70B5     		push	{r4, r5, r6, lr}
 452              	.LCFI4:
 453              		.cfi_def_cfa_offset 16
 454              		.cfi_offset 4, -16
 455              		.cfi_offset 5, -12
 456              		.cfi_offset 6, -8
 457              		.cfi_offset 14, -4
 458 0002 0546     		mov	r5, r0
 459 0004 0C46     		mov	r4, r1
 460 0006 1646     		mov	r6, r2
 422:/Users/imashio/Electronics/ARM/_Library/u8x8_d_ssd1327.c ****   /* call the 96x96 procedure at the moment */
 423:/Users/imashio/Electronics/ARM/_Library/u8x8_d_ssd1327.c ****   if ( u8x8_d_ssd1327_96x96_generic(u8x8, msg, arg_int, arg_ptr) != 0 )
 461              		.loc 1 423 0
 462 0008 FFF7FEFF 		bl	u8x8_d_ssd1327_96x96_generic
 463              	.LVL72:
 464 000c 40BB     		cbnz	r0, .L45
 465 000e 0346     		mov	r3, r0
 424:/Users/imashio/Electronics/ARM/_Library/u8x8_d_ssd1327.c ****     return 1;
 425:/Users/imashio/Electronics/ARM/_Library/u8x8_d_ssd1327.c ****   if ( msg == U8X8_MSG_DISPLAY_SETUP_MEMORY )
 466              		.loc 1 425 0
 467 0010 092C     		cmp	r4, #9
 468 0012 0DD0     		beq	.L47
 426:/Users/imashio/Electronics/ARM/_Library/u8x8_d_ssd1327.c ****   {
 427:/Users/imashio/Electronics/ARM/_Library/u8x8_d_ssd1327.c ****     u8x8_d_helper_display_setup_memory(u8x8, &u8x8_ssd1327_128x128_display_info);
 428:/Users/imashio/Electronics/ARM/_Library/u8x8_d_ssd1327.c ****     return 1;
 429:/Users/imashio/Electronics/ARM/_Library/u8x8_d_ssd1327.c ****   }
 430:/Users/imashio/Electronics/ARM/_Library/u8x8_d_ssd1327.c ****   else if ( msg == U8X8_MSG_DISPLAY_INIT )
 469              		.loc 1 430 0
 470 0014 0A2C     		cmp	r4, #10
 471 0016 11D0     		beq	.L48
 431:/Users/imashio/Electronics/ARM/_Library/u8x8_d_ssd1327.c ****   {
 432:/Users/imashio/Electronics/ARM/_Library/u8x8_d_ssd1327.c ****     u8x8_d_helper_display_init(u8x8);
 433:/Users/imashio/Electronics/ARM/_Library/u8x8_d_ssd1327.c ****     u8x8_cad_SendSequence(u8x8, u8x8_d_ssd1327_128x128_init_seq); 
 434:/Users/imashio/Electronics/ARM/_Library/u8x8_d_ssd1327.c ****     return 1;
 435:/Users/imashio/Electronics/ARM/_Library/u8x8_d_ssd1327.c ****   }
 436:/Users/imashio/Electronics/ARM/_Library/u8x8_d_ssd1327.c ****   else if  ( msg == U8X8_MSG_DISPLAY_SET_FLIP_MODE )
 472              		.loc 1 436 0
 473 0018 0D2C     		cmp	r4, #13
 474 001a 22D1     		bne	.L41
 437:/Users/imashio/Electronics/ARM/_Library/u8x8_d_ssd1327.c ****   {
 438:/Users/imashio/Electronics/ARM/_Library/u8x8_d_ssd1327.c ****     if ( arg_int == 0 )
 475              		.loc 1 438 0
 476 001c BEB1     		cbz	r6, .L49
 439:/Users/imashio/Electronics/ARM/_Library/u8x8_d_ssd1327.c ****     {
 440:/Users/imashio/Electronics/ARM/_Library/u8x8_d_ssd1327.c ****       u8x8_cad_SendSequence(u8x8, u8x8_d_ssd1327_128x128_flip0_seq);
 441:/Users/imashio/Electronics/ARM/_Library/u8x8_d_ssd1327.c ****       u8x8->x_offset = u8x8->display_info->default_x_offset;
 442:/Users/imashio/Electronics/ARM/_Library/u8x8_d_ssd1327.c ****     }
 443:/Users/imashio/Electronics/ARM/_Library/u8x8_d_ssd1327.c ****     else
 444:/Users/imashio/Electronics/ARM/_Library/u8x8_d_ssd1327.c ****     {
 445:/Users/imashio/Electronics/ARM/_Library/u8x8_d_ssd1327.c ****       u8x8_cad_SendSequence(u8x8, u8x8_d_ssd1327_128x128_flip1_seq);
 477              		.loc 1 445 0
 478 001e 1249     		ldr	r1, .L50
 479 0020 2846     		mov	r0, r5
ARM GAS  /var/folders/v3/wysfpd052nz8jkbx04pk0ym80000gn/T//ccsVsLZL.s 			page 18


 480 0022 FFF7FEFF 		bl	u8x8_cad_SendSequence
 481              	.LVL73:
 446:/Users/imashio/Electronics/ARM/_Library/u8x8_d_ssd1327.c ****       u8x8->x_offset = u8x8->display_info->flipmode_x_offset;
 482              		.loc 1 446 0
 483 0026 2B68     		ldr	r3, [r5]
 484 0028 DB7C     		ldrb	r3, [r3, #19]	@ zero_extendqisi2
 485 002a AB77     		strb	r3, [r5, #30]
 447:/Users/imashio/Electronics/ARM/_Library/u8x8_d_ssd1327.c ****     }
 448:/Users/imashio/Electronics/ARM/_Library/u8x8_d_ssd1327.c ****     return 1;
 486              		.loc 1 448 0
 487 002c 0123     		movs	r3, #1
 488 002e 18E0     		b	.L41
 489              	.L47:
 427:/Users/imashio/Electronics/ARM/_Library/u8x8_d_ssd1327.c ****     return 1;
 490              		.loc 1 427 0
 491 0030 0E49     		ldr	r1, .L50+4
 492 0032 2846     		mov	r0, r5
 493 0034 FFF7FEFF 		bl	u8x8_d_helper_display_setup_memory
 494              	.LVL74:
 428:/Users/imashio/Electronics/ARM/_Library/u8x8_d_ssd1327.c ****   }
 495              		.loc 1 428 0
 496 0038 0123     		movs	r3, #1
 497 003a 12E0     		b	.L41
 498              	.L48:
 432:/Users/imashio/Electronics/ARM/_Library/u8x8_d_ssd1327.c ****     u8x8_cad_SendSequence(u8x8, u8x8_d_ssd1327_128x128_init_seq); 
 499              		.loc 1 432 0
 500 003c 2846     		mov	r0, r5
 501 003e FFF7FEFF 		bl	u8x8_d_helper_display_init
 502              	.LVL75:
 433:/Users/imashio/Electronics/ARM/_Library/u8x8_d_ssd1327.c ****     return 1;
 503              		.loc 1 433 0
 504 0042 0B49     		ldr	r1, .L50+8
 505 0044 2846     		mov	r0, r5
 506 0046 FFF7FEFF 		bl	u8x8_cad_SendSequence
 507              	.LVL76:
 434:/Users/imashio/Electronics/ARM/_Library/u8x8_d_ssd1327.c ****   }
 508              		.loc 1 434 0
 509 004a 0123     		movs	r3, #1
 510 004c 09E0     		b	.L41
 511              	.L49:
 440:/Users/imashio/Electronics/ARM/_Library/u8x8_d_ssd1327.c ****       u8x8->x_offset = u8x8->display_info->default_x_offset;
 512              		.loc 1 440 0
 513 004e 0949     		ldr	r1, .L50+12
 514 0050 2846     		mov	r0, r5
 515 0052 FFF7FEFF 		bl	u8x8_cad_SendSequence
 516              	.LVL77:
 441:/Users/imashio/Electronics/ARM/_Library/u8x8_d_ssd1327.c ****     }
 517              		.loc 1 441 0
 518 0056 2B68     		ldr	r3, [r5]
 519 0058 9B7C     		ldrb	r3, [r3, #18]	@ zero_extendqisi2
 520 005a AB77     		strb	r3, [r5, #30]
 521              		.loc 1 448 0
 522 005c 0123     		movs	r3, #1
 523 005e 00E0     		b	.L41
 524              	.L45:
 424:/Users/imashio/Electronics/ARM/_Library/u8x8_d_ssd1327.c ****   if ( msg == U8X8_MSG_DISPLAY_SETUP_MEMORY )
 525              		.loc 1 424 0
ARM GAS  /var/folders/v3/wysfpd052nz8jkbx04pk0ym80000gn/T//ccsVsLZL.s 			page 19


 526 0060 0123     		movs	r3, #1
 527              	.L41:
 449:/Users/imashio/Electronics/ARM/_Library/u8x8_d_ssd1327.c ****   }
 450:/Users/imashio/Electronics/ARM/_Library/u8x8_d_ssd1327.c ****   return 0;
 451:/Users/imashio/Electronics/ARM/_Library/u8x8_d_ssd1327.c **** }
 528              		.loc 1 451 0
 529 0062 1846     		mov	r0, r3
 530 0064 70BD     		pop	{r4, r5, r6, pc}
 531              	.LVL78:
 532              	.L51:
 533 0066 00BF     		.align	2
 534              	.L50:
 535 0068 00000000 		.word	.LANCHOR10
 536 006c 00000000 		.word	.LANCHOR7
 537 0070 00000000 		.word	.LANCHOR8
 538 0074 00000000 		.word	.LANCHOR9
 539              		.cfi_endproc
 540              	.LFE3:
 542              		.section	.bss.u8x8_ssd1327_8to32_dest_buf,"aw",%nobits
 543              		.align	2
 544              		.set	.LANCHOR0,. + 0
 547              	u8x8_ssd1327_8to32_dest_buf:
 548 0000 00000000 		.space	32
 548      00000000 
 548      00000000 
 548      00000000 
 548      00000000 
 549              		.section	.rodata.u8x8_d_ssd1327_128x128_flip0_seq,"a",%progbits
 550              		.align	2
 551              		.set	.LANCHOR9,. + 0
 554              	u8x8_d_ssd1327_128x128_flip0_seq:
 555 0000 18       		.byte	24
 556 0001 15       		.byte	21
 557 0002 A2       		.byte	-94
 558 0003 16       		.byte	22
 559 0004 00       		.byte	0
 560 0005 15       		.byte	21
 561 0006 A0       		.byte	-96
 562 0007 16       		.byte	22
 563 0008 51       		.byte	81
 564 0009 19       		.byte	25
 565 000a FF       		.byte	-1
 566              		.section	.rodata.u8x8_d_ssd1327_128x128_flip1_seq,"a",%progbits
 567              		.align	2
 568              		.set	.LANCHOR10,. + 0
 571              	u8x8_d_ssd1327_128x128_flip1_seq:
 572 0000 18       		.byte	24
 573 0001 15       		.byte	21
 574 0002 A2       		.byte	-94
 575 0003 16       		.byte	22
 576 0004 00       		.byte	0
 577 0005 15       		.byte	21
 578 0006 A0       		.byte	-96
 579 0007 16       		.byte	22
 580 0008 42       		.byte	66
 581 0009 19       		.byte	25
 582 000a FF       		.byte	-1
ARM GAS  /var/folders/v3/wysfpd052nz8jkbx04pk0ym80000gn/T//ccsVsLZL.s 			page 20


 583              		.section	.rodata.u8x8_d_ssd1327_128x128_init_seq,"a",%progbits
 584              		.align	2
 585              		.set	.LANCHOR8,. + 0
 588              	u8x8_d_ssd1327_128x128_init_seq:
 589 0000 18       		.byte	24
 590 0001 15       		.byte	21
 591 0002 FD       		.byte	-3
 592 0003 16       		.byte	22
 593 0004 12       		.byte	18
 594 0005 15       		.byte	21
 595 0006 AE       		.byte	-82
 596 0007 15       		.byte	21
 597 0008 A8       		.byte	-88
 598 0009 16       		.byte	22
 599 000a 7F       		.byte	127
 600 000b 15       		.byte	21
 601 000c A1       		.byte	-95
 602 000d 16       		.byte	22
 603 000e 00       		.byte	0
 604 000f 15       		.byte	21
 605 0010 A2       		.byte	-94
 606 0011 16       		.byte	22
 607 0012 00       		.byte	0
 608 0013 15       		.byte	21
 609 0014 A0       		.byte	-96
 610 0015 16       		.byte	22
 611 0016 51       		.byte	81
 612 0017 15       		.byte	21
 613 0018 AB       		.byte	-85
 614 0019 16       		.byte	22
 615 001a 01       		.byte	1
 616 001b 15       		.byte	21
 617 001c 81       		.byte	-127
 618 001d 16       		.byte	22
 619 001e 53       		.byte	83
 620 001f 15       		.byte	21
 621 0020 B1       		.byte	-79
 622 0021 16       		.byte	22
 623 0022 51       		.byte	81
 624 0023 15       		.byte	21
 625 0024 B3       		.byte	-77
 626 0025 16       		.byte	22
 627 0026 01       		.byte	1
 628 0027 15       		.byte	21
 629 0028 B9       		.byte	-71
 630 0029 15       		.byte	21
 631 002a BC       		.byte	-68
 632 002b 16       		.byte	22
 633 002c 08       		.byte	8
 634 002d 15       		.byte	21
 635 002e BE       		.byte	-66
 636 002f 16       		.byte	22
 637 0030 07       		.byte	7
 638 0031 15       		.byte	21
 639 0032 B6       		.byte	-74
 640 0033 16       		.byte	22
 641 0034 01       		.byte	1
ARM GAS  /var/folders/v3/wysfpd052nz8jkbx04pk0ym80000gn/T//ccsVsLZL.s 			page 21


 642 0035 15       		.byte	21
 643 0036 D5       		.byte	-43
 644 0037 16       		.byte	22
 645 0038 62       		.byte	98
 646 0039 15       		.byte	21
 647 003a A4       		.byte	-92
 648 003b 19       		.byte	25
 649 003c FF       		.byte	-1
 650              		.section	.rodata.u8x8_d_ssd1327_96x96_init_seq,"a",%progbits
 651              		.align	2
 652              		.set	.LANCHOR4,. + 0
 655              	u8x8_d_ssd1327_96x96_init_seq:
 656 0000 18       		.byte	24
 657 0001 15       		.byte	21
 658 0002 FD       		.byte	-3
 659 0003 16       		.byte	22
 660 0004 12       		.byte	18
 661 0005 15       		.byte	21
 662 0006 AE       		.byte	-82
 663 0007 15       		.byte	21
 664 0008 A8       		.byte	-88
 665 0009 16       		.byte	22
 666 000a 5F       		.byte	95
 667 000b 15       		.byte	21
 668 000c A1       		.byte	-95
 669 000d 16       		.byte	22
 670 000e 00       		.byte	0
 671 000f 15       		.byte	21
 672 0010 A2       		.byte	-94
 673 0011 16       		.byte	22
 674 0012 20       		.byte	32
 675 0013 15       		.byte	21
 676 0014 A0       		.byte	-96
 677 0015 16       		.byte	22
 678 0016 51       		.byte	81
 679 0017 15       		.byte	21
 680 0018 AB       		.byte	-85
 681 0019 16       		.byte	22
 682 001a 01       		.byte	1
 683 001b 15       		.byte	21
 684 001c 81       		.byte	-127
 685 001d 16       		.byte	22
 686 001e 53       		.byte	83
 687 001f 15       		.byte	21
 688 0020 B1       		.byte	-79
 689 0021 16       		.byte	22
 690 0022 51       		.byte	81
 691 0023 15       		.byte	21
 692 0024 B3       		.byte	-77
 693 0025 16       		.byte	22
 694 0026 01       		.byte	1
 695 0027 15       		.byte	21
 696 0028 B9       		.byte	-71
 697 0029 15       		.byte	21
 698 002a BC       		.byte	-68
 699 002b 16       		.byte	22
 700 002c 08       		.byte	8
ARM GAS  /var/folders/v3/wysfpd052nz8jkbx04pk0ym80000gn/T//ccsVsLZL.s 			page 22


 701 002d 15       		.byte	21
 702 002e BE       		.byte	-66
 703 002f 16       		.byte	22
 704 0030 07       		.byte	7
 705 0031 15       		.byte	21
 706 0032 B6       		.byte	-74
 707 0033 16       		.byte	22
 708 0034 01       		.byte	1
 709 0035 15       		.byte	21
 710 0036 D5       		.byte	-43
 711 0037 16       		.byte	22
 712 0038 62       		.byte	98
 713 0039 15       		.byte	21
 714 003a A4       		.byte	-92
 715 003b 19       		.byte	25
 716 003c FF       		.byte	-1
 717              		.section	.rodata.u8x8_d_ssd1327_96x96_powersave0_seq,"a",%progbits
 718              		.align	2
 719              		.set	.LANCHOR1,. + 0
 722              	u8x8_d_ssd1327_96x96_powersave0_seq:
 723 0000 18       		.byte	24
 724 0001 15       		.byte	21
 725 0002 AF       		.byte	-81
 726 0003 19       		.byte	25
 727 0004 FF       		.byte	-1
 728              		.section	.rodata.u8x8_d_ssd1327_96x96_powersave1_seq,"a",%progbits
 729              		.align	2
 730              		.set	.LANCHOR2,. + 0
 733              	u8x8_d_ssd1327_96x96_powersave1_seq:
 734 0000 18       		.byte	24
 735 0001 15       		.byte	21
 736 0002 AE       		.byte	-82
 737 0003 19       		.byte	25
 738 0004 FF       		.byte	-1
 739              		.section	.rodata.u8x8_d_ssd1327_seeed_96x96_flip0_seq,"a",%progbits
 740              		.align	2
 741              		.set	.LANCHOR5,. + 0
 744              	u8x8_d_ssd1327_seeed_96x96_flip0_seq:
 745 0000 18       		.byte	24
 746 0001 15       		.byte	21
 747 0002 A2       		.byte	-94
 748 0003 16       		.byte	22
 749 0004 20       		.byte	32
 750 0005 15       		.byte	21
 751 0006 A0       		.byte	-96
 752 0007 16       		.byte	22
 753 0008 51       		.byte	81
 754 0009 19       		.byte	25
 755 000a FF       		.byte	-1
 756              		.section	.rodata.u8x8_d_ssd1327_seeed_96x96_flip1_seq,"a",%progbits
 757              		.align	2
 758              		.set	.LANCHOR6,. + 0
 761              	u8x8_d_ssd1327_seeed_96x96_flip1_seq:
 762 0000 18       		.byte	24
 763 0001 15       		.byte	21
 764 0002 A2       		.byte	-94
 765 0003 16       		.byte	22
ARM GAS  /var/folders/v3/wysfpd052nz8jkbx04pk0ym80000gn/T//ccsVsLZL.s 			page 23


 766 0004 60       		.byte	96
 767 0005 15       		.byte	21
 768 0006 A0       		.byte	-96
 769 0007 16       		.byte	22
 770 0008 42       		.byte	66
 771 0009 19       		.byte	25
 772 000a FF       		.byte	-1
 773              		.section	.rodata.u8x8_ssd1327_128x128_display_info,"a",%progbits
 774              		.align	2
 775              		.set	.LANCHOR7,. + 0
 778              	u8x8_ssd1327_128x128_display_info:
 779 0000 00       		.byte	0
 780 0001 01       		.byte	1
 781 0002 14       		.byte	20
 782 0003 0A       		.byte	10
 783 0004 64       		.byte	100
 784 0005 64       		.byte	100
 785 0006 64       		.byte	100
 786 0007 64       		.byte	100
 787 0008 00093D00 		.word	4000000
 788 000c 00       		.byte	0
 789 000d 01       		.byte	1
 790 000e 28       		.byte	40
 791 000f 3C       		.byte	60
 792 0010 10       		.byte	16
 793 0011 10       		.byte	16
 794 0012 00       		.byte	0
 795 0013 00       		.byte	0
 796 0014 8000     		.short	128
 797 0016 8000     		.short	128
 798              		.section	.rodata.u8x8_ssd1327_96x96_display_info,"a",%progbits
 799              		.align	2
 800              		.set	.LANCHOR3,. + 0
 803              	u8x8_ssd1327_96x96_display_info:
 804 0000 00       		.byte	0
 805 0001 01       		.byte	1
 806 0002 14       		.byte	20
 807 0003 0A       		.byte	10
 808 0004 64       		.byte	100
 809 0005 64       		.byte	100
 810 0006 64       		.byte	100
 811 0007 64       		.byte	100
 812 0008 00093D00 		.word	4000000
 813 000c 00       		.byte	0
 814 000d 01       		.byte	1
 815 000e 28       		.byte	40
 816 000f 3C       		.byte	60
 817 0010 0C       		.byte	12
 818 0011 0C       		.byte	12
 819 0012 10       		.byte	16
 820 0013 10       		.byte	16
 821 0014 6000     		.short	96
 822 0016 6000     		.short	96
 823              		.text
 824              	.Letext0:
 825              		.file 2 "/usr/local/gcc-arm-none-eabi-7-2018-q2-update/arm-none-eabi/include/machine/_default_type
 826              		.file 3 "/usr/local/gcc-arm-none-eabi-7-2018-q2-update/arm-none-eabi/include/sys/_stdint.h"
ARM GAS  /var/folders/v3/wysfpd052nz8jkbx04pk0ym80000gn/T//ccsVsLZL.s 			page 24


 827              		.file 4 "/Users/imashio/Electronics/ARM/_Library/u8x8.h"
ARM GAS  /var/folders/v3/wysfpd052nz8jkbx04pk0ym80000gn/T//ccsVsLZL.s 			page 25


DEFINED SYMBOLS
                            *ABS*:0000000000000000 u8x8_d_ssd1327.c
/var/folders/v3/wysfpd052nz8jkbx04pk0ym80000gn/T//ccsVsLZL.s:18     .text.u8x8_ssd1327_8to32:0000000000000000 $t
/var/folders/v3/wysfpd052nz8jkbx04pk0ym80000gn/T//ccsVsLZL.s:24     .text.u8x8_ssd1327_8to32:0000000000000000 u8x8_ssd1327_8to32
/var/folders/v3/wysfpd052nz8jkbx04pk0ym80000gn/T//ccsVsLZL.s:126    .text.u8x8_ssd1327_8to32:000000000000004c $d
/var/folders/v3/wysfpd052nz8jkbx04pk0ym80000gn/T//ccsVsLZL.s:131    .text.u8x8_d_ssd1327_96x96_generic:0000000000000000 $t
/var/folders/v3/wysfpd052nz8jkbx04pk0ym80000gn/T//ccsVsLZL.s:137    .text.u8x8_d_ssd1327_96x96_generic:0000000000000000 u8x8_d_ssd1327_96x96_generic
/var/folders/v3/wysfpd052nz8jkbx04pk0ym80000gn/T//ccsVsLZL.s:325    .text.u8x8_d_ssd1327_96x96_generic:00000000000000dc $d
/var/folders/v3/wysfpd052nz8jkbx04pk0ym80000gn/T//ccsVsLZL.s:331    .text.u8x8_d_ssd1327_seeed_96x96:0000000000000000 $t
/var/folders/v3/wysfpd052nz8jkbx04pk0ym80000gn/T//ccsVsLZL.s:338    .text.u8x8_d_ssd1327_seeed_96x96:0000000000000000 u8x8_d_ssd1327_seeed_96x96
/var/folders/v3/wysfpd052nz8jkbx04pk0ym80000gn/T//ccsVsLZL.s:429    .text.u8x8_d_ssd1327_seeed_96x96:0000000000000068 $d
/var/folders/v3/wysfpd052nz8jkbx04pk0ym80000gn/T//ccsVsLZL.s:437    .text.u8x8_d_ssd1327_midas_128x128:0000000000000000 $t
/var/folders/v3/wysfpd052nz8jkbx04pk0ym80000gn/T//ccsVsLZL.s:444    .text.u8x8_d_ssd1327_midas_128x128:0000000000000000 u8x8_d_ssd1327_midas_128x128
/var/folders/v3/wysfpd052nz8jkbx04pk0ym80000gn/T//ccsVsLZL.s:535    .text.u8x8_d_ssd1327_midas_128x128:0000000000000068 $d
/var/folders/v3/wysfpd052nz8jkbx04pk0ym80000gn/T//ccsVsLZL.s:543    .bss.u8x8_ssd1327_8to32_dest_buf:0000000000000000 $d
/var/folders/v3/wysfpd052nz8jkbx04pk0ym80000gn/T//ccsVsLZL.s:547    .bss.u8x8_ssd1327_8to32_dest_buf:0000000000000000 u8x8_ssd1327_8to32_dest_buf
/var/folders/v3/wysfpd052nz8jkbx04pk0ym80000gn/T//ccsVsLZL.s:550    .rodata.u8x8_d_ssd1327_128x128_flip0_seq:0000000000000000 $d
/var/folders/v3/wysfpd052nz8jkbx04pk0ym80000gn/T//ccsVsLZL.s:554    .rodata.u8x8_d_ssd1327_128x128_flip0_seq:0000000000000000 u8x8_d_ssd1327_128x128_flip0_seq
/var/folders/v3/wysfpd052nz8jkbx04pk0ym80000gn/T//ccsVsLZL.s:567    .rodata.u8x8_d_ssd1327_128x128_flip1_seq:0000000000000000 $d
/var/folders/v3/wysfpd052nz8jkbx04pk0ym80000gn/T//ccsVsLZL.s:571    .rodata.u8x8_d_ssd1327_128x128_flip1_seq:0000000000000000 u8x8_d_ssd1327_128x128_flip1_seq
/var/folders/v3/wysfpd052nz8jkbx04pk0ym80000gn/T//ccsVsLZL.s:584    .rodata.u8x8_d_ssd1327_128x128_init_seq:0000000000000000 $d
/var/folders/v3/wysfpd052nz8jkbx04pk0ym80000gn/T//ccsVsLZL.s:588    .rodata.u8x8_d_ssd1327_128x128_init_seq:0000000000000000 u8x8_d_ssd1327_128x128_init_seq
/var/folders/v3/wysfpd052nz8jkbx04pk0ym80000gn/T//ccsVsLZL.s:651    .rodata.u8x8_d_ssd1327_96x96_init_seq:0000000000000000 $d
/var/folders/v3/wysfpd052nz8jkbx04pk0ym80000gn/T//ccsVsLZL.s:655    .rodata.u8x8_d_ssd1327_96x96_init_seq:0000000000000000 u8x8_d_ssd1327_96x96_init_seq
/var/folders/v3/wysfpd052nz8jkbx04pk0ym80000gn/T//ccsVsLZL.s:718    .rodata.u8x8_d_ssd1327_96x96_powersave0_seq:0000000000000000 $d
/var/folders/v3/wysfpd052nz8jkbx04pk0ym80000gn/T//ccsVsLZL.s:722    .rodata.u8x8_d_ssd1327_96x96_powersave0_seq:0000000000000000 u8x8_d_ssd1327_96x96_powersave0_seq
/var/folders/v3/wysfpd052nz8jkbx04pk0ym80000gn/T//ccsVsLZL.s:729    .rodata.u8x8_d_ssd1327_96x96_powersave1_seq:0000000000000000 $d
/var/folders/v3/wysfpd052nz8jkbx04pk0ym80000gn/T//ccsVsLZL.s:733    .rodata.u8x8_d_ssd1327_96x96_powersave1_seq:0000000000000000 u8x8_d_ssd1327_96x96_powersave1_seq
/var/folders/v3/wysfpd052nz8jkbx04pk0ym80000gn/T//ccsVsLZL.s:740    .rodata.u8x8_d_ssd1327_seeed_96x96_flip0_seq:0000000000000000 $d
/var/folders/v3/wysfpd052nz8jkbx04pk0ym80000gn/T//ccsVsLZL.s:744    .rodata.u8x8_d_ssd1327_seeed_96x96_flip0_seq:0000000000000000 u8x8_d_ssd1327_seeed_96x96_flip0_seq
/var/folders/v3/wysfpd052nz8jkbx04pk0ym80000gn/T//ccsVsLZL.s:757    .rodata.u8x8_d_ssd1327_seeed_96x96_flip1_seq:0000000000000000 $d
/var/folders/v3/wysfpd052nz8jkbx04pk0ym80000gn/T//ccsVsLZL.s:761    .rodata.u8x8_d_ssd1327_seeed_96x96_flip1_seq:0000000000000000 u8x8_d_ssd1327_seeed_96x96_flip1_seq
/var/folders/v3/wysfpd052nz8jkbx04pk0ym80000gn/T//ccsVsLZL.s:774    .rodata.u8x8_ssd1327_128x128_display_info:0000000000000000 $d
/var/folders/v3/wysfpd052nz8jkbx04pk0ym80000gn/T//ccsVsLZL.s:778    .rodata.u8x8_ssd1327_128x128_display_info:0000000000000000 u8x8_ssd1327_128x128_display_info
/var/folders/v3/wysfpd052nz8jkbx04pk0ym80000gn/T//ccsVsLZL.s:799    .rodata.u8x8_ssd1327_96x96_display_info:0000000000000000 $d
/var/folders/v3/wysfpd052nz8jkbx04pk0ym80000gn/T//ccsVsLZL.s:803    .rodata.u8x8_ssd1327_96x96_display_info:0000000000000000 u8x8_ssd1327_96x96_display_info

UNDEFINED SYMBOLS
u8x8_cad_SendSequence
u8x8_cad_StartTransfer
u8x8_cad_SendCmd
u8x8_cad_SendArg
u8x8_cad_EndTransfer
u8x8_cad_SendData
u8x8_d_helper_display_setup_memory
u8x8_d_helper_display_init
