ARM GAS  /var/folders/v3/wysfpd052nz8jkbx04pk0ym80000gn/T//ccVeyJoK.s 			page 1


   1              		.cpu cortex-m4
   2              		.eabi_attribute 27, 1
   3              		.eabi_attribute 28, 1
   4              		.eabi_attribute 20, 1
   5              		.eabi_attribute 21, 1
   6              		.eabi_attribute 23, 3
   7              		.eabi_attribute 24, 1
   8              		.eabi_attribute 25, 1
   9              		.eabi_attribute 26, 1
  10              		.eabi_attribute 30, 2
  11              		.eabi_attribute 34, 1
  12              		.eabi_attribute 18, 4
  13              		.file	"u8x8_d_uc1604.c"
  14              		.text
  15              	.Ltext0:
  16              		.cfi_sections	.debug_frame
  17              		.section	.text.u8x8_d_uc1604_common,"ax",%progbits
  18              		.align	1
  19              		.p2align 2,,3
  20              		.global	u8x8_d_uc1604_common
  21              		.syntax unified
  22              		.thumb
  23              		.thumb_func
  24              		.fpu fpv4-sp-d16
  26              	u8x8_d_uc1604_common:
  27              	.LFB0:
  28              		.file 1 "/Users/imashio/Electronics/ARM/_Library/u8x8_d_uc1604.c"
   1:/Users/imashio/Electronics/ARM/_Library/u8x8_d_uc1604.c **** /*
   2:/Users/imashio/Electronics/ARM/_Library/u8x8_d_uc1604.c **** 
   3:/Users/imashio/Electronics/ARM/_Library/u8x8_d_uc1604.c ****   u8x8_d_uc1604.c
   4:/Users/imashio/Electronics/ARM/_Library/u8x8_d_uc1604.c ****   
   5:/Users/imashio/Electronics/ARM/_Library/u8x8_d_uc1604.c ****   Universal 8bit Graphics Library (https://github.com/olikraus/u8g2/)
   6:/Users/imashio/Electronics/ARM/_Library/u8x8_d_uc1604.c **** 
   7:/Users/imashio/Electronics/ARM/_Library/u8x8_d_uc1604.c ****   Copyright (c) 2016, olikraus@gmail.com
   8:/Users/imashio/Electronics/ARM/_Library/u8x8_d_uc1604.c ****   All rights reserved.
   9:/Users/imashio/Electronics/ARM/_Library/u8x8_d_uc1604.c **** 
  10:/Users/imashio/Electronics/ARM/_Library/u8x8_d_uc1604.c ****   Redistribution and use in source and binary forms, with or without modification, 
  11:/Users/imashio/Electronics/ARM/_Library/u8x8_d_uc1604.c ****   are permitted provided that the following conditions are met:
  12:/Users/imashio/Electronics/ARM/_Library/u8x8_d_uc1604.c **** 
  13:/Users/imashio/Electronics/ARM/_Library/u8x8_d_uc1604.c ****   * Redistributions of source code must retain the above copyright notice, this list 
  14:/Users/imashio/Electronics/ARM/_Library/u8x8_d_uc1604.c ****     of conditions and the following disclaimer.
  15:/Users/imashio/Electronics/ARM/_Library/u8x8_d_uc1604.c ****     
  16:/Users/imashio/Electronics/ARM/_Library/u8x8_d_uc1604.c ****   * Redistributions in binary form must reproduce the above copyright notice, this 
  17:/Users/imashio/Electronics/ARM/_Library/u8x8_d_uc1604.c ****     list of conditions and the following disclaimer in the documentation and/or other 
  18:/Users/imashio/Electronics/ARM/_Library/u8x8_d_uc1604.c ****     materials provided with the distribution.
  19:/Users/imashio/Electronics/ARM/_Library/u8x8_d_uc1604.c **** 
  20:/Users/imashio/Electronics/ARM/_Library/u8x8_d_uc1604.c ****   THIS SOFTWARE IS PROVIDED BY THE COPYRIGHT HOLDERS AND 
  21:/Users/imashio/Electronics/ARM/_Library/u8x8_d_uc1604.c ****   CONTRIBUTORS "AS IS" AND ANY EXPRESS OR IMPLIED WARRANTIES, 
  22:/Users/imashio/Electronics/ARM/_Library/u8x8_d_uc1604.c ****   INCLUDING, BUT NOT LIMITED TO, THE IMPLIED WARRANTIES OF 
  23:/Users/imashio/Electronics/ARM/_Library/u8x8_d_uc1604.c ****   MERCHANTABILITY AND FITNESS FOR A PARTICULAR PURPOSE ARE 
  24:/Users/imashio/Electronics/ARM/_Library/u8x8_d_uc1604.c ****   DISCLAIMED. IN NO EVENT SHALL THE COPYRIGHT HOLDER OR 
  25:/Users/imashio/Electronics/ARM/_Library/u8x8_d_uc1604.c ****   CONTRIBUTORS BE LIABLE FOR ANY DIRECT, INDIRECT, INCIDENTAL, 
  26:/Users/imashio/Electronics/ARM/_Library/u8x8_d_uc1604.c ****   SPECIAL, EXEMPLARY, OR CONSEQUENTIAL DAMAGES (INCLUDING, BUT 
  27:/Users/imashio/Electronics/ARM/_Library/u8x8_d_uc1604.c ****   NOT LIMITED TO, PROCUREMENT OF SUBSTITUTE GOODS OR SERVICES; 
  28:/Users/imashio/Electronics/ARM/_Library/u8x8_d_uc1604.c ****   LOSS OF USE, DATA, OR PROFITS; OR BUSINESS INTERRUPTION) HOWEVER 
  29:/Users/imashio/Electronics/ARM/_Library/u8x8_d_uc1604.c ****   CAUSED AND ON ANY THEORY OF LIABILITY, WHETHER IN CONTRACT, 
  30:/Users/imashio/Electronics/ARM/_Library/u8x8_d_uc1604.c ****   STRICT LIABILITY, OR TORT (INCLUDING NEGLIGENCE OR OTHERWISE) 
ARM GAS  /var/folders/v3/wysfpd052nz8jkbx04pk0ym80000gn/T//ccVeyJoK.s 			page 2


  31:/Users/imashio/Electronics/ARM/_Library/u8x8_d_uc1604.c ****   ARISING IN ANY WAY OUT OF THE USE OF THIS SOFTWARE, EVEN IF 
  32:/Users/imashio/Electronics/ARM/_Library/u8x8_d_uc1604.c ****   ADVISED OF THE POSSIBILITY OF SUCH DAMAGE.  
  33:/Users/imashio/Electronics/ARM/_Library/u8x8_d_uc1604.c **** 
  34:/Users/imashio/Electronics/ARM/_Library/u8x8_d_uc1604.c **** 
  35:/Users/imashio/Electronics/ARM/_Library/u8x8_d_uc1604.c ****   
  36:/Users/imashio/Electronics/ARM/_Library/u8x8_d_uc1604.c **** */
  37:/Users/imashio/Electronics/ARM/_Library/u8x8_d_uc1604.c **** #include "u8x8.h"
  38:/Users/imashio/Electronics/ARM/_Library/u8x8_d_uc1604.c **** 
  39:/Users/imashio/Electronics/ARM/_Library/u8x8_d_uc1604.c **** 
  40:/Users/imashio/Electronics/ARM/_Library/u8x8_d_uc1604.c **** 
  41:/Users/imashio/Electronics/ARM/_Library/u8x8_d_uc1604.c **** 
  42:/Users/imashio/Electronics/ARM/_Library/u8x8_d_uc1604.c **** 
  43:/Users/imashio/Electronics/ARM/_Library/u8x8_d_uc1604.c **** static const uint8_t u8x8_d_uc1604_powersave0_seq[] = {
  44:/Users/imashio/Electronics/ARM/_Library/u8x8_d_uc1604.c ****   U8X8_START_TRANSFER(),             	/* enable chip, delay is part of the transfer start */
  45:/Users/imashio/Electronics/ARM/_Library/u8x8_d_uc1604.c ****   U8X8_DLY(20),			
  46:/Users/imashio/Electronics/ARM/_Library/u8x8_d_uc1604.c ****   U8X8_C(0x0af),		                /* display on */
  47:/Users/imashio/Electronics/ARM/_Library/u8x8_d_uc1604.c ****   U8X8_DLY(20),				/* during setup, it seems that the startup is more reliable when sending this cm
  48:/Users/imashio/Electronics/ARM/_Library/u8x8_d_uc1604.c ****   U8X8_C(0x0af),		                /* display on */
  49:/Users/imashio/Electronics/ARM/_Library/u8x8_d_uc1604.c ****   U8X8_DLY(50),				/* startup takes some time */
  50:/Users/imashio/Electronics/ARM/_Library/u8x8_d_uc1604.c ****   U8X8_END_TRANSFER(),             	/* disable chip */
  51:/Users/imashio/Electronics/ARM/_Library/u8x8_d_uc1604.c ****   U8X8_END()             			/* end of sequence */
  52:/Users/imashio/Electronics/ARM/_Library/u8x8_d_uc1604.c **** };
  53:/Users/imashio/Electronics/ARM/_Library/u8x8_d_uc1604.c **** 
  54:/Users/imashio/Electronics/ARM/_Library/u8x8_d_uc1604.c **** static const uint8_t u8x8_d_uc1604_powersave1_seq[] = {
  55:/Users/imashio/Electronics/ARM/_Library/u8x8_d_uc1604.c ****   U8X8_START_TRANSFER(),             	/* enable chip, delay is part of the transfer start */
  56:/Users/imashio/Electronics/ARM/_Library/u8x8_d_uc1604.c ****   U8X8_C(0x0ae),		                /* display off, enter sleep mode */
  57:/Users/imashio/Electronics/ARM/_Library/u8x8_d_uc1604.c ****   U8X8_END_TRANSFER(),             	/* disable chip */
  58:/Users/imashio/Electronics/ARM/_Library/u8x8_d_uc1604.c ****   U8X8_END()             			/* end of sequence */
  59:/Users/imashio/Electronics/ARM/_Library/u8x8_d_uc1604.c **** };
  60:/Users/imashio/Electronics/ARM/_Library/u8x8_d_uc1604.c **** 
  61:/Users/imashio/Electronics/ARM/_Library/u8x8_d_uc1604.c **** static const uint8_t u8x8_d_uc1604_flip0_seq[] = {
  62:/Users/imashio/Electronics/ARM/_Library/u8x8_d_uc1604.c ****   U8X8_START_TRANSFER(),             	/* enable chip, delay is part of the transfer start */
  63:/Users/imashio/Electronics/ARM/_Library/u8x8_d_uc1604.c ****   U8X8_C(0x0c4),            			/* LCD Mapping */
  64:/Users/imashio/Electronics/ARM/_Library/u8x8_d_uc1604.c ****   U8X8_END_TRANSFER(),             	/* disable chip */
  65:/Users/imashio/Electronics/ARM/_Library/u8x8_d_uc1604.c ****   U8X8_END()             			/* end of sequence */
  66:/Users/imashio/Electronics/ARM/_Library/u8x8_d_uc1604.c **** };
  67:/Users/imashio/Electronics/ARM/_Library/u8x8_d_uc1604.c **** 
  68:/Users/imashio/Electronics/ARM/_Library/u8x8_d_uc1604.c **** static const uint8_t u8x8_d_uc1604_flip1_seq[] = {
  69:/Users/imashio/Electronics/ARM/_Library/u8x8_d_uc1604.c ****   U8X8_START_TRANSFER(),             	/* enable chip, delay is part of the transfer start */
  70:/Users/imashio/Electronics/ARM/_Library/u8x8_d_uc1604.c ****   U8X8_C(0x0c2),            			/* LCD Mapping */
  71:/Users/imashio/Electronics/ARM/_Library/u8x8_d_uc1604.c ****   U8X8_END_TRANSFER(),             	/* disable chip */
  72:/Users/imashio/Electronics/ARM/_Library/u8x8_d_uc1604.c ****   U8X8_END()             			/* end of sequence */
  73:/Users/imashio/Electronics/ARM/_Library/u8x8_d_uc1604.c **** };
  74:/Users/imashio/Electronics/ARM/_Library/u8x8_d_uc1604.c **** 
  75:/Users/imashio/Electronics/ARM/_Library/u8x8_d_uc1604.c **** 
  76:/Users/imashio/Electronics/ARM/_Library/u8x8_d_uc1604.c **** uint8_t u8x8_d_uc1604_common(u8x8_t *u8x8, uint8_t msg, uint8_t arg_int, void *arg_ptr)
  77:/Users/imashio/Electronics/ARM/_Library/u8x8_d_uc1604.c **** {
  29              		.loc 1 77 0
  30              		.cfi_startproc
  31              		@ args = 0, pretend = 0, frame = 0
  32              		@ frame_needed = 0, uses_anonymous_args = 0
  33              	.LVL0:
  78:/Users/imashio/Electronics/ARM/_Library/u8x8_d_uc1604.c ****   uint8_t x, y, c;
  79:/Users/imashio/Electronics/ARM/_Library/u8x8_d_uc1604.c ****   uint8_t *ptr;
  80:/Users/imashio/Electronics/ARM/_Library/u8x8_d_uc1604.c ****   switch(msg)
  34              		.loc 1 80 0
  35 0000 0B39     		subs	r1, r1, #11
ARM GAS  /var/folders/v3/wysfpd052nz8jkbx04pk0ym80000gn/T//ccVeyJoK.s 			page 3


  36              	.LVL1:
  77:/Users/imashio/Electronics/ARM/_Library/u8x8_d_uc1604.c ****   uint8_t x, y, c;
  37              		.loc 1 77 0
  38 0002 F8B5     		push	{r3, r4, r5, r6, r7, lr}
  39              	.LCFI0:
  40              		.cfi_def_cfa_offset 24
  41              		.cfi_offset 3, -24
  42              		.cfi_offset 4, -20
  43              		.cfi_offset 5, -16
  44              		.cfi_offset 6, -12
  45              		.cfi_offset 7, -8
  46              		.cfi_offset 14, -4
  77:/Users/imashio/Electronics/ARM/_Library/u8x8_d_uc1604.c ****   uint8_t x, y, c;
  47              		.loc 1 77 0
  48 0004 0546     		mov	r5, r0
  49 0006 1446     		mov	r4, r2
  50 0008 1F46     		mov	r7, r3
  51              		.loc 1 80 0
  52 000a 0429     		cmp	r1, #4
  53 000c 4ED8     		bhi	.L11
  54 000e DFE801F0 		tbb	[pc, r1]
  55              	.LVL2:
  56              	.L4:
  57 0012 3E       		.byte	(.L3-.L4)/2
  58 0013 4D       		.byte	(.L11-.L4)/2
  59 0014 44       		.byte	(.L5-.L4)/2
  60 0015 2F       		.byte	(.L6-.L4)/2
  61 0016 03       		.byte	(.L7-.L4)/2
  62 0017 00       		.p2align 1
  63              	.L7:
  81:/Users/imashio/Electronics/ARM/_Library/u8x8_d_uc1604.c ****   {
  82:/Users/imashio/Electronics/ARM/_Library/u8x8_d_uc1604.c ****     case U8X8_MSG_DISPLAY_DRAW_TILE:
  83:/Users/imashio/Electronics/ARM/_Library/u8x8_d_uc1604.c ****       u8x8_cad_StartTransfer(u8x8);
  64              		.loc 1 83 0
  65 0018 FFF7FEFF 		bl	u8x8_cad_StartTransfer
  66              	.LVL3:
  84:/Users/imashio/Electronics/ARM/_Library/u8x8_d_uc1604.c ****     
  85:/Users/imashio/Electronics/ARM/_Library/u8x8_d_uc1604.c ****       x = ((u8x8_tile_t *)arg_ptr)->x_pos;
  67              		.loc 1 85 0
  68 001c 7E79     		ldrb	r6, [r7, #5]	@ zero_extendqisi2
  69              	.LVL4:
  86:/Users/imashio/Electronics/ARM/_Library/u8x8_d_uc1604.c ****       x *= 8;
  70              		.loc 1 86 0
  71 001e F600     		lsls	r6, r6, #3
  72              	.LVL5:
  73 0020 F6B2     		uxtb	r6, r6
  74              	.LVL6:
  87:/Users/imashio/Electronics/ARM/_Library/u8x8_d_uc1604.c ****    
  88:/Users/imashio/Electronics/ARM/_Library/u8x8_d_uc1604.c ****       u8x8_cad_SendCmd(u8x8, 0x000 | ((x&15)));
  75              		.loc 1 88 0
  76 0022 06F00801 		and	r1, r6, #8
  77 0026 2846     		mov	r0, r5
  78 0028 FFF7FEFF 		bl	u8x8_cad_SendCmd
  79              	.LVL7:
  89:/Users/imashio/Electronics/ARM/_Library/u8x8_d_uc1604.c ****       u8x8_cad_SendCmd(u8x8, 0x010 | (x>>4) );
  80              		.loc 1 89 0
  81 002c 3109     		lsrs	r1, r6, #4
ARM GAS  /var/folders/v3/wysfpd052nz8jkbx04pk0ym80000gn/T//ccVeyJoK.s 			page 4


  82 002e 41F01001 		orr	r1, r1, #16
  83 0032 2846     		mov	r0, r5
  84 0034 FFF7FEFF 		bl	u8x8_cad_SendCmd
  85              	.LVL8:
  90:/Users/imashio/Electronics/ARM/_Library/u8x8_d_uc1604.c ****     
  91:/Users/imashio/Electronics/ARM/_Library/u8x8_d_uc1604.c ****       y = ((u8x8_tile_t *)arg_ptr)->y_pos;
  86              		.loc 1 91 0
  87 0038 B979     		ldrb	r1, [r7, #6]	@ zero_extendqisi2
  88              	.LVL9:
  92:/Users/imashio/Electronics/ARM/_Library/u8x8_d_uc1604.c ****       y += u8x8->x_offset;
  89              		.loc 1 92 0
  90 003a AB7F     		ldrb	r3, [r5, #30]	@ zero_extendqisi2
  91 003c 1944     		add	r1, r1, r3
  92              	.LVL10:
  93:/Users/imashio/Electronics/ARM/_Library/u8x8_d_uc1604.c ****       u8x8_cad_SendCmd(u8x8, 0x0b0 | (y&15));
  93              		.loc 1 93 0
  94 003e 01F00F01 		and	r1, r1, #15
  95 0042 41F0B001 		orr	r1, r1, #176
  96 0046 2846     		mov	r0, r5
  97 0048 FFF7FEFF 		bl	u8x8_cad_SendCmd
  98              	.LVL11:
  94:/Users/imashio/Electronics/ARM/_Library/u8x8_d_uc1604.c ****     
  95:/Users/imashio/Electronics/ARM/_Library/u8x8_d_uc1604.c ****       c = ((u8x8_tile_t *)arg_ptr)->cnt;
  99              		.loc 1 95 0
 100 004c 3E79     		ldrb	r6, [r7, #4]	@ zero_extendqisi2
 101              	.LVL12:
  96:/Users/imashio/Electronics/ARM/_Library/u8x8_d_uc1604.c ****       c *= 8;
  97:/Users/imashio/Electronics/ARM/_Library/u8x8_d_uc1604.c ****       ptr = ((u8x8_tile_t *)arg_ptr)->tile_ptr;
 102              		.loc 1 97 0
 103 004e 3F68     		ldr	r7, [r7]
 104              	.LVL13:
  96:/Users/imashio/Electronics/ARM/_Library/u8x8_d_uc1604.c ****       c *= 8;
 105              		.loc 1 96 0
 106 0050 F600     		lsls	r6, r6, #3
 107              	.LVL14:
 108 0052 F6B2     		uxtb	r6, r6
 109              	.LVL15:
 110              	.L8:
  98:/Users/imashio/Electronics/ARM/_Library/u8x8_d_uc1604.c ****       do
  99:/Users/imashio/Electronics/ARM/_Library/u8x8_d_uc1604.c ****       {
 100:/Users/imashio/Electronics/ARM/_Library/u8x8_d_uc1604.c **** 	u8x8_cad_SendData(u8x8, c, ptr);	/* note: SendData can not handle more than 255 bytes */
 111              		.loc 1 100 0 discriminator 1
 112 0054 3A46     		mov	r2, r7
 113 0056 3146     		mov	r1, r6
 114 0058 2846     		mov	r0, r5
 101:/Users/imashio/Electronics/ARM/_Library/u8x8_d_uc1604.c **** 	arg_int--;
 115              		.loc 1 101 0 discriminator 1
 116 005a 013C     		subs	r4, r4, #1
 117              	.LVL16:
 100:/Users/imashio/Electronics/ARM/_Library/u8x8_d_uc1604.c **** 	arg_int--;
 118              		.loc 1 100 0 discriminator 1
 119 005c FFF7FEFF 		bl	u8x8_cad_SendData
 120              	.LVL17:
 102:/Users/imashio/Electronics/ARM/_Library/u8x8_d_uc1604.c ****       } while( arg_int > 0 );
 121              		.loc 1 102 0 discriminator 1
 122 0060 14F0FF04 		ands	r4, r4, #255
 123              	.LVL18:
ARM GAS  /var/folders/v3/wysfpd052nz8jkbx04pk0ym80000gn/T//ccVeyJoK.s 			page 5


 124 0064 F6D1     		bne	.L8
 103:/Users/imashio/Electronics/ARM/_Library/u8x8_d_uc1604.c ****       
 104:/Users/imashio/Electronics/ARM/_Library/u8x8_d_uc1604.c ****       u8x8_cad_EndTransfer(u8x8);
 105:/Users/imashio/Electronics/ARM/_Library/u8x8_d_uc1604.c ****       break;
 106:/Users/imashio/Electronics/ARM/_Library/u8x8_d_uc1604.c ****     /*	handled in the calling procedure 
 107:/Users/imashio/Electronics/ARM/_Library/u8x8_d_uc1604.c ****     case U8X8_MSG_DISPLAY_SETUP_MEMORY:
 108:/Users/imashio/Electronics/ARM/_Library/u8x8_d_uc1604.c ****       u8x8_d_helper_display_setup_memory(u8x8, &u8x8_uc1604_128x64_display_info);
 109:/Users/imashio/Electronics/ARM/_Library/u8x8_d_uc1604.c ****       break;
 110:/Users/imashio/Electronics/ARM/_Library/u8x8_d_uc1604.c ****     case U8X8_MSG_DISPLAY_INIT:
 111:/Users/imashio/Electronics/ARM/_Library/u8x8_d_uc1604.c ****       u8x8_d_helper_display_init(u8x8);
 112:/Users/imashio/Electronics/ARM/_Library/u8x8_d_uc1604.c ****       u8x8_cad_SendSequence(u8x8, u8x8_d_uc1701_dogs102_init_seq);
 113:/Users/imashio/Electronics/ARM/_Library/u8x8_d_uc1604.c ****       break;
 114:/Users/imashio/Electronics/ARM/_Library/u8x8_d_uc1604.c ****     */
 115:/Users/imashio/Electronics/ARM/_Library/u8x8_d_uc1604.c ****     case U8X8_MSG_DISPLAY_SET_POWER_SAVE:
 116:/Users/imashio/Electronics/ARM/_Library/u8x8_d_uc1604.c ****       if ( arg_int == 0 )
 117:/Users/imashio/Electronics/ARM/_Library/u8x8_d_uc1604.c **** 	u8x8_cad_SendSequence(u8x8, u8x8_d_uc1604_powersave0_seq);
 118:/Users/imashio/Electronics/ARM/_Library/u8x8_d_uc1604.c ****       else
 119:/Users/imashio/Electronics/ARM/_Library/u8x8_d_uc1604.c **** 	u8x8_cad_SendSequence(u8x8, u8x8_d_uc1604_powersave1_seq);
 120:/Users/imashio/Electronics/ARM/_Library/u8x8_d_uc1604.c ****       break;
 121:/Users/imashio/Electronics/ARM/_Library/u8x8_d_uc1604.c ****     case U8X8_MSG_DISPLAY_SET_FLIP_MODE:
 122:/Users/imashio/Electronics/ARM/_Library/u8x8_d_uc1604.c ****       if ( arg_int == 0 )
 123:/Users/imashio/Electronics/ARM/_Library/u8x8_d_uc1604.c ****       {
 124:/Users/imashio/Electronics/ARM/_Library/u8x8_d_uc1604.c **** 	u8x8_cad_SendSequence(u8x8, u8x8_d_uc1604_flip0_seq);
 125:/Users/imashio/Electronics/ARM/_Library/u8x8_d_uc1604.c **** 	u8x8->x_offset = u8x8->display_info->default_x_offset;
 126:/Users/imashio/Electronics/ARM/_Library/u8x8_d_uc1604.c ****       }
 127:/Users/imashio/Electronics/ARM/_Library/u8x8_d_uc1604.c ****       else
 128:/Users/imashio/Electronics/ARM/_Library/u8x8_d_uc1604.c ****       {
 129:/Users/imashio/Electronics/ARM/_Library/u8x8_d_uc1604.c **** 	u8x8_cad_SendSequence(u8x8, u8x8_d_uc1604_flip1_seq);
 130:/Users/imashio/Electronics/ARM/_Library/u8x8_d_uc1604.c **** 	u8x8->x_offset = u8x8->display_info->flipmode_x_offset;
 131:/Users/imashio/Electronics/ARM/_Library/u8x8_d_uc1604.c ****       }	
 132:/Users/imashio/Electronics/ARM/_Library/u8x8_d_uc1604.c ****       break;
 133:/Users/imashio/Electronics/ARM/_Library/u8x8_d_uc1604.c **** #ifdef U8X8_WITH_SET_CONTRAST
 134:/Users/imashio/Electronics/ARM/_Library/u8x8_d_uc1604.c ****     case U8X8_MSG_DISPLAY_SET_CONTRAST:
 135:/Users/imashio/Electronics/ARM/_Library/u8x8_d_uc1604.c ****       u8x8_cad_StartTransfer(u8x8);
 136:/Users/imashio/Electronics/ARM/_Library/u8x8_d_uc1604.c ****       u8x8_cad_SendCmd(u8x8, 0x081 );
 137:/Users/imashio/Electronics/ARM/_Library/u8x8_d_uc1604.c ****       u8x8_cad_SendArg(u8x8, arg_int  );	/* uc1604 has range from 0 to 255 */
 138:/Users/imashio/Electronics/ARM/_Library/u8x8_d_uc1604.c ****       u8x8_cad_EndTransfer(u8x8);
 125              		.loc 1 138 0
 126 0066 2846     		mov	r0, r5
 127 0068 FFF7FEFF 		bl	u8x8_cad_EndTransfer
 128              	.LVL19:
 139:/Users/imashio/Electronics/ARM/_Library/u8x8_d_uc1604.c ****       break;
 140:/Users/imashio/Electronics/ARM/_Library/u8x8_d_uc1604.c **** #endif
 141:/Users/imashio/Electronics/ARM/_Library/u8x8_d_uc1604.c ****     default:
 142:/Users/imashio/Electronics/ARM/_Library/u8x8_d_uc1604.c ****       return 0;
 143:/Users/imashio/Electronics/ARM/_Library/u8x8_d_uc1604.c ****   }
 144:/Users/imashio/Electronics/ARM/_Library/u8x8_d_uc1604.c ****   return 1;
 129              		.loc 1 144 0
 130 006c 0120     		movs	r0, #1
 145:/Users/imashio/Electronics/ARM/_Library/u8x8_d_uc1604.c **** }
 131              		.loc 1 145 0
 132 006e F8BD     		pop	{r3, r4, r5, r6, r7, pc}
 133              	.LVL20:
 134              	.L6:
 135:/Users/imashio/Electronics/ARM/_Library/u8x8_d_uc1604.c ****       u8x8_cad_SendCmd(u8x8, 0x081 );
 135              		.loc 1 135 0
 136 0070 FFF7FEFF 		bl	u8x8_cad_StartTransfer
ARM GAS  /var/folders/v3/wysfpd052nz8jkbx04pk0ym80000gn/T//ccVeyJoK.s 			page 6


 137              	.LVL21:
 136:/Users/imashio/Electronics/ARM/_Library/u8x8_d_uc1604.c ****       u8x8_cad_SendArg(u8x8, arg_int  );	/* uc1604 has range from 0 to 255 */
 138              		.loc 1 136 0
 139 0074 8121     		movs	r1, #129
 140 0076 2846     		mov	r0, r5
 141 0078 FFF7FEFF 		bl	u8x8_cad_SendCmd
 142              	.LVL22:
 137:/Users/imashio/Electronics/ARM/_Library/u8x8_d_uc1604.c ****       u8x8_cad_EndTransfer(u8x8);
 143              		.loc 1 137 0
 144 007c 2146     		mov	r1, r4
 145 007e 2846     		mov	r0, r5
 146 0080 FFF7FEFF 		bl	u8x8_cad_SendArg
 147              	.LVL23:
 138:/Users/imashio/Electronics/ARM/_Library/u8x8_d_uc1604.c ****       break;
 148              		.loc 1 138 0
 149 0084 2846     		mov	r0, r5
 150 0086 FFF7FEFF 		bl	u8x8_cad_EndTransfer
 151              	.LVL24:
 144:/Users/imashio/Electronics/ARM/_Library/u8x8_d_uc1604.c **** }
 152              		.loc 1 144 0
 153 008a 0120     		movs	r0, #1
 154              		.loc 1 145 0
 155 008c F8BD     		pop	{r3, r4, r5, r6, r7, pc}
 156              	.LVL25:
 157              	.L3:
 116:/Users/imashio/Electronics/ARM/_Library/u8x8_d_uc1604.c **** 	u8x8_cad_SendSequence(u8x8, u8x8_d_uc1604_powersave0_seq);
 158              		.loc 1 116 0
 159 008e BAB9     		cbnz	r2, .L9
 117:/Users/imashio/Electronics/ARM/_Library/u8x8_d_uc1604.c ****       else
 160              		.loc 1 117 0
 161 0090 0E49     		ldr	r1, .L16
 162 0092 FFF7FEFF 		bl	u8x8_cad_SendSequence
 163              	.LVL26:
 144:/Users/imashio/Electronics/ARM/_Library/u8x8_d_uc1604.c **** }
 164              		.loc 1 144 0
 165 0096 0120     		movs	r0, #1
 166              		.loc 1 145 0
 167 0098 F8BD     		pop	{r3, r4, r5, r6, r7, pc}
 168              	.LVL27:
 169              	.L5:
 122:/Users/imashio/Electronics/ARM/_Library/u8x8_d_uc1604.c ****       {
 170              		.loc 1 122 0
 171 009a 4AB9     		cbnz	r2, .L10
 124:/Users/imashio/Electronics/ARM/_Library/u8x8_d_uc1604.c **** 	u8x8->x_offset = u8x8->display_info->default_x_offset;
 172              		.loc 1 124 0
 173 009c 0C49     		ldr	r1, .L16+4
 174 009e FFF7FEFF 		bl	u8x8_cad_SendSequence
 175              	.LVL28:
 125:/Users/imashio/Electronics/ARM/_Library/u8x8_d_uc1604.c ****       }
 176              		.loc 1 125 0
 177 00a2 2B68     		ldr	r3, [r5]
 178 00a4 9B7C     		ldrb	r3, [r3, #18]	@ zero_extendqisi2
 179 00a6 AB77     		strb	r3, [r5, #30]
 144:/Users/imashio/Electronics/ARM/_Library/u8x8_d_uc1604.c **** }
 180              		.loc 1 144 0
 181 00a8 0120     		movs	r0, #1
 182              		.loc 1 145 0
ARM GAS  /var/folders/v3/wysfpd052nz8jkbx04pk0ym80000gn/T//ccVeyJoK.s 			page 7


 183 00aa F8BD     		pop	{r3, r4, r5, r6, r7, pc}
 184              	.LVL29:
 185              	.L11:
 142:/Users/imashio/Electronics/ARM/_Library/u8x8_d_uc1604.c ****   }
 186              		.loc 1 142 0
 187 00ac 0020     		movs	r0, #0
 188              	.LVL30:
 189              		.loc 1 145 0
 190 00ae F8BD     		pop	{r3, r4, r5, r6, r7, pc}
 191              	.LVL31:
 192              	.L10:
 129:/Users/imashio/Electronics/ARM/_Library/u8x8_d_uc1604.c **** 	u8x8->x_offset = u8x8->display_info->flipmode_x_offset;
 193              		.loc 1 129 0
 194 00b0 0849     		ldr	r1, .L16+8
 195 00b2 FFF7FEFF 		bl	u8x8_cad_SendSequence
 196              	.LVL32:
 130:/Users/imashio/Electronics/ARM/_Library/u8x8_d_uc1604.c ****       }	
 197              		.loc 1 130 0
 198 00b6 2B68     		ldr	r3, [r5]
 199 00b8 DB7C     		ldrb	r3, [r3, #19]	@ zero_extendqisi2
 200 00ba AB77     		strb	r3, [r5, #30]
 144:/Users/imashio/Electronics/ARM/_Library/u8x8_d_uc1604.c **** }
 201              		.loc 1 144 0
 202 00bc 0120     		movs	r0, #1
 203              		.loc 1 145 0
 204 00be F8BD     		pop	{r3, r4, r5, r6, r7, pc}
 205              	.LVL33:
 206              	.L9:
 119:/Users/imashio/Electronics/ARM/_Library/u8x8_d_uc1604.c ****       break;
 207              		.loc 1 119 0
 208 00c0 0549     		ldr	r1, .L16+12
 209 00c2 FFF7FEFF 		bl	u8x8_cad_SendSequence
 210              	.LVL34:
 144:/Users/imashio/Electronics/ARM/_Library/u8x8_d_uc1604.c **** }
 211              		.loc 1 144 0
 212 00c6 0120     		movs	r0, #1
 213              		.loc 1 145 0
 214 00c8 F8BD     		pop	{r3, r4, r5, r6, r7, pc}
 215              	.LVL35:
 216              	.L17:
 217 00ca 00BF     		.align	2
 218              	.L16:
 219 00cc 00000000 		.word	.LANCHOR0
 220 00d0 00000000 		.word	.LANCHOR2
 221 00d4 00000000 		.word	.LANCHOR3
 222 00d8 00000000 		.word	.LANCHOR1
 223              		.cfi_endproc
 224              	.LFE0:
 226              		.section	.text.u8x8_d_uc1604_jlx19264,"ax",%progbits
 227              		.align	1
 228              		.p2align 2,,3
 229              		.global	u8x8_d_uc1604_jlx19264
 230              		.syntax unified
 231              		.thumb
 232              		.thumb_func
 233              		.fpu fpv4-sp-d16
 235              	u8x8_d_uc1604_jlx19264:
ARM GAS  /var/folders/v3/wysfpd052nz8jkbx04pk0ym80000gn/T//ccVeyJoK.s 			page 8


 236              	.LFB1:
 146:/Users/imashio/Electronics/ARM/_Library/u8x8_d_uc1604.c **** 
 147:/Users/imashio/Electronics/ARM/_Library/u8x8_d_uc1604.c **** /*================================================*/
 148:/Users/imashio/Electronics/ARM/_Library/u8x8_d_uc1604.c **** /* JLX19264 */
 149:/Users/imashio/Electronics/ARM/_Library/u8x8_d_uc1604.c **** 
 150:/Users/imashio/Electronics/ARM/_Library/u8x8_d_uc1604.c **** /* 
 151:/Users/imashio/Electronics/ARM/_Library/u8x8_d_uc1604.c ****   timings from uc1608 
 152:/Users/imashio/Electronics/ARM/_Library/u8x8_d_uc1604.c **** 
 153:/Users/imashio/Electronics/ARM/_Library/u8x8_d_uc1604.c ****   UC1604 has two chip select inputs (CS0 and CS1).
 154:/Users/imashio/Electronics/ARM/_Library/u8x8_d_uc1604.c ****   CS0 is low active, CS1 is high active. It will depend on the display
 155:/Users/imashio/Electronics/ARM/_Library/u8x8_d_uc1604.c ****   module whether the display has a is low or high active chip select.
 156:/Users/imashio/Electronics/ARM/_Library/u8x8_d_uc1604.c **** 
 157:/Users/imashio/Electronics/ARM/_Library/u8x8_d_uc1604.c **** */
 158:/Users/imashio/Electronics/ARM/_Library/u8x8_d_uc1604.c **** static const u8x8_display_info_t u8x8_uc1604_192x64_display_info =
 159:/Users/imashio/Electronics/ARM/_Library/u8x8_d_uc1604.c **** {
 160:/Users/imashio/Electronics/ARM/_Library/u8x8_d_uc1604.c ****   /* chip_enable_level = */ 0,	/* JLX19264G uses CS0, which is low active CS*/
 161:/Users/imashio/Electronics/ARM/_Library/u8x8_d_uc1604.c ****   /* chip_disable_level = */ 1,
 162:/Users/imashio/Electronics/ARM/_Library/u8x8_d_uc1604.c ****   
 163:/Users/imashio/Electronics/ARM/_Library/u8x8_d_uc1604.c ****   /* post_chip_enable_wait_ns = */ 20,	
 164:/Users/imashio/Electronics/ARM/_Library/u8x8_d_uc1604.c ****   /* pre_chip_disable_wait_ns = */ 20,	
 165:/Users/imashio/Electronics/ARM/_Library/u8x8_d_uc1604.c ****   /* reset_pulse_width_ms = */ 1, 	
 166:/Users/imashio/Electronics/ARM/_Library/u8x8_d_uc1604.c ****   /* post_reset_wait_ms = */ 10, 	
 167:/Users/imashio/Electronics/ARM/_Library/u8x8_d_uc1604.c ****   /* sda_setup_time_ns = */ 30,		
 168:/Users/imashio/Electronics/ARM/_Library/u8x8_d_uc1604.c ****   /* sck_pulse_width_ns = */ 65,	/* half of cycle time  */
 169:/Users/imashio/Electronics/ARM/_Library/u8x8_d_uc1604.c ****   /* sck_clock_hz = */ 8000000UL,	/* since Arduino 1.6.0, the SPI bus speed in Hz. Should be  10000
 170:/Users/imashio/Electronics/ARM/_Library/u8x8_d_uc1604.c ****   /* spi_mode = */ 0,		/* active high, rising edge */
 171:/Users/imashio/Electronics/ARM/_Library/u8x8_d_uc1604.c ****   /* i2c_bus_clock_100kHz = */ 4,
 172:/Users/imashio/Electronics/ARM/_Library/u8x8_d_uc1604.c ****   /* data_setup_time_ns = */ 30,	
 173:/Users/imashio/Electronics/ARM/_Library/u8x8_d_uc1604.c ****   /* write_pulse_width_ns = */ 35,	
 174:/Users/imashio/Electronics/ARM/_Library/u8x8_d_uc1604.c ****   /* tile_width = */ 24,		/* width of 24*8=192 pixel */
 175:/Users/imashio/Electronics/ARM/_Library/u8x8_d_uc1604.c ****   /* tile_hight = */ 8,
 176:/Users/imashio/Electronics/ARM/_Library/u8x8_d_uc1604.c ****   /* default_x_offset = */ 0,	/* reused as y page offset */
 177:/Users/imashio/Electronics/ARM/_Library/u8x8_d_uc1604.c ****   /* flipmode_x_offset = */ 0,	/* reused as y page offset */
 178:/Users/imashio/Electronics/ARM/_Library/u8x8_d_uc1604.c ****   /* pixel_width = */ 192,
 179:/Users/imashio/Electronics/ARM/_Library/u8x8_d_uc1604.c ****   /* pixel_height = */ 64
 180:/Users/imashio/Electronics/ARM/_Library/u8x8_d_uc1604.c **** };
 181:/Users/imashio/Electronics/ARM/_Library/u8x8_d_uc1604.c **** 
 182:/Users/imashio/Electronics/ARM/_Library/u8x8_d_uc1604.c **** static const uint8_t u8x8_d_uc1604_jlx19264_init_seq[] = {
 183:/Users/imashio/Electronics/ARM/_Library/u8x8_d_uc1604.c ****     
 184:/Users/imashio/Electronics/ARM/_Library/u8x8_d_uc1604.c ****   U8X8_START_TRANSFER(),             	/* enable chip, delay is part of the transfer start */
 185:/Users/imashio/Electronics/ARM/_Library/u8x8_d_uc1604.c **** 
 186:/Users/imashio/Electronics/ARM/_Library/u8x8_d_uc1604.c ****   U8X8_C(0x0e2),            			/* soft reset */
 187:/Users/imashio/Electronics/ARM/_Library/u8x8_d_uc1604.c ****   U8X8_DLY(200),
 188:/Users/imashio/Electronics/ARM/_Library/u8x8_d_uc1604.c ****   U8X8_DLY(200),
 189:/Users/imashio/Electronics/ARM/_Library/u8x8_d_uc1604.c **** 
 190:/Users/imashio/Electronics/ARM/_Library/u8x8_d_uc1604.c ****   U8X8_C(0x02f),            			/* power on, Bit 2 PC2=1 (internal charge pump), Bits 0/1: cap of pa
 191:/Users/imashio/Electronics/ARM/_Library/u8x8_d_uc1604.c ****   U8X8_DLY(200),
 192:/Users/imashio/Electronics/ARM/_Library/u8x8_d_uc1604.c ****   U8X8_DLY(200),
 193:/Users/imashio/Electronics/ARM/_Library/u8x8_d_uc1604.c ****   
 194:/Users/imashio/Electronics/ARM/_Library/u8x8_d_uc1604.c ****   U8X8_CA(0x081, 0x052),		/* set contrast, JLX19264G suggestion: 0x045 */
 195:/Users/imashio/Electronics/ARM/_Library/u8x8_d_uc1604.c ****   U8X8_C(0x0eb),            			/* LCD bias Bits 0/1: 00=6 01=7, 10=8, 11=9 */
 196:/Users/imashio/Electronics/ARM/_Library/u8x8_d_uc1604.c **** 
 197:/Users/imashio/Electronics/ARM/_Library/u8x8_d_uc1604.c ****   
 198:/Users/imashio/Electronics/ARM/_Library/u8x8_d_uc1604.c ****   //U8X8_C(0x023),            			/* Bit 0/1: Temp compenstation, Bit 2: Multiplex Rate 0=96, 1=128 
 199:/Users/imashio/Electronics/ARM/_Library/u8x8_d_uc1604.c ****   //U8X8_C(0x027),            			/* Bit 0/1: Temp compenstation, Bit 2: Multiplex Rate 0=96, 1=128 
 200:/Users/imashio/Electronics/ARM/_Library/u8x8_d_uc1604.c **** 
 201:/Users/imashio/Electronics/ARM/_Library/u8x8_d_uc1604.c ****   U8X8_C(0x0c4),            			/* Map control, Bit 2: MY=1, Bit 1: MX=0 */
ARM GAS  /var/folders/v3/wysfpd052nz8jkbx04pk0ym80000gn/T//ccVeyJoK.s 			page 9


 202:/Users/imashio/Electronics/ARM/_Library/u8x8_d_uc1604.c ****   U8X8_C(0x0a0),            			/* 0xa0: 76Hz FPS, controller default: 0x0a1: 95Hz FPS */
 203:/Users/imashio/Electronics/ARM/_Library/u8x8_d_uc1604.c ****   
 204:/Users/imashio/Electronics/ARM/_Library/u8x8_d_uc1604.c ****   
 205:/Users/imashio/Electronics/ARM/_Library/u8x8_d_uc1604.c ****   U8X8_C(0x040),            			/* set scroll line to 0 */
 206:/Users/imashio/Electronics/ARM/_Library/u8x8_d_uc1604.c ****   U8X8_C(0x089),            			/* RAM access control (controller default: 0x089)*/
 207:/Users/imashio/Electronics/ARM/_Library/u8x8_d_uc1604.c ****   
 208:/Users/imashio/Electronics/ARM/_Library/u8x8_d_uc1604.c ****   
 209:/Users/imashio/Electronics/ARM/_Library/u8x8_d_uc1604.c ****   U8X8_C(0x000),		                /* column low nibble */
 210:/Users/imashio/Electronics/ARM/_Library/u8x8_d_uc1604.c ****   U8X8_C(0x010),		                /* column high nibble */  
 211:/Users/imashio/Electronics/ARM/_Library/u8x8_d_uc1604.c ****   U8X8_C(0x0b0),		                /* page adr  */
 212:/Users/imashio/Electronics/ARM/_Library/u8x8_d_uc1604.c ****   
 213:/Users/imashio/Electronics/ARM/_Library/u8x8_d_uc1604.c ****   
 214:/Users/imashio/Electronics/ARM/_Library/u8x8_d_uc1604.c ****   U8X8_END_TRANSFER(),             	/* disable chip */
 215:/Users/imashio/Electronics/ARM/_Library/u8x8_d_uc1604.c ****   U8X8_END()             			/* end of sequence */
 216:/Users/imashio/Electronics/ARM/_Library/u8x8_d_uc1604.c **** };
 217:/Users/imashio/Electronics/ARM/_Library/u8x8_d_uc1604.c **** 
 218:/Users/imashio/Electronics/ARM/_Library/u8x8_d_uc1604.c **** uint8_t u8x8_d_uc1604_jlx19264(u8x8_t *u8x8, uint8_t msg, uint8_t arg_int, void *arg_ptr)
 219:/Users/imashio/Electronics/ARM/_Library/u8x8_d_uc1604.c **** {
 237              		.loc 1 219 0
 238              		.cfi_startproc
 239              		@ args = 0, pretend = 0, frame = 0
 240              		@ frame_needed = 0, uses_anonymous_args = 0
 241              	.LVL36:
 242 0000 38B5     		push	{r3, r4, r5, lr}
 243              	.LCFI1:
 244              		.cfi_def_cfa_offset 16
 245              		.cfi_offset 3, -16
 246              		.cfi_offset 4, -12
 247              		.cfi_offset 5, -8
 248              		.cfi_offset 14, -4
 249              		.loc 1 219 0
 250 0002 0546     		mov	r5, r0
 251 0004 0C46     		mov	r4, r1
 220:/Users/imashio/Electronics/ARM/_Library/u8x8_d_uc1604.c ****   /* call common procedure first and handle messages there */
 221:/Users/imashio/Electronics/ARM/_Library/u8x8_d_uc1604.c ****   if ( u8x8_d_uc1604_common(u8x8, msg, arg_int, arg_ptr) == 0 )
 252              		.loc 1 221 0
 253 0006 FFF7FEFF 		bl	u8x8_d_uc1604_common
 254              	.LVL37:
 255 000a 60B9     		cbnz	r0, .L22
 222:/Users/imashio/Electronics/ARM/_Library/u8x8_d_uc1604.c ****   {
 223:/Users/imashio/Electronics/ARM/_Library/u8x8_d_uc1604.c ****     /* msg not handled, then try here */
 224:/Users/imashio/Electronics/ARM/_Library/u8x8_d_uc1604.c ****     switch(msg)
 256              		.loc 1 224 0
 257 000c 092C     		cmp	r4, #9
 258 000e 0CD0     		beq	.L20
 259 0010 0A2C     		cmp	r4, #10
 260 0012 07D1     		bne	.L19
 225:/Users/imashio/Electronics/ARM/_Library/u8x8_d_uc1604.c ****     {
 226:/Users/imashio/Electronics/ARM/_Library/u8x8_d_uc1604.c ****       case U8X8_MSG_DISPLAY_SETUP_MEMORY:
 227:/Users/imashio/Electronics/ARM/_Library/u8x8_d_uc1604.c **** 	u8x8_d_helper_display_setup_memory(u8x8, &u8x8_uc1604_192x64_display_info);
 228:/Users/imashio/Electronics/ARM/_Library/u8x8_d_uc1604.c **** 	break;
 229:/Users/imashio/Electronics/ARM/_Library/u8x8_d_uc1604.c ****       case U8X8_MSG_DISPLAY_INIT:
 230:/Users/imashio/Electronics/ARM/_Library/u8x8_d_uc1604.c **** 	u8x8_d_helper_display_init(u8x8);
 261              		.loc 1 230 0
 262 0014 2846     		mov	r0, r5
 263 0016 FFF7FEFF 		bl	u8x8_d_helper_display_init
 264              	.LVL38:
ARM GAS  /var/folders/v3/wysfpd052nz8jkbx04pk0ym80000gn/T//ccVeyJoK.s 			page 10


 231:/Users/imashio/Electronics/ARM/_Library/u8x8_d_uc1604.c **** 	u8x8_cad_SendSequence(u8x8, u8x8_d_uc1604_jlx19264_init_seq);
 265              		.loc 1 231 0
 266 001a 2846     		mov	r0, r5
 267 001c 0649     		ldr	r1, .L24
 268 001e FFF7FEFF 		bl	u8x8_cad_SendSequence
 269              	.LVL39:
 232:/Users/imashio/Electronics/ARM/_Library/u8x8_d_uc1604.c **** 	break;
 233:/Users/imashio/Electronics/ARM/_Library/u8x8_d_uc1604.c ****       default:
 234:/Users/imashio/Electronics/ARM/_Library/u8x8_d_uc1604.c **** 	return 0;		/* msg unknown */
 235:/Users/imashio/Electronics/ARM/_Library/u8x8_d_uc1604.c ****     }
 236:/Users/imashio/Electronics/ARM/_Library/u8x8_d_uc1604.c ****   }
 237:/Users/imashio/Electronics/ARM/_Library/u8x8_d_uc1604.c ****   return 1;
 270              		.loc 1 237 0
 271 0022 0120     		movs	r0, #1
 272              	.L19:
 238:/Users/imashio/Electronics/ARM/_Library/u8x8_d_uc1604.c **** }
 273              		.loc 1 238 0
 274 0024 38BD     		pop	{r3, r4, r5, pc}
 275              	.LVL40:
 276              	.L22:
 237:/Users/imashio/Electronics/ARM/_Library/u8x8_d_uc1604.c **** }
 277              		.loc 1 237 0
 278 0026 0120     		movs	r0, #1
 279              		.loc 1 238 0
 280 0028 38BD     		pop	{r3, r4, r5, pc}
 281              	.LVL41:
 282              	.L20:
 227:/Users/imashio/Electronics/ARM/_Library/u8x8_d_uc1604.c **** 	break;
 283              		.loc 1 227 0
 284 002a 2846     		mov	r0, r5
 285 002c 0349     		ldr	r1, .L24+4
 286 002e FFF7FEFF 		bl	u8x8_d_helper_display_setup_memory
 287              	.LVL42:
 237:/Users/imashio/Electronics/ARM/_Library/u8x8_d_uc1604.c **** }
 288              		.loc 1 237 0
 289 0032 0120     		movs	r0, #1
 290              		.loc 1 238 0
 291 0034 38BD     		pop	{r3, r4, r5, pc}
 292              	.LVL43:
 293              	.L25:
 294 0036 00BF     		.align	2
 295              	.L24:
 296 0038 00000000 		.word	.LANCHOR5
 297 003c 00000000 		.word	.LANCHOR4
 298              		.cfi_endproc
 299              	.LFE1:
 301              		.section	.rodata.u8x8_d_uc1604_flip0_seq,"a",%progbits
 302              		.align	2
 303              		.set	.LANCHOR2,. + 0
 306              	u8x8_d_uc1604_flip0_seq:
 307 0000 18       		.byte	24
 308 0001 15       		.byte	21
 309 0002 C4       		.byte	-60
 310 0003 19       		.byte	25
 311 0004 FF       		.byte	-1
 312              		.section	.rodata.u8x8_d_uc1604_flip1_seq,"a",%progbits
 313              		.align	2
ARM GAS  /var/folders/v3/wysfpd052nz8jkbx04pk0ym80000gn/T//ccVeyJoK.s 			page 11


 314              		.set	.LANCHOR3,. + 0
 317              	u8x8_d_uc1604_flip1_seq:
 318 0000 18       		.byte	24
 319 0001 15       		.byte	21
 320 0002 C2       		.byte	-62
 321 0003 19       		.byte	25
 322 0004 FF       		.byte	-1
 323              		.section	.rodata.u8x8_d_uc1604_jlx19264_init_seq,"a",%progbits
 324              		.align	2
 325              		.set	.LANCHOR5,. + 0
 328              	u8x8_d_uc1604_jlx19264_init_seq:
 329 0000 18       		.byte	24
 330 0001 15       		.byte	21
 331 0002 E2       		.byte	-30
 332 0003 FE       		.byte	-2
 333 0004 C8       		.byte	-56
 334 0005 FE       		.byte	-2
 335 0006 C8       		.byte	-56
 336 0007 15       		.byte	21
 337 0008 2F       		.byte	47
 338 0009 FE       		.byte	-2
 339 000a C8       		.byte	-56
 340 000b FE       		.byte	-2
 341 000c C8       		.byte	-56
 342 000d 15       		.byte	21
 343 000e 81       		.byte	-127
 344 000f 16       		.byte	22
 345 0010 52       		.byte	82
 346 0011 15       		.byte	21
 347 0012 EB       		.byte	-21
 348 0013 15       		.byte	21
 349 0014 C4       		.byte	-60
 350 0015 15       		.byte	21
 351 0016 A0       		.byte	-96
 352 0017 15       		.byte	21
 353 0018 40       		.byte	64
 354 0019 15       		.byte	21
 355 001a 89       		.byte	-119
 356 001b 15       		.byte	21
 357 001c 00       		.byte	0
 358 001d 15       		.byte	21
 359 001e 10       		.byte	16
 360 001f 15       		.byte	21
 361 0020 B0       		.byte	-80
 362 0021 19       		.byte	25
 363 0022 FF       		.byte	-1
 364              		.section	.rodata.u8x8_d_uc1604_powersave0_seq,"a",%progbits
 365              		.align	2
 366              		.set	.LANCHOR0,. + 0
 369              	u8x8_d_uc1604_powersave0_seq:
 370 0000 18       		.byte	24
 371 0001 FE       		.byte	-2
 372 0002 14       		.byte	20
 373 0003 15       		.byte	21
 374 0004 AF       		.byte	-81
 375 0005 FE       		.byte	-2
 376 0006 14       		.byte	20
ARM GAS  /var/folders/v3/wysfpd052nz8jkbx04pk0ym80000gn/T//ccVeyJoK.s 			page 12


 377 0007 15       		.byte	21
 378 0008 AF       		.byte	-81
 379 0009 FE       		.byte	-2
 380 000a 32       		.byte	50
 381 000b 19       		.byte	25
 382 000c FF       		.byte	-1
 383              		.section	.rodata.u8x8_d_uc1604_powersave1_seq,"a",%progbits
 384              		.align	2
 385              		.set	.LANCHOR1,. + 0
 388              	u8x8_d_uc1604_powersave1_seq:
 389 0000 18       		.byte	24
 390 0001 15       		.byte	21
 391 0002 AE       		.byte	-82
 392 0003 19       		.byte	25
 393 0004 FF       		.byte	-1
 394              		.section	.rodata.u8x8_uc1604_192x64_display_info,"a",%progbits
 395              		.align	2
 396              		.set	.LANCHOR4,. + 0
 399              	u8x8_uc1604_192x64_display_info:
 400 0000 00       		.byte	0
 401 0001 01       		.byte	1
 402 0002 14       		.byte	20
 403 0003 14       		.byte	20
 404 0004 01       		.byte	1
 405 0005 0A       		.byte	10
 406 0006 1E       		.byte	30
 407 0007 41       		.byte	65
 408 0008 00127A00 		.word	8000000
 409 000c 00       		.byte	0
 410 000d 04       		.byte	4
 411 000e 1E       		.byte	30
 412 000f 23       		.byte	35
 413 0010 18       		.byte	24
 414 0011 08       		.byte	8
 415 0012 00       		.byte	0
 416 0013 00       		.byte	0
 417 0014 C000     		.short	192
 418 0016 4000     		.short	64
 419              		.text
 420              	.Letext0:
 421              		.file 2 "/usr/local/gcc-arm-none-eabi-7-2018-q2-update/arm-none-eabi/include/machine/_default_type
 422              		.file 3 "/usr/local/gcc-arm-none-eabi-7-2018-q2-update/arm-none-eabi/include/sys/_stdint.h"
 423              		.file 4 "/Users/imashio/Electronics/ARM/_Library/u8x8.h"
ARM GAS  /var/folders/v3/wysfpd052nz8jkbx04pk0ym80000gn/T//ccVeyJoK.s 			page 13


DEFINED SYMBOLS
                            *ABS*:0000000000000000 u8x8_d_uc1604.c
/var/folders/v3/wysfpd052nz8jkbx04pk0ym80000gn/T//ccVeyJoK.s:18     .text.u8x8_d_uc1604_common:0000000000000000 $t
/var/folders/v3/wysfpd052nz8jkbx04pk0ym80000gn/T//ccVeyJoK.s:26     .text.u8x8_d_uc1604_common:0000000000000000 u8x8_d_uc1604_common
/var/folders/v3/wysfpd052nz8jkbx04pk0ym80000gn/T//ccVeyJoK.s:57     .text.u8x8_d_uc1604_common:0000000000000012 $d
/var/folders/v3/wysfpd052nz8jkbx04pk0ym80000gn/T//ccVeyJoK.s:219    .text.u8x8_d_uc1604_common:00000000000000cc $d
/var/folders/v3/wysfpd052nz8jkbx04pk0ym80000gn/T//ccVeyJoK.s:227    .text.u8x8_d_uc1604_jlx19264:0000000000000000 $t
/var/folders/v3/wysfpd052nz8jkbx04pk0ym80000gn/T//ccVeyJoK.s:235    .text.u8x8_d_uc1604_jlx19264:0000000000000000 u8x8_d_uc1604_jlx19264
/var/folders/v3/wysfpd052nz8jkbx04pk0ym80000gn/T//ccVeyJoK.s:296    .text.u8x8_d_uc1604_jlx19264:0000000000000038 $d
/var/folders/v3/wysfpd052nz8jkbx04pk0ym80000gn/T//ccVeyJoK.s:302    .rodata.u8x8_d_uc1604_flip0_seq:0000000000000000 $d
/var/folders/v3/wysfpd052nz8jkbx04pk0ym80000gn/T//ccVeyJoK.s:306    .rodata.u8x8_d_uc1604_flip0_seq:0000000000000000 u8x8_d_uc1604_flip0_seq
/var/folders/v3/wysfpd052nz8jkbx04pk0ym80000gn/T//ccVeyJoK.s:313    .rodata.u8x8_d_uc1604_flip1_seq:0000000000000000 $d
/var/folders/v3/wysfpd052nz8jkbx04pk0ym80000gn/T//ccVeyJoK.s:317    .rodata.u8x8_d_uc1604_flip1_seq:0000000000000000 u8x8_d_uc1604_flip1_seq
/var/folders/v3/wysfpd052nz8jkbx04pk0ym80000gn/T//ccVeyJoK.s:324    .rodata.u8x8_d_uc1604_jlx19264_init_seq:0000000000000000 $d
/var/folders/v3/wysfpd052nz8jkbx04pk0ym80000gn/T//ccVeyJoK.s:328    .rodata.u8x8_d_uc1604_jlx19264_init_seq:0000000000000000 u8x8_d_uc1604_jlx19264_init_seq
/var/folders/v3/wysfpd052nz8jkbx04pk0ym80000gn/T//ccVeyJoK.s:365    .rodata.u8x8_d_uc1604_powersave0_seq:0000000000000000 $d
/var/folders/v3/wysfpd052nz8jkbx04pk0ym80000gn/T//ccVeyJoK.s:369    .rodata.u8x8_d_uc1604_powersave0_seq:0000000000000000 u8x8_d_uc1604_powersave0_seq
/var/folders/v3/wysfpd052nz8jkbx04pk0ym80000gn/T//ccVeyJoK.s:384    .rodata.u8x8_d_uc1604_powersave1_seq:0000000000000000 $d
/var/folders/v3/wysfpd052nz8jkbx04pk0ym80000gn/T//ccVeyJoK.s:388    .rodata.u8x8_d_uc1604_powersave1_seq:0000000000000000 u8x8_d_uc1604_powersave1_seq
/var/folders/v3/wysfpd052nz8jkbx04pk0ym80000gn/T//ccVeyJoK.s:395    .rodata.u8x8_uc1604_192x64_display_info:0000000000000000 $d
/var/folders/v3/wysfpd052nz8jkbx04pk0ym80000gn/T//ccVeyJoK.s:399    .rodata.u8x8_uc1604_192x64_display_info:0000000000000000 u8x8_uc1604_192x64_display_info
/var/folders/v3/wysfpd052nz8jkbx04pk0ym80000gn/T//ccVeyJoK.s:62     .text.u8x8_d_uc1604_common:0000000000000017 $d
/var/folders/v3/wysfpd052nz8jkbx04pk0ym80000gn/T//ccVeyJoK.s:62     .text.u8x8_d_uc1604_common:0000000000000018 $t

UNDEFINED SYMBOLS
u8x8_cad_StartTransfer
u8x8_cad_SendCmd
u8x8_cad_SendData
u8x8_cad_EndTransfer
u8x8_cad_SendArg
u8x8_cad_SendSequence
u8x8_d_helper_display_init
u8x8_d_helper_display_setup_memory
